[0.025s] Invoking command in '/workspaces/carma_ws/src/build/radar_msgs': /usr/bin/cmake /workspaces/carma_ws/src/astuff_sensor_msgs/radar_msgs -DCATKIN_INSTALL_INTO_PREFIX_ROOT=0 -DCMAKE_INSTALL_PREFIX=/workspaces/carma_ws/src/install/radar_msgs
[2.892s] -- The C compiler identification is GNU 9.3.0
[2.895s] -- The CXX compiler identification is GNU 9.3.0
[2.896s] -- Check for working C compiler: /usr/bin/cc
[2.896s] -- Check for working C compiler: /usr/bin/cc -- works
[2.896s] -- Detecting C compiler ABI info
[2.896s] -- Detecting C compiler ABI info - done
[2.896s] -- Detecting C compile features
[2.896s] -- Detecting C compile features - done
[2.896s] -- Check for working CXX compiler: /usr/bin/c++
[2.897s] -- Check for working CXX compiler: /usr/bin/c++ -- works
[2.897s] -- Detecting CXX compiler ABI info
[2.897s] -- Detecting CXX compiler ABI info - done
[2.897s] -- Detecting CXX compile features
[2.897s] -- Detecting CXX compile features - done
[2.897s] -- Using CATKIN_DEVEL_PREFIX: /workspaces/carma_ws/src/build/radar_msgs/devel
[2.897s] -- Using CMAKE_PREFIX_PATH: /opt/ros/noetic
[2.897s] -- This workspace overlays: /opt/ros/noetic
[2.898s] -- Found PythonInterp: /usr/bin/python3 (found suitable version "3.8.10", minimum required is "3") 
[2.898s] -- Using PYTHON_EXECUTABLE: /usr/bin/python3
[2.898s] -- Using Debian Python package layout
[2.898s] -- Found PY_em: /usr/lib/python3/dist-packages/em.py  
[2.898s] -- Using empy: /usr/lib/python3/dist-packages/em.py
[2.898s] -- Using CATKIN_ENABLE_TESTING: ON
[2.898s] -- Call enable_testing()
[2.898s] -- Using CATKIN_TEST_RESULTS_DIR: /workspaces/carma_ws/src/build/radar_msgs/test_results
[3.281s] -- Forcing gtest/gmock from source, though one was otherwise available.
[3.285s] -- Found gtest sources under '/usr/src/googletest': gtests will be built
[3.286s] -- Found gmock sources under '/usr/src/googletest': gmock will be built
[3.338s] -- Found PythonInterp: /usr/bin/python3 (found version "3.8.10") 
[3.346s] -- Found Threads: TRUE  
[3.349s] -- Using Python nosetests: /usr/bin/nosetests3
[3.498s] -- catkin 0.8.10
[3.498s] -- BUILD_SHARED_LIBS is on
[4.118s] -- Using these message generators: gencpp;geneus;genlisp;gennodejs;genpy
[4.761s] -- radar_msgs: 8 messages, 0 services
[5.300s] -- Configuring done
[5.375s] -- Generating done
[5.401s] -- Build files have been written to: /workspaces/carma_ws/src/build/radar_msgs
