-- The C compiler identification is GNU 9.3.0
-- The CXX compiler identification is GNU 9.3.0
-- Check for working C compiler: /usr/bin/cc
-- Check for working C compiler: /usr/bin/cc -- works
-- Detecting C compiler ABI info
-- Detecting C compiler ABI info - done
-- Detecting C compile features
-- Detecting C compile features - done
-- Check for working CXX compiler: /usr/bin/c++
-- Check for working CXX compiler: /usr/bin/c++ -- works
-- Detecting CXX compiler ABI info
-- Detecting CXX compiler ABI info - done
-- Detecting CXX compile features
-- Detecting CXX compile features - done
-- Using CATKIN_DEVEL_PREFIX: /workspaces/carma_ws/src/build/autoware_system_msgs/devel
-- Using CMAKE_PREFIX_PATH: /opt/ros/noetic
-- This workspace overlays: /opt/ros/noetic
-- Found PythonInterp: /usr/bin/python3 (found suitable version "3.8.10", minimum required is "3") 
-- Using PYTHON_EXECUTABLE: /usr/bin/python3
-- Using Debian Python package layout
-- Found PY_em: /usr/lib/python3/dist-packages/em.py  
-- Using empy: /usr/lib/python3/dist-packages/em.py
-- Using CATKIN_ENABLE_TESTING: ON
-- Call enable_testing()
-- Using CATKIN_TEST_RESULTS_DIR: /workspaces/carma_ws/src/build/autoware_system_msgs/test_results
-- Forcing gtest/gmock from source, though one was otherwise available.
-- Found gtest sources under '/usr/src/googletest': gtests will be built
-- Found gmock sources under '/usr/src/googletest': gmock will be built
-- Found PythonInterp: /usr/bin/python3 (found version "3.8.10") 
-- Found Threads: TRUE  
-- Using Python nosetests: /usr/bin/nosetests3
-- catkin 0.8.10
-- BUILD_SHARED_LIBS is on
-- Using these message generators: gencpp;geneus;genlisp;gennodejs;genpy
-- autoware_system_msgs: 5 messages, 0 services
-- Configuring done
-- Generating done
-- Build files have been written to: /workspaces/carma_ws/src/build/autoware_system_msgs
[35m[1mScanning dependencies of target rosgraph_msgs_generate_messages_eus[0m
[35m[1mScanning dependencies of target _autoware_system_msgs_generate_messages_check_deps_HardwareStatus[0m
[35m[1mScanning dependencies of target std_msgs_generate_messages_eus[0m
[35m[1mScanning dependencies of target _autoware_system_msgs_generate_messages_check_deps_SystemStatus[0m
[35m[1mScanning dependencies of target _autoware_system_msgs_generate_messages_check_deps_DiagnosticStatusArray[0m
[35m[1mScanning dependencies of target _autoware_system_msgs_generate_messages_check_deps_NodeStatus[0m
[35m[1mScanning dependencies of target _autoware_system_msgs_generate_messages_check_deps_DiagnosticStatus[0m
[  0%] Built target rosgraph_msgs_generate_messages_eus
[  0%] Built target std_msgs_generate_messages_eus
[35m[1mScanning dependencies of target std_msgs_generate_messages_py[0m
[35m[1mScanning dependencies of target rosgraph_msgs_generate_messages_lisp[0m
[35m[1mScanning dependencies of target rosgraph_msgs_generate_messages_py[0m
[  0%] Built target _autoware_system_msgs_generate_messages_check_deps_DiagnosticStatus
[  0%] Built target _autoware_system_msgs_generate_messages_check_deps_NodeStatus
[35m[1mScanning dependencies of target std_msgs_generate_messages_cpp[0m
[35m[1mScanning dependencies of target std_msgs_generate_messages_lisp[0m
[35m[1mScanning dependencies of target rosgraph_msgs_generate_messages_cpp[0m
[  0%] Built target _autoware_system_msgs_generate_messages_check_deps_SystemStatus
[  0%] Built target _autoware_system_msgs_generate_messages_check_deps_DiagnosticStatusArray
[  0%] Built target rosgraph_msgs_generate_messages_py
[  0%] Built target std_msgs_generate_messages_py
[  0%] Built target _autoware_system_msgs_generate_messages_check_deps_HardwareStatus
[  0%] Built target rosgraph_msgs_generate_messages_lisp
[  0%] Built target std_msgs_generate_messages_lisp
[  0%] Built target std_msgs_generate_messages_cpp
[  0%] Built target rosgraph_msgs_generate_messages_cpp
[35m[1mScanning dependencies of target std_msgs_generate_messages_nodejs[0m
[35m[1mScanning dependencies of target rosgraph_msgs_generate_messages_nodejs[0m
[35m[1mScanning dependencies of target autoware_system_msgs_generate_messages_eus[0m
[35m[1mScanning dependencies of target autoware_system_msgs_generate_messages_py[0m
[35m[1mScanning dependencies of target autoware_system_msgs_generate_messages_cpp[0m
[35m[1mScanning dependencies of target autoware_system_msgs_generate_messages_lisp[0m
[  3%] [34m[1mGenerating EusLisp code from autoware_system_msgs/DiagnosticStatus.msg[0m
[  7%] [34m[1mGenerating Python from MSG autoware_system_msgs/DiagnosticStatus[0m
[ 11%] [34m[1mGenerating EusLisp code from autoware_system_msgs/DiagnosticStatusArray.msg[0m
[ 14%] [34m[1mGenerating EusLisp code from autoware_system_msgs/SystemStatus.msg[0m
[ 14%] Built target rosgraph_msgs_generate_messages_nodejs
[ 18%] [34m[1mGenerating EusLisp code from autoware_system_msgs/HardwareStatus.msg[0m
[ 22%] [34m[1mGenerating Python from MSG autoware_system_msgs/DiagnosticStatusArray[0m
[ 25%] [34m[1mGenerating EusLisp code from autoware_system_msgs/NodeStatus.msg[0m
[ 25%] Built target std_msgs_generate_messages_nodejs
[ 33%] [34m[1mGenerating Python from MSG autoware_system_msgs/NodeStatus[0m
[ 37%] [34m[1mGenerating Lisp code from autoware_system_msgs/DiagnosticStatus.msg[0m
[ 29%] [34m[1mGenerating Python from MSG autoware_system_msgs/SystemStatus[0m
[ 40%] [34m[1mGenerating C++ code from autoware_system_msgs/DiagnosticStatus.msg[0m
[ 44%] [34m[1mGenerating Python from MSG autoware_system_msgs/HardwareStatus[0m
[ 48%] [34m[1mGenerating Lisp code from autoware_system_msgs/DiagnosticStatusArray.msg[0m
[ 51%] [34m[1mGenerating Lisp code from autoware_system_msgs/SystemStatus.msg[0m
[ 55%] [34m[1mGenerating EusLisp manifest code for autoware_system_msgs[0m
[ 59%] [34m[1mGenerating Lisp code from autoware_system_msgs/NodeStatus.msg[0m
[35m[1mScanning dependencies of target autoware_system_msgs_generate_messages_nodejs[0m
[ 62%] [34m[1mGenerating Javascript code from autoware_system_msgs/DiagnosticStatus.msg[0m
[ 66%] [34m[1mGenerating Javascript code from autoware_system_msgs/DiagnosticStatusArray.msg[0m
[ 70%] [34m[1mGenerating Javascript code from autoware_system_msgs/NodeStatus.msg[0m
[ 74%] [34m[1mGenerating Javascript code from autoware_system_msgs/SystemStatus.msg[0m
[ 77%] [34m[1mGenerating Lisp code from autoware_system_msgs/HardwareStatus.msg[0m
[ 81%] [34m[1mGenerating C++ code from autoware_system_msgs/DiagnosticStatusArray.msg[0m
[ 81%] Built target autoware_system_msgs_generate_messages_lisp
[ 85%] [34m[1mGenerating Javascript code from autoware_system_msgs/HardwareStatus.msg[0m
[ 88%] [34m[1mGenerating C++ code from autoware_system_msgs/SystemStatus.msg[0m
[ 92%] [34m[1mGenerating C++ code from autoware_system_msgs/NodeStatus.msg[0m
[ 96%] [34m[1mGenerating C++ code from autoware_system_msgs/HardwareStatus.msg[0m
[ 96%] Built target autoware_system_msgs_generate_messages_nodejs
[100%] [34m[1mGenerating Python msg __init__.py for autoware_system_msgs[0m
[100%] Built target autoware_system_msgs_generate_messages_cpp
[100%] Built target autoware_system_msgs_generate_messages_py
[100%] Built target autoware_system_msgs_generate_messages_eus
[35m[1mScanning dependencies of target autoware_system_msgs_generate_messages[0m
[100%] Built target autoware_system_msgs_generate_messages
[35m[1mScanning dependencies of target tests[0m
Built target tests
-- Install configuration: ""
-- Installing: /workspaces/carma_ws/src/install/autoware_system_msgs/share/autoware_system_msgs/msg/DiagnosticStatus.msg
-- Installing: /workspaces/carma_ws/src/install/autoware_system_msgs/share/autoware_system_msgs/msg/DiagnosticStatusArray.msg
-- Installing: /workspaces/carma_ws/src/install/autoware_system_msgs/share/autoware_system_msgs/msg/SystemStatus.msg
-- Installing: /workspaces/carma_ws/src/install/autoware_system_msgs/share/autoware_system_msgs/msg/NodeStatus.msg
-- Installing: /workspaces/carma_ws/src/install/autoware_system_msgs/share/autoware_system_msgs/msg/HardwareStatus.msg
-- Installing: /workspaces/carma_ws/src/install/autoware_system_msgs/share/autoware_system_msgs/cmake/autoware_system_msgs-msg-paths.cmake
-- Installing: /workspaces/carma_ws/src/install/autoware_system_msgs/include/autoware_system_msgs
-- Installing: /workspaces/carma_ws/src/install/autoware_system_msgs/include/autoware_system_msgs/DiagnosticStatus.h
-- Installing: /workspaces/carma_ws/src/install/autoware_system_msgs/include/autoware_system_msgs/HardwareStatus.h
-- Installing: /workspaces/carma_ws/src/install/autoware_system_msgs/include/autoware_system_msgs/SystemStatus.h
-- Installing: /workspaces/carma_ws/src/install/autoware_system_msgs/include/autoware_system_msgs/DiagnosticStatusArray.h
-- Installing: /workspaces/carma_ws/src/install/autoware_system_msgs/include/autoware_system_msgs/NodeStatus.h
-- Installing: /workspaces/carma_ws/src/install/autoware_system_msgs/share/roseus/ros/autoware_system_msgs
-- Installing: /workspaces/carma_ws/src/install/autoware_system_msgs/share/roseus/ros/autoware_system_msgs/msg
-- Installing: /workspaces/carma_ws/src/install/autoware_system_msgs/share/roseus/ros/autoware_system_msgs/msg/HardwareStatus.l
-- Installing: /workspaces/carma_ws/src/install/autoware_system_msgs/share/roseus/ros/autoware_system_msgs/msg/DiagnosticStatus.l
-- Installing: /workspaces/carma_ws/src/install/autoware_system_msgs/share/roseus/ros/autoware_system_msgs/msg/SystemStatus.l
-- Installing: /workspaces/carma_ws/src/install/autoware_system_msgs/share/roseus/ros/autoware_system_msgs/msg/DiagnosticStatusArray.l
-- Installing: /workspaces/carma_ws/src/install/autoware_system_msgs/share/roseus/ros/autoware_system_msgs/msg/NodeStatus.l
-- Installing: /workspaces/carma_ws/src/install/autoware_system_msgs/share/roseus/ros/autoware_system_msgs/manifest.l
-- Installing: /workspaces/carma_ws/src/install/autoware_system_msgs/share/common-lisp/ros/autoware_system_msgs
-- Installing: /workspaces/carma_ws/src/install/autoware_system_msgs/share/common-lisp/ros/autoware_system_msgs/msg
-- Installing: /workspaces/carma_ws/src/install/autoware_system_msgs/share/common-lisp/ros/autoware_system_msgs/msg/SystemStatus.lisp
-- Installing: /workspaces/carma_ws/src/install/autoware_system_msgs/share/common-lisp/ros/autoware_system_msgs/msg/NodeStatus.lisp
-- Installing: /workspaces/carma_ws/src/install/autoware_system_msgs/share/common-lisp/ros/autoware_system_msgs/msg/_package_SystemStatus.lisp
-- Installing: /workspaces/carma_ws/src/install/autoware_system_msgs/share/common-lisp/ros/autoware_system_msgs/msg/DiagnosticStatusArray.lisp
-- Installing: /workspaces/carma_ws/src/install/autoware_system_msgs/share/common-lisp/ros/autoware_system_msgs/msg/_package_NodeStatus.lisp
-- Installing: /workspaces/carma_ws/src/install/autoware_system_msgs/share/common-lisp/ros/autoware_system_msgs/msg/HardwareStatus.lisp
-- Installing: /workspaces/carma_ws/src/install/autoware_system_msgs/share/common-lisp/ros/autoware_system_msgs/msg/_package.lisp
-- Installing: /workspaces/carma_ws/src/install/autoware_system_msgs/share/common-lisp/ros/autoware_system_msgs/msg/autoware_system_msgs-msg.asd
-- Installing: /workspaces/carma_ws/src/install/autoware_system_msgs/share/common-lisp/ros/autoware_system_msgs/msg/_package_DiagnosticStatusArray.lisp
-- Installing: /workspaces/carma_ws/src/install/autoware_system_msgs/share/common-lisp/ros/autoware_system_msgs/msg/DiagnosticStatus.lisp
-- Installing: /workspaces/carma_ws/src/install/autoware_system_msgs/share/common-lisp/ros/autoware_system_msgs/msg/_package_DiagnosticStatus.lisp
-- Installing: /workspaces/carma_ws/src/install/autoware_system_msgs/share/common-lisp/ros/autoware_system_msgs/msg/_package_HardwareStatus.lisp
-- Installing: /workspaces/carma_ws/src/install/autoware_system_msgs/share/gennodejs/ros/autoware_system_msgs
-- Installing: /workspaces/carma_ws/src/install/autoware_system_msgs/share/gennodejs/ros/autoware_system_msgs/_index.js
-- Installing: /workspaces/carma_ws/src/install/autoware_system_msgs/share/gennodejs/ros/autoware_system_msgs/msg
-- Installing: /workspaces/carma_ws/src/install/autoware_system_msgs/share/gennodejs/ros/autoware_system_msgs/msg/SystemStatus.js
-- Installing: /workspaces/carma_ws/src/install/autoware_system_msgs/share/gennodejs/ros/autoware_system_msgs/msg/_index.js
-- Installing: /workspaces/carma_ws/src/install/autoware_system_msgs/share/gennodejs/ros/autoware_system_msgs/msg/DiagnosticStatusArray.js
-- Installing: /workspaces/carma_ws/src/install/autoware_system_msgs/share/gennodejs/ros/autoware_system_msgs/msg/DiagnosticStatus.js
-- Installing: /workspaces/carma_ws/src/install/autoware_system_msgs/share/gennodejs/ros/autoware_system_msgs/msg/NodeStatus.js
-- Installing: /workspaces/carma_ws/src/install/autoware_system_msgs/share/gennodejs/ros/autoware_system_msgs/msg/HardwareStatus.js
Listing '/workspaces/carma_ws/src/build/autoware_system_msgs/devel/lib/python3/dist-packages/autoware_system_msgs'...
Compiling '/workspaces/carma_ws/src/build/autoware_system_msgs/devel/lib/python3/dist-packages/autoware_system_msgs/__init__.py'...
Listing '/workspaces/carma_ws/src/build/autoware_system_msgs/devel/lib/python3/dist-packages/autoware_system_msgs/msg'...
Compiling '/workspaces/carma_ws/src/build/autoware_system_msgs/devel/lib/python3/dist-packages/autoware_system_msgs/msg/_DiagnosticStatus.py'...
Compiling '/workspaces/carma_ws/src/build/autoware_system_msgs/devel/lib/python3/dist-packages/autoware_system_msgs/msg/_DiagnosticStatusArray.py'...
Compiling '/workspaces/carma_ws/src/build/autoware_system_msgs/devel/lib/python3/dist-packages/autoware_system_msgs/msg/_HardwareStatus.py'...
Compiling '/workspaces/carma_ws/src/build/autoware_system_msgs/devel/lib/python3/dist-packages/autoware_system_msgs/msg/_NodeStatus.py'...
Compiling '/workspaces/carma_ws/src/build/autoware_system_msgs/devel/lib/python3/dist-packages/autoware_system_msgs/msg/_SystemStatus.py'...
Compiling '/workspaces/carma_ws/src/build/autoware_system_msgs/devel/lib/python3/dist-packages/autoware_system_msgs/msg/__init__.py'...
-- Installing: /workspaces/carma_ws/src/install/autoware_system_msgs/lib/python3/dist-packages/autoware_system_msgs
-- Installing: /workspaces/carma_ws/src/install/autoware_system_msgs/lib/python3/dist-packages/autoware_system_msgs/__pycache__
-- Installing: /workspaces/carma_ws/src/install/autoware_system_msgs/lib/python3/dist-packages/autoware_system_msgs/__pycache__/__init__.cpython-38.pyc
-- Installing: /workspaces/carma_ws/src/install/autoware_system_msgs/lib/python3/dist-packages/autoware_system_msgs/msg
-- Installing: /workspaces/carma_ws/src/install/autoware_system_msgs/lib/python3/dist-packages/autoware_system_msgs/msg/__pycache__
-- Installing: /workspaces/carma_ws/src/install/autoware_system_msgs/lib/python3/dist-packages/autoware_system_msgs/msg/__pycache__/_DiagnosticStatusArray.cpython-38.pyc
-- Installing: /workspaces/carma_ws/src/install/autoware_system_msgs/lib/python3/dist-packages/autoware_system_msgs/msg/__pycache__/_SystemStatus.cpython-38.pyc
-- Installing: /workspaces/carma_ws/src/install/autoware_system_msgs/lib/python3/dist-packages/autoware_system_msgs/msg/__pycache__/_NodeStatus.cpython-38.pyc
-- Installing: /workspaces/carma_ws/src/install/autoware_system_msgs/lib/python3/dist-packages/autoware_system_msgs/msg/__pycache__/__init__.cpython-38.pyc
-- Installing: /workspaces/carma_ws/src/install/autoware_system_msgs/lib/python3/dist-packages/autoware_system_msgs/msg/__pycache__/_HardwareStatus.cpython-38.pyc
-- Installing: /workspaces/carma_ws/src/install/autoware_system_msgs/lib/python3/dist-packages/autoware_system_msgs/msg/__pycache__/_DiagnosticStatus.cpython-38.pyc
-- Installing: /workspaces/carma_ws/src/install/autoware_system_msgs/lib/python3/dist-packages/autoware_system_msgs/msg/_DiagnosticStatus.py
-- Installing: /workspaces/carma_ws/src/install/autoware_system_msgs/lib/python3/dist-packages/autoware_system_msgs/msg/_SystemStatus.py
-- Installing: /workspaces/carma_ws/src/install/autoware_system_msgs/lib/python3/dist-packages/autoware_system_msgs/msg/_HardwareStatus.py
-- Installing: /workspaces/carma_ws/src/install/autoware_system_msgs/lib/python3/dist-packages/autoware_system_msgs/msg/_DiagnosticStatusArray.py
-- Installing: /workspaces/carma_ws/src/install/autoware_system_msgs/lib/python3/dist-packages/autoware_system_msgs/msg/_NodeStatus.py
-- Installing: /workspaces/carma_ws/src/install/autoware_system_msgs/lib/python3/dist-packages/autoware_system_msgs/msg/__init__.py
-- Installing: /workspaces/carma_ws/src/install/autoware_system_msgs/lib/python3/dist-packages/autoware_system_msgs/__init__.py
-- Installing: /workspaces/carma_ws/src/install/autoware_system_msgs/lib/pkgconfig/autoware_system_msgs.pc
-- Installing: /workspaces/carma_ws/src/install/autoware_system_msgs/share/autoware_system_msgs/cmake/autoware_system_msgs-msg-extras.cmake
-- Installing: /workspaces/carma_ws/src/install/autoware_system_msgs/share/autoware_system_msgs/cmake/autoware_system_msgsConfig.cmake
-- Installing: /workspaces/carma_ws/src/install/autoware_system_msgs/share/autoware_system_msgs/cmake/autoware_system_msgsConfig-version.cmake
-- Installing: /workspaces/carma_ws/src/install/autoware_system_msgs/share/autoware_system_msgs/package.xml
-- Up-to-date: /workspaces/carma_ws/src/install/autoware_system_msgs/share/autoware_system_msgs/msg
-- Up-to-date: /workspaces/carma_ws/src/install/autoware_system_msgs/share/autoware_system_msgs/msg/NodeStatus.msg
-- Up-to-date: /workspaces/carma_ws/src/install/autoware_system_msgs/share/autoware_system_msgs/msg/DiagnosticStatus.msg
-- Up-to-date: /workspaces/carma_ws/src/install/autoware_system_msgs/share/autoware_system_msgs/msg/HardwareStatus.msg
-- Up-to-date: /workspaces/carma_ws/src/install/autoware_system_msgs/share/autoware_system_msgs/msg/DiagnosticStatusArray.msg
-- Up-to-date: /workspaces/carma_ws/src/install/autoware_system_msgs/share/autoware_system_msgs/msg/SystemStatus.msg
