[0.065s] Invoking command in '/workspaces/carma_ws/src/build/autoware_msgs': /usr/bin/cmake /workspaces/carma_ws/src/autoware.ai/messages/autoware_msgs -DCATKIN_INSTALL_INTO_PREFIX_ROOT=0 -DCMAKE_INSTALL_PREFIX=/workspaces/carma_ws/src/install/autoware_msgs
[0.225s] -- The C compiler identification is GNU 9.3.0
[0.361s] -- The CXX compiler identification is GNU 9.3.0
[0.371s] -- Check for working C compiler: /usr/bin/cc
[0.498s] -- Check for working C compiler: /usr/bin/cc -- works
[0.499s] -- Detecting C compiler ABI info
[0.604s] -- Detecting C compiler ABI info - done
[0.686s] -- Detecting C compile features
[0.687s] -- Detecting C compile features - done
[0.701s] -- Check for working CXX compiler: /usr/bin/c++
[0.837s] -- Check for working CXX compiler: /usr/bin/c++ -- works
[0.844s] -- Detecting CXX compiler ABI info
[0.977s] -- Detecting CXX compiler ABI info - done
[1.034s] -- Detecting CXX compile features
[1.036s] -- Detecting CXX compile features - done
[1.044s] -- Using CATKIN_DEVEL_PREFIX: /workspaces/carma_ws/src/build/autoware_msgs/devel
[1.048s] -- Using CMAKE_PREFIX_PATH: /opt/ros/noetic
[1.048s] -- This workspace overlays: /opt/ros/noetic
[1.102s] -- Found PythonInterp: /usr/bin/python3 (found suitable version "3.8.10", minimum required is "3") 
[1.102s] -- Using PYTHON_EXECUTABLE: /usr/bin/python3
[1.102s] -- Using Debian Python package layout
[1.180s] -- Found PY_em: /usr/lib/python3/dist-packages/em.py  
[1.180s] -- Using empy: /usr/lib/python3/dist-packages/em.py
[1.516s] -- Using CATKIN_ENABLE_TESTING: ON
[1.517s] -- Call enable_testing()
[1.519s] -- Using CATKIN_TEST_RESULTS_DIR: /workspaces/carma_ws/src/build/autoware_msgs/test_results
[2.157s] -- Forcing gtest/gmock from source, though one was otherwise available.
[2.157s] -- Found gtest sources under '/usr/src/googletest': gtests will be built
[2.157s] -- Found gmock sources under '/usr/src/googletest': gmock will be built
[2.199s] -- Found PythonInterp: /usr/bin/python3 (found version "3.8.10") 
[2.205s] -- Found Threads: TRUE  
[2.215s] -- Using Python nosetests: /usr/bin/nosetests3
[2.315s] -- catkin 0.8.10
[2.315s] -- BUILD_SHARED_LIBS is on
[2.639s] -- Using these message generators: gencpp;geneus;genlisp;gennodejs;genpy
[3.476s] -- autoware_msgs: 52 messages, 1 services
[4.181s] -- Configuring done
[4.681s] -- Generating done
[4.723s] -- Build files have been written to: /workspaces/carma_ws/src/build/autoware_msgs
[4.764s] Invoked command in '/workspaces/carma_ws/src/build/autoware_msgs' returned '0': /usr/bin/cmake /workspaces/carma_ws/src/autoware.ai/messages/autoware_msgs -DCATKIN_INSTALL_INTO_PREFIX_ROOT=0 -DCMAKE_INSTALL_PREFIX=/workspaces/carma_ws/src/install/autoware_msgs
[4.776s] Invoking command in '/workspaces/carma_ws/src/build/autoware_msgs': /usr/bin/cmake --build /workspaces/carma_ws/src/build/autoware_msgs -- -j12 -l12
[8.412s] [35m[1mScanning dependencies of target _autoware_msgs_generate_messages_check_deps_SyncTimeMonitor[0m
[8.412s] [35m[1mScanning dependencies of target _autoware_msgs_generate_messages_check_deps_TrafficLight[0m
[8.412s] [35m[1mScanning dependencies of target _autoware_msgs_generate_messages_check_deps_VscanTracked[0m
[8.412s] [35m[1mScanning dependencies of target _autoware_msgs_generate_messages_check_deps_GeometricRectangle[0m
[8.412s] [35m[1mScanning dependencies of target _autoware_msgs_generate_messages_check_deps_DTLane[0m
[8.412s] [35m[1mScanning dependencies of target _autoware_msgs_generate_messages_check_deps_ObjLabel[0m
[8.413s] [35m[1mScanning dependencies of target _autoware_msgs_generate_messages_check_deps_NDTStat[0m
[8.413s] [35m[1mScanning dependencies of target _autoware_msgs_generate_messages_check_deps_Lane[0m
[8.413s] [35m[1mScanning dependencies of target _autoware_msgs_generate_messages_check_deps_ProjectionMatrix[0m
[8.413s] [35m[1mScanning dependencies of target _autoware_msgs_generate_messages_check_deps_ImageObjRanged[0m
[8.413s] [35m[1mScanning dependencies of target _autoware_msgs_generate_messages_check_deps_ImageObjTracked[0m
[8.413s] [35m[1mScanning dependencies of target _autoware_msgs_generate_messages_check_deps_ImageObj[0m
[8.413s] [  0%] Built target _autoware_msgs_generate_messages_check_deps_SyncTimeMonitor
[8.413s] [  0%] Built target _autoware_msgs_generate_messages_check_deps_VscanTracked
[8.413s] [  0%] Built target _autoware_msgs_generate_messages_check_deps_TrafficLight
[8.414s] [35m[1mScanning dependencies of target _autoware_msgs_generate_messages_check_deps_ValueSet[0m
[8.414s] [  0%] Built target _autoware_msgs_generate_messages_check_deps_GeometricRectangle
[8.414s] [  0%] Built target _autoware_msgs_generate_messages_check_deps_ObjLabel
[8.414s] [  0%] Built target _autoware_msgs_generate_messages_check_deps_ImageObj
[8.414s] [35m[1mScanning dependencies of target _autoware_msgs_generate_messages_check_deps_IndicatorCmd[0m
[8.414s] [35m[1mScanning dependencies of target _autoware_msgs_generate_messages_check_deps_ImageRectRanged[0m
[8.414s] [  0%] Built target _autoware_msgs_generate_messages_check_deps_DTLane
[8.414s] [  0%] Built target _autoware_msgs_generate_messages_check_deps_NDTStat
[8.414s] [  0%] Built target _autoware_msgs_generate_messages_check_deps_ImageObjTracked
[8.415s] [  0%] Built target _autoware_msgs_generate_messages_check_deps_ImageObjRanged
[8.415s] [  0%] Built target _autoware_msgs_generate_messages_check_deps_Lane
[8.415s] [  0%] Built target _autoware_msgs_generate_messages_check_deps_ProjectionMatrix
[8.415s] [35m[1mScanning dependencies of target _autoware_msgs_generate_messages_check_deps_Centroids[0m
[8.415s] [35m[1mScanning dependencies of target _autoware_msgs_generate_messages_check_deps_ImageObjects[0m
[8.415s] [  0%] Built target _autoware_msgs_generate_messages_check_deps_ValueSet
[8.415s] [35m[1mScanning dependencies of target std_msgs_generate_messages_py[0m
[8.416s] [35m[1mScanning dependencies of target _autoware_msgs_generate_messages_check_deps_WaypointState[0m
[8.416s] [35m[1mScanning dependencies of target _autoware_msgs_generate_messages_check_deps_LaneArray[0m
[8.416s] [  0%] Built target std_msgs_generate_messages_py
[8.416s] [35m[1mScanning dependencies of target jsk_recognition_msgs_generate_messages_py[0m
[8.419s] [  0%] Built target _autoware_msgs_generate_messages_check_deps_IndicatorCmd
[8.419s] [  0%] Built target _autoware_msgs_generate_messages_check_deps_ImageRectRanged
[8.419s] [35m[1mScanning dependencies of target _autoware_msgs_generate_messages_check_deps_ObjPose[0m
[8.419s] [35m[1mScanning dependencies of target _autoware_msgs_generate_messages_check_deps_CloudClusterArray[0m
[8.419s] [35m[1mScanning dependencies of target _autoware_msgs_generate_messages_check_deps_DetectedObjectArray[0m
[8.420s] [  0%] Built target jsk_recognition_msgs_generate_messages_py
[8.420s] [35m[1mScanning dependencies of target _autoware_msgs_generate_messages_check_deps_ControlCommand[0m
[8.420s] [  0%] Built target _autoware_msgs_generate_messages_check_deps_ImageObjects
[8.420s] [  0%] Built target _autoware_msgs_generate_messages_check_deps_Centroids
[8.420s] [35m[1mScanning dependencies of target _autoware_msgs_generate_messages_check_deps_CloudCluster[0m
[8.420s] [  0%] Built target _autoware_msgs_generate_messages_check_deps_WaypointState
[8.420s] [  0%] Built target _autoware_msgs_generate_messages_check_deps_LaneArray
[8.420s] [  0%] Built target _autoware_msgs_generate_messages_check_deps_ObjPose
[8.420s] [  0%] Built target _autoware_msgs_generate_messages_check_deps_CloudClusterArray
[8.420s] [  0%] Built target _autoware_msgs_generate_messages_check_deps_DetectedObjectArray
[8.421s] [35m[1mScanning dependencies of target _autoware_msgs_generate_messages_check_deps_ICPStat[0m
[8.421s] [35m[1mScanning dependencies of target _autoware_msgs_generate_messages_check_deps_Signals[0m
[8.421s] [  0%] Built target _autoware_msgs_generate_messages_check_deps_ControlCommand
[8.421s] [35m[1mScanning dependencies of target sensor_msgs_generate_messages_py[0m
[8.421s] [35m[1mScanning dependencies of target _autoware_msgs_generate_messages_check_deps_ScanImage[0m
[8.421s] [35m[1mScanning dependencies of target _autoware_msgs_generate_messages_check_deps_DetectedObject[0m
[8.421s] [35m[1mScanning dependencies of target _autoware_msgs_generate_messages_check_deps_State[0m
[8.421s] [  0%] Built target _autoware_msgs_generate_messages_check_deps_CloudCluster
[8.421s] [35m[1mScanning dependencies of target _autoware_msgs_generate_messages_check_deps_ImageRect[0m
[8.421s] [35m[1mScanning dependencies of target _autoware_msgs_generate_messages_check_deps_ControlCommandStamped[0m
[8.422s] [  0%] Built target sensor_msgs_generate_messages_py
[8.422s] [35m[1mScanning dependencies of target _autoware_msgs_generate_messages_check_deps_PointsImage[0m
[8.422s] [35m[1mScanning dependencies of target _autoware_msgs_generate_messages_check_deps_ExtractedPosition[0m
[8.422s] [35m[1mScanning dependencies of target _autoware_msgs_generate_messages_check_deps_TunedResult[0m
[8.422s] [  0%] Built target _autoware_msgs_generate_messages_check_deps_Signals
[8.423s] [35m[1mScanning dependencies of target _autoware_msgs_generate_messages_check_deps_VscanTrackedArray[0m
[8.423s] [  0%] Built target _autoware_msgs_generate_messages_check_deps_ScanImage
[8.423s] [35m[1mScanning dependencies of target geometry_msgs_generate_messages_py[0m
[8.423s] [  0%] Built target _autoware_msgs_generate_messages_check_deps_ControlCommandStamped
[8.423s] [  0%] Built target _autoware_msgs_generate_messages_check_deps_DetectedObject
[8.423s] [  0%] Built target _autoware_msgs_generate_messages_check_deps_ICPStat
[8.423s] [35m[1mScanning dependencies of target _autoware_msgs_generate_messages_check_deps_ImageLaneObjects[0m
[8.424s] [  0%] Built target _autoware_msgs_generate_messages_check_deps_TunedResult
[8.424s] [  0%] Built target geometry_msgs_generate_messages_py
[8.424s] [  0%] Built target _autoware_msgs_generate_messages_check_deps_ImageRect
[8.424s] [35m[1mScanning dependencies of target _autoware_msgs_generate_messages_check_deps_ColorSet[0m
[8.424s] [35m[1mScanning dependencies of target _autoware_msgs_generate_messages_check_deps_TrafficLightResultArray[0m
[8.424s] [  0%] Built target _autoware_msgs_generate_messages_check_deps_State
[8.424s] [35m[1mScanning dependencies of target _autoware_msgs_generate_messages_check_deps_TrafficLightResult[0m
[8.424s] [  0%] Built target _autoware_msgs_generate_messages_check_deps_PointsImage
[8.424s] [  0%] Built target _autoware_msgs_generate_messages_check_deps_ExtractedPosition
[8.424s] [  0%] Built target _autoware_msgs_generate_messages_check_deps_ImageLaneObjects
[8.425s] [35m[1mScanning dependencies of target _autoware_msgs_generate_messages_check_deps_VehicleStatus[0m
[8.444s] [35m[1mScanning dependencies of target _autoware_msgs_generate_messages_check_deps_VehicleLocation[0m
[8.445s] [35m[1mScanning dependencies of target _autoware_msgs_generate_messages_check_deps_VehicleCmd[0m
[8.473s] [  0%] Built target _autoware_msgs_generate_messages_check_deps_VscanTrackedArray
[8.526s] [35m[1mScanning dependencies of target _autoware_msgs_generate_messages_check_deps_Waypoint[0m
[8.647s] [  0%] Built target _autoware_msgs_generate_messages_check_deps_TrafficLightResult
[8.647s] [  0%] Built target _autoware_msgs_generate_messages_check_deps_ColorSet
[8.648s] [  0%] Built target _autoware_msgs_generate_messages_check_deps_TrafficLightResultArray
[8.738s] [35m[1mScanning dependencies of target _autoware_msgs_generate_messages_check_deps_SteerCmd[0m
[8.739s] [35m[1mScanning dependencies of target _autoware_msgs_generate_messages_check_deps_LampCmd[0m
[8.761s] [35m[1mScanning dependencies of target _autoware_msgs_generate_messages_check_deps_BrakeCmd[0m
[8.779s] [35m[1mScanning dependencies of target _autoware_msgs_generate_messages_check_deps_AdjustXY[0m
[8.834s] [35m[1mScanning dependencies of target _autoware_msgs_generate_messages_check_deps_AccelCmd[0m
[8.877s] [  0%] Built target _autoware_msgs_generate_messages_check_deps_VehicleStatus
[8.897s] [  0%] Built target _autoware_msgs_generate_messages_check_deps_VehicleLocation
[9.032s] [35m[1mScanning dependencies of target _autoware_msgs_generate_messages_check_deps_StateCmd[0m
[9.043s] [35m[1mScanning dependencies of target _autoware_msgs_generate_messages_check_deps_RecognizeLightState[0m
[9.048s] [35m[1mScanning dependencies of target _autoware_msgs_generate_messages_check_deps_Gear[0m
[9.050s] [35m[1mScanning dependencies of target _autoware_msgs_generate_messages_check_deps_RemoteCmd[0m
[9.068s] [  0%] Built target _autoware_msgs_generate_messages_check_deps_AdjustXY
[9.122s] [  0%] Built target _autoware_msgs_generate_messages_check_deps_VehicleCmd
[9.127s] [35m[1mScanning dependencies of target _autoware_msgs_generate_messages_check_deps_SyncTimeDiff[0m
[9.157s] [  0%] Built target _autoware_msgs_generate_messages_check_deps_SteerCmd
[9.200s] [  0%] Built target _autoware_msgs_generate_messages_check_deps_LampCmd
[9.246s] [35m[1mScanning dependencies of target std_msgs_generate_messages_lisp[0m
[9.248s] [35m[1mScanning dependencies of target jsk_recognition_msgs_generate_messages_lisp[0m
[9.336s] [35m[1mScanning dependencies of target geometry_msgs_generate_messages_lisp[0m
[9.336s] [  0%] Built target _autoware_msgs_generate_messages_check_deps_Waypoint
[9.340s] [35m[1mScanning dependencies of target sensor_msgs_generate_messages_lisp[0m
[9.469s] [  0%] Built target _autoware_msgs_generate_messages_check_deps_AccelCmd
[9.490s] [  0%] Built target _autoware_msgs_generate_messages_check_deps_BrakeCmd
[9.496s] [  0%] Built target _autoware_msgs_generate_messages_check_deps_Gear
[9.532s] [  0%] Built target _autoware_msgs_generate_messages_check_deps_SyncTimeDiff
[9.532s] [  0%] Built target _autoware_msgs_generate_messages_check_deps_StateCmd
[9.532s] [  0%] Built target _autoware_msgs_generate_messages_check_deps_RecognizeLightState
[9.544s] [  0%] Built target _autoware_msgs_generate_messages_check_deps_RemoteCmd
[9.681s] [  0%] Built target std_msgs_generate_messages_lisp
[9.695s] [  0%] Built target geometry_msgs_generate_messages_lisp
[9.701s] [35m[1mScanning dependencies of target sensor_msgs_generate_messages_cpp[0m
[9.702s] [35m[1mScanning dependencies of target geometry_msgs_generate_messages_cpp[0m
[9.719s] [  0%] Built target jsk_recognition_msgs_generate_messages_lisp
[9.732s] [35m[1mScanning dependencies of target std_msgs_generate_messages_nodejs[0m
[9.733s] [35m[1mScanning dependencies of target jsk_recognition_msgs_generate_messages_cpp[0m
[9.733s] [  0%] Built target sensor_msgs_generate_messages_lisp
[9.733s] [35m[1mScanning dependencies of target sensor_msgs_generate_messages_nodejs[0m
[9.746s] [35m[1mScanning dependencies of target jsk_recognition_msgs_generate_messages_nodejs[0m
[9.780s] [35m[1mScanning dependencies of target geometry_msgs_generate_messages_nodejs[0m
[9.801s] [35m[1mScanning dependencies of target std_msgs_generate_messages_cpp[0m
[9.846s] [35m[1mScanning dependencies of target geometry_msgs_generate_messages_eus[0m
[10.030s] [  0%] Built target jsk_recognition_msgs_generate_messages_cpp
[10.190s] [  0%] Built target geometry_msgs_generate_messages_cpp
[10.190s] [  0%] Built target std_msgs_generate_messages_cpp
[10.228s] [  0%] Built target jsk_recognition_msgs_generate_messages_nodejs
[10.249s] [  0%] Built target geometry_msgs_generate_messages_nodejs
[10.257s] [  0%] Built target std_msgs_generate_messages_nodejs
[10.262s] [  0%] Built target sensor_msgs_generate_messages_cpp
[10.264s] [  0%] Built target geometry_msgs_generate_messages_eus
[10.265s] [  0%] Built target sensor_msgs_generate_messages_nodejs
[10.314s] [35m[1mScanning dependencies of target autoware_msgs_generate_messages_lisp[0m
[10.328s] [35m[1mScanning dependencies of target jsk_recognition_msgs_generate_messages_eus[0m
[10.334s] [35m[1mScanning dependencies of target std_msgs_generate_messages_eus[0m
[10.396s] [35m[1mScanning dependencies of target autoware_msgs_generate_messages_cpp[0m
[10.496s] [35m[1mScanning dependencies of target sensor_msgs_generate_messages_eus[0m
[10.496s] [35m[1mScanning dependencies of target autoware_msgs_generate_messages_nodejs[0m
[10.497s] [35m[1mScanning dependencies of target autoware_msgs_generate_messages_py[0m
[10.572s] [  1%] [34m[1mGenerating Lisp code from autoware_msgs/ControlCommandStamped.msg[0m
[10.612s] [  1%] [34m[1mGenerating C++ code from autoware_msgs/ControlCommandStamped.msg[0m
[10.673s] [  1%] Built target jsk_recognition_msgs_generate_messages_eus
[10.699s] [  1%] Built target std_msgs_generate_messages_eus
[10.736s] [  1%] Built target sensor_msgs_generate_messages_eus
[10.801s] [  1%] [34m[1mGenerating Python from MSG autoware_msgs/ControlCommandStamped[0m
[10.801s] [  2%] [34m[1mGenerating Javascript code from autoware_msgs/ControlCommandStamped.msg[0m
[11.074s] [  2%] [34m[1mGenerating Lisp code from autoware_msgs/DetectedObject.msg[0m
[11.257s] [  2%] [34m[1mGenerating Javascript code from autoware_msgs/CloudCluster.msg[0m
[11.282s] [  3%] [34m[1mGenerating C++ code from autoware_msgs/CloudClusterArray.msg[0m
[11.463s] [  4%] [34m[1mGenerating Lisp code from autoware_msgs/DetectedObjectArray.msg[0m
[11.740s] [  4%] [34m[1mGenerating Python from MSG autoware_msgs/CloudCluster[0m
[11.754s] [  5%] [34m[1mGenerating Javascript code from autoware_msgs/CloudClusterArray.msg[0m
[11.880s] [  5%] [34m[1mGenerating Lisp code from autoware_msgs/ControlCommand.msg[0m
[12.125s] [  5%] [34m[1mGenerating Javascript code from autoware_msgs/ControlCommand.msg[0m
[12.132s] [  5%] [34m[1mGenerating C++ code from autoware_msgs/ColorSet.msg[0m
[12.211s] [  5%] [34m[1mGenerating Lisp code from autoware_msgs/ExtractedPosition.msg[0m
[12.294s] [  5%] [34m[1mGenerating Javascript code from autoware_msgs/DetectedObjectArray.msg[0m
[12.468s] [  6%] [34m[1mGenerating Lisp code from autoware_msgs/ImageLaneObjects.msg[0m
[12.604s] [  6%] [34m[1mGenerating C++ code from autoware_msgs/CloudCluster.msg[0m
[12.634s] [  7%] [34m[1mGenerating Javascript code from autoware_msgs/ExtractedPosition.msg[0m
[12.636s] [  7%] [34m[1mGenerating Python from MSG autoware_msgs/CloudClusterArray[0m
[12.717s] [  7%] [34m[1mGenerating Lisp code from autoware_msgs/ImageObjects.msg[0m
[12.889s] [  8%] [34m[1mGenerating Lisp code from autoware_msgs/ColorSet.msg[0m
[12.949s] [  9%] [34m[1mGenerating Javascript code from autoware_msgs/DetectedObject.msg[0m
[13.222s] [  9%] [34m[1mGenerating C++ code from autoware_msgs/DetectedObjectArray.msg[0m
[13.263s] [  9%] [34m[1mGenerating Lisp code from autoware_msgs/CloudClusterArray.msg[0m
[13.284s] [ 10%] [34m[1mGenerating Javascript code from autoware_msgs/ImageLaneObjects.msg[0m
[13.498s] [ 10%] [34m[1mGenerating Javascript code from autoware_msgs/ColorSet.msg[0m
[13.503s] [ 10%] [34m[1mGenerating Lisp code from autoware_msgs/LaneArray.msg[0m
[13.621s] [ 10%] [34m[1mGenerating Python from MSG autoware_msgs/ControlCommand[0m
[13.885s] [ 11%] [34m[1mGenerating C++ code from autoware_msgs/ImageLaneObjects.msg[0m
[13.916s] [ 11%] [34m[1mGenerating Javascript code from autoware_msgs/ImageObjects.msg[0m
[13.935s] [ 11%] [34m[1mGenerating Lisp code from autoware_msgs/CloudCluster.msg[0m
[14.210s] [ 11%] [34m[1mGenerating Javascript code from autoware_msgs/LaneArray.msg[0m
[14.424s] [ 11%] [34m[1mGenerating C++ code from autoware_msgs/ImageObjects.msg[0m
[14.430s] [ 12%] [34m[1mGenerating Lisp code from autoware_msgs/PointsImage.msg[0m
[14.493s] [ 12%] [34m[1mGenerating Python from MSG autoware_msgs/DetectedObjectArray[0m
[14.590s] [ 13%] [34m[1mGenerating Javascript code from autoware_msgs/PointsImage.msg[0m
[14.626s] [ 13%] [34m[1mGenerating Lisp code from autoware_msgs/ScanImage.msg[0m
[14.794s] [ 13%] [34m[1mGenerating C++ code from autoware_msgs/LaneArray.msg[0m
[14.873s] [ 13%] [34m[1mGenerating Javascript code from autoware_msgs/ScanImage.msg[0m
[15.011s] [ 13%] [34m[1mGenerating Lisp code from autoware_msgs/Signals.msg[0m
[15.157s] [ 13%] [34m[1mGenerating C++ code from autoware_msgs/ExtractedPosition.msg[0m
[15.241s] [ 14%] [34m[1mGenerating Javascript code from autoware_msgs/Signals.msg[0m
[15.322s] [ 15%] [34m[1mGenerating Python from MSG autoware_msgs/ExtractedPosition[0m
[15.382s] [ 16%] [34m[1mGenerating Lisp code from autoware_msgs/TunedResult.msg[0m
[15.500s] [ 16%] [34m[1mGenerating Javascript code from autoware_msgs/TunedResult.msg[0m
[15.515s] [ 16%] [34m[1mGenerating Lisp code from autoware_msgs/ValueSet.msg[0m
[15.810s] [ 16%] [34m[1mGenerating Lisp code from autoware_msgs/Centroids.msg[0m
[15.849s] [ 16%] [34m[1mGenerating C++ code from autoware_msgs/ScanImage.msg[0m
[15.890s] [ 16%] [34m[1mGenerating Javascript code from autoware_msgs/ValueSet.msg[0m
[16.151s] [ 17%] [34m[1mGenerating Lisp code from autoware_msgs/DTLane.msg[0m
[16.217s] [ 18%] [34m[1mGenerating Javascript code from autoware_msgs/Centroids.msg[0m
[16.266s] [ 19%] [34m[1mGenerating C++ code from autoware_msgs/Signals.msg[0m
[16.302s] [ 19%] [34m[1mGenerating Lisp code from autoware_msgs/GeometricRectangle.msg[0m
[16.329s] [ 19%] [34m[1mGenerating Python from MSG autoware_msgs/ImageLaneObjects[0m
[16.490s] [ 19%] [34m[1mGenerating Javascript code from autoware_msgs/DTLane.msg[0m
[16.615s] [ 20%] [34m[1mGenerating Lisp code from autoware_msgs/ICPStat.msg[0m
[16.961s] [ 20%] [34m[1mGenerating Javascript code from autoware_msgs/GeometricRectangle.msg[0m
[17.031s] [ 20%] [34m[1mGenerating Lisp code from autoware_msgs/ImageObj.msg[0m
[17.070s] [ 20%] [34m[1mGenerating C++ code from autoware_msgs/TunedResult.msg[0m
[17.207s] [ 21%] [34m[1mGenerating Javascript code from autoware_msgs/ICPStat.msg[0m
[17.279s] [ 21%] [34m[1mGenerating Lisp code from autoware_msgs/ImageObjRanged.msg[0m
[17.487s] [ 21%] [34m[1mGenerating Python from MSG autoware_msgs/ImageObjects[0m
[17.579s] [ 22%] [34m[1mGenerating Lisp code from autoware_msgs/ImageObjTracked.msg[0m
[17.627s] [ 22%] [34m[1mGenerating Javascript code from autoware_msgs/ImageObj.msg[0m
[17.852s] [ 22%] [34m[1mGenerating Javascript code from autoware_msgs/ImageObjRanged.msg[0m
[17.859s] [ 23%] [34m[1mGenerating C++ code from autoware_msgs/Centroids.msg[0m
[17.947s] [ 23%] [34m[1mGenerating Lisp code from autoware_msgs/ImageRect.msg[0m
[18.076s] [ 24%] [34m[1mGenerating Javascript code from autoware_msgs/ImageObjTracked.msg[0m
[18.232s] [ 24%] [34m[1mGenerating Javascript code from autoware_msgs/ImageRect.msg[0m
[18.262s] [ 24%] [34m[1mGenerating Lisp code from autoware_msgs/ImageRectRanged.msg[0m
[18.404s] [ 24%] [34m[1mGenerating C++ code from autoware_msgs/DTLane.msg[0m
[18.416s] [ 25%] [34m[1mGenerating Python from MSG autoware_msgs/DetectedObject[0m
[18.621s] [ 25%] [34m[1mGenerating Lisp code from autoware_msgs/NDTStat.msg[0m
[18.627s] [ 26%] [34m[1mGenerating Javascript code from autoware_msgs/ImageRectRanged.msg[0m
[18.800s] [ 27%] [34m[1mGenerating Lisp code from autoware_msgs/Lane.msg[0m
[18.933s] [ 27%] [34m[1mGenerating Javascript code from autoware_msgs/Lane.msg[0m
[19.052s] [ 27%] [34m[1mGenerating C++ code from autoware_msgs/GeometricRectangle.msg[0m
[19.115s] [ 27%] [34m[1mGenerating Lisp code from autoware_msgs/ObjLabel.msg[0m
[19.263s] [ 28%] [34m[1mGenerating Lisp code from autoware_msgs/ObjPose.msg[0m
[19.270s] [ 28%] [34m[1mGenerating Javascript code from autoware_msgs/NDTStat.msg[0m
[19.411s] [ 28%] [34m[1mGenerating C++ code from autoware_msgs/ImageObj.msg[0m
[19.434s] [ 29%] [34m[1mGenerating Javascript code from autoware_msgs/ObjLabel.msg[0m
[19.456s] [ 29%] [34m[1mGenerating Lisp code from autoware_msgs/ProjectionMatrix.msg[0m
[19.601s] [ 30%] [34m[1mGenerating Lisp code from autoware_msgs/VscanTracked.msg[0m
[19.602s] [ 30%] [34m[1mGenerating Python from MSG autoware_msgs/ColorSet[0m
[19.828s] [ 30%] [34m[1mGenerating Javascript code from autoware_msgs/ObjPose.msg[0m
[19.868s] [ 30%] [34m[1mGenerating Lisp code from autoware_msgs/VscanTrackedArray.msg[0m
[20.154s] [ 30%] [34m[1mGenerating Javascript code from autoware_msgs/ProjectionMatrix.msg[0m
[20.185s] [ 30%] [34m[1mGenerating C++ code from autoware_msgs/ImageObjRanged.msg[0m
[20.192s] [ 30%] [34m[1mGenerating Lisp code from autoware_msgs/Waypoint.msg[0m
[20.421s] [ 31%] [34m[1mGenerating Python from MSG autoware_msgs/LaneArray[0m
[20.426s] [ 32%] [34m[1mGenerating Javascript code from autoware_msgs/VscanTracked.msg[0m
[20.506s] [ 34%] [34m[1mGenerating Lisp code from autoware_msgs/WaypointState.msg[0m
[20.816s] [ 35%] [34m[1mGenerating C++ code from autoware_msgs/ICPStat.msg[0m
[20.822s] [ 35%] [34m[1mGenerating Lisp code from autoware_msgs/VehicleCmd.msg[0m
[20.849s] [ 35%] [34m[1mGenerating Javascript code from autoware_msgs/VscanTrackedArray.msg[0m
[20.964s] [ 35%] [34m[1mGenerating Python from MSG autoware_msgs/ScanImage[0m
[21.001s] [ 35%] [34m[1mGenerating Lisp code from autoware_msgs/VehicleLocation.msg[0m
[21.182s] [ 36%] [34m[1mGenerating Javascript code from autoware_msgs/WaypointState.msg[0m
[21.197s] [ 37%] [34m[1mGenerating Lisp code from autoware_msgs/VehicleStatus.msg[0m
[21.485s] [ 37%] [34m[1mGenerating Lisp code from autoware_msgs/TrafficLightResult.msg[0m
[21.491s] [ 37%] [34m[1mGenerating Javascript code from autoware_msgs/VehicleCmd.msg[0m
[21.588s] [ 37%] [34m[1mGenerating C++ code from autoware_msgs/ValueSet.msg[0m
[21.598s] [ 37%] [34m[1mGenerating Python from MSG autoware_msgs/PointsImage[0m
[21.690s] [ 37%] [34m[1mGenerating Lisp code from autoware_msgs/TrafficLightResultArray.msg[0m
[21.798s] [ 37%] [34m[1mGenerating Javascript code from autoware_msgs/VehicleStatus.msg[0m
[21.999s] [ 38%] [34m[1mGenerating Lisp code from autoware_msgs/Gear.msg[0m
[22.020s] [ 39%] [34m[1mGenerating C++ code from autoware_msgs/ImageObjTracked.msg[0m
[22.223s] [ 40%] [34m[1mGenerating Javascript code from autoware_msgs/VehicleLocation.msg[0m
[22.231s] [ 40%] [34m[1mGenerating Lisp code from autoware_msgs/AccelCmd.msg[0m
[22.390s] [ 40%] [34m[1mGenerating Javascript code from autoware_msgs/Waypoint.msg[0m
[22.422s] [ 41%] [34m[1mGenerating Python from MSG autoware_msgs/Signals[0m
[22.436s] [ 41%] [34m[1mGenerating Lisp code from autoware_msgs/AdjustXY.msg[0m
[22.547s] [ 42%] [34m[1mGenerating C++ code from autoware_msgs/ImageRectRanged.msg[0m
[22.748s] [ 43%] [34m[1mGenerating Lisp code from autoware_msgs/BrakeCmd.msg[0m
[22.768s] [ 43%] [34m[1mGenerating Javascript code from autoware_msgs/Gear.msg[0m
[22.896s] [ 43%] [34m[1mGenerating Lisp code from autoware_msgs/IndicatorCmd.msg[0m
[23.058s] [ 43%] [34m[1mGenerating Javascript code from autoware_msgs/AccelCmd.msg[0m
[23.061s] [ 43%] [34m[1mGenerating C++ code from autoware_msgs/ImageRect.msg[0m
[23.222s] [ 44%] [34m[1mGenerating Lisp code from autoware_msgs/LampCmd.msg[0m
[23.425s] [ 45%] [34m[1mGenerating Javascript code from autoware_msgs/AdjustXY.msg[0m
[23.517s] [ 45%] [34m[1mGenerating Lisp code from autoware_msgs/SteerCmd.msg[0m
[23.552s] [ 45%] [34m[1mGenerating Python from MSG autoware_msgs/TunedResult[0m
[23.643s] [ 45%] [34m[1mGenerating C++ code from autoware_msgs/Lane.msg[0m
[23.822s] [ 45%] [34m[1mGenerating Lisp code from autoware_msgs/TrafficLight.msg[0m
[23.854s] [ 45%] [34m[1mGenerating Javascript code from autoware_msgs/BrakeCmd.msg[0m
[24.066s] [ 46%] [34m[1mGenerating Lisp code from autoware_msgs/StateCmd.msg[0m
[24.088s] [ 46%] [34m[1mGenerating Python from MSG autoware_msgs/ValueSet[0m
[24.206s] [ 46%] [34m[1mGenerating Lisp code from autoware_msgs/State.msg[0m
[24.247s] [ 46%] [34m[1mGenerating Javascript code from autoware_msgs/IndicatorCmd.msg[0m
[24.476s] [ 46%] [34m[1mGenerating C++ code from autoware_msgs/NDTStat.msg[0m
[24.544s] [ 47%] [34m[1mGenerating Javascript code from autoware_msgs/LampCmd.msg[0m
[24.609s] [ 47%] [34m[1mGenerating Lisp code from autoware_msgs/SyncTimeMonitor.msg[0m
[24.749s] [ 48%] [34m[1mGenerating Python from MSG autoware_msgs/Centroids[0m
[24.788s] [ 49%] [34m[1mGenerating Javascript code from autoware_msgs/TrafficLightResultArray.msg[0m
[24.820s] [ 49%] [34m[1mGenerating Lisp code from autoware_msgs/RemoteCmd.msg[0m
[25.134s] [ 50%] [34m[1mGenerating Lisp code from autoware_msgs/SyncTimeDiff.msg[0m
[25.216s] [ 51%] [34m[1mGenerating Javascript code from autoware_msgs/TrafficLight.msg[0m
[25.233s] [ 52%] [34m[1mGenerating C++ code from autoware_msgs/ObjLabel.msg[0m
[25.401s] [ 52%] [34m[1mGenerating Lisp code from autoware_msgs/RecognizeLightState.srv[0m
[25.440s] [ 52%] [34m[1mGenerating Javascript code from autoware_msgs/StateCmd.msg[0m
[25.442s] [ 53%] [34m[1mGenerating Python from MSG autoware_msgs/GeometricRectangle[0m
[25.544s] [ 53%] Built target autoware_msgs_generate_messages_lisp
[25.599s] [ 53%] [34m[1mGenerating Javascript code from autoware_msgs/SteerCmd.msg[0m
[25.780s] [ 53%] [34m[1mGenerating C++ code from autoware_msgs/ProjectionMatrix.msg[0m
[25.964s] [ 53%] [34m[1mGenerating Javascript code from autoware_msgs/State.msg[0m
[26.103s] [ 54%] [34m[1mGenerating C++ code from autoware_msgs/VscanTracked.msg[0m
[26.204s] [ 55%] [34m[1mGenerating Javascript code from autoware_msgs/SyncTimeMonitor.msg[0m
[26.403s] [ 55%] [34m[1mGenerating Javascript code from autoware_msgs/TrafficLightResult.msg[0m
[26.472s] [ 55%] [34m[1mGenerating Python from MSG autoware_msgs/ICPStat[0m
[26.727s] [ 55%] [34m[1mGenerating Javascript code from autoware_msgs/SyncTimeDiff.msg[0m
[26.882s] [ 55%] [34m[1mGenerating Javascript code from autoware_msgs/RemoteCmd.msg[0m
[26.940s] [ 55%] [34m[1mGenerating C++ code from autoware_msgs/Waypoint.msg[0m
[27.003s] [ 56%] [34m[1mGenerating Javascript code from autoware_msgs/RecognizeLightState.srv[0m
[27.069s] [ 56%] [34m[1mGenerating Python from MSG autoware_msgs/ImageObj[0m
[27.274s] [ 56%] Built target autoware_msgs_generate_messages_nodejs
[27.429s] [ 56%] [34m[1mGenerating C++ code from autoware_msgs/VehicleCmd.msg[0m
[27.890s] [ 57%] [34m[1mGenerating C++ code from autoware_msgs/WaypointState.msg[0m
[27.993s] [ 57%] [34m[1mGenerating Python from MSG autoware_msgs/ImageRect[0m
[28.467s] [ 58%] [34m[1mGenerating C++ code from autoware_msgs/VehicleLocation.msg[0m
[28.819s] [ 59%] [34m[1mGenerating Python from MSG autoware_msgs/ImageRectRanged[0m
[29.086s] [ 59%] [34m[1mGenerating C++ code from autoware_msgs/VehicleStatus.msg[0m
[29.340s] [ 59%] [34m[1mGenerating Python from MSG autoware_msgs/Lane[0m
[29.457s] [ 59%] [34m[1mGenerating C++ code from autoware_msgs/TrafficLightResult.msg[0m
[30.080s] [ 59%] [34m[1mGenerating C++ code from autoware_msgs/VscanTrackedArray.msg[0m
[30.080s] [ 60%] [34m[1mGenerating Python from MSG autoware_msgs/ObjLabel[0m
[30.580s] [ 61%] [34m[1mGenerating C++ code from autoware_msgs/TrafficLightResultArray.msg[0m
[30.704s] [ 61%] [34m[1mGenerating Python from MSG autoware_msgs/ObjPose[0m
[30.885s] [ 61%] [34m[1mGenerating C++ code from autoware_msgs/Gear.msg[0m
[31.419s] [ 62%] [34m[1mGenerating Python from MSG autoware_msgs/ProjectionMatrix[0m
[31.442s] [ 62%] [34m[1mGenerating C++ code from autoware_msgs/AccelCmd.msg[0m
[32.118s] [ 63%] [34m[1mGenerating C++ code from autoware_msgs/AdjustXY.msg[0m
[32.173s] [ 63%] [34m[1mGenerating Python from MSG autoware_msgs/VscanTracked[0m
[32.680s] [ 63%] [34m[1mGenerating C++ code from autoware_msgs/BrakeCmd.msg[0m
[32.780s] [ 63%] [34m[1mGenerating Python from MSG autoware_msgs/VscanTrackedArray[0m
[33.339s] [ 63%] [34m[1mGenerating C++ code from autoware_msgs/IndicatorCmd.msg[0m
[33.557s] [ 64%] [34m[1mGenerating Python from MSG autoware_msgs/Waypoint[0m
[33.674s] [ 65%] [34m[1mGenerating C++ code from autoware_msgs/LampCmd.msg[0m
[34.232s] [ 65%] [34m[1mGenerating C++ code from autoware_msgs/ObjPose.msg[0m
[34.276s] [ 65%] [34m[1mGenerating Python from MSG autoware_msgs/VehicleCmd[0m
[34.817s] [ 65%] [34m[1mGenerating C++ code from autoware_msgs/SteerCmd.msg[0m
[34.825s] [ 67%] [34m[1mGenerating Python from MSG autoware_msgs/VehicleLocation[0m
[35.379s] [ 68%] [34m[1mGenerating C++ code from autoware_msgs/TrafficLight.msg[0m
[35.507s] [ 68%] [34m[1mGenerating Python from MSG autoware_msgs/VehicleStatus[0m
[35.717s] [ 68%] [34m[1mGenerating C++ code from autoware_msgs/StateCmd.msg[0m
[36.231s] [ 69%] [34m[1mGenerating C++ code from autoware_msgs/PointsImage.msg[0m
[36.288s] [ 70%] [34m[1mGenerating Python from MSG autoware_msgs/TrafficLightResultArray[0m
[36.613s] [ 71%] [34m[1mGenerating C++ code from autoware_msgs/DetectedObject.msg[0m
[36.807s] [ 72%] [34m[1mGenerating Python from MSG autoware_msgs/AccelCmd[0m
[37.160s] [ 72%] [34m[1mGenerating C++ code from autoware_msgs/State.msg[0m
[37.549s] [ 72%] [34m[1mGenerating Python from MSG autoware_msgs/AdjustXY[0m
[37.620s] [ 73%] [34m[1mGenerating C++ code from autoware_msgs/SyncTimeMonitor.msg[0m
[38.025s] [ 73%] [34m[1mGenerating C++ code from autoware_msgs/SyncTimeDiff.msg[0m
[38.195s] [ 73%] [34m[1mGenerating Python from MSG autoware_msgs/BrakeCmd[0m
[38.542s] [ 73%] [34m[1mGenerating C++ code from autoware_msgs/RemoteCmd.msg[0m
[38.806s] [ 73%] [34m[1mGenerating C++ code from autoware_msgs/ControlCommand.msg[0m
[38.883s] [ 73%] [34m[1mGenerating Python from MSG autoware_msgs/LampCmd[0m
[39.293s] [ 74%] [34m[1mGenerating C++ code from autoware_msgs/RecognizeLightState.srv[0m
[39.472s] [ 74%] [34m[1mGenerating Python from MSG autoware_msgs/SteerCmd[0m
[39.996s] [ 74%] Built target autoware_msgs_generate_messages_cpp
[40.215s] [ 74%] [34m[1mGenerating Python from MSG autoware_msgs/StateCmd[0m
[40.800s] [ 74%] [34m[1mGenerating Python from MSG autoware_msgs/State[0m
[41.453s] [ 75%] [34m[1mGenerating Python from MSG autoware_msgs/SyncTimeMonitor[0m
[42.039s] [ 75%] [34m[1mGenerating Python from MSG autoware_msgs/SyncTimeDiff[0m
[42.570s] [ 76%] [34m[1mGenerating Python from MSG autoware_msgs/RemoteCmd[0m
[43.089s] [ 76%] [34m[1mGenerating Python code from SRV autoware_msgs/RecognizeLightState[0m
[43.631s] [ 77%] [34m[1mGenerating Python from MSG autoware_msgs/TrafficLight[0m
[44.023s] [ 78%] [34m[1mGenerating Python from MSG autoware_msgs/IndicatorCmd[0m
[44.526s] [ 78%] [34m[1mGenerating Python from MSG autoware_msgs/Gear[0m
[45.040s] [ 78%] [34m[1mGenerating Python from MSG autoware_msgs/TrafficLightResult[0m
[45.668s] [ 78%] [34m[1mGenerating Python from MSG autoware_msgs/WaypointState[0m
[46.250s] [ 78%] [34m[1mGenerating Python from MSG autoware_msgs/NDTStat[0m
[46.838s] [ 78%] [34m[1mGenerating Python from MSG autoware_msgs/ImageObjTracked[0m
[47.297s] [ 79%] [34m[1mGenerating Python from MSG autoware_msgs/ImageObjRanged[0m
[47.828s] [ 79%] [34m[1mGenerating Python from MSG autoware_msgs/DTLane[0m
[48.363s] [ 79%] [34m[1mGenerating Python msg __init__.py for autoware_msgs[0m
[48.913s] [ 80%] [34m[1mGenerating Python srv __init__.py for autoware_msgs[0m
[49.496s] [ 80%] Built target autoware_msgs_generate_messages_py
[49.540s] [35m[1mScanning dependencies of target autoware_msgs_generate_messages_eus[0m
[49.578s] [ 80%] [34m[1mGenerating EusLisp code from autoware_msgs/ControlCommandStamped.msg[0m
[49.775s] [ 80%] [34m[1mGenerating EusLisp code from autoware_msgs/PointsImage.msg[0m
[50.002s] [ 80%] [34m[1mGenerating EusLisp code from autoware_msgs/ScanImage.msg[0m
[50.231s] [ 81%] [34m[1mGenerating EusLisp code from autoware_msgs/Signals.msg[0m
[50.417s] [ 81%] [34m[1mGenerating EusLisp code from autoware_msgs/TunedResult.msg[0m
[50.800s] [ 82%] [34m[1mGenerating EusLisp code from autoware_msgs/ValueSet.msg[0m
[51.048s] [ 82%] [34m[1mGenerating EusLisp code from autoware_msgs/Centroids.msg[0m
[51.328s] [ 82%] [34m[1mGenerating EusLisp code from autoware_msgs/DTLane.msg[0m
[51.541s] [ 83%] [34m[1mGenerating EusLisp code from autoware_msgs/GeometricRectangle.msg[0m
[51.817s] [ 83%] [34m[1mGenerating EusLisp code from autoware_msgs/ICPStat.msg[0m
[52.048s] [ 83%] [34m[1mGenerating EusLisp code from autoware_msgs/ImageObj.msg[0m
[52.269s] [ 84%] [34m[1mGenerating EusLisp code from autoware_msgs/ImageObjRanged.msg[0m
[52.499s] [ 84%] [34m[1mGenerating EusLisp code from autoware_msgs/ImageObjTracked.msg[0m
[52.784s] [ 84%] [34m[1mGenerating EusLisp code from autoware_msgs/ImageRect.msg[0m
[52.956s] [ 85%] [34m[1mGenerating EusLisp code from autoware_msgs/ImageRectRanged.msg[0m
[53.194s] [ 85%] [34m[1mGenerating EusLisp code from autoware_msgs/Lane.msg[0m
[53.366s] [ 85%] [34m[1mGenerating EusLisp code from autoware_msgs/NDTStat.msg[0m
[53.508s] [ 86%] [34m[1mGenerating EusLisp code from autoware_msgs/ObjLabel.msg[0m
[53.664s] [ 86%] [34m[1mGenerating EusLisp code from autoware_msgs/ObjPose.msg[0m
[53.822s] [ 87%] [34m[1mGenerating EusLisp code from autoware_msgs/ProjectionMatrix.msg[0m
[53.965s] [ 87%] [34m[1mGenerating EusLisp code from autoware_msgs/VscanTracked.msg[0m
[54.095s] [ 87%] [34m[1mGenerating EusLisp code from autoware_msgs/VscanTrackedArray.msg[0m
[54.208s] [ 88%] [34m[1mGenerating EusLisp code from autoware_msgs/Waypoint.msg[0m
[54.340s] [ 88%] [34m[1mGenerating EusLisp code from autoware_msgs/WaypointState.msg[0m
[54.466s] [ 88%] [34m[1mGenerating EusLisp code from autoware_msgs/VehicleCmd.msg[0m
[54.586s] [ 89%] [34m[1mGenerating EusLisp code from autoware_msgs/VehicleLocation.msg[0m
[54.709s] [ 89%] [34m[1mGenerating EusLisp code from autoware_msgs/VehicleStatus.msg[0m
[54.829s] [ 89%] [34m[1mGenerating EusLisp code from autoware_msgs/TrafficLightResult.msg[0m
[54.943s] [ 90%] [34m[1mGenerating EusLisp code from autoware_msgs/TrafficLightResultArray.msg[0m
[55.065s] [ 90%] [34m[1mGenerating EusLisp code from autoware_msgs/Gear.msg[0m
[55.177s] [ 91%] [34m[1mGenerating EusLisp code from autoware_msgs/AccelCmd.msg[0m
[55.295s] [ 91%] [34m[1mGenerating EusLisp code from autoware_msgs/AdjustXY.msg[0m
[55.415s] [ 91%] [34m[1mGenerating EusLisp code from autoware_msgs/BrakeCmd.msg[0m
[55.560s] [ 92%] [34m[1mGenerating EusLisp code from autoware_msgs/IndicatorCmd.msg[0m
[55.678s] [ 92%] [34m[1mGenerating EusLisp code from autoware_msgs/LampCmd.msg[0m
[55.808s] [ 92%] [34m[1mGenerating EusLisp code from autoware_msgs/SteerCmd.msg[0m
[55.939s] [ 93%] [34m[1mGenerating EusLisp code from autoware_msgs/TrafficLight.msg[0m
[56.062s] [ 93%] [34m[1mGenerating EusLisp code from autoware_msgs/StateCmd.msg[0m
[56.169s] [ 93%] [34m[1mGenerating EusLisp code from autoware_msgs/State.msg[0m
[56.276s] [ 94%] [34m[1mGenerating EusLisp code from autoware_msgs/SyncTimeMonitor.msg[0m
[56.381s] [ 94%] [34m[1mGenerating EusLisp code from autoware_msgs/SyncTimeDiff.msg[0m
[56.485s] [ 95%] [34m[1mGenerating EusLisp code from autoware_msgs/RemoteCmd.msg[0m
[56.614s] [ 95%] [34m[1mGenerating EusLisp code from autoware_msgs/RecognizeLightState.srv[0m
[56.720s] [ 95%] [34m[1mGenerating EusLisp manifest code for autoware_msgs[0m
[57.405s] [ 96%] [34m[1mGenerating EusLisp code from autoware_msgs/LaneArray.msg[0m
[57.531s] [ 96%] [34m[1mGenerating EusLisp code from autoware_msgs/ImageObjects.msg[0m
[57.640s] [ 96%] [34m[1mGenerating EusLisp code from autoware_msgs/ImageLaneObjects.msg[0m
[57.741s] [ 97%] [34m[1mGenerating EusLisp code from autoware_msgs/ExtractedPosition.msg[0m
[57.863s] [ 97%] [34m[1mGenerating EusLisp code from autoware_msgs/DetectedObjectArray.msg[0m
[57.972s] [ 97%] [34m[1mGenerating EusLisp code from autoware_msgs/DetectedObject.msg[0m
[58.102s] [ 98%] [34m[1mGenerating EusLisp code from autoware_msgs/ControlCommand.msg[0m
[58.205s] [ 98%] [34m[1mGenerating EusLisp code from autoware_msgs/ColorSet.msg[0m
[58.323s] [100%] [34m[1mGenerating EusLisp code from autoware_msgs/CloudClusterArray.msg[0m
[58.437s] [100%] [34m[1mGenerating EusLisp code from autoware_msgs/CloudCluster.msg[0m
[58.603s] [100%] Built target autoware_msgs_generate_messages_eus
[58.617s] [35m[1mScanning dependencies of target autoware_msgs_generate_messages[0m
[58.629s] [100%] Built target autoware_msgs_generate_messages
