[0.070s] Invoking command in '/workspaces/carma_ws/src/build/ros_observer': /usr/bin/cmake /workspaces/carma_ws/src/autoware.ai/common/ros_observer -DCATKIN_INSTALL_INTO_PREFIX_ROOT=0 -DCMAKE_INSTALL_PREFIX=/workspaces/carma_ws/src/install/ros_observer
[0.190s] -- The C compiler identification is GNU 9.3.0
[0.311s] -- The CXX compiler identification is GNU 9.3.0
[0.324s] -- Check for working C compiler: /usr/bin/cc
[0.468s] -- Check for working C compiler: /usr/bin/cc -- works
[0.470s] -- Detecting C compiler ABI info
[0.616s] -- Detecting C compiler ABI info - done
[0.673s] -- Detecting C compile features
[0.674s] -- Detecting C compile features - done
[0.681s] -- Check for working CXX compiler: /usr/bin/c++
[0.814s] -- Check for working CXX compiler: /usr/bin/c++ -- works
[0.818s] -- Detecting CXX compiler ABI info
[0.960s] -- Detecting CXX compiler ABI info - done
[1.004s] -- Detecting CXX compile features
[1.006s] -- Detecting CXX compile features - done
[1.014s] -- Using CATKIN_DEVEL_PREFIX: /workspaces/carma_ws/src/build/ros_observer/devel
[1.015s] -- Using CMAKE_PREFIX_PATH: /opt/ros/noetic
[1.015s] -- This workspace overlays: /opt/ros/noetic
[1.056s] -- Found PythonInterp: /usr/bin/python3 (found suitable version "3.8.10", minimum required is "3") 
[1.057s] -- Using PYTHON_EXECUTABLE: /usr/bin/python3
[1.057s] -- Using Debian Python package layout
[1.121s] -- Found PY_em: /usr/lib/python3/dist-packages/em.py  
[1.121s] -- Using empy: /usr/lib/python3/dist-packages/em.py
[1.431s] -- Using CATKIN_ENABLE_TESTING: ON
[1.431s] -- Call enable_testing()
[1.434s] -- Using CATKIN_TEST_RESULTS_DIR: /workspaces/carma_ws/src/build/ros_observer/test_results
[2.131s] -- Forcing gtest/gmock from source, though one was otherwise available.
[2.132s] -- Found gtest sources under '/usr/src/googletest': gtests will be built
[2.132s] -- Found gmock sources under '/usr/src/googletest': gmock will be built
[2.191s] -- Found PythonInterp: /usr/bin/python3 (found version "3.8.10") 
[2.197s] -- Found Threads: TRUE  
[2.208s] -- Using Python nosetests: /usr/bin/nosetests3
[2.305s] -- catkin 0.8.10
[2.306s] -- BUILD_SHARED_LIBS is on
[2.985s] -- Found Boost: /usr/lib/x86_64-linux-gnu/cmake/Boost-1.71.0/BoostConfig.cmake (found version "1.71.0") found components: thread 
[3.315s] -- Configuring done
[3.397s] -- Generating done
[3.412s] -- Build files have been written to: /workspaces/carma_ws/src/build/ros_observer
[3.438s] Invoked command in '/workspaces/carma_ws/src/build/ros_observer' returned '0': /usr/bin/cmake /workspaces/carma_ws/src/autoware.ai/common/ros_observer -DCATKIN_INSTALL_INTO_PREFIX_ROOT=0 -DCMAKE_INSTALL_PREFIX=/workspaces/carma_ws/src/install/ros_observer
[3.439s] Invoking command in '/workspaces/carma_ws/src/build/ros_observer': /usr/bin/cmake --build /workspaces/carma_ws/src/build/ros_observer -- -j12 -l12
[3.509s] [35m[1mScanning dependencies of target std_msgs_generate_messages_nodejs[0m
[3.509s] [35m[1mScanning dependencies of target std_msgs_generate_messages_py[0m
[3.526s] [35m[1mScanning dependencies of target rosgraph_msgs_generate_messages_lisp[0m
[3.538s] [35m[1mScanning dependencies of target std_msgs_generate_messages_lisp[0m
[3.559s] [  0%] Built target std_msgs_generate_messages_nodejs
[3.564s] [  0%] Built target std_msgs_generate_messages_py
[3.567s] [  0%] Built target rosgraph_msgs_generate_messages_lisp
[3.581s] [  0%] Built target std_msgs_generate_messages_lisp
[3.589s] [35m[1mScanning dependencies of target roscpp_generate_messages_eus[0m
[3.598s] [35m[1mScanning dependencies of target roscpp_generate_messages_cpp[0m
[3.616s] [35m[1mScanning dependencies of target roscpp_generate_messages_py[0m
[3.627s] [  0%] Built target roscpp_generate_messages_eus
[3.631s] [35m[1mScanning dependencies of target rosgraph_msgs_generate_messages_eus[0m
[3.636s] [35m[1mScanning dependencies of target rosgraph_msgs_generate_messages_py[0m
[3.677s] [  0%] Built target roscpp_generate_messages_py
[3.677s] [35m[1mScanning dependencies of target std_msgs_generate_messages_eus[0m
[3.678s] [35m[1mScanning dependencies of target roscpp_generate_messages_nodejs[0m
[3.679s] [  0%] Built target roscpp_generate_messages_cpp
[3.679s] [  0%] Built target rosgraph_msgs_generate_messages_py
[3.680s] [35m[1mScanning dependencies of target rosgraph_msgs_generate_messages_nodejs[0m
[3.681s] [35m[1mScanning dependencies of target rosgraph_msgs_generate_messages_cpp[0m
[3.691s] [35m[1mScanning dependencies of target roscpp_generate_messages_lisp[0m
[3.693s] [  0%] Built target rosgraph_msgs_generate_messages_eus
[3.733s] [35m[1mScanning dependencies of target std_msgs_generate_messages_cpp[0m
[3.787s] [  0%] Built target roscpp_generate_messages_nodejs
[3.811s] [  0%] Built target rosgraph_msgs_generate_messages_cpp
[3.829s] [  0%] Built target rosgraph_msgs_generate_messages_nodejs
[3.838s] [  0%] Built target std_msgs_generate_messages_eus
[3.856s] [  0%] Built target std_msgs_generate_messages_cpp
[3.859s] [  0%] Built target roscpp_generate_messages_lisp
[3.893s] [35m[1mScanning dependencies of target ros_observer[0m
[3.941s] [ 25%] [32mBuilding CXX object CMakeFiles/ros_observer.dir/src/ros_observer.cpp.o[0m
[3.945s] [35m[1mScanning dependencies of target lib_ros_observer[0m
[4.098s] [ 50%] [32mBuilding CXX object CMakeFiles/lib_ros_observer.dir/lib/lib_ros_observer.cpp.o[0m
[21.588s] [ 75%] [32m[1mLinking CXX shared library devel/lib/liblib_ros_observer.so[0m
[22.247s] [ 75%] Built target lib_ros_observer
[26.103s] [100%] [32m[1mLinking CXX executable devel/lib/ros_observer/ros_observer[0m
[26.623s] [100%] Built target ros_observer
[26.671s] Invoked command in '/workspaces/carma_ws/src/build/ros_observer' returned '0': /usr/bin/cmake --build /workspaces/carma_ws/src/build/ros_observer -- -j12 -l12
[27.438s] Invoking command in '/workspaces/carma_ws/src/build/ros_observer': /usr/bin/cmake --build /workspaces/carma_ws/src/build/ros_observer --target tests -- -j12 -l12
[28.682s] [35m[1mScanning dependencies of target gtest[0m
[28.682s] [ 16%] [32mBuilding CXX object gtest/googletest/CMakeFiles/gtest.dir/src/gtest-all.cc.o[0m
[38.820s] [ 33%] [32m[1mLinking CXX shared library ../lib/libgtest.so[0m
[39.530s] [ 33%] Built target gtest
[39.585s] [ 33%] Built target roscpp_generate_messages_nodejs
[39.674s] [ 33%] Built target std_msgs_generate_messages_eus
[39.773s] [ 33%] Built target roscpp_generate_messages_lisp
[39.844s] [ 33%] Built target rosgraph_msgs_generate_messages_nodejs
[39.945s] [ 33%] Built target std_msgs_generate_messages_cpp
[40.070s] [ 33%] Built target rosgraph_msgs_generate_messages_cpp
[40.106s] [ 33%] Built target rosgraph_msgs_generate_messages_eus
[40.183s] [ 33%] Built target rosgraph_msgs_generate_messages_py
[40.270s] [ 33%] Built target roscpp_generate_messages_py
[40.299s] [ 33%] Built target roscpp_generate_messages_cpp
[40.412s] [ 33%] Built target roscpp_generate_messages_eus
[40.502s] [ 33%] Built target std_msgs_generate_messages_lisp
[40.672s] [ 33%] Built target rosgraph_msgs_generate_messages_lisp
[40.778s] [ 33%] Built target std_msgs_generate_messages_py
[40.864s] [ 33%] Built target std_msgs_generate_messages_nodejs
[41.054s] [ 66%] Built target lib_ros_observer
[41.094s] [35m[1mScanning dependencies of target test_ros_observer[0m
[41.271s] [ 83%] [32mBuilding CXX object CMakeFiles/test_ros_observer.dir/test/src/test_ros_observer.cpp.o[0m
[52.790s] [100%] [32m[1mLinking CXX executable devel/lib/ros_observer/test_ros_observer[0m
[53.264s] [100%] Built target test_ros_observer
[53.290s] [35m[1mScanning dependencies of target tests[0m
[53.319s] [100%] Built target tests
