[0.073s] Invoking command in '/workspaces/carma_ws/src/build/lanelet2_core': CMAKE_PREFIX_PATH=/workspaces/carma_ws/src/install/mrt_cmake_modules:${CMAKE_PREFIX_PATH} PKG_CONFIG_PATH=/workspaces/carma_ws/src/install/mrt_cmake_modules/lib/x86_64-linux-gnu/pkgconfig:/workspaces/carma_ws/src/install/mrt_cmake_modules/lib/pkgconfig:${PKG_CONFIG_PATH} PYTHONPATH=/workspaces/carma_ws/src/install/mrt_cmake_modules/lib/python3/dist-packages:${PYTHONPATH} ROS_PACKAGE_PATH=/workspaces/carma_ws/src/install/mrt_cmake_modules/share:${ROS_PACKAGE_PATH} /usr/bin/cmake /workspaces/carma_ws/src/autoware.ai/lanelet2/lanelet2_core -DCATKIN_INSTALL_INTO_PREFIX_ROOT=0 -DCMAKE_INSTALL_PREFIX=/workspaces/carma_ws/src/install/lanelet2_core
[0.360s] -- The C compiler identification is GNU 9.3.0
[0.524s] -- The CXX compiler identification is GNU 9.3.0
[0.530s] -- Check for working C compiler: /usr/bin/cc
[0.804s] -- Check for working C compiler: /usr/bin/cc -- works
[0.807s] -- Detecting C compiler ABI info
[1.047s] -- Detecting C compiler ABI info - done
[1.124s] -- Detecting C compile features
[1.128s] -- Detecting C compile features - done
[1.143s] -- Check for working CXX compiler: /usr/bin/c++
[1.366s] -- Check for working CXX compiler: /usr/bin/c++ -- works
[1.366s] -- Detecting CXX compiler ABI info
[1.741s] -- Detecting CXX compiler ABI info - done
[1.795s] -- Detecting CXX compile features
[1.795s] -- Detecting CXX compile features - done
[1.821s] -- MRT_ARCH not set and X86 target detected (x86_64)
[1.821s] -- Setting -march to sandybridge
[2.705s] -- Found OpenMP_C: -fopenmp (found version "4.5") 
[2.949s] -- Found OpenMP_CXX: -fopenmp (found version "4.5") 
[2.950s] -- Found OpenMP: TRUE (found version "4.5")  
[2.986s] -- Performing Test FLAG_AVAILABLE
[3.232s] -- Performing Test FLAG_AVAILABLE - Success
[3.233s] -- Using CATKIN_DEVEL_PREFIX: /workspaces/carma_ws/src/build/lanelet2_core/devel
[3.233s] -- Using CMAKE_PREFIX_PATH: /workspaces/carma_ws/src/install/mrt_cmake_modules;/opt/ros/noetic
[3.233s] -- This workspace overlays: /workspaces/carma_ws/src/install/mrt_cmake_modules;/opt/ros/noetic
[3.256s] -- Found PythonInterp: /usr/bin/python3 (found suitable version "3.8.10", minimum required is "3") 
[3.257s] -- Using PYTHON_EXECUTABLE: /usr/bin/python3
[3.257s] -- Using Debian Python package layout
[3.382s] -- Found PY_em: /usr/lib/python3/dist-packages/em.py  
[3.390s] -- Using empy: /usr/lib/python3/dist-packages/em.py
[3.654s] -- Using CATKIN_ENABLE_TESTING: ON
[3.654s] -- Call enable_testing()
[3.663s] -- Using CATKIN_TEST_RESULTS_DIR: /workspaces/carma_ws/src/build/lanelet2_core/test_results
[4.353s] -- Forcing gtest/gmock from source, though one was otherwise available.
[4.353s] -- Found gtest sources under '/usr/src/googletest': gtests will be built
[4.353s] -- Found gmock sources under '/usr/src/googletest': gmock will be built
[4.470s] -- Found PythonInterp: /usr/bin/python3 (found version "3.8.10") 
[4.473s] -- Found Threads: TRUE  
[4.481s] -- Using Python nosetests: /usr/bin/nosetests3
[4.792s] -- catkin 0.8.10
[4.792s] -- BUILD_SHARED_LIBS is on
[5.348s] CMake Error at /workspaces/carma_ws/src/install/mrt_cmake_modules/share/mrt_cmake_modules/cmake/Modules/GatherDeps.cmake:22 (message):
[5.348s]   Gather depenencies faild:
[5.348s]   /workspaces/carma_ws/src/build/lanelet2_core/catkin_generated/env_cached.sh:
[5.349s]   16: exec: python: not found
[5.349s] 
[5.349s] Call Stack (most recent call first):
[5.349s]   CMakeLists.txt:16 (include)
[5.349s] 
[5.349s] 
[5.351s] -- Configuring incomplete, errors occurred!
[5.354s] See also "/workspaces/carma_ws/src/build/lanelet2_core/CMakeFiles/CMakeOutput.log".
[5.402s] Invoked command in '/workspaces/carma_ws/src/build/lanelet2_core' returned '1': CMAKE_PREFIX_PATH=/workspaces/carma_ws/src/install/mrt_cmake_modules:${CMAKE_PREFIX_PATH} PKG_CONFIG_PATH=/workspaces/carma_ws/src/install/mrt_cmake_modules/lib/x86_64-linux-gnu/pkgconfig:/workspaces/carma_ws/src/install/mrt_cmake_modules/lib/pkgconfig:${PKG_CONFIG_PATH} PYTHONPATH=/workspaces/carma_ws/src/install/mrt_cmake_modules/lib/python3/dist-packages:${PYTHONPATH} ROS_PACKAGE_PATH=/workspaces/carma_ws/src/install/mrt_cmake_modules/share:${ROS_PACKAGE_PATH} /usr/bin/cmake /workspaces/carma_ws/src/autoware.ai/lanelet2/lanelet2_core -DCATKIN_INSTALL_INTO_PREFIX_ROOT=0 -DCMAKE_INSTALL_PREFIX=/workspaces/carma_ws/src/install/lanelet2_core
