-- The C compiler identification is GNU 9.3.0
-- The CXX compiler identification is GNU 9.3.0
-- Check for working C compiler: /usr/bin/cc
-- Check for working C compiler: /usr/bin/cc -- works
-- Detecting C compiler ABI info
-- Detecting C compiler ABI info - done
-- Detecting C compile features
-- Detecting C compile features - done
-- Check for working CXX compiler: /usr/bin/c++
-- Check for working CXX compiler: /usr/bin/c++ -- works
-- Detecting CXX compiler ABI info
-- Detecting CXX compiler ABI info - done
-- Detecting CXX compile features
-- Detecting CXX compile features - done
-- Using CATKIN_DEVEL_PREFIX: /workspaces/carma_ws/src/build/autoware_config_msgs/devel
-- Using CMAKE_PREFIX_PATH: /opt/ros/noetic
-- This workspace overlays: /opt/ros/noetic
-- Found PythonInterp: /usr/bin/python3 (found suitable version "3.8.10", minimum required is "3") 
-- Using PYTHON_EXECUTABLE: /usr/bin/python3
-- Using Debian Python package layout
-- Found PY_em: /usr/lib/python3/dist-packages/em.py  
-- Using empy: /usr/lib/python3/dist-packages/em.py
-- Using CATKIN_ENABLE_TESTING: ON
-- Call enable_testing()
-- Using CATKIN_TEST_RESULTS_DIR: /workspaces/carma_ws/src/build/autoware_config_msgs/test_results
-- Forcing gtest/gmock from source, though one was otherwise available.
-- Found gtest sources under '/usr/src/googletest': gtests will be built
-- Found gmock sources under '/usr/src/googletest': gmock will be built
-- Found PythonInterp: /usr/bin/python3 (found version "3.8.10") 
-- Found Threads: TRUE  
-- Using Python nosetests: /usr/bin/nosetests3
-- catkin 0.8.10
-- BUILD_SHARED_LIBS is on
-- Using these message generators: gencpp;geneus;genlisp;gennodejs;genpy
-- autoware_config_msgs: 31 messages, 0 services
-- Configuring done
-- Generating done
-- Build files have been written to: /workspaces/carma_ws/src/build/autoware_config_msgs
[35m[1mScanning dependencies of target _autoware_config_msgs_generate_messages_check_deps_ConfigLatticeVelocitySet[0m
[35m[1mScanning dependencies of target _autoware_config_msgs_generate_messages_check_deps_ConfigNDTMappingOutput[0m
[35m[1mScanning dependencies of target _autoware_config_msgs_generate_messages_check_deps_ConfigRingGroundFilter[0m
[35m[1mScanning dependencies of target std_msgs_generate_messages_eus[0m
[35m[1mScanning dependencies of target _autoware_config_msgs_generate_messages_check_deps_ConfigPedestrianFusion[0m
[  0%] Built target std_msgs_generate_messages_eus
[35m[1mScanning dependencies of target _autoware_config_msgs_generate_messages_check_deps_ConfigNDT[0m
[35m[1mScanning dependencies of target _autoware_config_msgs_generate_messages_check_deps_ConfigLaneRule[0m
[35m[1mScanning dependencies of target _autoware_config_msgs_generate_messages_check_deps_ConfigRcnn[0m
[35m[1mScanning dependencies of target _autoware_config_msgs_generate_messages_check_deps_ConfigRingFilter[0m
[35m[1mScanning dependencies of target _autoware_config_msgs_generate_messages_check_deps_ConfigVelocitySet[0m
[  0%] Built target _autoware_config_msgs_generate_messages_check_deps_ConfigLatticeVelocitySet
[35m[1mScanning dependencies of target _autoware_config_msgs_generate_messages_check_deps_ConfigPedestrianKF[0m
[  0%] Built target _autoware_config_msgs_generate_messages_check_deps_ConfigRingGroundFilter
[  0%] Built target _autoware_config_msgs_generate_messages_check_deps_ConfigNDTMappingOutput
[  0%] Built target _autoware_config_msgs_generate_messages_check_deps_ConfigPedestrianFusion
[  0%] Built target _autoware_config_msgs_generate_messages_check_deps_ConfigRcnn
[  0%] Built target _autoware_config_msgs_generate_messages_check_deps_ConfigNDT
[35m[1mScanning dependencies of target _autoware_config_msgs_generate_messages_check_deps_ConfigPlannerSelector[0m
[35m[1mScanning dependencies of target _autoware_config_msgs_generate_messages_check_deps_ConfigPedestrianDPM[0m
[35m[1mScanning dependencies of target _autoware_config_msgs_generate_messages_check_deps_ConfigICP[0m
[  0%] Built target _autoware_config_msgs_generate_messages_check_deps_ConfigLaneRule
[35m[1mScanning dependencies of target _autoware_config_msgs_generate_messages_check_deps_ConfigLaneSelect[0m
[  0%] Built target _autoware_config_msgs_generate_messages_check_deps_ConfigRingFilter
[  0%] Built target _autoware_config_msgs_generate_messages_check_deps_ConfigVelocitySet
[  0%] Built target _autoware_config_msgs_generate_messages_check_deps_ConfigPedestrianKF
[35m[1mScanning dependencies of target _autoware_config_msgs_generate_messages_check_deps_ConfigDecisionMaker[0m
[35m[1mScanning dependencies of target _autoware_config_msgs_generate_messages_check_deps_ConfigApproximateNDTMapping[0m
[35m[1mScanning dependencies of target _autoware_config_msgs_generate_messages_check_deps_ConfigCompareMapFilter[0m
[35m[1mScanning dependencies of target _autoware_config_msgs_generate_messages_check_deps_ConfigCarFusion[0m
[35m[1mScanning dependencies of target _autoware_config_msgs_generate_messages_check_deps_ConfigWaypointFollower[0m
[  0%] Built target _autoware_config_msgs_generate_messages_check_deps_ConfigICP
[35m[1mScanning dependencies of target _autoware_config_msgs_generate_messages_check_deps_ConfigNDTMapping[0m
[35m[1mScanning dependencies of target _autoware_config_msgs_generate_messages_check_deps_ConfigCarKF[0m
[35m[1mScanning dependencies of target _autoware_config_msgs_generate_messages_check_deps_ConfigCarDPM[0m
[  0%] Built target _autoware_config_msgs_generate_messages_check_deps_ConfigPedestrianDPM
[  0%] Built target _autoware_config_msgs_generate_messages_check_deps_ConfigPlannerSelector
[  0%] Built target _autoware_config_msgs_generate_messages_check_deps_ConfigApproximateNDTMapping
[  0%] Built target _autoware_config_msgs_generate_messages_check_deps_ConfigDecisionMaker
[  0%] Built target _autoware_config_msgs_generate_messages_check_deps_ConfigLaneSelect
[35m[1mScanning dependencies of target _autoware_config_msgs_generate_messages_check_deps_ConfigRandomFilter[0m
[35m[1mScanning dependencies of target _autoware_config_msgs_generate_messages_check_deps_ConfigDistanceFilter[0m
[35m[1mScanning dependencies of target _autoware_config_msgs_generate_messages_check_deps_ConfigLaneStop[0m
[35m[1mScanning dependencies of target _autoware_config_msgs_generate_messages_check_deps_ConfigPoints2Polygon[0m
[  0%] Built target _autoware_config_msgs_generate_messages_check_deps_ConfigCarFusion
[35m[1mScanning dependencies of target _autoware_config_msgs_generate_messages_check_deps_ConfigSSD[0m
[35m[1mScanning dependencies of target _autoware_config_msgs_generate_messages_check_deps_ConfigRayGroundFilter[0m
[35m[1mScanning dependencies of target _autoware_config_msgs_generate_messages_check_deps_ConfigTwistFilter[0m
[  0%] Built target _autoware_config_msgs_generate_messages_check_deps_ConfigCompareMapFilter
[  0%] Built target _autoware_config_msgs_generate_messages_check_deps_ConfigCarDPM
[35m[1mScanning dependencies of target _autoware_config_msgs_generate_messages_check_deps_ConfigVoxelGridFilter[0m
[35m[1mScanning dependencies of target _autoware_config_msgs_generate_messages_check_deps_ConfigWaypointReplanner[0m
[  0%] Built target _autoware_config_msgs_generate_messages_check_deps_ConfigCarKF
[  0%] Built target _autoware_config_msgs_generate_messages_check_deps_ConfigWaypointFollower
[  0%] Built target _autoware_config_msgs_generate_messages_check_deps_ConfigTwistFilter
[35m[1mScanning dependencies of target std_msgs_generate_messages_nodejs[0m
[  0%] Built target _autoware_config_msgs_generate_messages_check_deps_ConfigNDTMapping
[35m[1mScanning dependencies of target std_msgs_generate_messages_lisp[0m
[  0%] Built target _autoware_config_msgs_generate_messages_check_deps_ConfigRayGroundFilter
[35m[1mScanning dependencies of target std_msgs_generate_messages_py[0m
[  0%] Built target _autoware_config_msgs_generate_messages_check_deps_ConfigLaneStop
[  0%] Built target _autoware_config_msgs_generate_messages_check_deps_ConfigDistanceFilter
[  0%] Built target _autoware_config_msgs_generate_messages_check_deps_ConfigRandomFilter
[  0%] Built target _autoware_config_msgs_generate_messages_check_deps_ConfigPoints2Polygon
[  0%] Built target _autoware_config_msgs_generate_messages_check_deps_ConfigSSD
[  0%] Built target _autoware_config_msgs_generate_messages_check_deps_ConfigVoxelGridFilter
[  0%] Built target _autoware_config_msgs_generate_messages_check_deps_ConfigWaypointReplanner
[35m[1mScanning dependencies of target std_msgs_generate_messages_cpp[0m
[  0%] Built target std_msgs_generate_messages_lisp
[  0%] Built target std_msgs_generate_messages_nodejs
[  0%] Built target std_msgs_generate_messages_py
[35m[1mScanning dependencies of target autoware_config_msgs_generate_messages_eus[0m
[  0%] Built target std_msgs_generate_messages_cpp
[  1%] [34m[1mGenerating EusLisp code from autoware_config_msgs/ConfigCarDPM.msg[0m
[35m[1mScanning dependencies of target autoware_config_msgs_generate_messages_lisp[0m
[  2%] [34m[1mGenerating EusLisp code from autoware_config_msgs/ConfigApproximateNDTMapping.msg[0m
[35m[1mScanning dependencies of target autoware_config_msgs_generate_messages_py[0m
[  2%] [34m[1mGenerating EusLisp code from autoware_config_msgs/ConfigCarFusion.msg[0m
[35m[1mScanning dependencies of target autoware_config_msgs_generate_messages_nodejs[0m
[35m[1mScanning dependencies of target autoware_config_msgs_generate_messages_cpp[0m
[  2%] [34m[1mGenerating Javascript code from autoware_config_msgs/ConfigCarFusion.msg[0m
[  4%] [34m[1mGenerating Lisp code from autoware_config_msgs/ConfigApproximateNDTMapping.msg[0m
[  5%] [34m[1mGenerating Javascript code from autoware_config_msgs/ConfigCarDPM.msg[0m
[  5%] [34m[1mGenerating Javascript code from autoware_config_msgs/ConfigApproximateNDTMapping.msg[0m
[  5%] [34m[1mGenerating EusLisp code from autoware_config_msgs/ConfigCarKF.msg[0m
[  7%] [34m[1mGenerating Lisp code from autoware_config_msgs/ConfigCarDPM.msg[0m
[  7%] [34m[1mGenerating Lisp code from autoware_config_msgs/ConfigCarFusion.msg[0m
[  8%] [34m[1mGenerating Python from MSG autoware_config_msgs/ConfigApproximateNDTMapping[0m
[  8%] [34m[1mGenerating C++ code from autoware_config_msgs/ConfigApproximateNDTMapping.msg[0m
[  9%] [34m[1mGenerating C++ code from autoware_config_msgs/ConfigCarDPM.msg[0m
[ 10%] [34m[1mGenerating Javascript code from autoware_config_msgs/ConfigCarKF.msg[0m
[ 10%] [34m[1mGenerating Lisp code from autoware_config_msgs/ConfigCarKF.msg[0m
[ 10%] [34m[1mGenerating C++ code from autoware_config_msgs/ConfigCarFusion.msg[0m
[ 10%] [34m[1mGenerating EusLisp code from autoware_config_msgs/ConfigCompareMapFilter.msg[0m
[ 11%] [34m[1mGenerating EusLisp code from autoware_config_msgs/ConfigDecisionMaker.msg[0m
[ 12%] [34m[1mGenerating Javascript code from autoware_config_msgs/ConfigCompareMapFilter.msg[0m
[ 13%] [34m[1mGenerating Lisp code from autoware_config_msgs/ConfigCompareMapFilter.msg[0m
[ 14%] [34m[1mGenerating EusLisp code from autoware_config_msgs/ConfigDistanceFilter.msg[0m
[ 14%] [34m[1mGenerating EusLisp code from autoware_config_msgs/ConfigICP.msg[0m
[ 14%] [34m[1mGenerating Javascript code from autoware_config_msgs/ConfigDecisionMaker.msg[0m
[ 15%] [34m[1mGenerating EusLisp code from autoware_config_msgs/ConfigLaneRule.msg[0m
[ 15%] [34m[1mGenerating Lisp code from autoware_config_msgs/ConfigDecisionMaker.msg[0m
[ 16%] [34m[1mGenerating Javascript code from autoware_config_msgs/ConfigDistanceFilter.msg[0m
[ 16%] [34m[1mGenerating EusLisp code from autoware_config_msgs/ConfigLaneSelect.msg[0m
[ 17%] [34m[1mGenerating Lisp code from autoware_config_msgs/ConfigDistanceFilter.msg[0m
[ 18%] [34m[1mGenerating Lisp code from autoware_config_msgs/ConfigICP.msg[0m
[ 18%] [34m[1mGenerating Javascript code from autoware_config_msgs/ConfigICP.msg[0m
[ 20%] [34m[1mGenerating C++ code from autoware_config_msgs/ConfigCompareMapFilter.msg[0m
[ 21%] [34m[1mGenerating C++ code from autoware_config_msgs/ConfigCarKF.msg[0m
[ 22%] [34m[1mGenerating EusLisp code from autoware_config_msgs/ConfigLaneStop.msg[0m
[ 22%] [34m[1mGenerating C++ code from autoware_config_msgs/ConfigDecisionMaker.msg[0m
[ 23%] [34m[1mGenerating Javascript code from autoware_config_msgs/ConfigLaneSelect.msg[0m
[ 24%] [34m[1mGenerating Javascript code from autoware_config_msgs/ConfigLaneRule.msg[0m
[ 25%] [34m[1mGenerating EusLisp code from autoware_config_msgs/ConfigLatticeVelocitySet.msg[0m
[ 25%] [34m[1mGenerating Lisp code from autoware_config_msgs/ConfigLaneRule.msg[0m
[ 25%] [34m[1mGenerating Javascript code from autoware_config_msgs/ConfigLaneStop.msg[0m
[ 26%] [34m[1mGenerating Javascript code from autoware_config_msgs/ConfigLatticeVelocitySet.msg[0m
[ 26%] [34m[1mGenerating Python from MSG autoware_config_msgs/ConfigCarDPM[0m
[ 26%] [34m[1mGenerating EusLisp code from autoware_config_msgs/ConfigNDTMapping.msg[0m
[ 26%] [34m[1mGenerating Javascript code from autoware_config_msgs/ConfigNDTMapping.msg[0m
[ 27%] [34m[1mGenerating C++ code from autoware_config_msgs/ConfigDistanceFilter.msg[0m
[ 28%] [34m[1mGenerating EusLisp code from autoware_config_msgs/ConfigNDTMappingOutput.msg[0m
[ 29%] [34m[1mGenerating Javascript code from autoware_config_msgs/ConfigNDTMappingOutput.msg[0m
[ 30%] [34m[1mGenerating Lisp code from autoware_config_msgs/ConfigLaneSelect.msg[0m
[ 31%] [34m[1mGenerating Javascript code from autoware_config_msgs/ConfigNDT.msg[0m
[ 31%] [34m[1mGenerating C++ code from autoware_config_msgs/ConfigICP.msg[0m
[ 31%] [34m[1mGenerating Javascript code from autoware_config_msgs/ConfigPedestrianDPM.msg[0m
[ 31%] [34m[1mGenerating EusLisp code from autoware_config_msgs/ConfigNDT.msg[0m
[ 32%] [34m[1mGenerating C++ code from autoware_config_msgs/ConfigLaneRule.msg[0m
[ 32%] [34m[1mGenerating Javascript code from autoware_config_msgs/ConfigPedestrianKF.msg[0m
[ 33%] [34m[1mGenerating Javascript code from autoware_config_msgs/ConfigPedestrianFusion.msg[0m
[ 34%] [34m[1mGenerating Javascript code from autoware_config_msgs/ConfigPlannerSelector.msg[0m
[ 35%] [34m[1mGenerating EusLisp code from autoware_config_msgs/ConfigPedestrianDPM.msg[0m
[ 36%] [34m[1mGenerating EusLisp code from autoware_config_msgs/ConfigPedestrianFusion.msg[0m
[ 37%] [34m[1mGenerating Javascript code from autoware_config_msgs/ConfigPoints2Polygon.msg[0m
[ 37%] [34m[1mGenerating Lisp code from autoware_config_msgs/ConfigLaneStop.msg[0m
[ 38%] [34m[1mGenerating Lisp code from autoware_config_msgs/ConfigLatticeVelocitySet.msg[0m
[ 40%] [34m[1mGenerating Python from MSG autoware_config_msgs/ConfigCarFusion[0m
[ 41%] [34m[1mGenerating Lisp code from autoware_config_msgs/ConfigNDTMapping.msg[0m
[ 42%] [34m[1mGenerating C++ code from autoware_config_msgs/ConfigLaneSelect.msg[0m
[ 42%] [34m[1mGenerating Javascript code from autoware_config_msgs/ConfigRandomFilter.msg[0m
[ 43%] [34m[1mGenerating Python from MSG autoware_config_msgs/ConfigCarKF[0m
[ 43%] [34m[1mGenerating Lisp code from autoware_config_msgs/ConfigNDTMappingOutput.msg[0m
[ 44%] [34m[1mGenerating Lisp code from autoware_config_msgs/ConfigNDT.msg[0m
[ 45%] [34m[1mGenerating C++ code from autoware_config_msgs/ConfigLatticeVelocitySet.msg[0m
[ 46%] [34m[1mGenerating Javascript code from autoware_config_msgs/ConfigRayGroundFilter.msg[0m
[ 46%] [34m[1mGenerating C++ code from autoware_config_msgs/ConfigLaneStop.msg[0m
[ 46%] [34m[1mGenerating EusLisp code from autoware_config_msgs/ConfigPedestrianKF.msg[0m
[ 46%] [34m[1mGenerating Lisp code from autoware_config_msgs/ConfigPedestrianDPM.msg[0m
[ 47%] [34m[1mGenerating Javascript code from autoware_config_msgs/ConfigRingFilter.msg[0m
[ 48%] [34m[1mGenerating EusLisp code from autoware_config_msgs/ConfigPlannerSelector.msg[0m
[ 49%] [34m[1mGenerating Lisp code from autoware_config_msgs/ConfigPedestrianFusion.msg[0m
[ 49%] [34m[1mGenerating Javascript code from autoware_config_msgs/ConfigRcnn.msg[0m
[ 50%] [34m[1mGenerating Lisp code from autoware_config_msgs/ConfigPedestrianKF.msg[0m
[ 50%] [34m[1mGenerating EusLisp code from autoware_config_msgs/ConfigPoints2Polygon.msg[0m
[ 51%] [34m[1mGenerating C++ code from autoware_config_msgs/ConfigPedestrianFusion.msg[0m
[ 51%] [34m[1mGenerating Python from MSG autoware_config_msgs/ConfigCompareMapFilter[0m
[ 52%] [34m[1mGenerating Javascript code from autoware_config_msgs/ConfigRingGroundFilter.msg[0m
[ 53%] [34m[1mGenerating EusLisp code from autoware_config_msgs/ConfigRandomFilter.msg[0m
[ 54%] [34m[1mGenerating Lisp code from autoware_config_msgs/ConfigPoints2Polygon.msg[0m
[ 54%] [34m[1mGenerating Javascript code from autoware_config_msgs/ConfigSSD.msg[0m
[ 54%] [34m[1mGenerating C++ code from autoware_config_msgs/ConfigPedestrianDPM.msg[0m
[ 54%] [34m[1mGenerating Lisp code from autoware_config_msgs/ConfigPlannerSelector.msg[0m
[ 55%] [34m[1mGenerating Javascript code from autoware_config_msgs/ConfigTwistFilter.msg[0m
[ 56%] [34m[1mGenerating EusLisp code from autoware_config_msgs/ConfigRayGroundFilter.msg[0m
[ 57%] [34m[1mGenerating Python from MSG autoware_config_msgs/ConfigDistanceFilter[0m
[ 57%] [34m[1mGenerating Javascript code from autoware_config_msgs/ConfigVelocitySet.msg[0m
[ 57%] [34m[1mGenerating Lisp code from autoware_config_msgs/ConfigRandomFilter.msg[0m
[ 57%] [34m[1mGenerating EusLisp code from autoware_config_msgs/ConfigRcnn.msg[0m
[ 57%] [34m[1mGenerating C++ code from autoware_config_msgs/ConfigPedestrianKF.msg[0m
[ 58%] [34m[1mGenerating Lisp code from autoware_config_msgs/ConfigRayGroundFilter.msg[0m
[ 60%] [34m[1mGenerating Javascript code from autoware_config_msgs/ConfigVoxelGridFilter.msg[0m
[ 61%] [34m[1mGenerating EusLisp code from autoware_config_msgs/ConfigRingFilter.msg[0m
[ 62%] [34m[1mGenerating Javascript code from autoware_config_msgs/ConfigWaypointFollower.msg[0m
[ 63%] [34m[1mGenerating Lisp code from autoware_config_msgs/ConfigRcnn.msg[0m
[ 63%] [34m[1mGenerating Python from MSG autoware_config_msgs/ConfigICP[0m
[ 64%] [34m[1mGenerating C++ code from autoware_config_msgs/ConfigNDT.msg[0m
[ 64%] [34m[1mGenerating Javascript code from autoware_config_msgs/ConfigWaypointReplanner.msg[0m
[ 65%] [34m[1mGenerating EusLisp code from autoware_config_msgs/ConfigSSD.msg[0m
[ 65%] [34m[1mGenerating Lisp code from autoware_config_msgs/ConfigRingFilter.msg[0m
[ 65%] Built target autoware_config_msgs_generate_messages_nodejs
[ 66%] [34m[1mGenerating Lisp code from autoware_config_msgs/ConfigRingGroundFilter.msg[0m
[ 67%] [34m[1mGenerating EusLisp code from autoware_config_msgs/ConfigTwistFilter.msg[0m
[ 68%] [34m[1mGenerating C++ code from autoware_config_msgs/ConfigPoints2Polygon.msg[0m
[ 69%] [34m[1mGenerating Lisp code from autoware_config_msgs/ConfigTwistFilter.msg[0m
[ 69%] [34m[1mGenerating EusLisp code from autoware_config_msgs/ConfigVelocitySet.msg[0m
[ 70%] [34m[1mGenerating Python from MSG autoware_config_msgs/ConfigLaneRule[0m
[ 70%] [34m[1mGenerating Lisp code from autoware_config_msgs/ConfigVoxelGridFilter.msg[0m
[ 71%] [34m[1mGenerating C++ code from autoware_config_msgs/ConfigPlannerSelector.msg[0m
[ 72%] [34m[1mGenerating Lisp code from autoware_config_msgs/ConfigWaypointFollower.msg[0m
[ 72%] [34m[1mGenerating EusLisp code from autoware_config_msgs/ConfigRingGroundFilter.msg[0m
[ 73%] [34m[1mGenerating Python from MSG autoware_config_msgs/ConfigLaneStop[0m
[ 74%] [34m[1mGenerating EusLisp code from autoware_config_msgs/ConfigVoxelGridFilter.msg[0m
[ 74%] [34m[1mGenerating Lisp code from autoware_config_msgs/ConfigWaypointReplanner.msg[0m
[ 75%] [34m[1mGenerating Lisp code from autoware_config_msgs/ConfigVelocitySet.msg[0m
[ 75%] [34m[1mGenerating C++ code from autoware_config_msgs/ConfigRandomFilter.msg[0m
[ 76%] [34m[1mGenerating EusLisp manifest code for autoware_config_msgs[0m
[ 76%] [34m[1mGenerating Python from MSG autoware_config_msgs/ConfigLaneSelect[0m
[ 76%] [34m[1mGenerating Lisp code from autoware_config_msgs/ConfigSSD.msg[0m
[ 76%] [34m[1mGenerating C++ code from autoware_config_msgs/ConfigRcnn.msg[0m
[ 76%] Built target autoware_config_msgs_generate_messages_lisp
[ 77%] [34m[1mGenerating C++ code from autoware_config_msgs/ConfigRayGroundFilter.msg[0m
[ 77%] [34m[1mGenerating Python from MSG autoware_config_msgs/ConfigNDT[0m
[ 78%] [34m[1mGenerating C++ code from autoware_config_msgs/ConfigRingFilter.msg[0m
[ 80%] [34m[1mGenerating Python from MSG autoware_config_msgs/ConfigPedestrianDPM[0m
[ 81%] [34m[1mGenerating EusLisp code from autoware_config_msgs/ConfigWaypointReplanner.msg[0m
[ 82%] [34m[1mGenerating C++ code from autoware_config_msgs/ConfigRingGroundFilter.msg[0m
[ 82%] [34m[1mGenerating EusLisp code from autoware_config_msgs/ConfigWaypointFollower.msg[0m
[ 82%] Built target autoware_config_msgs_generate_messages_eus
[ 83%] [34m[1mGenerating Python from MSG autoware_config_msgs/ConfigPlannerSelector[0m
[ 84%] [34m[1mGenerating C++ code from autoware_config_msgs/ConfigTwistFilter.msg[0m
[ 84%] [34m[1mGenerating C++ code from autoware_config_msgs/ConfigVelocitySet.msg[0m
[ 84%] [34m[1mGenerating Python from MSG autoware_config_msgs/ConfigPoints2Polygon[0m
[ 85%] [34m[1mGenerating C++ code from autoware_config_msgs/ConfigVoxelGridFilter.msg[0m
[ 86%] [34m[1mGenerating Python from MSG autoware_config_msgs/ConfigRandomFilter[0m
[ 87%] [34m[1mGenerating C++ code from autoware_config_msgs/ConfigWaypointFollower.msg[0m
[ 87%] [34m[1mGenerating C++ code from autoware_config_msgs/ConfigSSD.msg[0m
[ 87%] [34m[1mGenerating Python from MSG autoware_config_msgs/ConfigRcnn[0m
[ 87%] [34m[1mGenerating C++ code from autoware_config_msgs/ConfigWaypointReplanner.msg[0m
[ 88%] [34m[1mGenerating Python from MSG autoware_config_msgs/ConfigRingFilter[0m
[ 89%] [34m[1mGenerating C++ code from autoware_config_msgs/ConfigNDTMappingOutput.msg[0m
[ 89%] [34m[1mGenerating C++ code from autoware_config_msgs/ConfigNDTMapping.msg[0m
[ 90%] [34m[1mGenerating Python from MSG autoware_config_msgs/ConfigTwistFilter[0m
[ 90%] Built target autoware_config_msgs_generate_messages_cpp
[ 91%] [34m[1mGenerating Python from MSG autoware_config_msgs/ConfigVoxelGridFilter[0m
[ 91%] [34m[1mGenerating Python from MSG autoware_config_msgs/ConfigWaypointFollower[0m
[ 92%] [34m[1mGenerating Python from MSG autoware_config_msgs/ConfigWaypointReplanner[0m
[ 92%] [34m[1mGenerating Python from MSG autoware_config_msgs/ConfigVelocitySet[0m
[ 93%] [34m[1mGenerating Python from MSG autoware_config_msgs/ConfigSSD[0m
[ 93%] [34m[1mGenerating Python from MSG autoware_config_msgs/ConfigRingGroundFilter[0m
[ 94%] [34m[1mGenerating Python from MSG autoware_config_msgs/ConfigRayGroundFilter[0m
[ 94%] [34m[1mGenerating Python from MSG autoware_config_msgs/ConfigPedestrianKF[0m
[ 95%] [34m[1mGenerating Python from MSG autoware_config_msgs/ConfigPedestrianFusion[0m
[ 96%] [34m[1mGenerating Python from MSG autoware_config_msgs/ConfigNDTMappingOutput[0m
[ 96%] [34m[1mGenerating Python from MSG autoware_config_msgs/ConfigNDTMapping[0m
[ 97%] [34m[1mGenerating Python from MSG autoware_config_msgs/ConfigLatticeVelocitySet[0m
[ 98%] [34m[1mGenerating Python from MSG autoware_config_msgs/ConfigDecisionMaker[0m
[100%] [34m[1mGenerating Python msg __init__.py for autoware_config_msgs[0m
[100%] Built target autoware_config_msgs_generate_messages_py
[35m[1mScanning dependencies of target autoware_config_msgs_generate_messages[0m
[100%] Built target autoware_config_msgs_generate_messages
[35m[1mScanning dependencies of target tests[0m
Built target tests
-- Install configuration: ""
-- Installing: /workspaces/carma_ws/src/install/autoware_config_msgs/share/autoware_config_msgs/msg/ConfigApproximateNDTMapping.msg
-- Installing: /workspaces/carma_ws/src/install/autoware_config_msgs/share/autoware_config_msgs/msg/ConfigCarDPM.msg
-- Installing: /workspaces/carma_ws/src/install/autoware_config_msgs/share/autoware_config_msgs/msg/ConfigCarFusion.msg
-- Installing: /workspaces/carma_ws/src/install/autoware_config_msgs/share/autoware_config_msgs/msg/ConfigCarKF.msg
-- Installing: /workspaces/carma_ws/src/install/autoware_config_msgs/share/autoware_config_msgs/msg/ConfigCompareMapFilter.msg
-- Installing: /workspaces/carma_ws/src/install/autoware_config_msgs/share/autoware_config_msgs/msg/ConfigDecisionMaker.msg
-- Installing: /workspaces/carma_ws/src/install/autoware_config_msgs/share/autoware_config_msgs/msg/ConfigDistanceFilter.msg
-- Installing: /workspaces/carma_ws/src/install/autoware_config_msgs/share/autoware_config_msgs/msg/ConfigICP.msg
-- Installing: /workspaces/carma_ws/src/install/autoware_config_msgs/share/autoware_config_msgs/msg/ConfigLaneRule.msg
-- Installing: /workspaces/carma_ws/src/install/autoware_config_msgs/share/autoware_config_msgs/msg/ConfigLaneSelect.msg
-- Installing: /workspaces/carma_ws/src/install/autoware_config_msgs/share/autoware_config_msgs/msg/ConfigLaneStop.msg
-- Installing: /workspaces/carma_ws/src/install/autoware_config_msgs/share/autoware_config_msgs/msg/ConfigLatticeVelocitySet.msg
-- Installing: /workspaces/carma_ws/src/install/autoware_config_msgs/share/autoware_config_msgs/msg/ConfigNDTMapping.msg
-- Installing: /workspaces/carma_ws/src/install/autoware_config_msgs/share/autoware_config_msgs/msg/ConfigNDTMappingOutput.msg
-- Installing: /workspaces/carma_ws/src/install/autoware_config_msgs/share/autoware_config_msgs/msg/ConfigNDT.msg
-- Installing: /workspaces/carma_ws/src/install/autoware_config_msgs/share/autoware_config_msgs/msg/ConfigPedestrianDPM.msg
-- Installing: /workspaces/carma_ws/src/install/autoware_config_msgs/share/autoware_config_msgs/msg/ConfigPedestrianFusion.msg
-- Installing: /workspaces/carma_ws/src/install/autoware_config_msgs/share/autoware_config_msgs/msg/ConfigPedestrianKF.msg
-- Installing: /workspaces/carma_ws/src/install/autoware_config_msgs/share/autoware_config_msgs/msg/ConfigPlannerSelector.msg
-- Installing: /workspaces/carma_ws/src/install/autoware_config_msgs/share/autoware_config_msgs/msg/ConfigPoints2Polygon.msg
-- Installing: /workspaces/carma_ws/src/install/autoware_config_msgs/share/autoware_config_msgs/msg/ConfigRandomFilter.msg
-- Installing: /workspaces/carma_ws/src/install/autoware_config_msgs/share/autoware_config_msgs/msg/ConfigRayGroundFilter.msg
-- Installing: /workspaces/carma_ws/src/install/autoware_config_msgs/share/autoware_config_msgs/msg/ConfigRcnn.msg
-- Installing: /workspaces/carma_ws/src/install/autoware_config_msgs/share/autoware_config_msgs/msg/ConfigRingFilter.msg
-- Installing: /workspaces/carma_ws/src/install/autoware_config_msgs/share/autoware_config_msgs/msg/ConfigRingGroundFilter.msg
-- Installing: /workspaces/carma_ws/src/install/autoware_config_msgs/share/autoware_config_msgs/msg/ConfigSSD.msg
-- Installing: /workspaces/carma_ws/src/install/autoware_config_msgs/share/autoware_config_msgs/msg/ConfigTwistFilter.msg
-- Installing: /workspaces/carma_ws/src/install/autoware_config_msgs/share/autoware_config_msgs/msg/ConfigVelocitySet.msg
-- Installing: /workspaces/carma_ws/src/install/autoware_config_msgs/share/autoware_config_msgs/msg/ConfigVoxelGridFilter.msg
-- Installing: /workspaces/carma_ws/src/install/autoware_config_msgs/share/autoware_config_msgs/msg/ConfigWaypointFollower.msg
-- Installing: /workspaces/carma_ws/src/install/autoware_config_msgs/share/autoware_config_msgs/msg/ConfigWaypointReplanner.msg
-- Installing: /workspaces/carma_ws/src/install/autoware_config_msgs/share/autoware_config_msgs/cmake/autoware_config_msgs-msg-paths.cmake
-- Installing: /workspaces/carma_ws/src/install/autoware_config_msgs/include/autoware_config_msgs
-- Installing: /workspaces/carma_ws/src/install/autoware_config_msgs/include/autoware_config_msgs/ConfigNDT.h
-- Installing: /workspaces/carma_ws/src/install/autoware_config_msgs/include/autoware_config_msgs/ConfigPedestrianDPM.h
-- Installing: /workspaces/carma_ws/src/install/autoware_config_msgs/include/autoware_config_msgs/ConfigRayGroundFilter.h
-- Installing: /workspaces/carma_ws/src/install/autoware_config_msgs/include/autoware_config_msgs/ConfigICP.h
-- Installing: /workspaces/carma_ws/src/install/autoware_config_msgs/include/autoware_config_msgs/ConfigApproximateNDTMapping.h
-- Installing: /workspaces/carma_ws/src/install/autoware_config_msgs/include/autoware_config_msgs/ConfigVoxelGridFilter.h
-- Installing: /workspaces/carma_ws/src/install/autoware_config_msgs/include/autoware_config_msgs/ConfigCarKF.h
-- Installing: /workspaces/carma_ws/src/install/autoware_config_msgs/include/autoware_config_msgs/ConfigRandomFilter.h
-- Installing: /workspaces/carma_ws/src/install/autoware_config_msgs/include/autoware_config_msgs/ConfigLaneSelect.h
-- Installing: /workspaces/carma_ws/src/install/autoware_config_msgs/include/autoware_config_msgs/ConfigDecisionMaker.h
-- Installing: /workspaces/carma_ws/src/install/autoware_config_msgs/include/autoware_config_msgs/ConfigPoints2Polygon.h
-- Installing: /workspaces/carma_ws/src/install/autoware_config_msgs/include/autoware_config_msgs/ConfigCompareMapFilter.h
-- Installing: /workspaces/carma_ws/src/install/autoware_config_msgs/include/autoware_config_msgs/ConfigPedestrianKF.h
-- Installing: /workspaces/carma_ws/src/install/autoware_config_msgs/include/autoware_config_msgs/ConfigNDTMapping.h
-- Installing: /workspaces/carma_ws/src/install/autoware_config_msgs/include/autoware_config_msgs/ConfigNDTMappingOutput.h
-- Installing: /workspaces/carma_ws/src/install/autoware_config_msgs/include/autoware_config_msgs/ConfigCarFusion.h
-- Installing: /workspaces/carma_ws/src/install/autoware_config_msgs/include/autoware_config_msgs/ConfigLatticeVelocitySet.h
-- Installing: /workspaces/carma_ws/src/install/autoware_config_msgs/include/autoware_config_msgs/ConfigRingFilter.h
-- Installing: /workspaces/carma_ws/src/install/autoware_config_msgs/include/autoware_config_msgs/ConfigRcnn.h
-- Installing: /workspaces/carma_ws/src/install/autoware_config_msgs/include/autoware_config_msgs/ConfigWaypointReplanner.h
-- Installing: /workspaces/carma_ws/src/install/autoware_config_msgs/include/autoware_config_msgs/ConfigWaypointFollower.h
-- Installing: /workspaces/carma_ws/src/install/autoware_config_msgs/include/autoware_config_msgs/ConfigPedestrianFusion.h
-- Installing: /workspaces/carma_ws/src/install/autoware_config_msgs/include/autoware_config_msgs/ConfigCarDPM.h
-- Installing: /workspaces/carma_ws/src/install/autoware_config_msgs/include/autoware_config_msgs/ConfigRingGroundFilter.h
-- Installing: /workspaces/carma_ws/src/install/autoware_config_msgs/include/autoware_config_msgs/ConfigTwistFilter.h
-- Installing: /workspaces/carma_ws/src/install/autoware_config_msgs/include/autoware_config_msgs/ConfigVelocitySet.h
-- Installing: /workspaces/carma_ws/src/install/autoware_config_msgs/include/autoware_config_msgs/ConfigLaneStop.h
-- Installing: /workspaces/carma_ws/src/install/autoware_config_msgs/include/autoware_config_msgs/ConfigLaneRule.h
-- Installing: /workspaces/carma_ws/src/install/autoware_config_msgs/include/autoware_config_msgs/ConfigDistanceFilter.h
-- Installing: /workspaces/carma_ws/src/install/autoware_config_msgs/include/autoware_config_msgs/ConfigSSD.h
-- Installing: /workspaces/carma_ws/src/install/autoware_config_msgs/include/autoware_config_msgs/ConfigPlannerSelector.h
-- Installing: /workspaces/carma_ws/src/install/autoware_config_msgs/share/roseus/ros/autoware_config_msgs
-- Installing: /workspaces/carma_ws/src/install/autoware_config_msgs/share/roseus/ros/autoware_config_msgs/msg
-- Installing: /workspaces/carma_ws/src/install/autoware_config_msgs/share/roseus/ros/autoware_config_msgs/msg/ConfigRingFilter.l
-- Installing: /workspaces/carma_ws/src/install/autoware_config_msgs/share/roseus/ros/autoware_config_msgs/msg/ConfigLatticeVelocitySet.l
-- Installing: /workspaces/carma_ws/src/install/autoware_config_msgs/share/roseus/ros/autoware_config_msgs/msg/ConfigNDT.l
-- Installing: /workspaces/carma_ws/src/install/autoware_config_msgs/share/roseus/ros/autoware_config_msgs/msg/ConfigWaypointReplanner.l
-- Installing: /workspaces/carma_ws/src/install/autoware_config_msgs/share/roseus/ros/autoware_config_msgs/msg/ConfigLaneRule.l
-- Installing: /workspaces/carma_ws/src/install/autoware_config_msgs/share/roseus/ros/autoware_config_msgs/msg/ConfigCompareMapFilter.l
-- Installing: /workspaces/carma_ws/src/install/autoware_config_msgs/share/roseus/ros/autoware_config_msgs/msg/ConfigRandomFilter.l
-- Installing: /workspaces/carma_ws/src/install/autoware_config_msgs/share/roseus/ros/autoware_config_msgs/msg/ConfigDecisionMaker.l
-- Installing: /workspaces/carma_ws/src/install/autoware_config_msgs/share/roseus/ros/autoware_config_msgs/msg/ConfigNDTMappingOutput.l
-- Installing: /workspaces/carma_ws/src/install/autoware_config_msgs/share/roseus/ros/autoware_config_msgs/msg/ConfigNDTMapping.l
-- Installing: /workspaces/carma_ws/src/install/autoware_config_msgs/share/roseus/ros/autoware_config_msgs/msg/ConfigRayGroundFilter.l
-- Installing: /workspaces/carma_ws/src/install/autoware_config_msgs/share/roseus/ros/autoware_config_msgs/msg/ConfigLaneSelect.l
-- Installing: /workspaces/carma_ws/src/install/autoware_config_msgs/share/roseus/ros/autoware_config_msgs/msg/ConfigPedestrianFusion.l
-- Installing: /workspaces/carma_ws/src/install/autoware_config_msgs/share/roseus/ros/autoware_config_msgs/msg/ConfigDistanceFilter.l
-- Installing: /workspaces/carma_ws/src/install/autoware_config_msgs/share/roseus/ros/autoware_config_msgs/msg/ConfigPoints2Polygon.l
-- Installing: /workspaces/carma_ws/src/install/autoware_config_msgs/share/roseus/ros/autoware_config_msgs/msg/ConfigPlannerSelector.l
-- Installing: /workspaces/carma_ws/src/install/autoware_config_msgs/share/roseus/ros/autoware_config_msgs/msg/ConfigPedestrianDPM.l
-- Installing: /workspaces/carma_ws/src/install/autoware_config_msgs/share/roseus/ros/autoware_config_msgs/msg/ConfigCarFusion.l
-- Installing: /workspaces/carma_ws/src/install/autoware_config_msgs/share/roseus/ros/autoware_config_msgs/msg/ConfigRingGroundFilter.l
-- Installing: /workspaces/carma_ws/src/install/autoware_config_msgs/share/roseus/ros/autoware_config_msgs/msg/ConfigWaypointFollower.l
-- Installing: /workspaces/carma_ws/src/install/autoware_config_msgs/share/roseus/ros/autoware_config_msgs/msg/ConfigVelocitySet.l
-- Installing: /workspaces/carma_ws/src/install/autoware_config_msgs/share/roseus/ros/autoware_config_msgs/msg/ConfigPedestrianKF.l
-- Installing: /workspaces/carma_ws/src/install/autoware_config_msgs/share/roseus/ros/autoware_config_msgs/msg/ConfigICP.l
-- Installing: /workspaces/carma_ws/src/install/autoware_config_msgs/share/roseus/ros/autoware_config_msgs/msg/ConfigCarDPM.l
-- Installing: /workspaces/carma_ws/src/install/autoware_config_msgs/share/roseus/ros/autoware_config_msgs/msg/ConfigLaneStop.l
-- Installing: /workspaces/carma_ws/src/install/autoware_config_msgs/share/roseus/ros/autoware_config_msgs/msg/ConfigApproximateNDTMapping.l
-- Installing: /workspaces/carma_ws/src/install/autoware_config_msgs/share/roseus/ros/autoware_config_msgs/msg/ConfigRcnn.l
-- Installing: /workspaces/carma_ws/src/install/autoware_config_msgs/share/roseus/ros/autoware_config_msgs/msg/ConfigVoxelGridFilter.l
-- Installing: /workspaces/carma_ws/src/install/autoware_config_msgs/share/roseus/ros/autoware_config_msgs/msg/ConfigCarKF.l
-- Installing: /workspaces/carma_ws/src/install/autoware_config_msgs/share/roseus/ros/autoware_config_msgs/msg/ConfigSSD.l
-- Installing: /workspaces/carma_ws/src/install/autoware_config_msgs/share/roseus/ros/autoware_config_msgs/msg/ConfigTwistFilter.l
-- Installing: /workspaces/carma_ws/src/install/autoware_config_msgs/share/roseus/ros/autoware_config_msgs/manifest.l
-- Installing: /workspaces/carma_ws/src/install/autoware_config_msgs/share/common-lisp/ros/autoware_config_msgs
-- Installing: /workspaces/carma_ws/src/install/autoware_config_msgs/share/common-lisp/ros/autoware_config_msgs/msg
-- Installing: /workspaces/carma_ws/src/install/autoware_config_msgs/share/common-lisp/ros/autoware_config_msgs/msg/ConfigCarDPM.lisp
-- Installing: /workspaces/carma_ws/src/install/autoware_config_msgs/share/common-lisp/ros/autoware_config_msgs/msg/ConfigLaneRule.lisp
-- Installing: /workspaces/carma_ws/src/install/autoware_config_msgs/share/common-lisp/ros/autoware_config_msgs/msg/ConfigVelocitySet.lisp
-- Installing: /workspaces/carma_ws/src/install/autoware_config_msgs/share/common-lisp/ros/autoware_config_msgs/msg/ConfigWaypointReplanner.lisp
-- Installing: /workspaces/carma_ws/src/install/autoware_config_msgs/share/common-lisp/ros/autoware_config_msgs/msg/_package_ConfigRayGroundFilter.lisp
-- Installing: /workspaces/carma_ws/src/install/autoware_config_msgs/share/common-lisp/ros/autoware_config_msgs/msg/ConfigNDTMappingOutput.lisp
-- Installing: /workspaces/carma_ws/src/install/autoware_config_msgs/share/common-lisp/ros/autoware_config_msgs/msg/ConfigVoxelGridFilter.lisp
-- Installing: /workspaces/carma_ws/src/install/autoware_config_msgs/share/common-lisp/ros/autoware_config_msgs/msg/_package_ConfigLaneSelect.lisp
-- Installing: /workspaces/carma_ws/src/install/autoware_config_msgs/share/common-lisp/ros/autoware_config_msgs/msg/_package_ConfigTwistFilter.lisp
-- Installing: /workspaces/carma_ws/src/install/autoware_config_msgs/share/common-lisp/ros/autoware_config_msgs/msg/ConfigSSD.lisp
-- Installing: /workspaces/carma_ws/src/install/autoware_config_msgs/share/common-lisp/ros/autoware_config_msgs/msg/_package_ConfigLaneStop.lisp
-- Installing: /workspaces/carma_ws/src/install/autoware_config_msgs/share/common-lisp/ros/autoware_config_msgs/msg/autoware_config_msgs-msg.asd
-- Installing: /workspaces/carma_ws/src/install/autoware_config_msgs/share/common-lisp/ros/autoware_config_msgs/msg/_package_ConfigNDTMappingOutput.lisp
-- Installing: /workspaces/carma_ws/src/install/autoware_config_msgs/share/common-lisp/ros/autoware_config_msgs/msg/_package_ConfigVelocitySet.lisp
-- Installing: /workspaces/carma_ws/src/install/autoware_config_msgs/share/common-lisp/ros/autoware_config_msgs/msg/_package_ConfigPedestrianKF.lisp
-- Installing: /workspaces/carma_ws/src/install/autoware_config_msgs/share/common-lisp/ros/autoware_config_msgs/msg/_package_ConfigDecisionMaker.lisp
-- Installing: /workspaces/carma_ws/src/install/autoware_config_msgs/share/common-lisp/ros/autoware_config_msgs/msg/_package_ConfigDistanceFilter.lisp
-- Installing: /workspaces/carma_ws/src/install/autoware_config_msgs/share/common-lisp/ros/autoware_config_msgs/msg/_package_ConfigLaneRule.lisp
-- Installing: /workspaces/carma_ws/src/install/autoware_config_msgs/share/common-lisp/ros/autoware_config_msgs/msg/_package_ConfigICP.lisp
-- Installing: /workspaces/carma_ws/src/install/autoware_config_msgs/share/common-lisp/ros/autoware_config_msgs/msg/ConfigLaneSelect.lisp
-- Installing: /workspaces/carma_ws/src/install/autoware_config_msgs/share/common-lisp/ros/autoware_config_msgs/msg/_package_ConfigRingGroundFilter.lisp
-- Installing: /workspaces/carma_ws/src/install/autoware_config_msgs/share/common-lisp/ros/autoware_config_msgs/msg/ConfigNDTMapping.lisp
-- Installing: /workspaces/carma_ws/src/install/autoware_config_msgs/share/common-lisp/ros/autoware_config_msgs/msg/_package_ConfigCompareMapFilter.lisp
-- Installing: /workspaces/carma_ws/src/install/autoware_config_msgs/share/common-lisp/ros/autoware_config_msgs/msg/_package_ConfigRcnn.lisp
-- Installing: /workspaces/carma_ws/src/install/autoware_config_msgs/share/common-lisp/ros/autoware_config_msgs/msg/ConfigApproximateNDTMapping.lisp
-- Installing: /workspaces/carma_ws/src/install/autoware_config_msgs/share/common-lisp/ros/autoware_config_msgs/msg/ConfigLaneStop.lisp
-- Installing: /workspaces/carma_ws/src/install/autoware_config_msgs/share/common-lisp/ros/autoware_config_msgs/msg/_package_ConfigVoxelGridFilter.lisp
-- Installing: /workspaces/carma_ws/src/install/autoware_config_msgs/share/common-lisp/ros/autoware_config_msgs/msg/_package_ConfigWaypointFollower.lisp
-- Installing: /workspaces/carma_ws/src/install/autoware_config_msgs/share/common-lisp/ros/autoware_config_msgs/msg/_package_ConfigPlannerSelector.lisp
-- Installing: /workspaces/carma_ws/src/install/autoware_config_msgs/share/common-lisp/ros/autoware_config_msgs/msg/_package_ConfigPoints2Polygon.lisp
-- Installing: /workspaces/carma_ws/src/install/autoware_config_msgs/share/common-lisp/ros/autoware_config_msgs/msg/ConfigPedestrianFusion.lisp
-- Installing: /workspaces/carma_ws/src/install/autoware_config_msgs/share/common-lisp/ros/autoware_config_msgs/msg/_package_ConfigNDTMapping.lisp
-- Installing: /workspaces/carma_ws/src/install/autoware_config_msgs/share/common-lisp/ros/autoware_config_msgs/msg/ConfigRingGroundFilter.lisp
-- Installing: /workspaces/carma_ws/src/install/autoware_config_msgs/share/common-lisp/ros/autoware_config_msgs/msg/_package.lisp
-- Installing: /workspaces/carma_ws/src/install/autoware_config_msgs/share/common-lisp/ros/autoware_config_msgs/msg/ConfigWaypointFollower.lisp
-- Installing: /workspaces/carma_ws/src/install/autoware_config_msgs/share/common-lisp/ros/autoware_config_msgs/msg/ConfigRayGroundFilter.lisp
-- Installing: /workspaces/carma_ws/src/install/autoware_config_msgs/share/common-lisp/ros/autoware_config_msgs/msg/_package_ConfigWaypointReplanner.lisp
-- Installing: /workspaces/carma_ws/src/install/autoware_config_msgs/share/common-lisp/ros/autoware_config_msgs/msg/_package_ConfigRingFilter.lisp
-- Installing: /workspaces/carma_ws/src/install/autoware_config_msgs/share/common-lisp/ros/autoware_config_msgs/msg/ConfigCarKF.lisp
-- Installing: /workspaces/carma_ws/src/install/autoware_config_msgs/share/common-lisp/ros/autoware_config_msgs/msg/_package_ConfigCarFusion.lisp
-- Installing: /workspaces/carma_ws/src/install/autoware_config_msgs/share/common-lisp/ros/autoware_config_msgs/msg/ConfigNDT.lisp
-- Installing: /workspaces/carma_ws/src/install/autoware_config_msgs/share/common-lisp/ros/autoware_config_msgs/msg/ConfigTwistFilter.lisp
-- Installing: /workspaces/carma_ws/src/install/autoware_config_msgs/share/common-lisp/ros/autoware_config_msgs/msg/ConfigCarFusion.lisp
-- Installing: /workspaces/carma_ws/src/install/autoware_config_msgs/share/common-lisp/ros/autoware_config_msgs/msg/_package_ConfigPedestrianFusion.lisp
-- Installing: /workspaces/carma_ws/src/install/autoware_config_msgs/share/common-lisp/ros/autoware_config_msgs/msg/_package_ConfigPedestrianDPM.lisp
-- Installing: /workspaces/carma_ws/src/install/autoware_config_msgs/share/common-lisp/ros/autoware_config_msgs/msg/ConfigPlannerSelector.lisp
-- Installing: /workspaces/carma_ws/src/install/autoware_config_msgs/share/common-lisp/ros/autoware_config_msgs/msg/_package_ConfigRandomFilter.lisp
-- Installing: /workspaces/carma_ws/src/install/autoware_config_msgs/share/common-lisp/ros/autoware_config_msgs/msg/ConfigPoints2Polygon.lisp
-- Installing: /workspaces/carma_ws/src/install/autoware_config_msgs/share/common-lisp/ros/autoware_config_msgs/msg/ConfigPedestrianKF.lisp
-- Installing: /workspaces/carma_ws/src/install/autoware_config_msgs/share/common-lisp/ros/autoware_config_msgs/msg/ConfigCompareMapFilter.lisp
-- Installing: /workspaces/carma_ws/src/install/autoware_config_msgs/share/common-lisp/ros/autoware_config_msgs/msg/_package_ConfigCarKF.lisp
-- Installing: /workspaces/carma_ws/src/install/autoware_config_msgs/share/common-lisp/ros/autoware_config_msgs/msg/ConfigDistanceFilter.lisp
-- Installing: /workspaces/carma_ws/src/install/autoware_config_msgs/share/common-lisp/ros/autoware_config_msgs/msg/_package_ConfigNDT.lisp
-- Installing: /workspaces/carma_ws/src/install/autoware_config_msgs/share/common-lisp/ros/autoware_config_msgs/msg/_package_ConfigCarDPM.lisp
-- Installing: /workspaces/carma_ws/src/install/autoware_config_msgs/share/common-lisp/ros/autoware_config_msgs/msg/_package_ConfigApproximateNDTMapping.lisp
-- Installing: /workspaces/carma_ws/src/install/autoware_config_msgs/share/common-lisp/ros/autoware_config_msgs/msg/ConfigDecisionMaker.lisp
-- Installing: /workspaces/carma_ws/src/install/autoware_config_msgs/share/common-lisp/ros/autoware_config_msgs/msg/ConfigICP.lisp
-- Installing: /workspaces/carma_ws/src/install/autoware_config_msgs/share/common-lisp/ros/autoware_config_msgs/msg/ConfigRcnn.lisp
-- Installing: /workspaces/carma_ws/src/install/autoware_config_msgs/share/common-lisp/ros/autoware_config_msgs/msg/ConfigRingFilter.lisp
-- Installing: /workspaces/carma_ws/src/install/autoware_config_msgs/share/common-lisp/ros/autoware_config_msgs/msg/_package_ConfigLatticeVelocitySet.lisp
-- Installing: /workspaces/carma_ws/src/install/autoware_config_msgs/share/common-lisp/ros/autoware_config_msgs/msg/ConfigPedestrianDPM.lisp
-- Installing: /workspaces/carma_ws/src/install/autoware_config_msgs/share/common-lisp/ros/autoware_config_msgs/msg/ConfigRandomFilter.lisp
-- Installing: /workspaces/carma_ws/src/install/autoware_config_msgs/share/common-lisp/ros/autoware_config_msgs/msg/ConfigLatticeVelocitySet.lisp
-- Installing: /workspaces/carma_ws/src/install/autoware_config_msgs/share/common-lisp/ros/autoware_config_msgs/msg/_package_ConfigSSD.lisp
-- Installing: /workspaces/carma_ws/src/install/autoware_config_msgs/share/gennodejs/ros/autoware_config_msgs
-- Installing: /workspaces/carma_ws/src/install/autoware_config_msgs/share/gennodejs/ros/autoware_config_msgs/_index.js
-- Installing: /workspaces/carma_ws/src/install/autoware_config_msgs/share/gennodejs/ros/autoware_config_msgs/msg
-- Installing: /workspaces/carma_ws/src/install/autoware_config_msgs/share/gennodejs/ros/autoware_config_msgs/msg/ConfigWaypointFollower.js
-- Installing: /workspaces/carma_ws/src/install/autoware_config_msgs/share/gennodejs/ros/autoware_config_msgs/msg/ConfigVoxelGridFilter.js
-- Installing: /workspaces/carma_ws/src/install/autoware_config_msgs/share/gennodejs/ros/autoware_config_msgs/msg/ConfigTwistFilter.js
-- Installing: /workspaces/carma_ws/src/install/autoware_config_msgs/share/gennodejs/ros/autoware_config_msgs/msg/ConfigDistanceFilter.js
-- Installing: /workspaces/carma_ws/src/install/autoware_config_msgs/share/gennodejs/ros/autoware_config_msgs/msg/ConfigLatticeVelocitySet.js
-- Installing: /workspaces/carma_ws/src/install/autoware_config_msgs/share/gennodejs/ros/autoware_config_msgs/msg/_index.js
-- Installing: /workspaces/carma_ws/src/install/autoware_config_msgs/share/gennodejs/ros/autoware_config_msgs/msg/ConfigNDT.js
-- Installing: /workspaces/carma_ws/src/install/autoware_config_msgs/share/gennodejs/ros/autoware_config_msgs/msg/ConfigPedestrianDPM.js
-- Installing: /workspaces/carma_ws/src/install/autoware_config_msgs/share/gennodejs/ros/autoware_config_msgs/msg/ConfigLaneSelect.js
-- Installing: /workspaces/carma_ws/src/install/autoware_config_msgs/share/gennodejs/ros/autoware_config_msgs/msg/ConfigDecisionMaker.js
-- Installing: /workspaces/carma_ws/src/install/autoware_config_msgs/share/gennodejs/ros/autoware_config_msgs/msg/ConfigNDTMapping.js
-- Installing: /workspaces/carma_ws/src/install/autoware_config_msgs/share/gennodejs/ros/autoware_config_msgs/msg/ConfigRingGroundFilter.js
-- Installing: /workspaces/carma_ws/src/install/autoware_config_msgs/share/gennodejs/ros/autoware_config_msgs/msg/ConfigRcnn.js
-- Installing: /workspaces/carma_ws/src/install/autoware_config_msgs/share/gennodejs/ros/autoware_config_msgs/msg/ConfigCarKF.js
-- Installing: /workspaces/carma_ws/src/install/autoware_config_msgs/share/gennodejs/ros/autoware_config_msgs/msg/ConfigRayGroundFilter.js
-- Installing: /workspaces/carma_ws/src/install/autoware_config_msgs/share/gennodejs/ros/autoware_config_msgs/msg/ConfigRingFilter.js
-- Installing: /workspaces/carma_ws/src/install/autoware_config_msgs/share/gennodejs/ros/autoware_config_msgs/msg/ConfigCarDPM.js
-- Installing: /workspaces/carma_ws/src/install/autoware_config_msgs/share/gennodejs/ros/autoware_config_msgs/msg/ConfigVelocitySet.js
-- Installing: /workspaces/carma_ws/src/install/autoware_config_msgs/share/gennodejs/ros/autoware_config_msgs/msg/ConfigPoints2Polygon.js
-- Installing: /workspaces/carma_ws/src/install/autoware_config_msgs/share/gennodejs/ros/autoware_config_msgs/msg/ConfigPedestrianKF.js
-- Installing: /workspaces/carma_ws/src/install/autoware_config_msgs/share/gennodejs/ros/autoware_config_msgs/msg/ConfigNDTMappingOutput.js
-- Installing: /workspaces/carma_ws/src/install/autoware_config_msgs/share/gennodejs/ros/autoware_config_msgs/msg/ConfigLaneRule.js
-- Installing: /workspaces/carma_ws/src/install/autoware_config_msgs/share/gennodejs/ros/autoware_config_msgs/msg/ConfigSSD.js
-- Installing: /workspaces/carma_ws/src/install/autoware_config_msgs/share/gennodejs/ros/autoware_config_msgs/msg/ConfigPlannerSelector.js
-- Installing: /workspaces/carma_ws/src/install/autoware_config_msgs/share/gennodejs/ros/autoware_config_msgs/msg/ConfigRandomFilter.js
-- Installing: /workspaces/carma_ws/src/install/autoware_config_msgs/share/gennodejs/ros/autoware_config_msgs/msg/ConfigICP.js
-- Installing: /workspaces/carma_ws/src/install/autoware_config_msgs/share/gennodejs/ros/autoware_config_msgs/msg/ConfigCompareMapFilter.js
-- Installing: /workspaces/carma_ws/src/install/autoware_config_msgs/share/gennodejs/ros/autoware_config_msgs/msg/ConfigApproximateNDTMapping.js
-- Installing: /workspaces/carma_ws/src/install/autoware_config_msgs/share/gennodejs/ros/autoware_config_msgs/msg/ConfigWaypointReplanner.js
-- Installing: /workspaces/carma_ws/src/install/autoware_config_msgs/share/gennodejs/ros/autoware_config_msgs/msg/ConfigCarFusion.js
-- Installing: /workspaces/carma_ws/src/install/autoware_config_msgs/share/gennodejs/ros/autoware_config_msgs/msg/ConfigLaneStop.js
-- Installing: /workspaces/carma_ws/src/install/autoware_config_msgs/share/gennodejs/ros/autoware_config_msgs/msg/ConfigPedestrianFusion.js
Listing '/workspaces/carma_ws/src/build/autoware_config_msgs/devel/lib/python3/dist-packages/autoware_config_msgs'...
Compiling '/workspaces/carma_ws/src/build/autoware_config_msgs/devel/lib/python3/dist-packages/autoware_config_msgs/__init__.py'...
Listing '/workspaces/carma_ws/src/build/autoware_config_msgs/devel/lib/python3/dist-packages/autoware_config_msgs/msg'...
Compiling '/workspaces/carma_ws/src/build/autoware_config_msgs/devel/lib/python3/dist-packages/autoware_config_msgs/msg/_ConfigApproximateNDTMapping.py'...
Compiling '/workspaces/carma_ws/src/build/autoware_config_msgs/devel/lib/python3/dist-packages/autoware_config_msgs/msg/_ConfigCarDPM.py'...
Compiling '/workspaces/carma_ws/src/build/autoware_config_msgs/devel/lib/python3/dist-packages/autoware_config_msgs/msg/_ConfigCarFusion.py'...
Compiling '/workspaces/carma_ws/src/build/autoware_config_msgs/devel/lib/python3/dist-packages/autoware_config_msgs/msg/_ConfigCarKF.py'...
Compiling '/workspaces/carma_ws/src/build/autoware_config_msgs/devel/lib/python3/dist-packages/autoware_config_msgs/msg/_ConfigCompareMapFilter.py'...
Compiling '/workspaces/carma_ws/src/build/autoware_config_msgs/devel/lib/python3/dist-packages/autoware_config_msgs/msg/_ConfigDecisionMaker.py'...
Compiling '/workspaces/carma_ws/src/build/autoware_config_msgs/devel/lib/python3/dist-packages/autoware_config_msgs/msg/_ConfigDistanceFilter.py'...
Compiling '/workspaces/carma_ws/src/build/autoware_config_msgs/devel/lib/python3/dist-packages/autoware_config_msgs/msg/_ConfigICP.py'...
Compiling '/workspaces/carma_ws/src/build/autoware_config_msgs/devel/lib/python3/dist-packages/autoware_config_msgs/msg/_ConfigLaneRule.py'...
Compiling '/workspaces/carma_ws/src/build/autoware_config_msgs/devel/lib/python3/dist-packages/autoware_config_msgs/msg/_ConfigLaneSelect.py'...
Compiling '/workspaces/carma_ws/src/build/autoware_config_msgs/devel/lib/python3/dist-packages/autoware_config_msgs/msg/_ConfigLaneStop.py'...
Compiling '/workspaces/carma_ws/src/build/autoware_config_msgs/devel/lib/python3/dist-packages/autoware_config_msgs/msg/_ConfigLatticeVelocitySet.py'...
Compiling '/workspaces/carma_ws/src/build/autoware_config_msgs/devel/lib/python3/dist-packages/autoware_config_msgs/msg/_ConfigNDT.py'...
Compiling '/workspaces/carma_ws/src/build/autoware_config_msgs/devel/lib/python3/dist-packages/autoware_config_msgs/msg/_ConfigNDTMapping.py'...
Compiling '/workspaces/carma_ws/src/build/autoware_config_msgs/devel/lib/python3/dist-packages/autoware_config_msgs/msg/_ConfigNDTMappingOutput.py'...
Compiling '/workspaces/carma_ws/src/build/autoware_config_msgs/devel/lib/python3/dist-packages/autoware_config_msgs/msg/_ConfigPedestrianDPM.py'...
Compiling '/workspaces/carma_ws/src/build/autoware_config_msgs/devel/lib/python3/dist-packages/autoware_config_msgs/msg/_ConfigPedestrianFusion.py'...
Compiling '/workspaces/carma_ws/src/build/autoware_config_msgs/devel/lib/python3/dist-packages/autoware_config_msgs/msg/_ConfigPedestrianKF.py'...
Compiling '/workspaces/carma_ws/src/build/autoware_config_msgs/devel/lib/python3/dist-packages/autoware_config_msgs/msg/_ConfigPlannerSelector.py'...
Compiling '/workspaces/carma_ws/src/build/autoware_config_msgs/devel/lib/python3/dist-packages/autoware_config_msgs/msg/_ConfigPoints2Polygon.py'...
Compiling '/workspaces/carma_ws/src/build/autoware_config_msgs/devel/lib/python3/dist-packages/autoware_config_msgs/msg/_ConfigRandomFilter.py'...
Compiling '/workspaces/carma_ws/src/build/autoware_config_msgs/devel/lib/python3/dist-packages/autoware_config_msgs/msg/_ConfigRayGroundFilter.py'...
Compiling '/workspaces/carma_ws/src/build/autoware_config_msgs/devel/lib/python3/dist-packages/autoware_config_msgs/msg/_ConfigRcnn.py'...
Compiling '/workspaces/carma_ws/src/build/autoware_config_msgs/devel/lib/python3/dist-packages/autoware_config_msgs/msg/_ConfigRingFilter.py'...
Compiling '/workspaces/carma_ws/src/build/autoware_config_msgs/devel/lib/python3/dist-packages/autoware_config_msgs/msg/_ConfigRingGroundFilter.py'...
Compiling '/workspaces/carma_ws/src/build/autoware_config_msgs/devel/lib/python3/dist-packages/autoware_config_msgs/msg/_ConfigSSD.py'...
Compiling '/workspaces/carma_ws/src/build/autoware_config_msgs/devel/lib/python3/dist-packages/autoware_config_msgs/msg/_ConfigTwistFilter.py'...
Compiling '/workspaces/carma_ws/src/build/autoware_config_msgs/devel/lib/python3/dist-packages/autoware_config_msgs/msg/_ConfigVelocitySet.py'...
Compiling '/workspaces/carma_ws/src/build/autoware_config_msgs/devel/lib/python3/dist-packages/autoware_config_msgs/msg/_ConfigVoxelGridFilter.py'...
Compiling '/workspaces/carma_ws/src/build/autoware_config_msgs/devel/lib/python3/dist-packages/autoware_config_msgs/msg/_ConfigWaypointFollower.py'...
Compiling '/workspaces/carma_ws/src/build/autoware_config_msgs/devel/lib/python3/dist-packages/autoware_config_msgs/msg/_ConfigWaypointReplanner.py'...
Compiling '/workspaces/carma_ws/src/build/autoware_config_msgs/devel/lib/python3/dist-packages/autoware_config_msgs/msg/__init__.py'...
-- Installing: /workspaces/carma_ws/src/install/autoware_config_msgs/lib/python3/dist-packages/autoware_config_msgs
-- Installing: /workspaces/carma_ws/src/install/autoware_config_msgs/lib/python3/dist-packages/autoware_config_msgs/__pycache__
-- Installing: /workspaces/carma_ws/src/install/autoware_config_msgs/lib/python3/dist-packages/autoware_config_msgs/__pycache__/__init__.cpython-38.pyc
-- Installing: /workspaces/carma_ws/src/install/autoware_config_msgs/lib/python3/dist-packages/autoware_config_msgs/msg
-- Installing: /workspaces/carma_ws/src/install/autoware_config_msgs/lib/python3/dist-packages/autoware_config_msgs/msg/_ConfigTwistFilter.py
-- Installing: /workspaces/carma_ws/src/install/autoware_config_msgs/lib/python3/dist-packages/autoware_config_msgs/msg/_ConfigCompareMapFilter.py
-- Installing: /workspaces/carma_ws/src/install/autoware_config_msgs/lib/python3/dist-packages/autoware_config_msgs/msg/__pycache__
-- Installing: /workspaces/carma_ws/src/install/autoware_config_msgs/lib/python3/dist-packages/autoware_config_msgs/msg/__pycache__/_ConfigApproximateNDTMapping.cpython-38.pyc
-- Installing: /workspaces/carma_ws/src/install/autoware_config_msgs/lib/python3/dist-packages/autoware_config_msgs/msg/__pycache__/_ConfigRandomFilter.cpython-38.pyc
-- Installing: /workspaces/carma_ws/src/install/autoware_config_msgs/lib/python3/dist-packages/autoware_config_msgs/msg/__pycache__/_ConfigPoints2Polygon.cpython-38.pyc
-- Installing: /workspaces/carma_ws/src/install/autoware_config_msgs/lib/python3/dist-packages/autoware_config_msgs/msg/__pycache__/_ConfigRayGroundFilter.cpython-38.pyc
-- Installing: /workspaces/carma_ws/src/install/autoware_config_msgs/lib/python3/dist-packages/autoware_config_msgs/msg/__pycache__/_ConfigVelocitySet.cpython-38.pyc
-- Installing: /workspaces/carma_ws/src/install/autoware_config_msgs/lib/python3/dist-packages/autoware_config_msgs/msg/__pycache__/_ConfigLaneStop.cpython-38.pyc
-- Installing: /workspaces/carma_ws/src/install/autoware_config_msgs/lib/python3/dist-packages/autoware_config_msgs/msg/__pycache__/_ConfigPedestrianFusion.cpython-38.pyc
-- Installing: /workspaces/carma_ws/src/install/autoware_config_msgs/lib/python3/dist-packages/autoware_config_msgs/msg/__pycache__/_ConfigCarDPM.cpython-38.pyc
-- Installing: /workspaces/carma_ws/src/install/autoware_config_msgs/lib/python3/dist-packages/autoware_config_msgs/msg/__pycache__/_ConfigDistanceFilter.cpython-38.pyc
-- Installing: /workspaces/carma_ws/src/install/autoware_config_msgs/lib/python3/dist-packages/autoware_config_msgs/msg/__pycache__/_ConfigCarFusion.cpython-38.pyc
-- Installing: /workspaces/carma_ws/src/install/autoware_config_msgs/lib/python3/dist-packages/autoware_config_msgs/msg/__pycache__/_ConfigNDTMappingOutput.cpython-38.pyc
-- Installing: /workspaces/carma_ws/src/install/autoware_config_msgs/lib/python3/dist-packages/autoware_config_msgs/msg/__pycache__/_ConfigPlannerSelector.cpython-38.pyc
-- Installing: /workspaces/carma_ws/src/install/autoware_config_msgs/lib/python3/dist-packages/autoware_config_msgs/msg/__pycache__/_ConfigPedestrianKF.cpython-38.pyc
-- Installing: /workspaces/carma_ws/src/install/autoware_config_msgs/lib/python3/dist-packages/autoware_config_msgs/msg/__pycache__/_ConfigVoxelGridFilter.cpython-38.pyc
-- Installing: /workspaces/carma_ws/src/install/autoware_config_msgs/lib/python3/dist-packages/autoware_config_msgs/msg/__pycache__/_ConfigRcnn.cpython-38.pyc
-- Installing: /workspaces/carma_ws/src/install/autoware_config_msgs/lib/python3/dist-packages/autoware_config_msgs/msg/__pycache__/_ConfigNDT.cpython-38.pyc
-- Installing: /workspaces/carma_ws/src/install/autoware_config_msgs/lib/python3/dist-packages/autoware_config_msgs/msg/__pycache__/_ConfigDecisionMaker.cpython-38.pyc
-- Installing: /workspaces/carma_ws/src/install/autoware_config_msgs/lib/python3/dist-packages/autoware_config_msgs/msg/__pycache__/_ConfigLaneRule.cpython-38.pyc
-- Installing: /workspaces/carma_ws/src/install/autoware_config_msgs/lib/python3/dist-packages/autoware_config_msgs/msg/__pycache__/_ConfigRingGroundFilter.cpython-38.pyc
-- Installing: /workspaces/carma_ws/src/install/autoware_config_msgs/lib/python3/dist-packages/autoware_config_msgs/msg/__pycache__/_ConfigCompareMapFilter.cpython-38.pyc
-- Installing: /workspaces/carma_ws/src/install/autoware_config_msgs/lib/python3/dist-packages/autoware_config_msgs/msg/__pycache__/_ConfigPedestrianDPM.cpython-38.pyc
-- Installing: /workspaces/carma_ws/src/install/autoware_config_msgs/lib/python3/dist-packages/autoware_config_msgs/msg/__pycache__/_ConfigWaypointFollower.cpython-38.pyc
-- Installing: /workspaces/carma_ws/src/install/autoware_config_msgs/lib/python3/dist-packages/autoware_config_msgs/msg/__pycache__/__init__.cpython-38.pyc
-- Installing: /workspaces/carma_ws/src/install/autoware_config_msgs/lib/python3/dist-packages/autoware_config_msgs/msg/__pycache__/_ConfigNDTMapping.cpython-38.pyc
-- Installing: /workspaces/carma_ws/src/install/autoware_config_msgs/lib/python3/dist-packages/autoware_config_msgs/msg/__pycache__/_ConfigTwistFilter.cpython-38.pyc
-- Installing: /workspaces/carma_ws/src/install/autoware_config_msgs/lib/python3/dist-packages/autoware_config_msgs/msg/__pycache__/_ConfigICP.cpython-38.pyc
-- Installing: /workspaces/carma_ws/src/install/autoware_config_msgs/lib/python3/dist-packages/autoware_config_msgs/msg/__pycache__/_ConfigLatticeVelocitySet.cpython-38.pyc
-- Installing: /workspaces/carma_ws/src/install/autoware_config_msgs/lib/python3/dist-packages/autoware_config_msgs/msg/__pycache__/_ConfigCarKF.cpython-38.pyc
-- Installing: /workspaces/carma_ws/src/install/autoware_config_msgs/lib/python3/dist-packages/autoware_config_msgs/msg/__pycache__/_ConfigLaneSelect.cpython-38.pyc
-- Installing: /workspaces/carma_ws/src/install/autoware_config_msgs/lib/python3/dist-packages/autoware_config_msgs/msg/__pycache__/_ConfigWaypointReplanner.cpython-38.pyc
-- Installing: /workspaces/carma_ws/src/install/autoware_config_msgs/lib/python3/dist-packages/autoware_config_msgs/msg/__pycache__/_ConfigRingFilter.cpython-38.pyc
-- Installing: /workspaces/carma_ws/src/install/autoware_config_msgs/lib/python3/dist-packages/autoware_config_msgs/msg/__pycache__/_ConfigSSD.cpython-38.pyc
-- Installing: /workspaces/carma_ws/src/install/autoware_config_msgs/lib/python3/dist-packages/autoware_config_msgs/msg/_ConfigLatticeVelocitySet.py
-- Installing: /workspaces/carma_ws/src/install/autoware_config_msgs/lib/python3/dist-packages/autoware_config_msgs/msg/_ConfigDecisionMaker.py
-- Installing: /workspaces/carma_ws/src/install/autoware_config_msgs/lib/python3/dist-packages/autoware_config_msgs/msg/_ConfigLaneStop.py
-- Installing: /workspaces/carma_ws/src/install/autoware_config_msgs/lib/python3/dist-packages/autoware_config_msgs/msg/_ConfigCarKF.py
-- Installing: /workspaces/carma_ws/src/install/autoware_config_msgs/lib/python3/dist-packages/autoware_config_msgs/msg/_ConfigWaypointFollower.py
-- Installing: /workspaces/carma_ws/src/install/autoware_config_msgs/lib/python3/dist-packages/autoware_config_msgs/msg/_ConfigCarDPM.py
-- Installing: /workspaces/carma_ws/src/install/autoware_config_msgs/lib/python3/dist-packages/autoware_config_msgs/msg/_ConfigWaypointReplanner.py
-- Installing: /workspaces/carma_ws/src/install/autoware_config_msgs/lib/python3/dist-packages/autoware_config_msgs/msg/_ConfigApproximateNDTMapping.py
-- Installing: /workspaces/carma_ws/src/install/autoware_config_msgs/lib/python3/dist-packages/autoware_config_msgs/msg/_ConfigRcnn.py
-- Installing: /workspaces/carma_ws/src/install/autoware_config_msgs/lib/python3/dist-packages/autoware_config_msgs/msg/_ConfigLaneSelect.py
-- Installing: /workspaces/carma_ws/src/install/autoware_config_msgs/lib/python3/dist-packages/autoware_config_msgs/msg/_ConfigRingGroundFilter.py
-- Installing: /workspaces/carma_ws/src/install/autoware_config_msgs/lib/python3/dist-packages/autoware_config_msgs/msg/_ConfigNDT.py
-- Installing: /workspaces/carma_ws/src/install/autoware_config_msgs/lib/python3/dist-packages/autoware_config_msgs/msg/_ConfigPoints2Polygon.py
-- Installing: /workspaces/carma_ws/src/install/autoware_config_msgs/lib/python3/dist-packages/autoware_config_msgs/msg/_ConfigSSD.py
-- Installing: /workspaces/carma_ws/src/install/autoware_config_msgs/lib/python3/dist-packages/autoware_config_msgs/msg/_ConfigVoxelGridFilter.py
-- Installing: /workspaces/carma_ws/src/install/autoware_config_msgs/lib/python3/dist-packages/autoware_config_msgs/msg/_ConfigPedestrianKF.py
-- Installing: /workspaces/carma_ws/src/install/autoware_config_msgs/lib/python3/dist-packages/autoware_config_msgs/msg/_ConfigVelocitySet.py
-- Installing: /workspaces/carma_ws/src/install/autoware_config_msgs/lib/python3/dist-packages/autoware_config_msgs/msg/_ConfigNDTMappingOutput.py
-- Installing: /workspaces/carma_ws/src/install/autoware_config_msgs/lib/python3/dist-packages/autoware_config_msgs/msg/_ConfigCarFusion.py
-- Installing: /workspaces/carma_ws/src/install/autoware_config_msgs/lib/python3/dist-packages/autoware_config_msgs/msg/_ConfigPedestrianDPM.py
-- Installing: /workspaces/carma_ws/src/install/autoware_config_msgs/lib/python3/dist-packages/autoware_config_msgs/msg/_ConfigDistanceFilter.py
-- Installing: /workspaces/carma_ws/src/install/autoware_config_msgs/lib/python3/dist-packages/autoware_config_msgs/msg/_ConfigPlannerSelector.py
-- Installing: /workspaces/carma_ws/src/install/autoware_config_msgs/lib/python3/dist-packages/autoware_config_msgs/msg/_ConfigPedestrianFusion.py
-- Installing: /workspaces/carma_ws/src/install/autoware_config_msgs/lib/python3/dist-packages/autoware_config_msgs/msg/_ConfigRandomFilter.py
-- Installing: /workspaces/carma_ws/src/install/autoware_config_msgs/lib/python3/dist-packages/autoware_config_msgs/msg/_ConfigNDTMapping.py
-- Installing: /workspaces/carma_ws/src/install/autoware_config_msgs/lib/python3/dist-packages/autoware_config_msgs/msg/_ConfigRayGroundFilter.py
-- Installing: /workspaces/carma_ws/src/install/autoware_config_msgs/lib/python3/dist-packages/autoware_config_msgs/msg/_ConfigICP.py
-- Installing: /workspaces/carma_ws/src/install/autoware_config_msgs/lib/python3/dist-packages/autoware_config_msgs/msg/_ConfigRingFilter.py
-- Installing: /workspaces/carma_ws/src/install/autoware_config_msgs/lib/python3/dist-packages/autoware_config_msgs/msg/_ConfigLaneRule.py
-- Installing: /workspaces/carma_ws/src/install/autoware_config_msgs/lib/python3/dist-packages/autoware_config_msgs/msg/__init__.py
-- Installing: /workspaces/carma_ws/src/install/autoware_config_msgs/lib/python3/dist-packages/autoware_config_msgs/__init__.py
-- Installing: /workspaces/carma_ws/src/install/autoware_config_msgs/lib/pkgconfig/autoware_config_msgs.pc
-- Installing: /workspaces/carma_ws/src/install/autoware_config_msgs/share/autoware_config_msgs/cmake/autoware_config_msgs-msg-extras.cmake
-- Installing: /workspaces/carma_ws/src/install/autoware_config_msgs/share/autoware_config_msgs/cmake/autoware_config_msgsConfig.cmake
-- Installing: /workspaces/carma_ws/src/install/autoware_config_msgs/share/autoware_config_msgs/cmake/autoware_config_msgsConfig-version.cmake
-- Installing: /workspaces/carma_ws/src/install/autoware_config_msgs/share/autoware_config_msgs/package.xml
