[0.064s] Invoking command in '/workspaces/carma_ws/src/build/autoware_config_msgs': /usr/bin/cmake /workspaces/carma_ws/src/autoware.ai/messages/autoware_config_msgs -DCATKIN_INSTALL_INTO_PREFIX_ROOT=0 -DCMAKE_INSTALL_PREFIX=/workspaces/carma_ws/src/install/autoware_config_msgs
[0.187s] -- The C compiler identification is GNU 9.3.0
[0.345s] -- The CXX compiler identification is GNU 9.3.0
[0.354s] -- Check for working C compiler: /usr/bin/cc
[0.471s] -- Check for working C compiler: /usr/bin/cc -- works
[0.472s] -- Detecting C compiler ABI info
[0.570s] -- Detecting C compiler ABI info - done
[0.593s] -- Detecting C compile features
[0.594s] -- Detecting C compile features - done
[0.601s] -- Check for working CXX compiler: /usr/bin/c++
[0.734s] -- Check for working CXX compiler: /usr/bin/c++ -- works
[0.736s] -- Detecting CXX compiler ABI info
[0.859s] -- Detecting CXX compiler ABI info - done
[0.887s] -- Detecting CXX compile features
[0.888s] -- Detecting CXX compile features - done
[0.893s] -- Using CATKIN_DEVEL_PREFIX: /workspaces/carma_ws/src/build/autoware_config_msgs/devel
[0.894s] -- Using CMAKE_PREFIX_PATH: /opt/ros/noetic
[0.894s] -- This workspace overlays: /opt/ros/noetic
[0.954s] -- Found PythonInterp: /usr/bin/python3 (found suitable version "3.8.10", minimum required is "3") 
[0.955s] -- Using PYTHON_EXECUTABLE: /usr/bin/python3
[0.955s] -- Using Debian Python package layout
[1.035s] -- Found PY_em: /usr/lib/python3/dist-packages/em.py  
[1.036s] -- Using empy: /usr/lib/python3/dist-packages/em.py
[1.328s] -- Using CATKIN_ENABLE_TESTING: ON
[1.328s] -- Call enable_testing()
[1.331s] -- Using CATKIN_TEST_RESULTS_DIR: /workspaces/carma_ws/src/build/autoware_config_msgs/test_results
[2.037s] -- Forcing gtest/gmock from source, though one was otherwise available.
[2.037s] -- Found gtest sources under '/usr/src/googletest': gtests will be built
[2.037s] -- Found gmock sources under '/usr/src/googletest': gmock will be built
[2.087s] -- Found PythonInterp: /usr/bin/python3 (found version "3.8.10") 
[2.092s] -- Found Threads: TRUE  
[2.103s] -- Using Python nosetests: /usr/bin/nosetests3
[2.204s] -- catkin 0.8.10
[2.204s] -- BUILD_SHARED_LIBS is on
[2.533s] -- Using these message generators: gencpp;geneus;genlisp;gennodejs;genpy
[3.085s] -- autoware_config_msgs: 31 messages, 0 services
[3.463s] -- Configuring done
[3.573s] -- Generating done
[3.588s] -- Build files have been written to: /workspaces/carma_ws/src/build/autoware_config_msgs
[3.612s] Invoked command in '/workspaces/carma_ws/src/build/autoware_config_msgs' returned '0': /usr/bin/cmake /workspaces/carma_ws/src/autoware.ai/messages/autoware_config_msgs -DCATKIN_INSTALL_INTO_PREFIX_ROOT=0 -DCMAKE_INSTALL_PREFIX=/workspaces/carma_ws/src/install/autoware_config_msgs
[3.614s] Invoking command in '/workspaces/carma_ws/src/build/autoware_config_msgs': /usr/bin/cmake --build /workspaces/carma_ws/src/build/autoware_config_msgs -- -j12 -l12
[4.365s] [35m[1mScanning dependencies of target _autoware_config_msgs_generate_messages_check_deps_ConfigLatticeVelocitySet[0m
[4.365s] [35m[1mScanning dependencies of target _autoware_config_msgs_generate_messages_check_deps_ConfigNDTMappingOutput[0m
[4.365s] [35m[1mScanning dependencies of target _autoware_config_msgs_generate_messages_check_deps_ConfigRingGroundFilter[0m
[4.365s] [35m[1mScanning dependencies of target std_msgs_generate_messages_eus[0m
[4.366s] [35m[1mScanning dependencies of target _autoware_config_msgs_generate_messages_check_deps_ConfigPedestrianFusion[0m
[4.366s] [  0%] Built target std_msgs_generate_messages_eus
[4.366s] [35m[1mScanning dependencies of target _autoware_config_msgs_generate_messages_check_deps_ConfigNDT[0m
[4.366s] [35m[1mScanning dependencies of target _autoware_config_msgs_generate_messages_check_deps_ConfigLaneRule[0m
[4.366s] [35m[1mScanning dependencies of target _autoware_config_msgs_generate_messages_check_deps_ConfigRcnn[0m
[4.366s] [35m[1mScanning dependencies of target _autoware_config_msgs_generate_messages_check_deps_ConfigRingFilter[0m
[4.366s] [35m[1mScanning dependencies of target _autoware_config_msgs_generate_messages_check_deps_ConfigVelocitySet[0m
[4.367s] [  0%] Built target _autoware_config_msgs_generate_messages_check_deps_ConfigLatticeVelocitySet
[4.367s] [35m[1mScanning dependencies of target _autoware_config_msgs_generate_messages_check_deps_ConfigPedestrianKF[0m
[4.367s] [  0%] Built target _autoware_config_msgs_generate_messages_check_deps_ConfigRingGroundFilter
[4.367s] [  0%] Built target _autoware_config_msgs_generate_messages_check_deps_ConfigNDTMappingOutput
[4.367s] [  0%] Built target _autoware_config_msgs_generate_messages_check_deps_ConfigPedestrianFusion
[4.367s] [  0%] Built target _autoware_config_msgs_generate_messages_check_deps_ConfigRcnn
[4.367s] [  0%] Built target _autoware_config_msgs_generate_messages_check_deps_ConfigNDT
[4.367s] [35m[1mScanning dependencies of target _autoware_config_msgs_generate_messages_check_deps_ConfigPlannerSelector[0m
[4.368s] [35m[1mScanning dependencies of target _autoware_config_msgs_generate_messages_check_deps_ConfigPedestrianDPM[0m
[4.368s] [35m[1mScanning dependencies of target _autoware_config_msgs_generate_messages_check_deps_ConfigICP[0m
[4.368s] [  0%] Built target _autoware_config_msgs_generate_messages_check_deps_ConfigLaneRule
[4.368s] [35m[1mScanning dependencies of target _autoware_config_msgs_generate_messages_check_deps_ConfigLaneSelect[0m
[4.368s] [  0%] Built target _autoware_config_msgs_generate_messages_check_deps_ConfigRingFilter
[4.368s] [  0%] Built target _autoware_config_msgs_generate_messages_check_deps_ConfigVelocitySet
[4.368s] [  0%] Built target _autoware_config_msgs_generate_messages_check_deps_ConfigPedestrianKF
[4.369s] [35m[1mScanning dependencies of target _autoware_config_msgs_generate_messages_check_deps_ConfigDecisionMaker[0m
[4.369s] [35m[1mScanning dependencies of target _autoware_config_msgs_generate_messages_check_deps_ConfigApproximateNDTMapping[0m
[4.382s] [35m[1mScanning dependencies of target _autoware_config_msgs_generate_messages_check_deps_ConfigCompareMapFilter[0m
[4.395s] [35m[1mScanning dependencies of target _autoware_config_msgs_generate_messages_check_deps_ConfigCarFusion[0m
[4.423s] [35m[1mScanning dependencies of target _autoware_config_msgs_generate_messages_check_deps_ConfigWaypointFollower[0m
[4.459s] [  0%] Built target _autoware_config_msgs_generate_messages_check_deps_ConfigICP
[4.465s] [35m[1mScanning dependencies of target _autoware_config_msgs_generate_messages_check_deps_ConfigNDTMapping[0m
[4.472s] [35m[1mScanning dependencies of target _autoware_config_msgs_generate_messages_check_deps_ConfigCarKF[0m
[4.478s] [35m[1mScanning dependencies of target _autoware_config_msgs_generate_messages_check_deps_ConfigCarDPM[0m
[4.517s] [  0%] Built target _autoware_config_msgs_generate_messages_check_deps_ConfigPedestrianDPM
[4.541s] [  0%] Built target _autoware_config_msgs_generate_messages_check_deps_ConfigPlannerSelector
[4.629s] [  0%] Built target _autoware_config_msgs_generate_messages_check_deps_ConfigApproximateNDTMapping
[4.652s] [  0%] Built target _autoware_config_msgs_generate_messages_check_deps_ConfigDecisionMaker
[4.652s] [  0%] Built target _autoware_config_msgs_generate_messages_check_deps_ConfigLaneSelect
[4.690s] [35m[1mScanning dependencies of target _autoware_config_msgs_generate_messages_check_deps_ConfigRandomFilter[0m
[4.743s] [35m[1mScanning dependencies of target _autoware_config_msgs_generate_messages_check_deps_ConfigDistanceFilter[0m
[4.795s] [35m[1mScanning dependencies of target _autoware_config_msgs_generate_messages_check_deps_ConfigLaneStop[0m
[4.805s] [35m[1mScanning dependencies of target _autoware_config_msgs_generate_messages_check_deps_ConfigPoints2Polygon[0m
[4.806s] [  0%] Built target _autoware_config_msgs_generate_messages_check_deps_ConfigCarFusion
[4.844s] [35m[1mScanning dependencies of target _autoware_config_msgs_generate_messages_check_deps_ConfigSSD[0m
[4.924s] [35m[1mScanning dependencies of target _autoware_config_msgs_generate_messages_check_deps_ConfigRayGroundFilter[0m
[4.935s] [35m[1mScanning dependencies of target _autoware_config_msgs_generate_messages_check_deps_ConfigTwistFilter[0m
[4.961s] [  0%] Built target _autoware_config_msgs_generate_messages_check_deps_ConfigCompareMapFilter
[4.967s] [  0%] Built target _autoware_config_msgs_generate_messages_check_deps_ConfigCarDPM
[4.999s] [35m[1mScanning dependencies of target _autoware_config_msgs_generate_messages_check_deps_ConfigVoxelGridFilter[0m
[5.071s] [35m[1mScanning dependencies of target _autoware_config_msgs_generate_messages_check_deps_ConfigWaypointReplanner[0m
[5.078s] [  0%] Built target _autoware_config_msgs_generate_messages_check_deps_ConfigCarKF
[5.175s] [  0%] Built target _autoware_config_msgs_generate_messages_check_deps_ConfigWaypointFollower
[5.180s] [  0%] Built target _autoware_config_msgs_generate_messages_check_deps_ConfigTwistFilter
[5.232s] [35m[1mScanning dependencies of target std_msgs_generate_messages_nodejs[0m
[5.291s] [  0%] Built target _autoware_config_msgs_generate_messages_check_deps_ConfigNDTMapping
[5.292s] [35m[1mScanning dependencies of target std_msgs_generate_messages_lisp[0m
[5.299s] [  0%] Built target _autoware_config_msgs_generate_messages_check_deps_ConfigRayGroundFilter
[5.372s] [35m[1mScanning dependencies of target std_msgs_generate_messages_py[0m
[5.444s] [  0%] Built target _autoware_config_msgs_generate_messages_check_deps_ConfigLaneStop
[5.466s] [  0%] Built target _autoware_config_msgs_generate_messages_check_deps_ConfigDistanceFilter
[5.473s] [  0%] Built target _autoware_config_msgs_generate_messages_check_deps_ConfigRandomFilter
[5.474s] [  0%] Built target _autoware_config_msgs_generate_messages_check_deps_ConfigPoints2Polygon
[5.480s] [  0%] Built target _autoware_config_msgs_generate_messages_check_deps_ConfigSSD
[5.500s] [  0%] Built target _autoware_config_msgs_generate_messages_check_deps_ConfigVoxelGridFilter
[5.606s] [  0%] Built target _autoware_config_msgs_generate_messages_check_deps_ConfigWaypointReplanner
[5.769s] [35m[1mScanning dependencies of target std_msgs_generate_messages_cpp[0m
[5.774s] [  0%] Built target std_msgs_generate_messages_lisp
[5.807s] [  0%] Built target std_msgs_generate_messages_nodejs
[5.825s] [  0%] Built target std_msgs_generate_messages_py
[5.991s] [35m[1mScanning dependencies of target autoware_config_msgs_generate_messages_eus[0m
[6.000s] [  0%] Built target std_msgs_generate_messages_cpp
[6.040s] [  1%] [34m[1mGenerating EusLisp code from autoware_config_msgs/ConfigCarDPM.msg[0m
[6.114s] [35m[1mScanning dependencies of target autoware_config_msgs_generate_messages_lisp[0m
[6.117s] [  2%] [34m[1mGenerating EusLisp code from autoware_config_msgs/ConfigApproximateNDTMapping.msg[0m
[6.137s] [35m[1mScanning dependencies of target autoware_config_msgs_generate_messages_py[0m
[6.181s] [  2%] [34m[1mGenerating EusLisp code from autoware_config_msgs/ConfigCarFusion.msg[0m
[6.184s] [35m[1mScanning dependencies of target autoware_config_msgs_generate_messages_nodejs[0m
[6.239s] [35m[1mScanning dependencies of target autoware_config_msgs_generate_messages_cpp[0m
[6.262s] [  2%] [34m[1mGenerating Javascript code from autoware_config_msgs/ConfigCarFusion.msg[0m
[6.306s] [  4%] [34m[1mGenerating Lisp code from autoware_config_msgs/ConfigApproximateNDTMapping.msg[0m
[6.318s] [  5%] [34m[1mGenerating Javascript code from autoware_config_msgs/ConfigCarDPM.msg[0m
[6.319s] [  5%] [34m[1mGenerating Javascript code from autoware_config_msgs/ConfigApproximateNDTMapping.msg[0m
[6.320s] [  5%] [34m[1mGenerating EusLisp code from autoware_config_msgs/ConfigCarKF.msg[0m
[6.329s] [  7%] [34m[1mGenerating Lisp code from autoware_config_msgs/ConfigCarDPM.msg[0m
[6.330s] [  7%] [34m[1mGenerating Lisp code from autoware_config_msgs/ConfigCarFusion.msg[0m
[6.356s] [  8%] [34m[1mGenerating Python from MSG autoware_config_msgs/ConfigApproximateNDTMapping[0m
[6.544s] [  8%] [34m[1mGenerating C++ code from autoware_config_msgs/ConfigApproximateNDTMapping.msg[0m
[6.583s] [  9%] [34m[1mGenerating C++ code from autoware_config_msgs/ConfigCarDPM.msg[0m
[6.723s] [ 10%] [34m[1mGenerating Javascript code from autoware_config_msgs/ConfigCarKF.msg[0m
[6.789s] [ 10%] [34m[1mGenerating Lisp code from autoware_config_msgs/ConfigCarKF.msg[0m
[6.857s] [ 10%] [34m[1mGenerating C++ code from autoware_config_msgs/ConfigCarFusion.msg[0m
[6.908s] [ 10%] [34m[1mGenerating EusLisp code from autoware_config_msgs/ConfigCompareMapFilter.msg[0m
[6.963s] [ 11%] [34m[1mGenerating EusLisp code from autoware_config_msgs/ConfigDecisionMaker.msg[0m
[7.042s] [ 12%] [34m[1mGenerating Javascript code from autoware_config_msgs/ConfigCompareMapFilter.msg[0m
[7.045s] [ 13%] [34m[1mGenerating Lisp code from autoware_config_msgs/ConfigCompareMapFilter.msg[0m
[7.210s] [ 14%] [34m[1mGenerating EusLisp code from autoware_config_msgs/ConfigDistanceFilter.msg[0m
[7.354s] [ 14%] [34m[1mGenerating EusLisp code from autoware_config_msgs/ConfigICP.msg[0m
[7.470s] [ 14%] [34m[1mGenerating Javascript code from autoware_config_msgs/ConfigDecisionMaker.msg[0m
[7.483s] [ 15%] [34m[1mGenerating EusLisp code from autoware_config_msgs/ConfigLaneRule.msg[0m
[7.484s] [ 15%] [34m[1mGenerating Lisp code from autoware_config_msgs/ConfigDecisionMaker.msg[0m
[7.675s] [ 16%] [34m[1mGenerating Javascript code from autoware_config_msgs/ConfigDistanceFilter.msg[0m
[7.731s] [ 16%] [34m[1mGenerating EusLisp code from autoware_config_msgs/ConfigLaneSelect.msg[0m
[7.947s] [ 17%] [34m[1mGenerating Lisp code from autoware_config_msgs/ConfigDistanceFilter.msg[0m
[8.012s] [ 18%] [34m[1mGenerating Lisp code from autoware_config_msgs/ConfigICP.msg[0m
[8.031s] [ 18%] [34m[1mGenerating Javascript code from autoware_config_msgs/ConfigICP.msg[0m
[8.095s] [ 20%] [34m[1mGenerating C++ code from autoware_config_msgs/ConfigCompareMapFilter.msg[0m
[8.118s] [ 21%] [34m[1mGenerating C++ code from autoware_config_msgs/ConfigCarKF.msg[0m
[8.196s] [ 22%] [34m[1mGenerating EusLisp code from autoware_config_msgs/ConfigLaneStop.msg[0m
[8.213s] [ 22%] [34m[1mGenerating C++ code from autoware_config_msgs/ConfigDecisionMaker.msg[0m
[8.319s] [ 23%] [34m[1mGenerating Javascript code from autoware_config_msgs/ConfigLaneSelect.msg[0m
[8.345s] [ 24%] [34m[1mGenerating Javascript code from autoware_config_msgs/ConfigLaneRule.msg[0m
[8.452s] [ 25%] [34m[1mGenerating EusLisp code from autoware_config_msgs/ConfigLatticeVelocitySet.msg[0m
[8.472s] [ 25%] [34m[1mGenerating Lisp code from autoware_config_msgs/ConfigLaneRule.msg[0m
[8.494s] [ 25%] [34m[1mGenerating Javascript code from autoware_config_msgs/ConfigLaneStop.msg[0m
[8.625s] [ 26%] [34m[1mGenerating Javascript code from autoware_config_msgs/ConfigLatticeVelocitySet.msg[0m
[8.668s] [ 26%] [34m[1mGenerating Python from MSG autoware_config_msgs/ConfigCarDPM[0m
[8.708s] [ 26%] [34m[1mGenerating EusLisp code from autoware_config_msgs/ConfigNDTMapping.msg[0m
[8.712s] [ 26%] [34m[1mGenerating Javascript code from autoware_config_msgs/ConfigNDTMapping.msg[0m
[8.723s] [ 27%] [34m[1mGenerating C++ code from autoware_config_msgs/ConfigDistanceFilter.msg[0m
[8.768s] [ 28%] [34m[1mGenerating EusLisp code from autoware_config_msgs/ConfigNDTMappingOutput.msg[0m
[8.810s] [ 29%] [34m[1mGenerating Javascript code from autoware_config_msgs/ConfigNDTMappingOutput.msg[0m
[8.817s] [ 30%] [34m[1mGenerating Lisp code from autoware_config_msgs/ConfigLaneSelect.msg[0m
[8.877s] [ 31%] [34m[1mGenerating Javascript code from autoware_config_msgs/ConfigNDT.msg[0m
[8.942s] [ 31%] [34m[1mGenerating C++ code from autoware_config_msgs/ConfigICP.msg[0m
[8.994s] [ 31%] [34m[1mGenerating Javascript code from autoware_config_msgs/ConfigPedestrianDPM.msg[0m
[9.030s] [ 31%] [34m[1mGenerating EusLisp code from autoware_config_msgs/ConfigNDT.msg[0m
[9.162s] [ 32%] [34m[1mGenerating C++ code from autoware_config_msgs/ConfigLaneRule.msg[0m
[9.343s] [ 32%] [34m[1mGenerating Javascript code from autoware_config_msgs/ConfigPedestrianKF.msg[0m
[9.354s] [ 33%] [34m[1mGenerating Javascript code from autoware_config_msgs/ConfigPedestrianFusion.msg[0m
[9.451s] [ 34%] [34m[1mGenerating Javascript code from autoware_config_msgs/ConfigPlannerSelector.msg[0m
[9.575s] [ 35%] [34m[1mGenerating EusLisp code from autoware_config_msgs/ConfigPedestrianDPM.msg[0m
[9.597s] [ 36%] [34m[1mGenerating EusLisp code from autoware_config_msgs/ConfigPedestrianFusion.msg[0m
[9.609s] [ 37%] [34m[1mGenerating Javascript code from autoware_config_msgs/ConfigPoints2Polygon.msg[0m
[9.621s] [ 37%] [34m[1mGenerating Lisp code from autoware_config_msgs/ConfigLaneStop.msg[0m
[9.794s] [ 38%] [34m[1mGenerating Lisp code from autoware_config_msgs/ConfigLatticeVelocitySet.msg[0m
[9.876s] [ 40%] [34m[1mGenerating Python from MSG autoware_config_msgs/ConfigCarFusion[0m
[9.893s] [ 41%] [34m[1mGenerating Lisp code from autoware_config_msgs/ConfigNDTMapping.msg[0m
[9.932s] [ 42%] [34m[1mGenerating C++ code from autoware_config_msgs/ConfigLaneSelect.msg[0m
[9.951s] [ 42%] [34m[1mGenerating Javascript code from autoware_config_msgs/ConfigRandomFilter.msg[0m
[10.056s] [ 43%] [34m[1mGenerating Python from MSG autoware_config_msgs/ConfigCarKF[0m
[10.202s] [ 43%] [34m[1mGenerating Lisp code from autoware_config_msgs/ConfigNDTMappingOutput.msg[0m
[10.229s] [ 44%] [34m[1mGenerating Lisp code from autoware_config_msgs/ConfigNDT.msg[0m
[10.237s] [ 45%] [34m[1mGenerating C++ code from autoware_config_msgs/ConfigLatticeVelocitySet.msg[0m
[10.245s] [ 46%] [34m[1mGenerating Javascript code from autoware_config_msgs/ConfigRayGroundFilter.msg[0m
[10.321s] [ 46%] [34m[1mGenerating C++ code from autoware_config_msgs/ConfigLaneStop.msg[0m
[10.443s] [ 46%] [34m[1mGenerating EusLisp code from autoware_config_msgs/ConfigPedestrianKF.msg[0m
[10.815s] [ 46%] [34m[1mGenerating Lisp code from autoware_config_msgs/ConfigPedestrianDPM.msg[0m
[10.937s] [ 47%] [34m[1mGenerating Javascript code from autoware_config_msgs/ConfigRingFilter.msg[0m
[10.989s] [ 48%] [34m[1mGenerating EusLisp code from autoware_config_msgs/ConfigPlannerSelector.msg[0m
[11.100s] [ 49%] [34m[1mGenerating Lisp code from autoware_config_msgs/ConfigPedestrianFusion.msg[0m
[11.353s] [ 49%] [34m[1mGenerating Javascript code from autoware_config_msgs/ConfigRcnn.msg[0m
[11.416s] [ 50%] [34m[1mGenerating Lisp code from autoware_config_msgs/ConfigPedestrianKF.msg[0m
[11.436s] [ 50%] [34m[1mGenerating EusLisp code from autoware_config_msgs/ConfigPoints2Polygon.msg[0m
[11.462s] [ 51%] [34m[1mGenerating C++ code from autoware_config_msgs/ConfigPedestrianFusion.msg[0m
[11.492s] [ 51%] [34m[1mGenerating Python from MSG autoware_config_msgs/ConfigCompareMapFilter[0m
[11.551s] [ 52%] [34m[1mGenerating Javascript code from autoware_config_msgs/ConfigRingGroundFilter.msg[0m
[11.829s] [ 53%] [34m[1mGenerating EusLisp code from autoware_config_msgs/ConfigRandomFilter.msg[0m
[11.863s] [ 54%] [34m[1mGenerating Lisp code from autoware_config_msgs/ConfigPoints2Polygon.msg[0m
[12.010s] [ 54%] [34m[1mGenerating Javascript code from autoware_config_msgs/ConfigSSD.msg[0m
[12.215s] [ 54%] [34m[1mGenerating C++ code from autoware_config_msgs/ConfigPedestrianDPM.msg[0m
[12.227s] [ 54%] [34m[1mGenerating Lisp code from autoware_config_msgs/ConfigPlannerSelector.msg[0m
[12.251s] [ 55%] [34m[1mGenerating Javascript code from autoware_config_msgs/ConfigTwistFilter.msg[0m
[12.356s] [ 56%] [34m[1mGenerating EusLisp code from autoware_config_msgs/ConfigRayGroundFilter.msg[0m
[12.357s] [ 57%] [34m[1mGenerating Python from MSG autoware_config_msgs/ConfigDistanceFilter[0m
[12.540s] [ 57%] [34m[1mGenerating Javascript code from autoware_config_msgs/ConfigVelocitySet.msg[0m
[12.568s] [ 57%] [34m[1mGenerating Lisp code from autoware_config_msgs/ConfigRandomFilter.msg[0m
[12.719s] [ 57%] [34m[1mGenerating EusLisp code from autoware_config_msgs/ConfigRcnn.msg[0m
[12.828s] [ 57%] [34m[1mGenerating C++ code from autoware_config_msgs/ConfigPedestrianKF.msg[0m
[12.878s] [ 58%] [34m[1mGenerating Lisp code from autoware_config_msgs/ConfigRayGroundFilter.msg[0m
[12.894s] [ 60%] [34m[1mGenerating Javascript code from autoware_config_msgs/ConfigVoxelGridFilter.msg[0m
[13.006s] [ 61%] [34m[1mGenerating EusLisp code from autoware_config_msgs/ConfigRingFilter.msg[0m
[13.178s] [ 62%] [34m[1mGenerating Javascript code from autoware_config_msgs/ConfigWaypointFollower.msg[0m
[13.231s] [ 63%] [34m[1mGenerating Lisp code from autoware_config_msgs/ConfigRcnn.msg[0m
[13.289s] [ 63%] [34m[1mGenerating Python from MSG autoware_config_msgs/ConfigICP[0m
[13.396s] [ 64%] [34m[1mGenerating C++ code from autoware_config_msgs/ConfigNDT.msg[0m
[13.418s] [ 64%] [34m[1mGenerating Javascript code from autoware_config_msgs/ConfigWaypointReplanner.msg[0m
[13.513s] [ 65%] [34m[1mGenerating EusLisp code from autoware_config_msgs/ConfigSSD.msg[0m
[13.522s] [ 65%] [34m[1mGenerating Lisp code from autoware_config_msgs/ConfigRingFilter.msg[0m
[13.735s] [ 65%] Built target autoware_config_msgs_generate_messages_nodejs
[13.790s] [ 66%] [34m[1mGenerating Lisp code from autoware_config_msgs/ConfigRingGroundFilter.msg[0m
[13.927s] [ 67%] [34m[1mGenerating EusLisp code from autoware_config_msgs/ConfigTwistFilter.msg[0m
[14.039s] [ 68%] [34m[1mGenerating C++ code from autoware_config_msgs/ConfigPoints2Polygon.msg[0m
[14.082s] [ 69%] [34m[1mGenerating Lisp code from autoware_config_msgs/ConfigTwistFilter.msg[0m
[14.339s] [ 69%] [34m[1mGenerating EusLisp code from autoware_config_msgs/ConfigVelocitySet.msg[0m
[14.366s] [ 70%] [34m[1mGenerating Python from MSG autoware_config_msgs/ConfigLaneRule[0m
[14.416s] [ 70%] [34m[1mGenerating Lisp code from autoware_config_msgs/ConfigVoxelGridFilter.msg[0m
[14.783s] [ 71%] [34m[1mGenerating C++ code from autoware_config_msgs/ConfigPlannerSelector.msg[0m
[14.897s] [ 72%] [34m[1mGenerating Lisp code from autoware_config_msgs/ConfigWaypointFollower.msg[0m
[14.950s] [ 72%] [34m[1mGenerating EusLisp code from autoware_config_msgs/ConfigRingGroundFilter.msg[0m
[15.164s] [ 73%] [34m[1mGenerating Python from MSG autoware_config_msgs/ConfigLaneStop[0m
[15.203s] [ 74%] [34m[1mGenerating EusLisp code from autoware_config_msgs/ConfigVoxelGridFilter.msg[0m
[15.219s] [ 74%] [34m[1mGenerating Lisp code from autoware_config_msgs/ConfigWaypointReplanner.msg[0m
[15.620s] [ 75%] [34m[1mGenerating Lisp code from autoware_config_msgs/ConfigVelocitySet.msg[0m
[15.665s] [ 75%] [34m[1mGenerating C++ code from autoware_config_msgs/ConfigRandomFilter.msg[0m
[15.741s] [ 76%] [34m[1mGenerating EusLisp manifest code for autoware_config_msgs[0m
[16.004s] [ 76%] [34m[1mGenerating Python from MSG autoware_config_msgs/ConfigLaneSelect[0m
[16.039s] [ 76%] [34m[1mGenerating Lisp code from autoware_config_msgs/ConfigSSD.msg[0m
[16.235s] [ 76%] [34m[1mGenerating C++ code from autoware_config_msgs/ConfigRcnn.msg[0m
[16.259s] [ 76%] Built target autoware_config_msgs_generate_messages_lisp
[16.697s] [ 77%] [34m[1mGenerating C++ code from autoware_config_msgs/ConfigRayGroundFilter.msg[0m
[17.071s] [ 77%] [34m[1mGenerating Python from MSG autoware_config_msgs/ConfigNDT[0m
[17.246s] [ 78%] [34m[1mGenerating C++ code from autoware_config_msgs/ConfigRingFilter.msg[0m
[17.961s] [ 80%] [34m[1mGenerating Python from MSG autoware_config_msgs/ConfigPedestrianDPM[0m
[18.074s] [ 81%] [34m[1mGenerating EusLisp code from autoware_config_msgs/ConfigWaypointReplanner.msg[0m
[18.132s] [ 82%] [34m[1mGenerating C++ code from autoware_config_msgs/ConfigRingGroundFilter.msg[0m
[18.330s] [ 82%] [34m[1mGenerating EusLisp code from autoware_config_msgs/ConfigWaypointFollower.msg[0m
[18.653s] [ 82%] Built target autoware_config_msgs_generate_messages_eus
[18.768s] [ 83%] [34m[1mGenerating Python from MSG autoware_config_msgs/ConfigPlannerSelector[0m
[18.786s] [ 84%] [34m[1mGenerating C++ code from autoware_config_msgs/ConfigTwistFilter.msg[0m
[19.498s] [ 84%] [34m[1mGenerating C++ code from autoware_config_msgs/ConfigVelocitySet.msg[0m
[19.564s] [ 84%] [34m[1mGenerating Python from MSG autoware_config_msgs/ConfigPoints2Polygon[0m
[20.197s] [ 85%] [34m[1mGenerating C++ code from autoware_config_msgs/ConfigVoxelGridFilter.msg[0m
[20.523s] [ 86%] [34m[1mGenerating Python from MSG autoware_config_msgs/ConfigRandomFilter[0m
[20.729s] [ 87%] [34m[1mGenerating C++ code from autoware_config_msgs/ConfigWaypointFollower.msg[0m
[21.187s] [ 87%] [34m[1mGenerating C++ code from autoware_config_msgs/ConfigSSD.msg[0m
[21.456s] [ 87%] [34m[1mGenerating Python from MSG autoware_config_msgs/ConfigRcnn[0m
[21.784s] [ 87%] [34m[1mGenerating C++ code from autoware_config_msgs/ConfigWaypointReplanner.msg[0m
[22.355s] [ 88%] [34m[1mGenerating Python from MSG autoware_config_msgs/ConfigRingFilter[0m
[22.410s] [ 89%] [34m[1mGenerating C++ code from autoware_config_msgs/ConfigNDTMappingOutput.msg[0m
[23.135s] [ 89%] [34m[1mGenerating C++ code from autoware_config_msgs/ConfigNDTMapping.msg[0m
[23.215s] [ 90%] [34m[1mGenerating Python from MSG autoware_config_msgs/ConfigTwistFilter[0m
[23.717s] [ 90%] Built target autoware_config_msgs_generate_messages_cpp
[23.886s] [ 91%] [34m[1mGenerating Python from MSG autoware_config_msgs/ConfigVoxelGridFilter[0m
[24.702s] [ 91%] [34m[1mGenerating Python from MSG autoware_config_msgs/ConfigWaypointFollower[0m
[25.462s] [ 92%] [34m[1mGenerating Python from MSG autoware_config_msgs/ConfigWaypointReplanner[0m
[26.323s] [ 92%] [34m[1mGenerating Python from MSG autoware_config_msgs/ConfigVelocitySet[0m
[27.082s] [ 93%] [34m[1mGenerating Python from MSG autoware_config_msgs/ConfigSSD[0m
[27.795s] [ 93%] [34m[1mGenerating Python from MSG autoware_config_msgs/ConfigRingGroundFilter[0m
[28.580s] [ 94%] [34m[1mGenerating Python from MSG autoware_config_msgs/ConfigRayGroundFilter[0m
[29.439s] [ 94%] [34m[1mGenerating Python from MSG autoware_config_msgs/ConfigPedestrianKF[0m
[30.166s] [ 95%] [34m[1mGenerating Python from MSG autoware_config_msgs/ConfigPedestrianFusion[0m
[30.610s] [ 96%] [34m[1mGenerating Python from MSG autoware_config_msgs/ConfigNDTMappingOutput[0m
[31.321s] [ 96%] [34m[1mGenerating Python from MSG autoware_config_msgs/ConfigNDTMapping[0m
[32.011s] [ 97%] [34m[1mGenerating Python from MSG autoware_config_msgs/ConfigLatticeVelocitySet[0m
[32.696s] [ 98%] [34m[1mGenerating Python from MSG autoware_config_msgs/ConfigDecisionMaker[0m
[33.233s] [100%] [34m[1mGenerating Python msg __init__.py for autoware_config_msgs[0m
[33.813s] [100%] Built target autoware_config_msgs_generate_messages_py
[33.831s] [35m[1mScanning dependencies of target autoware_config_msgs_generate_messages[0m
[33.935s] [100%] Built target autoware_config_msgs_generate_messages
[34.017s] Invoked command in '/workspaces/carma_ws/src/build/autoware_config_msgs' returned '0': /usr/bin/cmake --build /workspaces/carma_ws/src/build/autoware_config_msgs -- -j12 -l12
[34.721s] Invoking command in '/workspaces/carma_ws/src/build/autoware_config_msgs': /usr/bin/cmake --build /workspaces/carma_ws/src/build/autoware_config_msgs --target tests -- -j12 -l12
[44.655s] [35m[1mScanning dependencies of target tests[0m
[44.656s] Built target tests
[44.688s] Invoked command in '/workspaces/carma_ws/src/build/autoware_config_msgs' returned '0': /usr/bin/cmake --build /workspaces/carma_ws/src/build/autoware_config_msgs --target tests -- -j12 -l12
[45.177s] Invoking command in '/workspaces/carma_ws/src/build/autoware_config_msgs': /usr/bin/cmake --install /workspaces/carma_ws/src/build/autoware_config_msgs
[47.892s] -- Install configuration: ""
[47.892s] -- Installing: /workspaces/carma_ws/src/install/autoware_config_msgs/share/autoware_config_msgs/msg/ConfigApproximateNDTMapping.msg
[47.892s] -- Installing: /workspaces/carma_ws/src/install/autoware_config_msgs/share/autoware_config_msgs/msg/ConfigCarDPM.msg
[47.892s] -- Installing: /workspaces/carma_ws/src/install/autoware_config_msgs/share/autoware_config_msgs/msg/ConfigCarFusion.msg
[47.893s] -- Installing: /workspaces/carma_ws/src/install/autoware_config_msgs/share/autoware_config_msgs/msg/ConfigCarKF.msg
[47.893s] -- Installing: /workspaces/carma_ws/src/install/autoware_config_msgs/share/autoware_config_msgs/msg/ConfigCompareMapFilter.msg
[47.893s] -- Installing: /workspaces/carma_ws/src/install/autoware_config_msgs/share/autoware_config_msgs/msg/ConfigDecisionMaker.msg
[47.893s] -- Installing: /workspaces/carma_ws/src/install/autoware_config_msgs/share/autoware_config_msgs/msg/ConfigDistanceFilter.msg
[47.893s] -- Installing: /workspaces/carma_ws/src/install/autoware_config_msgs/share/autoware_config_msgs/msg/ConfigICP.msg
[47.893s] -- Installing: /workspaces/carma_ws/src/install/autoware_config_msgs/share/autoware_config_msgs/msg/ConfigLaneRule.msg
[47.893s] -- Installing: /workspaces/carma_ws/src/install/autoware_config_msgs/share/autoware_config_msgs/msg/ConfigLaneSelect.msg
[47.893s] -- Installing: /workspaces/carma_ws/src/install/autoware_config_msgs/share/autoware_config_msgs/msg/ConfigLaneStop.msg
[47.893s] -- Installing: /workspaces/carma_ws/src/install/autoware_config_msgs/share/autoware_config_msgs/msg/ConfigLatticeVelocitySet.msg
[47.893s] -- Installing: /workspaces/carma_ws/src/install/autoware_config_msgs/share/autoware_config_msgs/msg/ConfigNDTMapping.msg
[47.893s] -- Installing: /workspaces/carma_ws/src/install/autoware_config_msgs/share/autoware_config_msgs/msg/ConfigNDTMappingOutput.msg
[47.893s] -- Installing: /workspaces/carma_ws/src/install/autoware_config_msgs/share/autoware_config_msgs/msg/ConfigNDT.msg
[47.894s] -- Installing: /workspaces/carma_ws/src/install/autoware_config_msgs/share/autoware_config_msgs/msg/ConfigPedestrianDPM.msg
[47.894s] -- Installing: /workspaces/carma_ws/src/install/autoware_config_msgs/share/autoware_config_msgs/msg/ConfigPedestrianFusion.msg
[47.895s] -- Installing: /workspaces/carma_ws/src/install/autoware_config_msgs/share/autoware_config_msgs/msg/ConfigPedestrianKF.msg
[47.895s] -- Installing: /workspaces/carma_ws/src/install/autoware_config_msgs/share/autoware_config_msgs/msg/ConfigPlannerSelector.msg
[47.895s] -- Installing: /workspaces/carma_ws/src/install/autoware_config_msgs/share/autoware_config_msgs/msg/ConfigPoints2Polygon.msg
[47.895s] -- Installing: /workspaces/carma_ws/src/install/autoware_config_msgs/share/autoware_config_msgs/msg/ConfigRandomFilter.msg
[47.895s] -- Installing: /workspaces/carma_ws/src/install/autoware_config_msgs/share/autoware_config_msgs/msg/ConfigRayGroundFilter.msg
[47.895s] -- Installing: /workspaces/carma_ws/src/install/autoware_config_msgs/share/autoware_config_msgs/msg/ConfigRcnn.msg
[47.896s] -- Installing: /workspaces/carma_ws/src/install/autoware_config_msgs/share/autoware_config_msgs/msg/ConfigRingFilter.msg
[47.896s] -- Installing: /workspaces/carma_ws/src/install/autoware_config_msgs/share/autoware_config_msgs/msg/ConfigRingGroundFilter.msg
[47.896s] -- Installing: /workspaces/carma_ws/src/install/autoware_config_msgs/share/autoware_config_msgs/msg/ConfigSSD.msg
[47.897s] -- Installing: /workspaces/carma_ws/src/install/autoware_config_msgs/share/autoware_config_msgs/msg/ConfigTwistFilter.msg
[47.897s] -- Installing: /workspaces/carma_ws/src/install/autoware_config_msgs/share/autoware_config_msgs/msg/ConfigVelocitySet.msg
[47.897s] -- Installing: /workspaces/carma_ws/src/install/autoware_config_msgs/share/autoware_config_msgs/msg/ConfigVoxelGridFilter.msg
[47.897s] -- Installing: /workspaces/carma_ws/src/install/autoware_config_msgs/share/autoware_config_msgs/msg/ConfigWaypointFollower.msg
[47.897s] -- Installing: /workspaces/carma_ws/src/install/autoware_config_msgs/share/autoware_config_msgs/msg/ConfigWaypointReplanner.msg
[47.897s] -- Installing: /workspaces/carma_ws/src/install/autoware_config_msgs/share/autoware_config_msgs/cmake/autoware_config_msgs-msg-paths.cmake
[47.897s] -- Installing: /workspaces/carma_ws/src/install/autoware_config_msgs/include/autoware_config_msgs
[47.898s] -- Installing: /workspaces/carma_ws/src/install/autoware_config_msgs/include/autoware_config_msgs/ConfigNDT.h
[47.898s] -- Installing: /workspaces/carma_ws/src/install/autoware_config_msgs/include/autoware_config_msgs/ConfigPedestrianDPM.h
[47.898s] -- Installing: /workspaces/carma_ws/src/install/autoware_config_msgs/include/autoware_config_msgs/ConfigRayGroundFilter.h
[47.898s] -- Installing: /workspaces/carma_ws/src/install/autoware_config_msgs/include/autoware_config_msgs/ConfigICP.h
[47.898s] -- Installing: /workspaces/carma_ws/src/install/autoware_config_msgs/include/autoware_config_msgs/ConfigApproximateNDTMapping.h
[47.898s] -- Installing: /workspaces/carma_ws/src/install/autoware_config_msgs/include/autoware_config_msgs/ConfigVoxelGridFilter.h
[47.898s] -- Installing: /workspaces/carma_ws/src/install/autoware_config_msgs/include/autoware_config_msgs/ConfigCarKF.h
[47.899s] -- Installing: /workspaces/carma_ws/src/install/autoware_config_msgs/include/autoware_config_msgs/ConfigRandomFilter.h
[47.899s] -- Installing: /workspaces/carma_ws/src/install/autoware_config_msgs/include/autoware_config_msgs/ConfigLaneSelect.h
[47.899s] -- Installing: /workspaces/carma_ws/src/install/autoware_config_msgs/include/autoware_config_msgs/ConfigDecisionMaker.h
[47.899s] -- Installing: /workspaces/carma_ws/src/install/autoware_config_msgs/include/autoware_config_msgs/ConfigPoints2Polygon.h
[47.899s] -- Installing: /workspaces/carma_ws/src/install/autoware_config_msgs/include/autoware_config_msgs/ConfigCompareMapFilter.h
[47.899s] -- Installing: /workspaces/carma_ws/src/install/autoware_config_msgs/include/autoware_config_msgs/ConfigPedestrianKF.h
[47.899s] -- Installing: /workspaces/carma_ws/src/install/autoware_config_msgs/include/autoware_config_msgs/ConfigNDTMapping.h
[47.899s] -- Installing: /workspaces/carma_ws/src/install/autoware_config_msgs/include/autoware_config_msgs/ConfigNDTMappingOutput.h
[47.900s] -- Installing: /workspaces/carma_ws/src/install/autoware_config_msgs/include/autoware_config_msgs/ConfigCarFusion.h
[47.900s] -- Installing: /workspaces/carma_ws/src/install/autoware_config_msgs/include/autoware_config_msgs/ConfigLatticeVelocitySet.h
[47.900s] -- Installing: /workspaces/carma_ws/src/install/autoware_config_msgs/include/autoware_config_msgs/ConfigRingFilter.h
[47.900s] -- Installing: /workspaces/carma_ws/src/install/autoware_config_msgs/include/autoware_config_msgs/ConfigRcnn.h
[47.900s] -- Installing: /workspaces/carma_ws/src/install/autoware_config_msgs/include/autoware_config_msgs/ConfigWaypointReplanner.h
[47.900s] -- Installing: /workspaces/carma_ws/src/install/autoware_config_msgs/include/autoware_config_msgs/ConfigWaypointFollower.h
[47.900s] -- Installing: /workspaces/carma_ws/src/install/autoware_config_msgs/include/autoware_config_msgs/ConfigPedestrianFusion.h
[47.902s] -- Installing: /workspaces/carma_ws/src/install/autoware_config_msgs/include/autoware_config_msgs/ConfigCarDPM.h
[47.903s] -- Installing: /workspaces/carma_ws/src/install/autoware_config_msgs/include/autoware_config_msgs/ConfigRingGroundFilter.h
[47.903s] -- Installing: /workspaces/carma_ws/src/install/autoware_config_msgs/include/autoware_config_msgs/ConfigTwistFilter.h
[47.903s] -- Installing: /workspaces/carma_ws/src/install/autoware_config_msgs/include/autoware_config_msgs/ConfigVelocitySet.h
[47.903s] -- Installing: /workspaces/carma_ws/src/install/autoware_config_msgs/include/autoware_config_msgs/ConfigLaneStop.h
[47.903s] -- Installing: /workspaces/carma_ws/src/install/autoware_config_msgs/include/autoware_config_msgs/ConfigLaneRule.h
[47.903s] -- Installing: /workspaces/carma_ws/src/install/autoware_config_msgs/include/autoware_config_msgs/ConfigDistanceFilter.h
[47.904s] -- Installing: /workspaces/carma_ws/src/install/autoware_config_msgs/include/autoware_config_msgs/ConfigSSD.h
[47.904s] -- Installing: /workspaces/carma_ws/src/install/autoware_config_msgs/include/autoware_config_msgs/ConfigPlannerSelector.h
[47.904s] -- Installing: /workspaces/carma_ws/src/install/autoware_config_msgs/share/roseus/ros/autoware_config_msgs
[47.904s] -- Installing: /workspaces/carma_ws/src/install/autoware_config_msgs/share/roseus/ros/autoware_config_msgs/msg
[47.904s] -- Installing: /workspaces/carma_ws/src/install/autoware_config_msgs/share/roseus/ros/autoware_config_msgs/msg/ConfigRingFilter.l
[47.904s] -- Installing: /workspaces/carma_ws/src/install/autoware_config_msgs/share/roseus/ros/autoware_config_msgs/msg/ConfigLatticeVelocitySet.l
[47.905s] -- Installing: /workspaces/carma_ws/src/install/autoware_config_msgs/share/roseus/ros/autoware_config_msgs/msg/ConfigNDT.l
[47.905s] -- Installing: /workspaces/carma_ws/src/install/autoware_config_msgs/share/roseus/ros/autoware_config_msgs/msg/ConfigWaypointReplanner.l
[47.905s] -- Installing: /workspaces/carma_ws/src/install/autoware_config_msgs/share/roseus/ros/autoware_config_msgs/msg/ConfigLaneRule.l
[47.905s] -- Installing: /workspaces/carma_ws/src/install/autoware_config_msgs/share/roseus/ros/autoware_config_msgs/msg/ConfigCompareMapFilter.l
[47.906s] -- Installing: /workspaces/carma_ws/src/install/autoware_config_msgs/share/roseus/ros/autoware_config_msgs/msg/ConfigRandomFilter.l
[47.906s] -- Installing: /workspaces/carma_ws/src/install/autoware_config_msgs/share/roseus/ros/autoware_config_msgs/msg/ConfigDecisionMaker.l
[47.906s] -- Installing: /workspaces/carma_ws/src/install/autoware_config_msgs/share/roseus/ros/autoware_config_msgs/msg/ConfigNDTMappingOutput.l
[47.906s] -- Installing: /workspaces/carma_ws/src/install/autoware_config_msgs/share/roseus/ros/autoware_config_msgs/msg/ConfigNDTMapping.l
[47.906s] -- Installing: /workspaces/carma_ws/src/install/autoware_config_msgs/share/roseus/ros/autoware_config_msgs/msg/ConfigRayGroundFilter.l
[47.907s] -- Installing: /workspaces/carma_ws/src/install/autoware_config_msgs/share/roseus/ros/autoware_config_msgs/msg/ConfigLaneSelect.l
[47.907s] -- Installing: /workspaces/carma_ws/src/install/autoware_config_msgs/share/roseus/ros/autoware_config_msgs/msg/ConfigPedestrianFusion.l
[47.907s] -- Installing: /workspaces/carma_ws/src/install/autoware_config_msgs/share/roseus/ros/autoware_config_msgs/msg/ConfigDistanceFilter.l
[47.907s] -- Installing: /workspaces/carma_ws/src/install/autoware_config_msgs/share/roseus/ros/autoware_config_msgs/msg/ConfigPoints2Polygon.l
[47.907s] -- Installing: /workspaces/carma_ws/src/install/autoware_config_msgs/share/roseus/ros/autoware_config_msgs/msg/ConfigPlannerSelector.l
[47.907s] -- Installing: /workspaces/carma_ws/src/install/autoware_config_msgs/share/roseus/ros/autoware_config_msgs/msg/ConfigPedestrianDPM.l
[47.907s] -- Installing: /workspaces/carma_ws/src/install/autoware_config_msgs/share/roseus/ros/autoware_config_msgs/msg/ConfigCarFusion.l
[47.907s] -- Installing: /workspaces/carma_ws/src/install/autoware_config_msgs/share/roseus/ros/autoware_config_msgs/msg/ConfigRingGroundFilter.l
[47.907s] -- Installing: /workspaces/carma_ws/src/install/autoware_config_msgs/share/roseus/ros/autoware_config_msgs/msg/ConfigWaypointFollower.l
[47.908s] -- Installing: /workspaces/carma_ws/src/install/autoware_config_msgs/share/roseus/ros/autoware_config_msgs/msg/ConfigVelocitySet.l
[47.908s] -- Installing: /workspaces/carma_ws/src/install/autoware_config_msgs/share/roseus/ros/autoware_config_msgs/msg/ConfigPedestrianKF.l
[47.908s] -- Installing: /workspaces/carma_ws/src/install/autoware_config_msgs/share/roseus/ros/autoware_config_msgs/msg/ConfigICP.l
[47.909s] -- Installing: /workspaces/carma_ws/src/install/autoware_config_msgs/share/roseus/ros/autoware_config_msgs/msg/ConfigCarDPM.l
[47.909s] -- Installing: /workspaces/carma_ws/src/install/autoware_config_msgs/share/roseus/ros/autoware_config_msgs/msg/ConfigLaneStop.l
[47.909s] -- Installing: /workspaces/carma_ws/src/install/autoware_config_msgs/share/roseus/ros/autoware_config_msgs/msg/ConfigApproximateNDTMapping.l
[47.909s] -- Installing: /workspaces/carma_ws/src/install/autoware_config_msgs/share/roseus/ros/autoware_config_msgs/msg/ConfigRcnn.l
[47.909s] -- Installing: /workspaces/carma_ws/src/install/autoware_config_msgs/share/roseus/ros/autoware_config_msgs/msg/ConfigVoxelGridFilter.l
[47.909s] -- Installing: /workspaces/carma_ws/src/install/autoware_config_msgs/share/roseus/ros/autoware_config_msgs/msg/ConfigCarKF.l
[47.909s] -- Installing: /workspaces/carma_ws/src/install/autoware_config_msgs/share/roseus/ros/autoware_config_msgs/msg/ConfigSSD.l
[47.909s] -- Installing: /workspaces/carma_ws/src/install/autoware_config_msgs/share/roseus/ros/autoware_config_msgs/msg/ConfigTwistFilter.l
[47.909s] -- Installing: /workspaces/carma_ws/src/install/autoware_config_msgs/share/roseus/ros/autoware_config_msgs/manifest.l
[47.909s] -- Installing: /workspaces/carma_ws/src/install/autoware_config_msgs/share/common-lisp/ros/autoware_config_msgs
[47.909s] -- Installing: /workspaces/carma_ws/src/install/autoware_config_msgs/share/common-lisp/ros/autoware_config_msgs/msg
[47.910s] -- Installing: /workspaces/carma_ws/src/install/autoware_config_msgs/share/common-lisp/ros/autoware_config_msgs/msg/ConfigCarDPM.lisp
[47.910s] -- Installing: /workspaces/carma_ws/src/install/autoware_config_msgs/share/common-lisp/ros/autoware_config_msgs/msg/ConfigLaneRule.lisp
[47.910s] -- Installing: /workspaces/carma_ws/src/install/autoware_config_msgs/share/common-lisp/ros/autoware_config_msgs/msg/ConfigVelocitySet.lisp
[47.910s] -- Installing: /workspaces/carma_ws/src/install/autoware_config_msgs/share/common-lisp/ros/autoware_config_msgs/msg/ConfigWaypointReplanner.lisp
[47.910s] -- Installing: /workspaces/carma_ws/src/install/autoware_config_msgs/share/common-lisp/ros/autoware_config_msgs/msg/_package_ConfigRayGroundFilter.lisp
[47.910s] -- Installing: /workspaces/carma_ws/src/install/autoware_config_msgs/share/common-lisp/ros/autoware_config_msgs/msg/ConfigNDTMappingOutput.lisp
[47.910s] -- Installing: /workspaces/carma_ws/src/install/autoware_config_msgs/share/common-lisp/ros/autoware_config_msgs/msg/ConfigVoxelGridFilter.lisp
[47.910s] -- Installing: /workspaces/carma_ws/src/install/autoware_config_msgs/share/common-lisp/ros/autoware_config_msgs/msg/_package_ConfigLaneSelect.lisp
[47.910s] -- Installing: /workspaces/carma_ws/src/install/autoware_config_msgs/share/common-lisp/ros/autoware_config_msgs/msg/_package_ConfigTwistFilter.lisp
[47.910s] -- Installing: /workspaces/carma_ws/src/install/autoware_config_msgs/share/common-lisp/ros/autoware_config_msgs/msg/ConfigSSD.lisp
[47.910s] -- Installing: /workspaces/carma_ws/src/install/autoware_config_msgs/share/common-lisp/ros/autoware_config_msgs/msg/_package_ConfigLaneStop.lisp
[47.910s] -- Installing: /workspaces/carma_ws/src/install/autoware_config_msgs/share/common-lisp/ros/autoware_config_msgs/msg/autoware_config_msgs-msg.asd
[47.911s] -- Installing: /workspaces/carma_ws/src/install/autoware_config_msgs/share/common-lisp/ros/autoware_config_msgs/msg/_package_ConfigNDTMappingOutput.lisp
[47.911s] -- Installing: /workspaces/carma_ws/src/install/autoware_config_msgs/share/common-lisp/ros/autoware_config_msgs/msg/_package_ConfigVelocitySet.lisp
[47.911s] -- Installing: /workspaces/carma_ws/src/install/autoware_config_msgs/share/common-lisp/ros/autoware_config_msgs/msg/_package_ConfigPedestrianKF.lisp
[47.911s] -- Installing: /workspaces/carma_ws/src/install/autoware_config_msgs/share/common-lisp/ros/autoware_config_msgs/msg/_package_ConfigDecisionMaker.lisp
[47.911s] -- Installing: /workspaces/carma_ws/src/install/autoware_config_msgs/share/common-lisp/ros/autoware_config_msgs/msg/_package_ConfigDistanceFilter.lisp
[47.911s] -- Installing: /workspaces/carma_ws/src/install/autoware_config_msgs/share/common-lisp/ros/autoware_config_msgs/msg/_package_ConfigLaneRule.lisp
[47.911s] -- Installing: /workspaces/carma_ws/src/install/autoware_config_msgs/share/common-lisp/ros/autoware_config_msgs/msg/_package_ConfigICP.lisp
[47.911s] -- Installing: /workspaces/carma_ws/src/install/autoware_config_msgs/share/common-lisp/ros/autoware_config_msgs/msg/ConfigLaneSelect.lisp
[47.911s] -- Installing: /workspaces/carma_ws/src/install/autoware_config_msgs/share/common-lisp/ros/autoware_config_msgs/msg/_package_ConfigRingGroundFilter.lisp
[47.911s] -- Installing: /workspaces/carma_ws/src/install/autoware_config_msgs/share/common-lisp/ros/autoware_config_msgs/msg/ConfigNDTMapping.lisp
[47.911s] -- Installing: /workspaces/carma_ws/src/install/autoware_config_msgs/share/common-lisp/ros/autoware_config_msgs/msg/_package_ConfigCompareMapFilter.lisp
[47.912s] -- Installing: /workspaces/carma_ws/src/install/autoware_config_msgs/share/common-lisp/ros/autoware_config_msgs/msg/_package_ConfigRcnn.lisp
[47.912s] -- Installing: /workspaces/carma_ws/src/install/autoware_config_msgs/share/common-lisp/ros/autoware_config_msgs/msg/ConfigApproximateNDTMapping.lisp
[47.912s] -- Installing: /workspaces/carma_ws/src/install/autoware_config_msgs/share/common-lisp/ros/autoware_config_msgs/msg/ConfigLaneStop.lisp
[47.912s] -- Installing: /workspaces/carma_ws/src/install/autoware_config_msgs/share/common-lisp/ros/autoware_config_msgs/msg/_package_ConfigVoxelGridFilter.lisp
[47.912s] -- Installing: /workspaces/carma_ws/src/install/autoware_config_msgs/share/common-lisp/ros/autoware_config_msgs/msg/_package_ConfigWaypointFollower.lisp
[47.912s] -- Installing: /workspaces/carma_ws/src/install/autoware_config_msgs/share/common-lisp/ros/autoware_config_msgs/msg/_package_ConfigPlannerSelector.lisp
[47.912s] -- Installing: /workspaces/carma_ws/src/install/autoware_config_msgs/share/common-lisp/ros/autoware_config_msgs/msg/_package_ConfigPoints2Polygon.lisp
[47.912s] -- Installing: /workspaces/carma_ws/src/install/autoware_config_msgs/share/common-lisp/ros/autoware_config_msgs/msg/ConfigPedestrianFusion.lisp
[47.913s] -- Installing: /workspaces/carma_ws/src/install/autoware_config_msgs/share/common-lisp/ros/autoware_config_msgs/msg/_package_ConfigNDTMapping.lisp
[47.913s] -- Installing: /workspaces/carma_ws/src/install/autoware_config_msgs/share/common-lisp/ros/autoware_config_msgs/msg/ConfigRingGroundFilter.lisp
[47.913s] -- Installing: /workspaces/carma_ws/src/install/autoware_config_msgs/share/common-lisp/ros/autoware_config_msgs/msg/_package.lisp
[47.913s] -- Installing: /workspaces/carma_ws/src/install/autoware_config_msgs/share/common-lisp/ros/autoware_config_msgs/msg/ConfigWaypointFollower.lisp
[47.913s] -- Installing: /workspaces/carma_ws/src/install/autoware_config_msgs/share/common-lisp/ros/autoware_config_msgs/msg/ConfigRayGroundFilter.lisp
[47.913s] -- Installing: /workspaces/carma_ws/src/install/autoware_config_msgs/share/common-lisp/ros/autoware_config_msgs/msg/_package_ConfigWaypointReplanner.lisp
[47.913s] -- Installing: /workspaces/carma_ws/src/install/autoware_config_msgs/share/common-lisp/ros/autoware_config_msgs/msg/_package_ConfigRingFilter.lisp
[47.913s] -- Installing: /workspaces/carma_ws/src/install/autoware_config_msgs/share/common-lisp/ros/autoware_config_msgs/msg/ConfigCarKF.lisp
[47.913s] -- Installing: /workspaces/carma_ws/src/install/autoware_config_msgs/share/common-lisp/ros/autoware_config_msgs/msg/_package_ConfigCarFusion.lisp
[47.914s] -- Installing: /workspaces/carma_ws/src/install/autoware_config_msgs/share/common-lisp/ros/autoware_config_msgs/msg/ConfigNDT.lisp
[47.914s] -- Installing: /workspaces/carma_ws/src/install/autoware_config_msgs/share/common-lisp/ros/autoware_config_msgs/msg/ConfigTwistFilter.lisp
[47.914s] -- Installing: /workspaces/carma_ws/src/install/autoware_config_msgs/share/common-lisp/ros/autoware_config_msgs/msg/ConfigCarFusion.lisp
[47.914s] -- Installing: /workspaces/carma_ws/src/install/autoware_config_msgs/share/common-lisp/ros/autoware_config_msgs/msg/_package_ConfigPedestrianFusion.lisp
[47.914s] -- Installing: /workspaces/carma_ws/src/install/autoware_config_msgs/share/common-lisp/ros/autoware_config_msgs/msg/_package_ConfigPedestrianDPM.lisp
[47.915s] -- Installing: /workspaces/carma_ws/src/install/autoware_config_msgs/share/common-lisp/ros/autoware_config_msgs/msg/ConfigPlannerSelector.lisp
[47.915s] -- Installing: /workspaces/carma_ws/src/install/autoware_config_msgs/share/common-lisp/ros/autoware_config_msgs/msg/_package_ConfigRandomFilter.lisp
[47.915s] -- Installing: /workspaces/carma_ws/src/install/autoware_config_msgs/share/common-lisp/ros/autoware_config_msgs/msg/ConfigPoints2Polygon.lisp
[47.915s] -- Installing: /workspaces/carma_ws/src/install/autoware_config_msgs/share/common-lisp/ros/autoware_config_msgs/msg/ConfigPedestrianKF.lisp
[47.915s] -- Installing: /workspaces/carma_ws/src/install/autoware_config_msgs/share/common-lisp/ros/autoware_config_msgs/msg/ConfigCompareMapFilter.lisp
[47.915s] -- Installing: /workspaces/carma_ws/src/install/autoware_config_msgs/share/common-lisp/ros/autoware_config_msgs/msg/_package_ConfigCarKF.lisp
[47.916s] -- Installing: /workspaces/carma_ws/src/install/autoware_config_msgs/share/common-lisp/ros/autoware_config_msgs/msg/ConfigDistanceFilter.lisp
[47.916s] -- Installing: /workspaces/carma_ws/src/install/autoware_config_msgs/share/common-lisp/ros/autoware_config_msgs/msg/_package_ConfigNDT.lisp
[47.916s] -- Installing: /workspaces/carma_ws/src/install/autoware_config_msgs/share/common-lisp/ros/autoware_config_msgs/msg/_package_ConfigCarDPM.lisp
[47.916s] -- Installing: /workspaces/carma_ws/src/install/autoware_config_msgs/share/common-lisp/ros/autoware_config_msgs/msg/_package_ConfigApproximateNDTMapping.lisp
[47.916s] -- Installing: /workspaces/carma_ws/src/install/autoware_config_msgs/share/common-lisp/ros/autoware_config_msgs/msg/ConfigDecisionMaker.lisp
[47.916s] -- Installing: /workspaces/carma_ws/src/install/autoware_config_msgs/share/common-lisp/ros/autoware_config_msgs/msg/ConfigICP.lisp
[47.916s] -- Installing: /workspaces/carma_ws/src/install/autoware_config_msgs/share/common-lisp/ros/autoware_config_msgs/msg/ConfigRcnn.lisp
[47.916s] -- Installing: /workspaces/carma_ws/src/install/autoware_config_msgs/share/common-lisp/ros/autoware_config_msgs/msg/ConfigRingFilter.lisp
[47.916s] -- Installing: /workspaces/carma_ws/src/install/autoware_config_msgs/share/common-lisp/ros/autoware_config_msgs/msg/_package_ConfigLatticeVelocitySet.lisp
[47.917s] -- Installing: /workspaces/carma_ws/src/install/autoware_config_msgs/share/common-lisp/ros/autoware_config_msgs/msg/ConfigPedestrianDPM.lisp
[47.917s] -- Installing: /workspaces/carma_ws/src/install/autoware_config_msgs/share/common-lisp/ros/autoware_config_msgs/msg/ConfigRandomFilter.lisp
[47.917s] -- Installing: /workspaces/carma_ws/src/install/autoware_config_msgs/share/common-lisp/ros/autoware_config_msgs/msg/ConfigLatticeVelocitySet.lisp
[47.917s] -- Installing: /workspaces/carma_ws/src/install/autoware_config_msgs/share/common-lisp/ros/autoware_config_msgs/msg/_package_ConfigSSD.lisp
[47.917s] -- Installing: /workspaces/carma_ws/src/install/autoware_config_msgs/share/gennodejs/ros/autoware_config_msgs
[47.917s] -- Installing: /workspaces/carma_ws/src/install/autoware_config_msgs/share/gennodejs/ros/autoware_config_msgs/_index.js
[47.917s] -- Installing: /workspaces/carma_ws/src/install/autoware_config_msgs/share/gennodejs/ros/autoware_config_msgs/msg
[47.917s] -- Installing: /workspaces/carma_ws/src/install/autoware_config_msgs/share/gennodejs/ros/autoware_config_msgs/msg/ConfigWaypointFollower.js
[47.918s] -- Installing: /workspaces/carma_ws/src/install/autoware_config_msgs/share/gennodejs/ros/autoware_config_msgs/msg/ConfigVoxelGridFilter.js
[47.918s] -- Installing: /workspaces/carma_ws/src/install/autoware_config_msgs/share/gennodejs/ros/autoware_config_msgs/msg/ConfigTwistFilter.js
[47.918s] -- Installing: /workspaces/carma_ws/src/install/autoware_config_msgs/share/gennodejs/ros/autoware_config_msgs/msg/ConfigDistanceFilter.js
[47.918s] -- Installing: /workspaces/carma_ws/src/install/autoware_config_msgs/share/gennodejs/ros/autoware_config_msgs/msg/ConfigLatticeVelocitySet.js
[47.918s] -- Installing: /workspaces/carma_ws/src/install/autoware_config_msgs/share/gennodejs/ros/autoware_config_msgs/msg/_index.js
[47.918s] -- Installing: /workspaces/carma_ws/src/install/autoware_config_msgs/share/gennodejs/ros/autoware_config_msgs/msg/ConfigNDT.js
[47.918s] -- Installing: /workspaces/carma_ws/src/install/autoware_config_msgs/share/gennodejs/ros/autoware_config_msgs/msg/ConfigPedestrianDPM.js
[47.918s] -- Installing: /workspaces/carma_ws/src/install/autoware_config_msgs/share/gennodejs/ros/autoware_config_msgs/msg/ConfigLaneSelect.js
[47.918s] -- Installing: /workspaces/carma_ws/src/install/autoware_config_msgs/share/gennodejs/ros/autoware_config_msgs/msg/ConfigDecisionMaker.js
[47.918s] -- Installing: /workspaces/carma_ws/src/install/autoware_config_msgs/share/gennodejs/ros/autoware_config_msgs/msg/ConfigNDTMapping.js
[47.918s] -- Installing: /workspaces/carma_ws/src/install/autoware_config_msgs/share/gennodejs/ros/autoware_config_msgs/msg/ConfigRingGroundFilter.js
[47.919s] -- Installing: /workspaces/carma_ws/src/install/autoware_config_msgs/share/gennodejs/ros/autoware_config_msgs/msg/ConfigRcnn.js
[47.919s] -- Installing: /workspaces/carma_ws/src/install/autoware_config_msgs/share/gennodejs/ros/autoware_config_msgs/msg/ConfigCarKF.js
[47.919s] -- Installing: /workspaces/carma_ws/src/install/autoware_config_msgs/share/gennodejs/ros/autoware_config_msgs/msg/ConfigRayGroundFilter.js
[47.919s] -- Installing: /workspaces/carma_ws/src/install/autoware_config_msgs/share/gennodejs/ros/autoware_config_msgs/msg/ConfigRingFilter.js
[47.919s] -- Installing: /workspaces/carma_ws/src/install/autoware_config_msgs/share/gennodejs/ros/autoware_config_msgs/msg/ConfigCarDPM.js
[47.919s] -- Installing: /workspaces/carma_ws/src/install/autoware_config_msgs/share/gennodejs/ros/autoware_config_msgs/msg/ConfigVelocitySet.js
[47.919s] -- Installing: /workspaces/carma_ws/src/install/autoware_config_msgs/share/gennodejs/ros/autoware_config_msgs/msg/ConfigPoints2Polygon.js
[47.920s] -- Installing: /workspaces/carma_ws/src/install/autoware_config_msgs/share/gennodejs/ros/autoware_config_msgs/msg/ConfigPedestrianKF.js
[47.920s] -- Installing: /workspaces/carma_ws/src/install/autoware_config_msgs/share/gennodejs/ros/autoware_config_msgs/msg/ConfigNDTMappingOutput.js
[47.920s] -- Installing: /workspaces/carma_ws/src/install/autoware_config_msgs/share/gennodejs/ros/autoware_config_msgs/msg/ConfigLaneRule.js
[47.920s] -- Installing: /workspaces/carma_ws/src/install/autoware_config_msgs/share/gennodejs/ros/autoware_config_msgs/msg/ConfigSSD.js
[47.920s] -- Installing: /workspaces/carma_ws/src/install/autoware_config_msgs/share/gennodejs/ros/autoware_config_msgs/msg/ConfigPlannerSelector.js
[47.920s] -- Installing: /workspaces/carma_ws/src/install/autoware_config_msgs/share/gennodejs/ros/autoware_config_msgs/msg/ConfigRandomFilter.js
[47.921s] -- Installing: /workspaces/carma_ws/src/install/autoware_config_msgs/share/gennodejs/ros/autoware_config_msgs/msg/ConfigICP.js
[47.921s] -- Installing: /workspaces/carma_ws/src/install/autoware_config_msgs/share/gennodejs/ros/autoware_config_msgs/msg/ConfigCompareMapFilter.js
[47.921s] -- Installing: /workspaces/carma_ws/src/install/autoware_config_msgs/share/gennodejs/ros/autoware_config_msgs/msg/ConfigApproximateNDTMapping.js
[47.921s] -- Installing: /workspaces/carma_ws/src/install/autoware_config_msgs/share/gennodejs/ros/autoware_config_msgs/msg/ConfigWaypointReplanner.js
[47.921s] -- Installing: /workspaces/carma_ws/src/install/autoware_config_msgs/share/gennodejs/ros/autoware_config_msgs/msg/ConfigCarFusion.js
[47.921s] -- Installing: /workspaces/carma_ws/src/install/autoware_config_msgs/share/gennodejs/ros/autoware_config_msgs/msg/ConfigLaneStop.js
[47.921s] -- Installing: /workspaces/carma_ws/src/install/autoware_config_msgs/share/gennodejs/ros/autoware_config_msgs/msg/ConfigPedestrianFusion.js
[48.079s] Listing '/workspaces/carma_ws/src/build/autoware_config_msgs/devel/lib/python3/dist-packages/autoware_config_msgs'...
[48.079s] Compiling '/workspaces/carma_ws/src/build/autoware_config_msgs/devel/lib/python3/dist-packages/autoware_config_msgs/__init__.py'...
[48.079s] Listing '/workspaces/carma_ws/src/build/autoware_config_msgs/devel/lib/python3/dist-packages/autoware_config_msgs/msg'...
[48.079s] Compiling '/workspaces/carma_ws/src/build/autoware_config_msgs/devel/lib/python3/dist-packages/autoware_config_msgs/msg/_ConfigApproximateNDTMapping.py'...
[48.079s] Compiling '/workspaces/carma_ws/src/build/autoware_config_msgs/devel/lib/python3/dist-packages/autoware_config_msgs/msg/_ConfigCarDPM.py'...
[48.079s] Compiling '/workspaces/carma_ws/src/build/autoware_config_msgs/devel/lib/python3/dist-packages/autoware_config_msgs/msg/_ConfigCarFusion.py'...
[48.079s] Compiling '/workspaces/carma_ws/src/build/autoware_config_msgs/devel/lib/python3/dist-packages/autoware_config_msgs/msg/_ConfigCarKF.py'...
[48.079s] Compiling '/workspaces/carma_ws/src/build/autoware_config_msgs/devel/lib/python3/dist-packages/autoware_config_msgs/msg/_ConfigCompareMapFilter.py'...
[48.080s] Compiling '/workspaces/carma_ws/src/build/autoware_config_msgs/devel/lib/python3/dist-packages/autoware_config_msgs/msg/_ConfigDecisionMaker.py'...
[48.080s] Compiling '/workspaces/carma_ws/src/build/autoware_config_msgs/devel/lib/python3/dist-packages/autoware_config_msgs/msg/_ConfigDistanceFilter.py'...
[48.080s] Compiling '/workspaces/carma_ws/src/build/autoware_config_msgs/devel/lib/python3/dist-packages/autoware_config_msgs/msg/_ConfigICP.py'...
[48.080s] Compiling '/workspaces/carma_ws/src/build/autoware_config_msgs/devel/lib/python3/dist-packages/autoware_config_msgs/msg/_ConfigLaneRule.py'...
[48.080s] Compiling '/workspaces/carma_ws/src/build/autoware_config_msgs/devel/lib/python3/dist-packages/autoware_config_msgs/msg/_ConfigLaneSelect.py'...
[48.080s] Compiling '/workspaces/carma_ws/src/build/autoware_config_msgs/devel/lib/python3/dist-packages/autoware_config_msgs/msg/_ConfigLaneStop.py'...
[48.081s] Compiling '/workspaces/carma_ws/src/build/autoware_config_msgs/devel/lib/python3/dist-packages/autoware_config_msgs/msg/_ConfigLatticeVelocitySet.py'...
[48.081s] Compiling '/workspaces/carma_ws/src/build/autoware_config_msgs/devel/lib/python3/dist-packages/autoware_config_msgs/msg/_ConfigNDT.py'...
[48.081s] Compiling '/workspaces/carma_ws/src/build/autoware_config_msgs/devel/lib/python3/dist-packages/autoware_config_msgs/msg/_ConfigNDTMapping.py'...
[48.081s] Compiling '/workspaces/carma_ws/src/build/autoware_config_msgs/devel/lib/python3/dist-packages/autoware_config_msgs/msg/_ConfigNDTMappingOutput.py'...
[48.081s] Compiling '/workspaces/carma_ws/src/build/autoware_config_msgs/devel/lib/python3/dist-packages/autoware_config_msgs/msg/_ConfigPedestrianDPM.py'...
[48.081s] Compiling '/workspaces/carma_ws/src/build/autoware_config_msgs/devel/lib/python3/dist-packages/autoware_config_msgs/msg/_ConfigPedestrianFusion.py'...
[48.081s] Compiling '/workspaces/carma_ws/src/build/autoware_config_msgs/devel/lib/python3/dist-packages/autoware_config_msgs/msg/_ConfigPedestrianKF.py'...
[48.082s] Compiling '/workspaces/carma_ws/src/build/autoware_config_msgs/devel/lib/python3/dist-packages/autoware_config_msgs/msg/_ConfigPlannerSelector.py'...
[48.082s] Compiling '/workspaces/carma_ws/src/build/autoware_config_msgs/devel/lib/python3/dist-packages/autoware_config_msgs/msg/_ConfigPoints2Polygon.py'...
[48.082s] Compiling '/workspaces/carma_ws/src/build/autoware_config_msgs/devel/lib/python3/dist-packages/autoware_config_msgs/msg/_ConfigRandomFilter.py'...
[48.082s] Compiling '/workspaces/carma_ws/src/build/autoware_config_msgs/devel/lib/python3/dist-packages/autoware_config_msgs/msg/_ConfigRayGroundFilter.py'...
[48.082s] Compiling '/workspaces/carma_ws/src/build/autoware_config_msgs/devel/lib/python3/dist-packages/autoware_config_msgs/msg/_ConfigRcnn.py'...
[48.082s] Compiling '/workspaces/carma_ws/src/build/autoware_config_msgs/devel/lib/python3/dist-packages/autoware_config_msgs/msg/_ConfigRingFilter.py'...
[48.082s] Compiling '/workspaces/carma_ws/src/build/autoware_config_msgs/devel/lib/python3/dist-packages/autoware_config_msgs/msg/_ConfigRingGroundFilter.py'...
[48.082s] Compiling '/workspaces/carma_ws/src/build/autoware_config_msgs/devel/lib/python3/dist-packages/autoware_config_msgs/msg/_ConfigSSD.py'...
[48.082s] Compiling '/workspaces/carma_ws/src/build/autoware_config_msgs/devel/lib/python3/dist-packages/autoware_config_msgs/msg/_ConfigTwistFilter.py'...
[48.083s] Compiling '/workspaces/carma_ws/src/build/autoware_config_msgs/devel/lib/python3/dist-packages/autoware_config_msgs/msg/_ConfigVelocitySet.py'...
[48.083s] Compiling '/workspaces/carma_ws/src/build/autoware_config_msgs/devel/lib/python3/dist-packages/autoware_config_msgs/msg/_ConfigVoxelGridFilter.py'...
[48.083s] Compiling '/workspaces/carma_ws/src/build/autoware_config_msgs/devel/lib/python3/dist-packages/autoware_config_msgs/msg/_ConfigWaypointFollower.py'...
[48.083s] Compiling '/workspaces/carma_ws/src/build/autoware_config_msgs/devel/lib/python3/dist-packages/autoware_config_msgs/msg/_ConfigWaypointReplanner.py'...
[48.083s] Compiling '/workspaces/carma_ws/src/build/autoware_config_msgs/devel/lib/python3/dist-packages/autoware_config_msgs/msg/__init__.py'...
[48.083s] -- Installing: /workspaces/carma_ws/src/install/autoware_config_msgs/lib/python3/dist-packages/autoware_config_msgs
[48.083s] -- Installing: /workspaces/carma_ws/src/install/autoware_config_msgs/lib/python3/dist-packages/autoware_config_msgs/__pycache__
[48.083s] -- Installing: /workspaces/carma_ws/src/install/autoware_config_msgs/lib/python3/dist-packages/autoware_config_msgs/__pycache__/__init__.cpython-38.pyc
[48.083s] -- Installing: /workspaces/carma_ws/src/install/autoware_config_msgs/lib/python3/dist-packages/autoware_config_msgs/msg
[48.083s] -- Installing: /workspaces/carma_ws/src/install/autoware_config_msgs/lib/python3/dist-packages/autoware_config_msgs/msg/_ConfigTwistFilter.py
[48.084s] -- Installing: /workspaces/carma_ws/src/install/autoware_config_msgs/lib/python3/dist-packages/autoware_config_msgs/msg/_ConfigCompareMapFilter.py
[48.084s] -- Installing: /workspaces/carma_ws/src/install/autoware_config_msgs/lib/python3/dist-packages/autoware_config_msgs/msg/__pycache__
[48.084s] -- Installing: /workspaces/carma_ws/src/install/autoware_config_msgs/lib/python3/dist-packages/autoware_config_msgs/msg/__pycache__/_ConfigApproximateNDTMapping.cpython-38.pyc
[48.084s] -- Installing: /workspaces/carma_ws/src/install/autoware_config_msgs/lib/python3/dist-packages/autoware_config_msgs/msg/__pycache__/_ConfigRandomFilter.cpython-38.pyc
[48.084s] -- Installing: /workspaces/carma_ws/src/install/autoware_config_msgs/lib/python3/dist-packages/autoware_config_msgs/msg/__pycache__/_ConfigPoints2Polygon.cpython-38.pyc
[48.084s] -- Installing: /workspaces/carma_ws/src/install/autoware_config_msgs/lib/python3/dist-packages/autoware_config_msgs/msg/__pycache__/_ConfigRayGroundFilter.cpython-38.pyc
[48.084s] -- Installing: /workspaces/carma_ws/src/install/autoware_config_msgs/lib/python3/dist-packages/autoware_config_msgs/msg/__pycache__/_ConfigVelocitySet.cpython-38.pyc
[48.084s] -- Installing: /workspaces/carma_ws/src/install/autoware_config_msgs/lib/python3/dist-packages/autoware_config_msgs/msg/__pycache__/_ConfigLaneStop.cpython-38.pyc
[48.084s] -- Installing: /workspaces/carma_ws/src/install/autoware_config_msgs/lib/python3/dist-packages/autoware_config_msgs/msg/__pycache__/_ConfigPedestrianFusion.cpython-38.pyc
[48.085s] -- Installing: /workspaces/carma_ws/src/install/autoware_config_msgs/lib/python3/dist-packages/autoware_config_msgs/msg/__pycache__/_ConfigCarDPM.cpython-38.pyc
[48.085s] -- Installing: /workspaces/carma_ws/src/install/autoware_config_msgs/lib/python3/dist-packages/autoware_config_msgs/msg/__pycache__/_ConfigDistanceFilter.cpython-38.pyc
[48.085s] -- Installing: /workspaces/carma_ws/src/install/autoware_config_msgs/lib/python3/dist-packages/autoware_config_msgs/msg/__pycache__/_ConfigCarFusion.cpython-38.pyc
[48.085s] -- Installing: /workspaces/carma_ws/src/install/autoware_config_msgs/lib/python3/dist-packages/autoware_config_msgs/msg/__pycache__/_ConfigNDTMappingOutput.cpython-38.pyc
[48.085s] -- Installing: /workspaces/carma_ws/src/install/autoware_config_msgs/lib/python3/dist-packages/autoware_config_msgs/msg/__pycache__/_ConfigPlannerSelector.cpython-38.pyc
[48.085s] -- Installing: /workspaces/carma_ws/src/install/autoware_config_msgs/lib/python3/dist-packages/autoware_config_msgs/msg/__pycache__/_ConfigPedestrianKF.cpython-38.pyc
[48.085s] -- Installing: /workspaces/carma_ws/src/install/autoware_config_msgs/lib/python3/dist-packages/autoware_config_msgs/msg/__pycache__/_ConfigVoxelGridFilter.cpython-38.pyc
[48.086s] -- Installing: /workspaces/carma_ws/src/install/autoware_config_msgs/lib/python3/dist-packages/autoware_config_msgs/msg/__pycache__/_ConfigRcnn.cpython-38.pyc
[48.086s] -- Installing: /workspaces/carma_ws/src/install/autoware_config_msgs/lib/python3/dist-packages/autoware_config_msgs/msg/__pycache__/_ConfigNDT.cpython-38.pyc
[48.086s] -- Installing: /workspaces/carma_ws/src/install/autoware_config_msgs/lib/python3/dist-packages/autoware_config_msgs/msg/__pycache__/_ConfigDecisionMaker.cpython-38.pyc
[48.086s] -- Installing: /workspaces/carma_ws/src/install/autoware_config_msgs/lib/python3/dist-packages/autoware_config_msgs/msg/__pycache__/_ConfigLaneRule.cpython-38.pyc
[48.086s] -- Installing: /workspaces/carma_ws/src/install/autoware_config_msgs/lib/python3/dist-packages/autoware_config_msgs/msg/__pycache__/_ConfigRingGroundFilter.cpython-38.pyc
[48.086s] -- Installing: /workspaces/carma_ws/src/install/autoware_config_msgs/lib/python3/dist-packages/autoware_config_msgs/msg/__pycache__/_ConfigCompareMapFilter.cpython-38.pyc
[48.087s] -- Installing: /workspaces/carma_ws/src/install/autoware_config_msgs/lib/python3/dist-packages/autoware_config_msgs/msg/__pycache__/_ConfigPedestrianDPM.cpython-38.pyc
[48.087s] -- Installing: /workspaces/carma_ws/src/install/autoware_config_msgs/lib/python3/dist-packages/autoware_config_msgs/msg/__pycache__/_ConfigWaypointFollower.cpython-38.pyc
[48.087s] -- Installing: /workspaces/carma_ws/src/install/autoware_config_msgs/lib/python3/dist-packages/autoware_config_msgs/msg/__pycache__/__init__.cpython-38.pyc
[48.087s] -- Installing: /workspaces/carma_ws/src/install/autoware_config_msgs/lib/python3/dist-packages/autoware_config_msgs/msg/__pycache__/_ConfigNDTMapping.cpython-38.pyc
[48.087s] -- Installing: /workspaces/carma_ws/src/install/autoware_config_msgs/lib/python3/dist-packages/autoware_config_msgs/msg/__pycache__/_ConfigTwistFilter.cpython-38.pyc
[48.087s] -- Installing: /workspaces/carma_ws/src/install/autoware_config_msgs/lib/python3/dist-packages/autoware_config_msgs/msg/__pycache__/_ConfigICP.cpython-38.pyc
[48.087s] -- Installing: /workspaces/carma_ws/src/install/autoware_config_msgs/lib/python3/dist-packages/autoware_config_msgs/msg/__pycache__/_ConfigLatticeVelocitySet.cpython-38.pyc
[48.088s] -- Installing: /workspaces/carma_ws/src/install/autoware_config_msgs/lib/python3/dist-packages/autoware_config_msgs/msg/__pycache__/_ConfigCarKF.cpython-38.pyc
[48.088s] -- Installing: /workspaces/carma_ws/src/install/autoware_config_msgs/lib/python3/dist-packages/autoware_config_msgs/msg/__pycache__/_ConfigLaneSelect.cpython-38.pyc
[48.088s] -- Installing: /workspaces/carma_ws/src/install/autoware_config_msgs/lib/python3/dist-packages/autoware_config_msgs/msg/__pycache__/_ConfigWaypointReplanner.cpython-38.pyc
[48.088s] -- Installing: /workspaces/carma_ws/src/install/autoware_config_msgs/lib/python3/dist-packages/autoware_config_msgs/msg/__pycache__/_ConfigRingFilter.cpython-38.pyc
[48.088s] -- Installing: /workspaces/carma_ws/src/install/autoware_config_msgs/lib/python3/dist-packages/autoware_config_msgs/msg/__pycache__/_ConfigSSD.cpython-38.pyc
[48.088s] -- Installing: /workspaces/carma_ws/src/install/autoware_config_msgs/lib/python3/dist-packages/autoware_config_msgs/msg/_ConfigLatticeVelocitySet.py
[48.088s] -- Installing: /workspaces/carma_ws/src/install/autoware_config_msgs/lib/python3/dist-packages/autoware_config_msgs/msg/_ConfigDecisionMaker.py
[48.089s] -- Installing: /workspaces/carma_ws/src/install/autoware_config_msgs/lib/python3/dist-packages/autoware_config_msgs/msg/_ConfigLaneStop.py
[48.089s] -- Installing: /workspaces/carma_ws/src/install/autoware_config_msgs/lib/python3/dist-packages/autoware_config_msgs/msg/_ConfigCarKF.py
[48.089s] -- Installing: /workspaces/carma_ws/src/install/autoware_config_msgs/lib/python3/dist-packages/autoware_config_msgs/msg/_ConfigWaypointFollower.py
[48.089s] -- Installing: /workspaces/carma_ws/src/install/autoware_config_msgs/lib/python3/dist-packages/autoware_config_msgs/msg/_ConfigCarDPM.py
[48.089s] -- Installing: /workspaces/carma_ws/src/install/autoware_config_msgs/lib/python3/dist-packages/autoware_config_msgs/msg/_ConfigWaypointReplanner.py
[48.089s] -- Installing: /workspaces/carma_ws/src/install/autoware_config_msgs/lib/python3/dist-packages/autoware_config_msgs/msg/_ConfigApproximateNDTMapping.py
[48.089s] -- Installing: /workspaces/carma_ws/src/install/autoware_config_msgs/lib/python3/dist-packages/autoware_config_msgs/msg/_ConfigRcnn.py
[48.090s] -- Installing: /workspaces/carma_ws/src/install/autoware_config_msgs/lib/python3/dist-packages/autoware_config_msgs/msg/_ConfigLaneSelect.py
[48.090s] -- Installing: /workspaces/carma_ws/src/install/autoware_config_msgs/lib/python3/dist-packages/autoware_config_msgs/msg/_ConfigRingGroundFilter.py
[48.090s] -- Installing: /workspaces/carma_ws/src/install/autoware_config_msgs/lib/python3/dist-packages/autoware_config_msgs/msg/_ConfigNDT.py
[48.090s] -- Installing: /workspaces/carma_ws/src/install/autoware_config_msgs/lib/python3/dist-packages/autoware_config_msgs/msg/_ConfigPoints2Polygon.py
[48.090s] -- Installing: /workspaces/carma_ws/src/install/autoware_config_msgs/lib/python3/dist-packages/autoware_config_msgs/msg/_ConfigSSD.py
[48.090s] -- Installing: /workspaces/carma_ws/src/install/autoware_config_msgs/lib/python3/dist-packages/autoware_config_msgs/msg/_ConfigVoxelGridFilter.py
[48.090s] -- Installing: /workspaces/carma_ws/src/install/autoware_config_msgs/lib/python3/dist-packages/autoware_config_msgs/msg/_ConfigPedestrianKF.py
[48.090s] -- Installing: /workspaces/carma_ws/src/install/autoware_config_msgs/lib/python3/dist-packages/autoware_config_msgs/msg/_ConfigVelocitySet.py
[48.091s] -- Installing: /workspaces/carma_ws/src/install/autoware_config_msgs/lib/python3/dist-packages/autoware_config_msgs/msg/_ConfigNDTMappingOutput.py
[48.091s] -- Installing: /workspaces/carma_ws/src/install/autoware_config_msgs/lib/python3/dist-packages/autoware_config_msgs/msg/_ConfigCarFusion.py
[48.091s] -- Installing: /workspaces/carma_ws/src/install/autoware_config_msgs/lib/python3/dist-packages/autoware_config_msgs/msg/_ConfigPedestrianDPM.py
[48.091s] -- Installing: /workspaces/carma_ws/src/install/autoware_config_msgs/lib/python3/dist-packages/autoware_config_msgs/msg/_ConfigDistanceFilter.py
[48.091s] -- Installing: /workspaces/carma_ws/src/install/autoware_config_msgs/lib/python3/dist-packages/autoware_config_msgs/msg/_ConfigPlannerSelector.py
[48.091s] -- Installing: /workspaces/carma_ws/src/install/autoware_config_msgs/lib/python3/dist-packages/autoware_config_msgs/msg/_ConfigPedestrianFusion.py
[48.091s] -- Installing: /workspaces/carma_ws/src/install/autoware_config_msgs/lib/python3/dist-packages/autoware_config_msgs/msg/_ConfigRandomFilter.py
[48.091s] -- Installing: /workspaces/carma_ws/src/install/autoware_config_msgs/lib/python3/dist-packages/autoware_config_msgs/msg/_ConfigNDTMapping.py
[48.091s] -- Installing: /workspaces/carma_ws/src/install/autoware_config_msgs/lib/python3/dist-packages/autoware_config_msgs/msg/_ConfigRayGroundFilter.py
[48.092s] -- Installing: /workspaces/carma_ws/src/install/autoware_config_msgs/lib/python3/dist-packages/autoware_config_msgs/msg/_ConfigICP.py
[48.092s] -- Installing: /workspaces/carma_ws/src/install/autoware_config_msgs/lib/python3/dist-packages/autoware_config_msgs/msg/_ConfigRingFilter.py
[48.092s] -- Installing: /workspaces/carma_ws/src/install/autoware_config_msgs/lib/python3/dist-packages/autoware_config_msgs/msg/_ConfigLaneRule.py
[48.092s] -- Installing: /workspaces/carma_ws/src/install/autoware_config_msgs/lib/python3/dist-packages/autoware_config_msgs/msg/__init__.py
[48.092s] -- Installing: /workspaces/carma_ws/src/install/autoware_config_msgs/lib/python3/dist-packages/autoware_config_msgs/__init__.py
[48.092s] -- Installing: /workspaces/carma_ws/src/install/autoware_config_msgs/lib/pkgconfig/autoware_config_msgs.pc
[48.092s] -- Installing: /workspaces/carma_ws/src/install/autoware_config_msgs/share/autoware_config_msgs/cmake/autoware_config_msgs-msg-extras.cmake
[48.093s] -- Installing: /workspaces/carma_ws/src/install/autoware_config_msgs/share/autoware_config_msgs/cmake/autoware_config_msgsConfig.cmake
[48.093s] -- Installing: /workspaces/carma_ws/src/install/autoware_config_msgs/share/autoware_config_msgs/cmake/autoware_config_msgsConfig-version.cmake
[48.093s] -- Installing: /workspaces/carma_ws/src/install/autoware_config_msgs/share/autoware_config_msgs/package.xml
[48.144s] Invoked command in '/workspaces/carma_ws/src/build/autoware_config_msgs' returned '0': /usr/bin/cmake --install /workspaces/carma_ws/src/build/autoware_config_msgs
