-- The C compiler identification is GNU 9.3.0
-- The CXX compiler identification is GNU 9.3.0
-- Check for working C compiler: /usr/bin/cc
-- Check for working C compiler: /usr/bin/cc -- works
-- Detecting C compiler ABI info
-- Detecting C compiler ABI info - done
-- Detecting C compile features
-- Detecting C compile features - done
-- Check for working CXX compiler: /usr/bin/c++
-- Check for working CXX compiler: /usr/bin/c++ -- works
-- Detecting CXX compiler ABI info
-- Detecting CXX compiler ABI info - done
-- Detecting CXX compile features
-- Detecting CXX compile features - done
-- Using CATKIN_DEVEL_PREFIX: /workspaces/carma_ws/src/build/novatel_gps_msgs/devel
-- Using CMAKE_PREFIX_PATH: /opt/ros/noetic
-- This workspace overlays: /opt/ros/noetic
-- Found PythonInterp: /usr/bin/python3 (found suitable version "3.8.10", minimum required is "3") 
-- Using PYTHON_EXECUTABLE: /usr/bin/python3
-- Using Debian Python package layout
-- Found PY_em: /usr/lib/python3/dist-packages/em.py  
-- Using empy: /usr/lib/python3/dist-packages/em.py
-- Using CATKIN_ENABLE_TESTING: ON
-- Call enable_testing()
-- Using CATKIN_TEST_RESULTS_DIR: /workspaces/carma_ws/src/build/novatel_gps_msgs/test_results
-- Forcing gtest/gmock from source, though one was otherwise available.
-- Found gtest sources under '/usr/src/googletest': gtests will be built
-- Found gmock sources under '/usr/src/googletest': gmock will be built
-- Found PythonInterp: /usr/bin/python3 (found version "3.8.10") 
-- Found Threads: TRUE  
-- Using Python nosetests: /usr/bin/nosetests3
-- catkin 0.8.10
-- BUILD_SHARED_LIBS is on
-- Using these message generators: gencpp;geneus;genlisp;gennodejs;genpy
-- novatel_gps_msgs: 29 messages, 1 services
-- Configuring done
-- Generating done
-- Build files have been written to: /workspaces/carma_ws/src/build/novatel_gps_msgs
[35m[1mScanning dependencies of target _novatel_gps_msgs_generate_messages_check_deps_Insstdev[0m
[  0%] Built target _novatel_gps_msgs_generate_messages_check_deps_Insstdev
[35m[1mScanning dependencies of target _novatel_gps_msgs_generate_messages_check_deps_NovatelXYZ[0m
[  0%] Built target _novatel_gps_msgs_generate_messages_check_deps_NovatelXYZ
[35m[1mScanning dependencies of target _novatel_gps_msgs_generate_messages_check_deps_NovatelUtmPosition[0m
[  0%] Built target _novatel_gps_msgs_generate_messages_check_deps_NovatelUtmPosition
[35m[1mScanning dependencies of target _novatel_gps_msgs_generate_messages_check_deps_NovatelReceiverStatus[0m
[  0%] Built target _novatel_gps_msgs_generate_messages_check_deps_NovatelReceiverStatus
[35m[1mScanning dependencies of target _novatel_gps_msgs_generate_messages_check_deps_RangeInformation[0m
[  0%] Built target _novatel_gps_msgs_generate_messages_check_deps_RangeInformation
[35m[1mScanning dependencies of target _novatel_gps_msgs_generate_messages_check_deps_NovatelSignalMask[0m
[  0%] Built target _novatel_gps_msgs_generate_messages_check_deps_NovatelSignalMask
[35m[1mScanning dependencies of target _novatel_gps_msgs_generate_messages_check_deps_NovatelMessageHeader[0m
[  0%] Built target _novatel_gps_msgs_generate_messages_check_deps_NovatelMessageHeader
[35m[1mScanning dependencies of target std_msgs_generate_messages_lisp[0m
[  0%] Built target std_msgs_generate_messages_lisp
[35m[1mScanning dependencies of target _novatel_gps_msgs_generate_messages_check_deps_ClockSteering[0m
[  0%] Built target _novatel_gps_msgs_generate_messages_check_deps_ClockSteering
[35m[1mScanning dependencies of target _novatel_gps_msgs_generate_messages_check_deps_Time[0m
[  0%] Built target _novatel_gps_msgs_generate_messages_check_deps_Time
[35m[1mScanning dependencies of target _novatel_gps_msgs_generate_messages_check_deps_NovatelDualAntennaHeading[0m
[  0%] Built target _novatel_gps_msgs_generate_messages_check_deps_NovatelDualAntennaHeading
[35m[1mScanning dependencies of target _novatel_gps_msgs_generate_messages_check_deps_Inspvax[0m
[  0%] Built target _novatel_gps_msgs_generate_messages_check_deps_Inspvax
[35m[1mScanning dependencies of target _novatel_gps_msgs_generate_messages_check_deps_NovatelPsrdop2[0m
[  0%] Built target _novatel_gps_msgs_generate_messages_check_deps_NovatelPsrdop2
[35m[1mScanning dependencies of target _novatel_gps_msgs_generate_messages_check_deps_NovatelCorrectedImuData[0m
[  0%] Built target _novatel_gps_msgs_generate_messages_check_deps_NovatelCorrectedImuData
[35m[1mScanning dependencies of target _novatel_gps_msgs_generate_messages_check_deps_NovatelExtendedSolutionStatus[0m
[  0%] Built target _novatel_gps_msgs_generate_messages_check_deps_NovatelExtendedSolutionStatus
[35m[1mScanning dependencies of target _novatel_gps_msgs_generate_messages_check_deps_NovatelHeading2[0m
[  0%] Built target _novatel_gps_msgs_generate_messages_check_deps_NovatelHeading2
[35m[1mScanning dependencies of target _novatel_gps_msgs_generate_messages_check_deps_Inspva[0m
[  0%] Built target _novatel_gps_msgs_generate_messages_check_deps_Inspva
[35m[1mScanning dependencies of target _novatel_gps_msgs_generate_messages_check_deps_NovatelPosition[0m
[  0%] Built target _novatel_gps_msgs_generate_messages_check_deps_NovatelPosition
[35m[1mScanning dependencies of target _novatel_gps_msgs_generate_messages_check_deps_NovatelFRESET[0m
[  0%] Built target _novatel_gps_msgs_generate_messages_check_deps_NovatelFRESET
[35m[1mScanning dependencies of target _novatel_gps_msgs_generate_messages_check_deps_Gpgga[0m
[  0%] Built target _novatel_gps_msgs_generate_messages_check_deps_Gpgga
[35m[1mScanning dependencies of target _novatel_gps_msgs_generate_messages_check_deps_Gpgsa[0m
[  0%] Built target _novatel_gps_msgs_generate_messages_check_deps_Gpgsa
[35m[1mScanning dependencies of target std_msgs_generate_messages_nodejs[0m
[  0%] Built target std_msgs_generate_messages_nodejs
[35m[1mScanning dependencies of target std_msgs_generate_messages_py[0m
[  0%] Built target std_msgs_generate_messages_py
[35m[1mScanning dependencies of target std_msgs_generate_messages_cpp[0m
[  0%] Built target std_msgs_generate_messages_cpp
[35m[1mScanning dependencies of target std_msgs_generate_messages_eus[0m
[  0%] Built target std_msgs_generate_messages_eus
[35m[1mScanning dependencies of target _novatel_gps_msgs_generate_messages_check_deps_Range[0m
[  0%] Built target _novatel_gps_msgs_generate_messages_check_deps_Range
[35m[1mScanning dependencies of target _novatel_gps_msgs_generate_messages_check_deps_Satellite[0m
[  0%] Built target _novatel_gps_msgs_generate_messages_check_deps_Satellite
[35m[1mScanning dependencies of target _novatel_gps_msgs_generate_messages_check_deps_Inscov[0m
[  0%] Built target _novatel_gps_msgs_generate_messages_check_deps_Inscov
[35m[1mScanning dependencies of target _novatel_gps_msgs_generate_messages_check_deps_Gpgsv[0m
[  0%] Built target _novatel_gps_msgs_generate_messages_check_deps_Gpgsv
[35m[1mScanning dependencies of target _novatel_gps_msgs_generate_messages_check_deps_Gphdt[0m
[  0%] Built target _novatel_gps_msgs_generate_messages_check_deps_Gphdt
[35m[1mScanning dependencies of target _novatel_gps_msgs_generate_messages_check_deps_NovatelVelocity[0m
[  0%] Built target _novatel_gps_msgs_generate_messages_check_deps_NovatelVelocity
[35m[1mScanning dependencies of target _novatel_gps_msgs_generate_messages_check_deps_Trackstat[0m
[  0%] Built target _novatel_gps_msgs_generate_messages_check_deps_Trackstat
[35m[1mScanning dependencies of target _novatel_gps_msgs_generate_messages_check_deps_TrackstatChannel[0m
[  0%] Built target _novatel_gps_msgs_generate_messages_check_deps_TrackstatChannel
[35m[1mScanning dependencies of target _novatel_gps_msgs_generate_messages_check_deps_NovatelPsrdop2System[0m
[  0%] Built target _novatel_gps_msgs_generate_messages_check_deps_NovatelPsrdop2System
[35m[1mScanning dependencies of target _novatel_gps_msgs_generate_messages_check_deps_Gprmc[0m
[  0%] Built target _novatel_gps_msgs_generate_messages_check_deps_Gprmc
[35m[1mScanning dependencies of target novatel_gps_msgs_generate_messages_lisp[0m
[  1%] [34m[1mGenerating Lisp code from novatel_gps_msgs/ClockSteering.msg[0m
[  1%] [34m[1mGenerating Lisp code from novatel_gps_msgs/Inspva.msg[0m
[  2%] [34m[1mGenerating Lisp code from novatel_gps_msgs/Inspvax.msg[0m
[  3%] [34m[1mGenerating Lisp code from novatel_gps_msgs/Insstdev.msg[0m
[  3%] [34m[1mGenerating Lisp code from novatel_gps_msgs/NovatelCorrectedImuData.msg[0m
[  4%] [34m[1mGenerating Lisp code from novatel_gps_msgs/NovatelDualAntennaHeading.msg[0m
[  4%] [34m[1mGenerating Lisp code from novatel_gps_msgs/NovatelExtendedSolutionStatus.msg[0m
[  5%] [34m[1mGenerating Lisp code from novatel_gps_msgs/NovatelHeading2.msg[0m
[  6%] [34m[1mGenerating Lisp code from novatel_gps_msgs/NovatelMessageHeader.msg[0m
[  6%] [34m[1mGenerating Lisp code from novatel_gps_msgs/NovatelPosition.msg[0m
[  7%] [34m[1mGenerating Lisp code from novatel_gps_msgs/NovatelPsrdop2.msg[0m
[  8%] [34m[1mGenerating Lisp code from novatel_gps_msgs/NovatelPsrdop2System.msg[0m
[  8%] [34m[1mGenerating Lisp code from novatel_gps_msgs/NovatelReceiverStatus.msg[0m
[  9%] [34m[1mGenerating Lisp code from novatel_gps_msgs/NovatelSignalMask.msg[0m
[  9%] [34m[1mGenerating Lisp code from novatel_gps_msgs/NovatelUtmPosition.msg[0m
[ 10%] [34m[1mGenerating Lisp code from novatel_gps_msgs/NovatelVelocity.msg[0m
[ 11%] [34m[1mGenerating Lisp code from novatel_gps_msgs/NovatelXYZ.msg[0m
[ 11%] [34m[1mGenerating Lisp code from novatel_gps_msgs/Range.msg[0m
[ 12%] [34m[1mGenerating Lisp code from novatel_gps_msgs/RangeInformation.msg[0m
[ 13%] [34m[1mGenerating Lisp code from novatel_gps_msgs/Satellite.msg[0m
[ 13%] [34m[1mGenerating Lisp code from novatel_gps_msgs/Time.msg[0m
[ 14%] [34m[1mGenerating Lisp code from novatel_gps_msgs/Trackstat.msg[0m
[ 14%] [34m[1mGenerating Lisp code from novatel_gps_msgs/TrackstatChannel.msg[0m
[ 15%] [34m[1mGenerating Lisp code from novatel_gps_msgs/NovatelFRESET.srv[0m
[ 16%] [34m[1mGenerating Lisp code from novatel_gps_msgs/Inscov.msg[0m
[ 17%] [34m[1mGenerating Lisp code from novatel_gps_msgs/Gprmc.msg[0m
[ 17%] [34m[1mGenerating Lisp code from novatel_gps_msgs/Gphdt.msg[0m
[ 18%] [34m[1mGenerating Lisp code from novatel_gps_msgs/Gpgsv.msg[0m
[ 18%] [34m[1mGenerating Lisp code from novatel_gps_msgs/Gpgsa.msg[0m
[ 19%] [34m[1mGenerating Lisp code from novatel_gps_msgs/Gpgga.msg[0m
[ 19%] Built target novatel_gps_msgs_generate_messages_lisp
[35m[1mScanning dependencies of target novatel_gps_msgs_generate_messages_eus[0m
[ 20%] [34m[1mGenerating EusLisp code from novatel_gps_msgs/ClockSteering.msg[0m
[ 21%] [34m[1mGenerating EusLisp code from novatel_gps_msgs/Inspvax.msg[0m
[ 21%] [34m[1mGenerating EusLisp code from novatel_gps_msgs/Insstdev.msg[0m
[ 22%] [34m[1mGenerating EusLisp code from novatel_gps_msgs/NovatelCorrectedImuData.msg[0m
[ 23%] [34m[1mGenerating EusLisp code from novatel_gps_msgs/NovatelDualAntennaHeading.msg[0m
[ 23%] [34m[1mGenerating EusLisp code from novatel_gps_msgs/NovatelExtendedSolutionStatus.msg[0m
[ 25%] [34m[1mGenerating EusLisp code from novatel_gps_msgs/NovatelHeading2.msg[0m
[ 25%] [34m[1mGenerating EusLisp code from novatel_gps_msgs/NovatelMessageHeader.msg[0m
[ 26%] [34m[1mGenerating EusLisp code from novatel_gps_msgs/NovatelPosition.msg[0m
[ 27%] [34m[1mGenerating EusLisp code from novatel_gps_msgs/NovatelPsrdop2.msg[0m
[ 27%] [34m[1mGenerating EusLisp code from novatel_gps_msgs/NovatelPsrdop2System.msg[0m
[ 28%] [34m[1mGenerating EusLisp code from novatel_gps_msgs/NovatelReceiverStatus.msg[0m
[ 29%] [34m[1mGenerating EusLisp code from novatel_gps_msgs/NovatelSignalMask.msg[0m
[ 29%] [34m[1mGenerating EusLisp code from novatel_gps_msgs/NovatelUtmPosition.msg[0m
[ 30%] [34m[1mGenerating EusLisp code from novatel_gps_msgs/NovatelVelocity.msg[0m
[ 30%] [34m[1mGenerating EusLisp code from novatel_gps_msgs/NovatelXYZ.msg[0m
[ 31%] [34m[1mGenerating EusLisp code from novatel_gps_msgs/Range.msg[0m
[ 32%] [34m[1mGenerating EusLisp code from novatel_gps_msgs/RangeInformation.msg[0m
[ 32%] [34m[1mGenerating EusLisp code from novatel_gps_msgs/Satellite.msg[0m
[ 33%] [34m[1mGenerating EusLisp code from novatel_gps_msgs/Time.msg[0m
[ 33%] [34m[1mGenerating EusLisp code from novatel_gps_msgs/Trackstat.msg[0m
[ 34%] [34m[1mGenerating EusLisp code from novatel_gps_msgs/TrackstatChannel.msg[0m
[ 35%] [34m[1mGenerating EusLisp code from novatel_gps_msgs/NovatelFRESET.srv[0m
[ 35%] [34m[1mGenerating EusLisp manifest code for novatel_gps_msgs[0m
[ 36%] [34m[1mGenerating EusLisp code from novatel_gps_msgs/Inspva.msg[0m
[ 36%] [34m[1mGenerating EusLisp code from novatel_gps_msgs/Inscov.msg[0m
[ 37%] [34m[1mGenerating EusLisp code from novatel_gps_msgs/Gprmc.msg[0m
[ 37%] [34m[1mGenerating EusLisp code from novatel_gps_msgs/Gphdt.msg[0m
[ 38%] [34m[1mGenerating EusLisp code from novatel_gps_msgs/Gpgsv.msg[0m
[ 39%] [34m[1mGenerating EusLisp code from novatel_gps_msgs/Gpgsa.msg[0m
[ 39%] [34m[1mGenerating EusLisp code from novatel_gps_msgs/Gpgga.msg[0m
[ 39%] Built target novatel_gps_msgs_generate_messages_eus
[35m[1mScanning dependencies of target novatel_gps_msgs_generate_messages_cpp[0m
[ 40%] [34m[1mGenerating C++ code from novatel_gps_msgs/ClockSteering.msg[0m
[ 41%] [34m[1mGenerating C++ code from novatel_gps_msgs/Insstdev.msg[0m
[ 41%] [34m[1mGenerating C++ code from novatel_gps_msgs/NovatelCorrectedImuData.msg[0m
[ 42%] [34m[1mGenerating C++ code from novatel_gps_msgs/NovatelDualAntennaHeading.msg[0m
[ 43%] [34m[1mGenerating C++ code from novatel_gps_msgs/NovatelExtendedSolutionStatus.msg[0m
[ 43%] [34m[1mGenerating C++ code from novatel_gps_msgs/NovatelHeading2.msg[0m
[ 44%] [34m[1mGenerating C++ code from novatel_gps_msgs/NovatelMessageHeader.msg[0m
[ 44%] [34m[1mGenerating C++ code from novatel_gps_msgs/NovatelPosition.msg[0m
[ 45%] [34m[1mGenerating C++ code from novatel_gps_msgs/NovatelPsrdop2.msg[0m
[ 46%] [34m[1mGenerating C++ code from novatel_gps_msgs/NovatelPsrdop2System.msg[0m
[ 46%] [34m[1mGenerating C++ code from novatel_gps_msgs/NovatelReceiverStatus.msg[0m
[ 47%] [34m[1mGenerating C++ code from novatel_gps_msgs/NovatelSignalMask.msg[0m
[ 48%] [34m[1mGenerating C++ code from novatel_gps_msgs/NovatelUtmPosition.msg[0m
[ 48%] [34m[1mGenerating C++ code from novatel_gps_msgs/NovatelVelocity.msg[0m
[ 50%] [34m[1mGenerating C++ code from novatel_gps_msgs/NovatelXYZ.msg[0m
[ 50%] [34m[1mGenerating C++ code from novatel_gps_msgs/Range.msg[0m
[ 51%] [34m[1mGenerating C++ code from novatel_gps_msgs/RangeInformation.msg[0m
[ 52%] [34m[1mGenerating C++ code from novatel_gps_msgs/Satellite.msg[0m
[ 52%] [34m[1mGenerating C++ code from novatel_gps_msgs/Time.msg[0m
[ 53%] [34m[1mGenerating C++ code from novatel_gps_msgs/Trackstat.msg[0m
[ 53%] [34m[1mGenerating C++ code from novatel_gps_msgs/TrackstatChannel.msg[0m
[ 54%] [34m[1mGenerating C++ code from novatel_gps_msgs/NovatelFRESET.srv[0m
[ 55%] [34m[1mGenerating C++ code from novatel_gps_msgs/Inspvax.msg[0m
[ 55%] [34m[1mGenerating C++ code from novatel_gps_msgs/Inspva.msg[0m
[ 56%] [34m[1mGenerating C++ code from novatel_gps_msgs/Inscov.msg[0m
[ 56%] [34m[1mGenerating C++ code from novatel_gps_msgs/Gprmc.msg[0m
[ 57%] [34m[1mGenerating C++ code from novatel_gps_msgs/Gphdt.msg[0m
[ 58%] [34m[1mGenerating C++ code from novatel_gps_msgs/Gpgsv.msg[0m
[ 58%] [34m[1mGenerating C++ code from novatel_gps_msgs/Gpgsa.msg[0m
[ 59%] [34m[1mGenerating C++ code from novatel_gps_msgs/Gpgga.msg[0m
[ 59%] Built target novatel_gps_msgs_generate_messages_cpp
[35m[1mScanning dependencies of target novatel_gps_msgs_generate_messages_py[0m
[ 59%] [34m[1mGenerating Python from MSG novatel_gps_msgs/ClockSteering[0m
[ 59%] [34m[1mGenerating Python from MSG novatel_gps_msgs/NovatelCorrectedImuData[0m
[ 60%] [34m[1mGenerating Python from MSG novatel_gps_msgs/NovatelDualAntennaHeading[0m
[ 61%] [34m[1mGenerating Python from MSG novatel_gps_msgs/NovatelExtendedSolutionStatus[0m
[ 61%] [34m[1mGenerating Python from MSG novatel_gps_msgs/NovatelHeading2[0m
[ 62%] [34m[1mGenerating Python from MSG novatel_gps_msgs/NovatelMessageHeader[0m
[ 63%] [34m[1mGenerating Python from MSG novatel_gps_msgs/NovatelPosition[0m
[ 63%] [34m[1mGenerating Python from MSG novatel_gps_msgs/NovatelPsrdop2[0m
[ 64%] [34m[1mGenerating Python from MSG novatel_gps_msgs/NovatelPsrdop2System[0m
[ 64%] [34m[1mGenerating Python from MSG novatel_gps_msgs/NovatelReceiverStatus[0m
[ 65%] [34m[1mGenerating Python from MSG novatel_gps_msgs/NovatelSignalMask[0m
[ 66%] [34m[1mGenerating Python from MSG novatel_gps_msgs/NovatelUtmPosition[0m
[ 66%] [34m[1mGenerating Python from MSG novatel_gps_msgs/NovatelVelocity[0m
[ 67%] [34m[1mGenerating Python from MSG novatel_gps_msgs/NovatelXYZ[0m
[ 68%] [34m[1mGenerating Python from MSG novatel_gps_msgs/Range[0m
[ 68%] [34m[1mGenerating Python from MSG novatel_gps_msgs/RangeInformation[0m
[ 69%] [34m[1mGenerating Python from MSG novatel_gps_msgs/Satellite[0m
[ 69%] [34m[1mGenerating Python from MSG novatel_gps_msgs/Time[0m
[ 70%] [34m[1mGenerating Python from MSG novatel_gps_msgs/Trackstat[0m
[ 71%] [34m[1mGenerating Python from MSG novatel_gps_msgs/TrackstatChannel[0m
[ 71%] [34m[1mGenerating Python code from SRV novatel_gps_msgs/NovatelFRESET[0m
[ 72%] [34m[1mGenerating Python from MSG novatel_gps_msgs/Insstdev[0m
[ 72%] [34m[1mGenerating Python from MSG novatel_gps_msgs/Inspvax[0m
[ 73%] [34m[1mGenerating Python from MSG novatel_gps_msgs/Inspva[0m
[ 75%] [34m[1mGenerating Python from MSG novatel_gps_msgs/Inscov[0m
[ 75%] [34m[1mGenerating Python from MSG novatel_gps_msgs/Gprmc[0m
[ 76%] [34m[1mGenerating Python from MSG novatel_gps_msgs/Gphdt[0m
[ 77%] [34m[1mGenerating Python from MSG novatel_gps_msgs/Gpgsv[0m
[ 77%] [34m[1mGenerating Python from MSG novatel_gps_msgs/Gpgsa[0m
[ 78%] [34m[1mGenerating Python from MSG novatel_gps_msgs/Gpgga[0m
[ 79%] [34m[1mGenerating Python msg __init__.py for novatel_gps_msgs[0m
[ 80%] [34m[1mGenerating Python srv __init__.py for novatel_gps_msgs[0m
[ 80%] Built target novatel_gps_msgs_generate_messages_py
[35m[1mScanning dependencies of target novatel_gps_msgs_generate_messages_nodejs[0m
[ 81%] [34m[1mGenerating Javascript code from novatel_gps_msgs/ClockSteering.msg[0m
[ 81%] [34m[1mGenerating Javascript code from novatel_gps_msgs/NovatelDualAntennaHeading.msg[0m
[ 82%] [34m[1mGenerating Javascript code from novatel_gps_msgs/NovatelExtendedSolutionStatus.msg[0m
[ 83%] [34m[1mGenerating Javascript code from novatel_gps_msgs/NovatelHeading2.msg[0m
[ 83%] [34m[1mGenerating Javascript code from novatel_gps_msgs/NovatelMessageHeader.msg[0m
[ 84%] [34m[1mGenerating Javascript code from novatel_gps_msgs/NovatelPosition.msg[0m
[ 85%] [34m[1mGenerating Javascript code from novatel_gps_msgs/NovatelPsrdop2.msg[0m
[ 85%] [34m[1mGenerating Javascript code from novatel_gps_msgs/NovatelPsrdop2System.msg[0m
[ 86%] [34m[1mGenerating Javascript code from novatel_gps_msgs/NovatelReceiverStatus.msg[0m
[ 86%] [34m[1mGenerating Javascript code from novatel_gps_msgs/NovatelSignalMask.msg[0m
[ 87%] [34m[1mGenerating Javascript code from novatel_gps_msgs/NovatelUtmPosition.msg[0m
[ 88%] [34m[1mGenerating Javascript code from novatel_gps_msgs/NovatelVelocity.msg[0m
[ 88%] [34m[1mGenerating Javascript code from novatel_gps_msgs/NovatelXYZ.msg[0m
[ 89%] [34m[1mGenerating Javascript code from novatel_gps_msgs/Range.msg[0m
[ 90%] [34m[1mGenerating Javascript code from novatel_gps_msgs/RangeInformation.msg[0m
[ 90%] [34m[1mGenerating Javascript code from novatel_gps_msgs/Satellite.msg[0m
[ 91%] [34m[1mGenerating Javascript code from novatel_gps_msgs/Time.msg[0m
[ 91%] [34m[1mGenerating Javascript code from novatel_gps_msgs/Trackstat.msg[0m
[ 92%] [34m[1mGenerating Javascript code from novatel_gps_msgs/TrackstatChannel.msg[0m
[ 93%] [34m[1mGenerating Javascript code from novatel_gps_msgs/NovatelFRESET.srv[0m
[ 94%] [34m[1mGenerating Javascript code from novatel_gps_msgs/NovatelCorrectedImuData.msg[0m
[ 94%] [34m[1mGenerating Javascript code from novatel_gps_msgs/Insstdev.msg[0m
[ 95%] [34m[1mGenerating Javascript code from novatel_gps_msgs/Inspvax.msg[0m
[ 96%] [34m[1mGenerating Javascript code from novatel_gps_msgs/Inspva.msg[0m
[ 96%] [34m[1mGenerating Javascript code from novatel_gps_msgs/Inscov.msg[0m
[ 97%] [34m[1mGenerating Javascript code from novatel_gps_msgs/Gprmc.msg[0m
[ 98%] [34m[1mGenerating Javascript code from novatel_gps_msgs/Gphdt.msg[0m
[ 98%] [34m[1mGenerating Javascript code from novatel_gps_msgs/Gpgsv.msg[0m
[100%] [34m[1mGenerating Javascript code from novatel_gps_msgs/Gpgsa.msg[0m
[100%] [34m[1mGenerating Javascript code from novatel_gps_msgs/Gpgga.msg[0m
[100%] Built target novatel_gps_msgs_generate_messages_nodejs
[35m[1mScanning dependencies of target novatel_gps_msgs_generate_messages[0m
[100%] Built target novatel_gps_msgs_generate_messages
