-- The C compiler identification is GNU 9.3.0
-- The CXX compiler identification is GNU 9.3.0
-- Check for working C compiler: /usr/bin/cc
-- Check for working C compiler: /usr/bin/cc -- works
-- Detecting C compiler ABI info
-- Detecting C compiler ABI info - done
-- Detecting C compile features
-- Detecting C compile features - done
-- Check for working CXX compiler: /usr/bin/c++
-- Check for working CXX compiler: /usr/bin/c++ -- works
-- Detecting CXX compiler ABI info
-- Detecting CXX compiler ABI info - done
-- Detecting CXX compile features
-- Detecting CXX compile features - done
-- Using CATKIN_DEVEL_PREFIX: /workspaces/carma_ws/src/build/j2735_msgs/devel
-- Using CMAKE_PREFIX_PATH: /opt/ros/noetic
-- This workspace overlays: /opt/ros/noetic
-- Found PythonInterp: /usr/bin/python3 (found suitable version "3.8.10", minimum required is "3") 
-- Using PYTHON_EXECUTABLE: /usr/bin/python3
-- Using Debian Python package layout
-- Found PY_em: /usr/lib/python3/dist-packages/em.py  
-- Using empy: /usr/lib/python3/dist-packages/em.py
-- Using CATKIN_ENABLE_TESTING: ON
-- Call enable_testing()
-- Using CATKIN_TEST_RESULTS_DIR: /workspaces/carma_ws/src/build/j2735_msgs/test_results
-- Forcing gtest/gmock from source, though one was otherwise available.
-- Found gtest sources under '/usr/src/googletest': gtests will be built
-- Found gmock sources under '/usr/src/googletest': gmock will be built
-- Found PythonInterp: /usr/bin/python3 (found version "3.8.10") 
-- Found Threads: TRUE  
-- Using Python nosetests: /usr/bin/nosetests3
-- catkin 0.8.10
-- BUILD_SHARED_LIBS is on
-- Using these message generators: gencpp;geneus;genlisp;gennodejs;genpy
-- j2735_msgs: 110 messages, 0 services
-- Configuring done
-- Generating done
-- Build files have been written to: /workspaces/carma_ws/src/build/j2735_msgs
[35m[1mScanning dependencies of target geometry_msgs_generate_messages_cpp[0m
[35m[1mScanning dependencies of target _j2735_msgs_generate_messages_check_deps_DailySchedule[0m
[35m[1mScanning dependencies of target _j2735_msgs_generate_messages_check_deps_IntersectionState[0m
[35m[1mScanning dependencies of target _j2735_msgs_generate_messages_check_deps_LaneAttributesSidewalk[0m
[35m[1mScanning dependencies of target _j2735_msgs_generate_messages_check_deps_ManeuverAssistList[0m
[35m[1mScanning dependencies of target _j2735_msgs_generate_messages_check_deps_RestrictionClassList[0m
[  0%] Built target geometry_msgs_generate_messages_cpp
[35m[1mScanning dependencies of target _j2735_msgs_generate_messages_check_deps_IntersectionStatusObject[0m
[35m[1mScanning dependencies of target _j2735_msgs_generate_messages_check_deps_Id128b[0m
[35m[1mScanning dependencies of target _j2735_msgs_generate_messages_check_deps_LaneDataAttributeList[0m
[35m[1mScanning dependencies of target _j2735_msgs_generate_messages_check_deps_EnabledLaneList[0m
[35m[1mScanning dependencies of target _j2735_msgs_generate_messages_check_deps_SpeedConfidence[0m
[35m[1mScanning dependencies of target _j2735_msgs_generate_messages_check_deps_LaneDirection[0m
[35m[1mScanning dependencies of target _j2735_msgs_generate_messages_check_deps_DataParameters[0m
[  0%] Built target _j2735_msgs_generate_messages_check_deps_RestrictionClassList
[  0%] Built target _j2735_msgs_generate_messages_check_deps_IntersectionState
[  0%] Built target _j2735_msgs_generate_messages_check_deps_ManeuverAssistList
[35m[1mScanning dependencies of target _j2735_msgs_generate_messages_check_deps_LaneAttributesVehicle[0m
[35m[1mScanning dependencies of target _j2735_msgs_generate_messages_check_deps_PathNode[0m
[35m[1mScanning dependencies of target _j2735_msgs_generate_messages_check_deps_ComputedLane[0m
[  0%] Built target _j2735_msgs_generate_messages_check_deps_DailySchedule
[  0%] Built target _j2735_msgs_generate_messages_check_deps_LaneAttributesSidewalk
[  0%] Built target _j2735_msgs_generate_messages_check_deps_Id128b
[  0%] Built target _j2735_msgs_generate_messages_check_deps_IntersectionStatusObject
[  0%] Built target _j2735_msgs_generate_messages_check_deps_LaneDataAttributeList
[  0%] Built target _j2735_msgs_generate_messages_check_deps_EnabledLaneList
[  0%] Built target _j2735_msgs_generate_messages_check_deps_SpeedConfidence
[  0%] Built target _j2735_msgs_generate_messages_check_deps_LaneDirection
[  0%] Built target _j2735_msgs_generate_messages_check_deps_DataParameters
[35m[1mScanning dependencies of target _j2735_msgs_generate_messages_check_deps_TrafficControlBounds[0m
[35m[1mScanning dependencies of target _j2735_msgs_generate_messages_check_deps_Position3D[0m
[35m[1mScanning dependencies of target _j2735_msgs_generate_messages_check_deps_VehicleSize[0m
[35m[1mScanning dependencies of target _j2735_msgs_generate_messages_check_deps_RestrictionAppliesTo[0m
[35m[1mScanning dependencies of target _j2735_msgs_generate_messages_check_deps_RoadLaneSetList[0m
[35m[1mScanning dependencies of target _j2735_msgs_generate_messages_check_deps_RepeatParams[0m
[35m[1mScanning dependencies of target _j2735_msgs_generate_messages_check_deps_SegmentAttributeXY[0m
[35m[1mScanning dependencies of target _j2735_msgs_generate_messages_check_deps_PreemptPriorityList[0m
[35m[1mScanning dependencies of target _j2735_msgs_generate_messages_check_deps_AllowedManeuvers[0m
[  0%] Built target _j2735_msgs_generate_messages_check_deps_PathNode
[  0%] Built target _j2735_msgs_generate_messages_check_deps_ComputedLane
[  0%] Built target _j2735_msgs_generate_messages_check_deps_LaneAttributesVehicle
[  0%] Built target _j2735_msgs_generate_messages_check_deps_VehicleSize
[  0%] Built target _j2735_msgs_generate_messages_check_deps_RestrictionAppliesTo
[35m[1mScanning dependencies of target _j2735_msgs_generate_messages_check_deps_TrafficControlMessage[0m
[  0%] Built target _j2735_msgs_generate_messages_check_deps_RoadLaneSetList
[35m[1mScanning dependencies of target _j2735_msgs_generate_messages_check_deps_SegmentAttributeXYList[0m
[35m[1mScanning dependencies of target _j2735_msgs_generate_messages_check_deps_TrafficControlParams[0m
[35m[1mScanning dependencies of target _j2735_msgs_generate_messages_check_deps_MapData[0m
[  0%] Built target _j2735_msgs_generate_messages_check_deps_RepeatParams
[  0%] Built target _j2735_msgs_generate_messages_check_deps_TrafficControlBounds
[  0%] Built target _j2735_msgs_generate_messages_check_deps_PreemptPriorityList
[  0%] Built target _j2735_msgs_generate_messages_check_deps_Position3D
[  0%] Built target _j2735_msgs_generate_messages_check_deps_AllowedManeuvers
[  0%] Built target _j2735_msgs_generate_messages_check_deps_SegmentAttributeXY
[35m[1mScanning dependencies of target _j2735_msgs_generate_messages_check_deps_MovementPhaseState[0m
[35m[1mScanning dependencies of target _j2735_msgs_generate_messages_check_deps_RestrictionClassAssignment[0m
[35m[1mScanning dependencies of target _j2735_msgs_generate_messages_check_deps_SpeedLimitType[0m
[  0%] Built target _j2735_msgs_generate_messages_check_deps_TrafficControlParams
[  0%] Built target _j2735_msgs_generate_messages_check_deps_TrafficControlMessage
[35m[1mScanning dependencies of target _j2735_msgs_generate_messages_check_deps_SpeedLimitList[0m
[35m[1mScanning dependencies of target _j2735_msgs_generate_messages_check_deps_SignalControlZone[0m
[  0%] Built target _j2735_msgs_generate_messages_check_deps_SegmentAttributeXYList
[  0%] Built target _j2735_msgs_generate_messages_check_deps_MapData
[35m[1mScanning dependencies of target _j2735_msgs_generate_messages_check_deps_TimeChangeDetails[0m
[35m[1mScanning dependencies of target _j2735_msgs_generate_messages_check_deps_TrafficControlDetail[0m
[  0%] Built target _j2735_msgs_generate_messages_check_deps_MovementPhaseState
[35m[1mScanning dependencies of target _j2735_msgs_generate_messages_check_deps_NodeXY22b[0m
[35m[1mScanning dependencies of target _j2735_msgs_generate_messages_check_deps_TrafficControlGeometry[0m
[35m[1mScanning dependencies of target _j2735_msgs_generate_messages_check_deps_ConnectingLane[0m
[35m[1mScanning dependencies of target _j2735_msgs_generate_messages_check_deps_TrafficControlMessageV01[0m
[35m[1mScanning dependencies of target _j2735_msgs_generate_messages_check_deps_TrafficControlVehClass[0m
[  0%] Built target _j2735_msgs_generate_messages_check_deps_SignalControlZone
[35m[1mScanning dependencies of target _j2735_msgs_generate_messages_check_deps_TrafficControlRequest[0m
[  0%] Built target _j2735_msgs_generate_messages_check_deps_RestrictionClassAssignment
[35m[1mScanning dependencies of target _j2735_msgs_generate_messages_check_deps_LaneAttributesParking[0m
[  0%] Built target _j2735_msgs_generate_messages_check_deps_SpeedLimitList
[  0%] Built target _j2735_msgs_generate_messages_check_deps_TimeChangeDetails
[  0%] Built target _j2735_msgs_generate_messages_check_deps_ConnectingLane
[  0%] Built target _j2735_msgs_generate_messages_check_deps_SpeedLimitType
[35m[1mScanning dependencies of target _j2735_msgs_generate_messages_check_deps_TrafficControlSchedule[0m
[35m[1mScanning dependencies of target _j2735_msgs_generate_messages_check_deps_TrafficControlRequestV01[0m
[35m[1mScanning dependencies of target _j2735_msgs_generate_messages_check_deps_LaneAttributesBarrier[0m
[35m[1mScanning dependencies of target _j2735_msgs_generate_messages_check_deps_LaneSharing[0m
[35m[1mScanning dependencies of target _j2735_msgs_generate_messages_check_deps_IntersectionStateList[0m
[  0%] Built target _j2735_msgs_generate_messages_check_deps_TrafficControlMessageV01
[  0%] Built target _j2735_msgs_generate_messages_check_deps_TrafficControlVehClass
[  0%] Built target _j2735_msgs_generate_messages_check_deps_TrafficControlGeometry
[  0%] Built target _j2735_msgs_generate_messages_check_deps_TrafficControlDetail
[  0%] Built target _j2735_msgs_generate_messages_check_deps_TrafficControlRequest
[  0%] Built target _j2735_msgs_generate_messages_check_deps_NodeXY22b
[35m[1mScanning dependencies of target _j2735_msgs_generate_messages_check_deps_IntersectionReferenceID[0m
[  0%] Built target _j2735_msgs_generate_messages_check_deps_LaneAttributesParking
[35m[1mScanning dependencies of target _j2735_msgs_generate_messages_check_deps_Connection[0m
[35m[1mScanning dependencies of target _j2735_msgs_generate_messages_check_deps_LaneAttributesTrackedVehicle[0m
[35m[1mScanning dependencies of target _j2735_msgs_generate_messages_check_deps_BSM[0m
[35m[1mScanning dependencies of target _j2735_msgs_generate_messages_check_deps_NodeOffsetPointXY[0m
[35m[1mScanning dependencies of target _j2735_msgs_generate_messages_check_deps_LaneAttributes[0m
[35m[1mScanning dependencies of target _j2735_msgs_generate_messages_check_deps_NodeAttributeXY[0m
[  0%] Built target _j2735_msgs_generate_messages_check_deps_LaneSharing
[  0%] Built target _j2735_msgs_generate_messages_check_deps_LaneAttributesBarrier
[  0%] Built target _j2735_msgs_generate_messages_check_deps_TrafficControlSchedule
[  0%] Built target _j2735_msgs_generate_messages_check_deps_TrafficControlRequestV01
[  0%] Built target _j2735_msgs_generate_messages_check_deps_IntersectionStateList
[  0%] Built target _j2735_msgs_generate_messages_check_deps_LaneAttributesTrackedVehicle
[35m[1mScanning dependencies of target _j2735_msgs_generate_messages_check_deps_Id64b[0m
[35m[1mScanning dependencies of target _j2735_msgs_generate_messages_check_deps_RoadSegmentList[0m
[  0%] Built target _j2735_msgs_generate_messages_check_deps_IntersectionReferenceID
[35m[1mScanning dependencies of target _j2735_msgs_generate_messages_check_deps_AdvisorySpeed[0m
[  0%] Built target _j2735_msgs_generate_messages_check_deps_Connection
[35m[1mScanning dependencies of target _j2735_msgs_generate_messages_check_deps_TrafficControlPackage[0m
[35m[1mScanning dependencies of target _j2735_msgs_generate_messages_check_deps_OffsetXaxis[0m
[  0%] Built target _j2735_msgs_generate_messages_check_deps_LaneAttributes
[  0%] Built target _j2735_msgs_generate_messages_check_deps_BSM
[  0%] Built target _j2735_msgs_generate_messages_check_deps_NodeAttributeXY
[  0%] Built target _j2735_msgs_generate_messages_check_deps_NodeOffsetPointXY
[35m[1mScanning dependencies of target _j2735_msgs_generate_messages_check_deps_LaneAttributesStriping[0m
[35m[1mScanning dependencies of target _j2735_msgs_generate_messages_check_deps_AntiLockBrakeStatus[0m
[35m[1mScanning dependencies of target _j2735_msgs_generate_messages_check_deps_DayOfWeek[0m
[35m[1mScanning dependencies of target _j2735_msgs_generate_messages_check_deps_BrakeAppliedStatus[0m
[35m[1mScanning dependencies of target _j2735_msgs_generate_messages_check_deps_AdvisorySpeedList[0m
[35m[1mScanning dependencies of target _j2735_msgs_generate_messages_check_deps_OffsetYaxis[0m
[  0%] Built target _j2735_msgs_generate_messages_check_deps_TrafficControlPackage
[  0%] Built target _j2735_msgs_generate_messages_check_deps_RoadSegmentList
[  0%] Built target _j2735_msgs_generate_messages_check_deps_Id64b
[  0%] Built target _j2735_msgs_generate_messages_check_deps_OffsetXaxis
[  0%] Built target _j2735_msgs_generate_messages_check_deps_AdvisorySpeed
[  0%] Built target _j2735_msgs_generate_messages_check_deps_AdvisorySpeedList
[  0%] Built target _j2735_msgs_generate_messages_check_deps_AntiLockBrakeStatus
[  0%] Built target _j2735_msgs_generate_messages_check_deps_DayOfWeek
[  0%] Built target _j2735_msgs_generate_messages_check_deps_LaneAttributesStriping
[  0%] Built target _j2735_msgs_generate_messages_check_deps_OffsetYaxis
[  0%] Built target _j2735_msgs_generate_messages_check_deps_BrakeAppliedStatus
[35m[1mScanning dependencies of target _j2735_msgs_generate_messages_check_deps_NodeXY32b[0m
[  0%] Built target _j2735_msgs_generate_messages_check_deps_NodeXY32b
[35m[1mScanning dependencies of target _j2735_msgs_generate_messages_check_deps_OverlayLaneList[0m
[  0%] Built target _j2735_msgs_generate_messages_check_deps_OverlayLaneList
[35m[1mScanning dependencies of target _j2735_msgs_generate_messages_check_deps_BSMCoreData[0m
[  0%] Built target _j2735_msgs_generate_messages_check_deps_BSMCoreData
[35m[1mScanning dependencies of target _j2735_msgs_generate_messages_check_deps_AccelerationSet4Way[0m
[  0%] Built target _j2735_msgs_generate_messages_check_deps_AccelerationSet4Way
[35m[1mScanning dependencies of target _j2735_msgs_generate_messages_check_deps_LaneAttributesBike[0m
[  0%] Built target _j2735_msgs_generate_messages_check_deps_LaneAttributesBike
[35m[1mScanning dependencies of target _j2735_msgs_generate_messages_check_deps_LaneList[0m
[  0%] Built target _j2735_msgs_generate_messages_check_deps_LaneList
[35m[1mScanning dependencies of target _j2735_msgs_generate_messages_check_deps_IntersectionGeometry[0m
[  0%] Built target _j2735_msgs_generate_messages_check_deps_IntersectionGeometry
[35m[1mScanning dependencies of target _j2735_msgs_generate_messages_check_deps_LayerType[0m
[  0%] Built target _j2735_msgs_generate_messages_check_deps_LayerType
[35m[1mScanning dependencies of target _j2735_msgs_generate_messages_check_deps_NodeXY20b[0m
[  0%] Built target _j2735_msgs_generate_messages_check_deps_NodeXY20b
[35m[1mScanning dependencies of target _j2735_msgs_generate_messages_check_deps_MovementEvent[0m
[  0%] Built target _j2735_msgs_generate_messages_check_deps_MovementEvent
[35m[1mScanning dependencies of target _j2735_msgs_generate_messages_check_deps_MovementEventList[0m
[  0%] Built target _j2735_msgs_generate_messages_check_deps_MovementEventList
[35m[1mScanning dependencies of target _j2735_msgs_generate_messages_check_deps_StabilityControlStatus[0m
[  0%] Built target _j2735_msgs_generate_messages_check_deps_StabilityControlStatus
[35m[1mScanning dependencies of target _j2735_msgs_generate_messages_check_deps_MovementList[0m
[  0%] Built target _j2735_msgs_generate_messages_check_deps_MovementList
[35m[1mScanning dependencies of target _j2735_msgs_generate_messages_check_deps_BrakeBoostApplied[0m
[  0%] Built target _j2735_msgs_generate_messages_check_deps_BrakeBoostApplied
[35m[1mScanning dependencies of target _j2735_msgs_generate_messages_check_deps_NodeLLmD64b[0m
[  0%] Built target _j2735_msgs_generate_messages_check_deps_NodeLLmD64b
[35m[1mScanning dependencies of target _j2735_msgs_generate_messages_check_deps_NodeListXY[0m
[  0%] Built target _j2735_msgs_generate_messages_check_deps_NodeListXY
[35m[1mScanning dependencies of target _j2735_msgs_generate_messages_check_deps_MovementState[0m
[  0%] Built target _j2735_msgs_generate_messages_check_deps_MovementState
[35m[1mScanning dependencies of target _j2735_msgs_generate_messages_check_deps_NodeAttributeSetXY[0m
[  0%] Built target _j2735_msgs_generate_messages_check_deps_NodeAttributeSetXY
[35m[1mScanning dependencies of target _j2735_msgs_generate_messages_check_deps_NodeSetXY[0m
[  0%] Built target _j2735_msgs_generate_messages_check_deps_NodeSetXY
[35m[1mScanning dependencies of target _j2735_msgs_generate_messages_check_deps_RestrictionUserType[0m
[  0%] Built target _j2735_msgs_generate_messages_check_deps_RestrictionUserType
[35m[1mScanning dependencies of target _j2735_msgs_generate_messages_check_deps_TractionControlStatus[0m
[  0%] Built target _j2735_msgs_generate_messages_check_deps_TractionControlStatus
[35m[1mScanning dependencies of target _j2735_msgs_generate_messages_check_deps_RegionalExtension[0m
[  0%] Built target _j2735_msgs_generate_messages_check_deps_RegionalExtension
[35m[1mScanning dependencies of target _j2735_msgs_generate_messages_check_deps_NodeXY[0m
[  0%] Built target _j2735_msgs_generate_messages_check_deps_NodeXY
[35m[1mScanning dependencies of target _j2735_msgs_generate_messages_check_deps_NodeXY24b[0m
[  0%] Built target _j2735_msgs_generate_messages_check_deps_NodeXY24b
[35m[1mScanning dependencies of target _j2735_msgs_generate_messages_check_deps_NodeXY26b[0m
[  0%] Built target _j2735_msgs_generate_messages_check_deps_NodeXY26b
[35m[1mScanning dependencies of target _j2735_msgs_generate_messages_check_deps_TransmissionState[0m
[  0%] Built target _j2735_msgs_generate_messages_check_deps_TransmissionState
[35m[1mScanning dependencies of target _j2735_msgs_generate_messages_check_deps_NodeXY28b[0m
[  0%] Built target _j2735_msgs_generate_messages_check_deps_NodeXY28b
[35m[1mScanning dependencies of target _j2735_msgs_generate_messages_check_deps_PositionalAccuracy[0m
[  0%] Built target _j2735_msgs_generate_messages_check_deps_PositionalAccuracy
[35m[1mScanning dependencies of target _j2735_msgs_generate_messages_check_deps_OffsetPoint[0m
[  0%] Built target _j2735_msgs_generate_messages_check_deps_OffsetPoint
[35m[1mScanning dependencies of target _j2735_msgs_generate_messages_check_deps_ConnectionManeuverAssist[0m
[  0%] Built target _j2735_msgs_generate_messages_check_deps_ConnectionManeuverAssist
[35m[1mScanning dependencies of target _j2735_msgs_generate_messages_check_deps_LaneAttributesCrosswalk[0m
[  0%] Built target _j2735_msgs_generate_messages_check_deps_LaneAttributesCrosswalk
[35m[1mScanning dependencies of target _j2735_msgs_generate_messages_check_deps_RoadSegmentReferenceID[0m
[  0%] Built target _j2735_msgs_generate_messages_check_deps_RoadSegmentReferenceID
[35m[1mScanning dependencies of target _j2735_msgs_generate_messages_check_deps_ConnectsToList[0m
[  0%] Built target _j2735_msgs_generate_messages_check_deps_ConnectsToList
[35m[1mScanning dependencies of target _j2735_msgs_generate_messages_check_deps_AdvisorySpeedType[0m
[  0%] Built target _j2735_msgs_generate_messages_check_deps_AdvisorySpeedType
[35m[1mScanning dependencies of target _j2735_msgs_generate_messages_check_deps_RoadSegment[0m
[  0%] Built target _j2735_msgs_generate_messages_check_deps_RoadSegment
[35m[1mScanning dependencies of target _j2735_msgs_generate_messages_check_deps_NodeAttributeXYList[0m
[  0%] Built target _j2735_msgs_generate_messages_check_deps_NodeAttributeXYList
[35m[1mScanning dependencies of target geometry_msgs_generate_messages_py[0m
[  0%] Built target geometry_msgs_generate_messages_py
[35m[1mScanning dependencies of target std_msgs_generate_messages_py[0m
[  0%] Built target std_msgs_generate_messages_py
[35m[1mScanning dependencies of target std_msgs_generate_messages_nodejs[0m
[  0%] Built target std_msgs_generate_messages_nodejs
[35m[1mScanning dependencies of target geometry_msgs_generate_messages_nodejs[0m
[  0%] Built target geometry_msgs_generate_messages_nodejs
[35m[1mScanning dependencies of target geometry_msgs_generate_messages_eus[0m
[  0%] Built target geometry_msgs_generate_messages_eus
[35m[1mScanning dependencies of target std_msgs_generate_messages_eus[0m
[  0%] Built target std_msgs_generate_messages_eus
[35m[1mScanning dependencies of target geometry_msgs_generate_messages_lisp[0m
[  0%] Built target geometry_msgs_generate_messages_lisp
[35m[1mScanning dependencies of target std_msgs_generate_messages_lisp[0m
[  0%] Built target std_msgs_generate_messages_lisp
[35m[1mScanning dependencies of target _j2735_msgs_generate_messages_check_deps_LaneDataAttribute[0m
[  0%] Built target _j2735_msgs_generate_messages_check_deps_LaneDataAttribute
[35m[1mScanning dependencies of target _j2735_msgs_generate_messages_check_deps_AuxiliaryBrakeStatus[0m
[  0%] Built target _j2735_msgs_generate_messages_check_deps_AuxiliaryBrakeStatus
[35m[1mScanning dependencies of target _j2735_msgs_generate_messages_check_deps_BrakeSystemStatus[0m
[  0%] Built target _j2735_msgs_generate_messages_check_deps_BrakeSystemStatus
[35m[1mScanning dependencies of target std_msgs_generate_messages_cpp[0m
[  0%] Built target std_msgs_generate_messages_cpp
[35m[1mScanning dependencies of target _j2735_msgs_generate_messages_check_deps_SPAT[0m
[  0%] Built target _j2735_msgs_generate_messages_check_deps_SPAT
[35m[1mScanning dependencies of target _j2735_msgs_generate_messages_check_deps_RestrictionUserTypeList[0m
[  0%] Built target _j2735_msgs_generate_messages_check_deps_RestrictionUserTypeList
[35m[1mScanning dependencies of target _j2735_msgs_generate_messages_check_deps_ByteArray[0m
[  0%] Built target _j2735_msgs_generate_messages_check_deps_ByteArray
[35m[1mScanning dependencies of target _j2735_msgs_generate_messages_check_deps_GenericLane[0m
[  0%] Built target _j2735_msgs_generate_messages_check_deps_GenericLane
[35m[1mScanning dependencies of target _j2735_msgs_generate_messages_check_deps_LaneTypeAttributes[0m
[  0%] Built target _j2735_msgs_generate_messages_check_deps_LaneTypeAttributes
[35m[1mScanning dependencies of target _j2735_msgs_generate_messages_check_deps_RegulatorySpeedLimit[0m
[  0%] Built target _j2735_msgs_generate_messages_check_deps_RegulatorySpeedLimit
[35m[1mScanning dependencies of target j2735_msgs_generate_messages_cpp[0m
[  0%] [34m[1mGenerating C++ code from j2735_msgs/AccelerationSet4Way.msg[0m
[  0%] [34m[1mGenerating C++ code from j2735_msgs/BSM.msg[0m
[  1%] [34m[1mGenerating C++ code from j2735_msgs/BSMCoreData.msg[0m
[  1%] [34m[1mGenerating C++ code from j2735_msgs/BrakeAppliedStatus.msg[0m
[  1%] [34m[1mGenerating C++ code from j2735_msgs/BrakeBoostApplied.msg[0m
[  1%] [34m[1mGenerating C++ code from j2735_msgs/BrakeSystemStatus.msg[0m
[  1%] [34m[1mGenerating C++ code from j2735_msgs/ByteArray.msg[0m
[  1%] [34m[1mGenerating C++ code from j2735_msgs/ComputedLane.msg[0m
[  2%] [34m[1mGenerating C++ code from j2735_msgs/ConnectingLane.msg[0m
[  2%] [34m[1mGenerating C++ code from j2735_msgs/Connection.msg[0m
[  2%] [34m[1mGenerating C++ code from j2735_msgs/ConnectionManeuverAssist.msg[0m
[  2%] [34m[1mGenerating C++ code from j2735_msgs/ConnectsToList.msg[0m
[  2%] [34m[1mGenerating C++ code from j2735_msgs/DailySchedule.msg[0m
[  3%] [34m[1mGenerating C++ code from j2735_msgs/DataParameters.msg[0m
[  3%] [34m[1mGenerating C++ code from j2735_msgs/DayOfWeek.msg[0m
[  3%] [34m[1mGenerating C++ code from j2735_msgs/EnabledLaneList.msg[0m
[  3%] [34m[1mGenerating C++ code from j2735_msgs/GenericLane.msg[0m
[  3%] [34m[1mGenerating C++ code from j2735_msgs/Id128b.msg[0m
[  3%] [34m[1mGenerating C++ code from j2735_msgs/Id64b.msg[0m
[  4%] [34m[1mGenerating C++ code from j2735_msgs/IntersectionGeometry.msg[0m
[  4%] [34m[1mGenerating C++ code from j2735_msgs/IntersectionReferenceID.msg[0m
[  4%] [34m[1mGenerating C++ code from j2735_msgs/IntersectionState.msg[0m
[  4%] [34m[1mGenerating C++ code from j2735_msgs/IntersectionStateList.msg[0m
[  4%] [34m[1mGenerating C++ code from j2735_msgs/IntersectionStatusObject.msg[0m
[  4%] [34m[1mGenerating C++ code from j2735_msgs/LaneAttributes.msg[0m
[  5%] [34m[1mGenerating C++ code from j2735_msgs/LaneAttributesBarrier.msg[0m
[  5%] [34m[1mGenerating C++ code from j2735_msgs/LaneAttributesBike.msg[0m
[  5%] [34m[1mGenerating C++ code from j2735_msgs/LaneAttributesCrosswalk.msg[0m
[  5%] [34m[1mGenerating C++ code from j2735_msgs/LaneAttributesParking.msg[0m
[  5%] [34m[1mGenerating C++ code from j2735_msgs/LaneAttributesSidewalk.msg[0m
[  6%] [34m[1mGenerating C++ code from j2735_msgs/LaneAttributesStriping.msg[0m
[  6%] [34m[1mGenerating C++ code from j2735_msgs/LaneAttributesTrackedVehicle.msg[0m
[  6%] [34m[1mGenerating C++ code from j2735_msgs/LaneAttributesVehicle.msg[0m
[  6%] [34m[1mGenerating C++ code from j2735_msgs/LaneDataAttribute.msg[0m
[  6%] [34m[1mGenerating C++ code from j2735_msgs/LaneDataAttributeList.msg[0m
[  6%] [34m[1mGenerating C++ code from j2735_msgs/LaneDirection.msg[0m
[  7%] [34m[1mGenerating C++ code from j2735_msgs/LaneList.msg[0m
[  7%] [34m[1mGenerating C++ code from j2735_msgs/LaneSharing.msg[0m
[  7%] [34m[1mGenerating C++ code from j2735_msgs/LaneTypeAttributes.msg[0m
[  7%] [34m[1mGenerating C++ code from j2735_msgs/LayerType.msg[0m
[  7%] [34m[1mGenerating C++ code from j2735_msgs/ManeuverAssistList.msg[0m
[  8%] [34m[1mGenerating C++ code from j2735_msgs/MapData.msg[0m
[  8%] [34m[1mGenerating C++ code from j2735_msgs/MovementEvent.msg[0m
[  8%] [34m[1mGenerating C++ code from j2735_msgs/MovementEventList.msg[0m
[  8%] [34m[1mGenerating C++ code from j2735_msgs/MovementList.msg[0m
[  8%] [34m[1mGenerating C++ code from j2735_msgs/MovementPhaseState.msg[0m
[  8%] [34m[1mGenerating C++ code from j2735_msgs/MovementState.msg[0m
[  9%] [34m[1mGenerating C++ code from j2735_msgs/NodeAttributeSetXY.msg[0m
[  9%] [34m[1mGenerating C++ code from j2735_msgs/NodeAttributeXY.msg[0m
[  9%] [34m[1mGenerating C++ code from j2735_msgs/NodeAttributeXYList.msg[0m
[  9%] [34m[1mGenerating C++ code from j2735_msgs/NodeLLmD64b.msg[0m
[  9%] [34m[1mGenerating C++ code from j2735_msgs/NodeListXY.msg[0m
[  9%] [34m[1mGenerating C++ code from j2735_msgs/NodeOffsetPointXY.msg[0m
[ 10%] [34m[1mGenerating C++ code from j2735_msgs/NodeSetXY.msg[0m
[ 10%] [34m[1mGenerating C++ code from j2735_msgs/NodeXY.msg[0m
[ 10%] [34m[1mGenerating C++ code from j2735_msgs/NodeXY20b.msg[0m
[ 10%] [34m[1mGenerating C++ code from j2735_msgs/NodeXY22b.msg[0m
[ 10%] [34m[1mGenerating C++ code from j2735_msgs/NodeXY24b.msg[0m
[ 11%] [34m[1mGenerating C++ code from j2735_msgs/NodeXY26b.msg[0m
[ 11%] [34m[1mGenerating C++ code from j2735_msgs/NodeXY28b.msg[0m
[ 11%] [34m[1mGenerating C++ code from j2735_msgs/NodeXY32b.msg[0m
[ 11%] [34m[1mGenerating C++ code from j2735_msgs/OffsetPoint.msg[0m
[ 11%] [34m[1mGenerating C++ code from j2735_msgs/OffsetXaxis.msg[0m
[ 11%] [34m[1mGenerating C++ code from j2735_msgs/OffsetYaxis.msg[0m
[ 12%] [34m[1mGenerating C++ code from j2735_msgs/OverlayLaneList.msg[0m
[ 12%] [34m[1mGenerating C++ code from j2735_msgs/PathNode.msg[0m
[ 12%] [34m[1mGenerating C++ code from j2735_msgs/Position3D.msg[0m
[ 12%] [34m[1mGenerating C++ code from j2735_msgs/PositionalAccuracy.msg[0m
[ 12%] [34m[1mGenerating C++ code from j2735_msgs/PreemptPriorityList.msg[0m
[ 13%] [34m[1mGenerating C++ code from j2735_msgs/RegionalExtension.msg[0m
[ 13%] [34m[1mGenerating C++ code from j2735_msgs/RegulatorySpeedLimit.msg[0m
[ 13%] [34m[1mGenerating C++ code from j2735_msgs/RepeatParams.msg[0m
[ 13%] [34m[1mGenerating C++ code from j2735_msgs/RestrictionAppliesTo.msg[0m
[ 13%] [34m[1mGenerating C++ code from j2735_msgs/RestrictionClassAssignment.msg[0m
[ 13%] [34m[1mGenerating C++ code from j2735_msgs/RestrictionClassList.msg[0m
[ 14%] [34m[1mGenerating C++ code from j2735_msgs/RestrictionUserType.msg[0m
[ 14%] [34m[1mGenerating C++ code from j2735_msgs/RestrictionUserTypeList.msg[0m
[ 14%] [34m[1mGenerating C++ code from j2735_msgs/RoadLaneSetList.msg[0m
[ 14%] [34m[1mGenerating C++ code from j2735_msgs/RoadSegment.msg[0m
[ 14%] [34m[1mGenerating C++ code from j2735_msgs/RoadSegmentList.msg[0m
[ 14%] [34m[1mGenerating C++ code from j2735_msgs/RoadSegmentReferenceID.msg[0m
[ 15%] [34m[1mGenerating C++ code from j2735_msgs/SPAT.msg[0m
[ 15%] [34m[1mGenerating C++ code from j2735_msgs/SegmentAttributeXY.msg[0m
[ 15%] [34m[1mGenerating C++ code from j2735_msgs/SegmentAttributeXYList.msg[0m
[ 15%] [34m[1mGenerating C++ code from j2735_msgs/SignalControlZone.msg[0m
[ 15%] [34m[1mGenerating C++ code from j2735_msgs/SpeedConfidence.msg[0m
[ 16%] [34m[1mGenerating C++ code from j2735_msgs/SpeedLimitList.msg[0m
[ 16%] [34m[1mGenerating C++ code from j2735_msgs/SpeedLimitType.msg[0m
[ 16%] [34m[1mGenerating C++ code from j2735_msgs/StabilityControlStatus.msg[0m
[ 16%] [34m[1mGenerating C++ code from j2735_msgs/TimeChangeDetails.msg[0m
[ 16%] [34m[1mGenerating C++ code from j2735_msgs/TractionControlStatus.msg[0m
[ 16%] [34m[1mGenerating C++ code from j2735_msgs/TrafficControlBounds.msg[0m
[ 17%] [34m[1mGenerating C++ code from j2735_msgs/TrafficControlDetail.msg[0m
[ 17%] [34m[1mGenerating C++ code from j2735_msgs/TrafficControlGeometry.msg[0m
[ 17%] [34m[1mGenerating C++ code from j2735_msgs/TrafficControlMessage.msg[0m
[ 17%] [34m[1mGenerating C++ code from j2735_msgs/TrafficControlMessageV01.msg[0m
[ 17%] [34m[1mGenerating C++ code from j2735_msgs/TrafficControlPackage.msg[0m
[ 18%] [34m[1mGenerating C++ code from j2735_msgs/TrafficControlParams.msg[0m
[ 18%] [34m[1mGenerating C++ code from j2735_msgs/TrafficControlRequest.msg[0m
[ 18%] [34m[1mGenerating C++ code from j2735_msgs/TrafficControlRequestV01.msg[0m
[ 18%] [34m[1mGenerating C++ code from j2735_msgs/TrafficControlSchedule.msg[0m
[ 18%] [34m[1mGenerating C++ code from j2735_msgs/TrafficControlVehClass.msg[0m
[ 18%] [34m[1mGenerating C++ code from j2735_msgs/TransmissionState.msg[0m
[ 19%] [34m[1mGenerating C++ code from j2735_msgs/VehicleSize.msg[0m
[ 19%] [34m[1mGenerating C++ code from j2735_msgs/AuxiliaryBrakeStatus.msg[0m
[ 19%] [34m[1mGenerating C++ code from j2735_msgs/AntiLockBrakeStatus.msg[0m
[ 19%] [34m[1mGenerating C++ code from j2735_msgs/AllowedManeuvers.msg[0m
[ 20%] [34m[1mGenerating C++ code from j2735_msgs/AdvisorySpeedType.msg[0m
[ 20%] [34m[1mGenerating C++ code from j2735_msgs/AdvisorySpeedList.msg[0m
[ 20%] [34m[1mGenerating C++ code from j2735_msgs/AdvisorySpeed.msg[0m
[ 20%] Built target j2735_msgs_generate_messages_cpp
[35m[1mScanning dependencies of target j2735_msgs_generate_messages_lisp[0m
[ 21%] [34m[1mGenerating Lisp code from j2735_msgs/AccelerationSet4Way.msg[0m
[ 21%] [34m[1mGenerating Lisp code from j2735_msgs/BSMCoreData.msg[0m
[ 21%] [34m[1mGenerating Lisp code from j2735_msgs/BrakeAppliedStatus.msg[0m
[ 21%] [34m[1mGenerating Lisp code from j2735_msgs/BrakeBoostApplied.msg[0m
[ 22%] [34m[1mGenerating Lisp code from j2735_msgs/BrakeSystemStatus.msg[0m
[ 22%] [34m[1mGenerating Lisp code from j2735_msgs/ByteArray.msg[0m
[ 22%] [34m[1mGenerating Lisp code from j2735_msgs/ComputedLane.msg[0m
[ 22%] [34m[1mGenerating Lisp code from j2735_msgs/ConnectingLane.msg[0m
[ 22%] [34m[1mGenerating Lisp code from j2735_msgs/Connection.msg[0m
[ 22%] [34m[1mGenerating Lisp code from j2735_msgs/ConnectionManeuverAssist.msg[0m
[ 23%] [34m[1mGenerating Lisp code from j2735_msgs/ConnectsToList.msg[0m
[ 23%] [34m[1mGenerating Lisp code from j2735_msgs/DailySchedule.msg[0m
[ 23%] [34m[1mGenerating Lisp code from j2735_msgs/DataParameters.msg[0m
[ 23%] [34m[1mGenerating Lisp code from j2735_msgs/DayOfWeek.msg[0m
[ 23%] [34m[1mGenerating Lisp code from j2735_msgs/EnabledLaneList.msg[0m
[ 24%] [34m[1mGenerating Lisp code from j2735_msgs/GenericLane.msg[0m
[ 24%] [34m[1mGenerating Lisp code from j2735_msgs/Id128b.msg[0m
[ 24%] [34m[1mGenerating Lisp code from j2735_msgs/Id64b.msg[0m
[ 24%] [34m[1mGenerating Lisp code from j2735_msgs/IntersectionGeometry.msg[0m
[ 24%] [34m[1mGenerating Lisp code from j2735_msgs/IntersectionReferenceID.msg[0m
[ 24%] [34m[1mGenerating Lisp code from j2735_msgs/IntersectionState.msg[0m
[ 25%] [34m[1mGenerating Lisp code from j2735_msgs/IntersectionStateList.msg[0m
[ 25%] [34m[1mGenerating Lisp code from j2735_msgs/IntersectionStatusObject.msg[0m
[ 25%] [34m[1mGenerating Lisp code from j2735_msgs/LaneAttributes.msg[0m
[ 25%] [34m[1mGenerating Lisp code from j2735_msgs/LaneAttributesBarrier.msg[0m
[ 25%] [34m[1mGenerating Lisp code from j2735_msgs/LaneAttributesBike.msg[0m
[ 25%] [34m[1mGenerating Lisp code from j2735_msgs/LaneAttributesCrosswalk.msg[0m
[ 26%] [34m[1mGenerating Lisp code from j2735_msgs/LaneAttributesParking.msg[0m
[ 26%] [34m[1mGenerating Lisp code from j2735_msgs/LaneAttributesSidewalk.msg[0m
[ 26%] [34m[1mGenerating Lisp code from j2735_msgs/LaneAttributesStriping.msg[0m
[ 26%] [34m[1mGenerating Lisp code from j2735_msgs/LaneAttributesTrackedVehicle.msg[0m
[ 26%] [34m[1mGenerating Lisp code from j2735_msgs/LaneAttributesVehicle.msg[0m
[ 27%] [34m[1mGenerating Lisp code from j2735_msgs/LaneDataAttribute.msg[0m
[ 27%] [34m[1mGenerating Lisp code from j2735_msgs/LaneDataAttributeList.msg[0m
[ 27%] [34m[1mGenerating Lisp code from j2735_msgs/LaneDirection.msg[0m
[ 27%] [34m[1mGenerating Lisp code from j2735_msgs/LaneList.msg[0m
[ 27%] [34m[1mGenerating Lisp code from j2735_msgs/LaneSharing.msg[0m
[ 27%] [34m[1mGenerating Lisp code from j2735_msgs/LaneTypeAttributes.msg[0m
[ 28%] [34m[1mGenerating Lisp code from j2735_msgs/LayerType.msg[0m
[ 28%] [34m[1mGenerating Lisp code from j2735_msgs/ManeuverAssistList.msg[0m
[ 28%] [34m[1mGenerating Lisp code from j2735_msgs/MapData.msg[0m
[ 28%] [34m[1mGenerating Lisp code from j2735_msgs/MovementEvent.msg[0m
[ 28%] [34m[1mGenerating Lisp code from j2735_msgs/MovementEventList.msg[0m
[ 29%] [34m[1mGenerating Lisp code from j2735_msgs/MovementList.msg[0m
[ 29%] [34m[1mGenerating Lisp code from j2735_msgs/MovementPhaseState.msg[0m
[ 29%] [34m[1mGenerating Lisp code from j2735_msgs/MovementState.msg[0m
[ 29%] [34m[1mGenerating Lisp code from j2735_msgs/NodeAttributeSetXY.msg[0m
[ 29%] [34m[1mGenerating Lisp code from j2735_msgs/NodeAttributeXY.msg[0m
[ 29%] [34m[1mGenerating Lisp code from j2735_msgs/NodeAttributeXYList.msg[0m
[ 30%] [34m[1mGenerating Lisp code from j2735_msgs/NodeLLmD64b.msg[0m
[ 30%] [34m[1mGenerating Lisp code from j2735_msgs/NodeListXY.msg[0m
[ 30%] [34m[1mGenerating Lisp code from j2735_msgs/NodeOffsetPointXY.msg[0m
[ 30%] [34m[1mGenerating Lisp code from j2735_msgs/NodeSetXY.msg[0m
[ 30%] [34m[1mGenerating Lisp code from j2735_msgs/NodeXY.msg[0m
[ 30%] [34m[1mGenerating Lisp code from j2735_msgs/NodeXY20b.msg[0m
[ 31%] [34m[1mGenerating Lisp code from j2735_msgs/NodeXY22b.msg[0m
[ 31%] [34m[1mGenerating Lisp code from j2735_msgs/NodeXY24b.msg[0m
[ 31%] [34m[1mGenerating Lisp code from j2735_msgs/NodeXY26b.msg[0m
[ 31%] [34m[1mGenerating Lisp code from j2735_msgs/NodeXY28b.msg[0m
[ 31%] [34m[1mGenerating Lisp code from j2735_msgs/NodeXY32b.msg[0m
[ 32%] [34m[1mGenerating Lisp code from j2735_msgs/OffsetPoint.msg[0m
[ 32%] [34m[1mGenerating Lisp code from j2735_msgs/OffsetXaxis.msg[0m
[ 32%] [34m[1mGenerating Lisp code from j2735_msgs/OffsetYaxis.msg[0m
[ 32%] [34m[1mGenerating Lisp code from j2735_msgs/OverlayLaneList.msg[0m
[ 32%] [34m[1mGenerating Lisp code from j2735_msgs/PathNode.msg[0m
[ 32%] [34m[1mGenerating Lisp code from j2735_msgs/Position3D.msg[0m
[ 33%] [34m[1mGenerating Lisp code from j2735_msgs/PositionalAccuracy.msg[0m
[ 33%] [34m[1mGenerating Lisp code from j2735_msgs/PreemptPriorityList.msg[0m
[ 33%] [34m[1mGenerating Lisp code from j2735_msgs/RegionalExtension.msg[0m
[ 33%] [34m[1mGenerating Lisp code from j2735_msgs/RegulatorySpeedLimit.msg[0m
[ 33%] [34m[1mGenerating Lisp code from j2735_msgs/RepeatParams.msg[0m
[ 34%] [34m[1mGenerating Lisp code from j2735_msgs/RestrictionAppliesTo.msg[0m
[ 34%] [34m[1mGenerating Lisp code from j2735_msgs/RestrictionClassAssignment.msg[0m
[ 34%] [34m[1mGenerating Lisp code from j2735_msgs/RestrictionClassList.msg[0m
[ 34%] [34m[1mGenerating Lisp code from j2735_msgs/RestrictionUserType.msg[0m
[ 34%] [34m[1mGenerating Lisp code from j2735_msgs/RestrictionUserTypeList.msg[0m
[ 34%] [34m[1mGenerating Lisp code from j2735_msgs/RoadLaneSetList.msg[0m
[ 35%] [34m[1mGenerating Lisp code from j2735_msgs/RoadSegment.msg[0m
[ 35%] [34m[1mGenerating Lisp code from j2735_msgs/RoadSegmentList.msg[0m
[ 35%] [34m[1mGenerating Lisp code from j2735_msgs/RoadSegmentReferenceID.msg[0m
[ 35%] [34m[1mGenerating Lisp code from j2735_msgs/SPAT.msg[0m
[ 35%] [34m[1mGenerating Lisp code from j2735_msgs/SegmentAttributeXY.msg[0m
[ 35%] [34m[1mGenerating Lisp code from j2735_msgs/SegmentAttributeXYList.msg[0m
[ 36%] [34m[1mGenerating Lisp code from j2735_msgs/SignalControlZone.msg[0m
[ 36%] [34m[1mGenerating Lisp code from j2735_msgs/SpeedConfidence.msg[0m
[ 36%] [34m[1mGenerating Lisp code from j2735_msgs/SpeedLimitList.msg[0m
[ 36%] [34m[1mGenerating Lisp code from j2735_msgs/SpeedLimitType.msg[0m
[ 36%] [34m[1mGenerating Lisp code from j2735_msgs/StabilityControlStatus.msg[0m
[ 37%] [34m[1mGenerating Lisp code from j2735_msgs/TimeChangeDetails.msg[0m
[ 37%] [34m[1mGenerating Lisp code from j2735_msgs/TractionControlStatus.msg[0m
[ 37%] [34m[1mGenerating Lisp code from j2735_msgs/TrafficControlBounds.msg[0m
[ 37%] [34m[1mGenerating Lisp code from j2735_msgs/TrafficControlDetail.msg[0m
[ 37%] [34m[1mGenerating Lisp code from j2735_msgs/TrafficControlGeometry.msg[0m
[ 37%] [34m[1mGenerating Lisp code from j2735_msgs/TrafficControlMessage.msg[0m
[ 38%] [34m[1mGenerating Lisp code from j2735_msgs/TrafficControlMessageV01.msg[0m
[ 38%] [34m[1mGenerating Lisp code from j2735_msgs/TrafficControlPackage.msg[0m
[ 38%] [34m[1mGenerating Lisp code from j2735_msgs/TrafficControlParams.msg[0m
[ 38%] [34m[1mGenerating Lisp code from j2735_msgs/TrafficControlRequest.msg[0m
[ 38%] [34m[1mGenerating Lisp code from j2735_msgs/TrafficControlRequestV01.msg[0m
[ 39%] [34m[1mGenerating Lisp code from j2735_msgs/TrafficControlSchedule.msg[0m
[ 39%] [34m[1mGenerating Lisp code from j2735_msgs/TrafficControlVehClass.msg[0m
[ 39%] [34m[1mGenerating Lisp code from j2735_msgs/TransmissionState.msg[0m
[ 39%] [34m[1mGenerating Lisp code from j2735_msgs/VehicleSize.msg[0m
[ 39%] [34m[1mGenerating Lisp code from j2735_msgs/BSM.msg[0m
[ 40%] [34m[1mGenerating Lisp code from j2735_msgs/AuxiliaryBrakeStatus.msg[0m
[ 40%] [34m[1mGenerating Lisp code from j2735_msgs/AntiLockBrakeStatus.msg[0m
[ 40%] [34m[1mGenerating Lisp code from j2735_msgs/AllowedManeuvers.msg[0m
[ 40%] [34m[1mGenerating Lisp code from j2735_msgs/AdvisorySpeedType.msg[0m
[ 40%] [34m[1mGenerating Lisp code from j2735_msgs/AdvisorySpeedList.msg[0m
[ 40%] [34m[1mGenerating Lisp code from j2735_msgs/AdvisorySpeed.msg[0m
[ 40%] Built target j2735_msgs_generate_messages_lisp
[35m[1mScanning dependencies of target j2735_msgs_generate_messages_eus[0m
[ 40%] [34m[1mGenerating EusLisp code from j2735_msgs/AccelerationSet4Way.msg[0m
[ 40%] [34m[1mGenerating EusLisp code from j2735_msgs/BrakeAppliedStatus.msg[0m
[ 41%] [34m[1mGenerating EusLisp code from j2735_msgs/BrakeBoostApplied.msg[0m
[ 41%] [34m[1mGenerating EusLisp code from j2735_msgs/BrakeSystemStatus.msg[0m
[ 41%] [34m[1mGenerating EusLisp code from j2735_msgs/ByteArray.msg[0m
[ 41%] [34m[1mGenerating EusLisp code from j2735_msgs/ComputedLane.msg[0m
[ 41%] [34m[1mGenerating EusLisp code from j2735_msgs/ConnectingLane.msg[0m
[ 41%] [34m[1mGenerating EusLisp code from j2735_msgs/Connection.msg[0m
[ 42%] [34m[1mGenerating EusLisp code from j2735_msgs/ConnectionManeuverAssist.msg[0m
[ 42%] [34m[1mGenerating EusLisp code from j2735_msgs/ConnectsToList.msg[0m
[ 42%] [34m[1mGenerating EusLisp code from j2735_msgs/DailySchedule.msg[0m
[ 42%] [34m[1mGenerating EusLisp code from j2735_msgs/DataParameters.msg[0m
[ 42%] [34m[1mGenerating EusLisp code from j2735_msgs/DayOfWeek.msg[0m
[ 43%] [34m[1mGenerating EusLisp code from j2735_msgs/EnabledLaneList.msg[0m
[ 43%] [34m[1mGenerating EusLisp code from j2735_msgs/GenericLane.msg[0m
[ 43%] [34m[1mGenerating EusLisp code from j2735_msgs/Id128b.msg[0m
[ 43%] [34m[1mGenerating EusLisp code from j2735_msgs/Id64b.msg[0m
[ 43%] [34m[1mGenerating EusLisp code from j2735_msgs/IntersectionGeometry.msg[0m
[ 43%] [34m[1mGenerating EusLisp code from j2735_msgs/IntersectionReferenceID.msg[0m
[ 44%] [34m[1mGenerating EusLisp code from j2735_msgs/IntersectionState.msg[0m
[ 44%] [34m[1mGenerating EusLisp code from j2735_msgs/IntersectionStateList.msg[0m
[ 44%] [34m[1mGenerating EusLisp code from j2735_msgs/IntersectionStatusObject.msg[0m
[ 44%] [34m[1mGenerating EusLisp code from j2735_msgs/LaneAttributes.msg[0m
[ 44%] [34m[1mGenerating EusLisp code from j2735_msgs/LaneAttributesBarrier.msg[0m
[ 44%] [34m[1mGenerating EusLisp code from j2735_msgs/LaneAttributesBike.msg[0m
[ 45%] [34m[1mGenerating EusLisp code from j2735_msgs/LaneAttributesCrosswalk.msg[0m
[ 45%] [34m[1mGenerating EusLisp code from j2735_msgs/LaneAttributesParking.msg[0m
[ 45%] [34m[1mGenerating EusLisp code from j2735_msgs/LaneAttributesSidewalk.msg[0m
[ 45%] [34m[1mGenerating EusLisp code from j2735_msgs/LaneAttributesStriping.msg[0m
[ 45%] [34m[1mGenerating EusLisp code from j2735_msgs/LaneAttributesTrackedVehicle.msg[0m
[ 46%] [34m[1mGenerating EusLisp code from j2735_msgs/LaneAttributesVehicle.msg[0m
[ 46%] [34m[1mGenerating EusLisp code from j2735_msgs/LaneDataAttribute.msg[0m
[ 46%] [34m[1mGenerating EusLisp code from j2735_msgs/LaneDataAttributeList.msg[0m
[ 46%] [34m[1mGenerating EusLisp code from j2735_msgs/LaneDirection.msg[0m
[ 46%] [34m[1mGenerating EusLisp code from j2735_msgs/LaneList.msg[0m
[ 46%] [34m[1mGenerating EusLisp code from j2735_msgs/LaneSharing.msg[0m
[ 47%] [34m[1mGenerating EusLisp code from j2735_msgs/LaneTypeAttributes.msg[0m
[ 47%] [34m[1mGenerating EusLisp code from j2735_msgs/LayerType.msg[0m
[ 47%] [34m[1mGenerating EusLisp code from j2735_msgs/ManeuverAssistList.msg[0m
[ 47%] [34m[1mGenerating EusLisp code from j2735_msgs/MapData.msg[0m
[ 47%] [34m[1mGenerating EusLisp code from j2735_msgs/MovementEvent.msg[0m
[ 48%] [34m[1mGenerating EusLisp code from j2735_msgs/MovementEventList.msg[0m
[ 48%] [34m[1mGenerating EusLisp code from j2735_msgs/MovementList.msg[0m
[ 48%] [34m[1mGenerating EusLisp code from j2735_msgs/MovementPhaseState.msg[0m
[ 48%] [34m[1mGenerating EusLisp code from j2735_msgs/MovementState.msg[0m
[ 48%] [34m[1mGenerating EusLisp code from j2735_msgs/NodeAttributeSetXY.msg[0m
[ 48%] [34m[1mGenerating EusLisp code from j2735_msgs/NodeAttributeXY.msg[0m
[ 49%] [34m[1mGenerating EusLisp code from j2735_msgs/NodeAttributeXYList.msg[0m
[ 49%] [34m[1mGenerating EusLisp code from j2735_msgs/NodeLLmD64b.msg[0m
[ 49%] [34m[1mGenerating EusLisp code from j2735_msgs/NodeListXY.msg[0m
[ 49%] [34m[1mGenerating EusLisp code from j2735_msgs/NodeOffsetPointXY.msg[0m
[ 49%] [34m[1mGenerating EusLisp code from j2735_msgs/NodeSetXY.msg[0m
[ 49%] [34m[1mGenerating EusLisp code from j2735_msgs/NodeXY.msg[0m
[ 50%] [34m[1mGenerating EusLisp code from j2735_msgs/NodeXY20b.msg[0m
[ 50%] [34m[1mGenerating EusLisp code from j2735_msgs/NodeXY22b.msg[0m
[ 50%] [34m[1mGenerating EusLisp code from j2735_msgs/NodeXY24b.msg[0m
[ 50%] [34m[1mGenerating EusLisp code from j2735_msgs/NodeXY26b.msg[0m
[ 50%] [34m[1mGenerating EusLisp code from j2735_msgs/NodeXY28b.msg[0m
[ 51%] [34m[1mGenerating EusLisp code from j2735_msgs/NodeXY32b.msg[0m
[ 51%] [34m[1mGenerating EusLisp code from j2735_msgs/OffsetPoint.msg[0m
[ 51%] [34m[1mGenerating EusLisp code from j2735_msgs/OffsetXaxis.msg[0m
[ 51%] [34m[1mGenerating EusLisp code from j2735_msgs/OffsetYaxis.msg[0m
[ 51%] [34m[1mGenerating EusLisp code from j2735_msgs/OverlayLaneList.msg[0m
[ 51%] [34m[1mGenerating EusLisp code from j2735_msgs/PathNode.msg[0m
[ 52%] [34m[1mGenerating EusLisp code from j2735_msgs/Position3D.msg[0m
[ 52%] [34m[1mGenerating EusLisp code from j2735_msgs/PositionalAccuracy.msg[0m
[ 52%] [34m[1mGenerating EusLisp code from j2735_msgs/PreemptPriorityList.msg[0m
[ 52%] [34m[1mGenerating EusLisp code from j2735_msgs/RegionalExtension.msg[0m
[ 52%] [34m[1mGenerating EusLisp code from j2735_msgs/RegulatorySpeedLimit.msg[0m
[ 53%] [34m[1mGenerating EusLisp code from j2735_msgs/RepeatParams.msg[0m
[ 53%] [34m[1mGenerating EusLisp code from j2735_msgs/RestrictionAppliesTo.msg[0m
[ 53%] [34m[1mGenerating EusLisp code from j2735_msgs/RestrictionClassAssignment.msg[0m
[ 53%] [34m[1mGenerating EusLisp code from j2735_msgs/RestrictionClassList.msg[0m
[ 53%] [34m[1mGenerating EusLisp code from j2735_msgs/RestrictionUserType.msg[0m
[ 53%] [34m[1mGenerating EusLisp code from j2735_msgs/RestrictionUserTypeList.msg[0m
[ 54%] [34m[1mGenerating EusLisp code from j2735_msgs/RoadLaneSetList.msg[0m
[ 54%] [34m[1mGenerating EusLisp code from j2735_msgs/RoadSegment.msg[0m
[ 54%] [34m[1mGenerating EusLisp code from j2735_msgs/RoadSegmentList.msg[0m
[ 54%] [34m[1mGenerating EusLisp code from j2735_msgs/RoadSegmentReferenceID.msg[0m
[ 54%] [34m[1mGenerating EusLisp code from j2735_msgs/SPAT.msg[0m
[ 54%] [34m[1mGenerating EusLisp code from j2735_msgs/SegmentAttributeXY.msg[0m
[ 55%] [34m[1mGenerating EusLisp code from j2735_msgs/SegmentAttributeXYList.msg[0m
[ 55%] [34m[1mGenerating EusLisp code from j2735_msgs/SignalControlZone.msg[0m
[ 55%] [34m[1mGenerating EusLisp code from j2735_msgs/SpeedConfidence.msg[0m
[ 55%] [34m[1mGenerating EusLisp code from j2735_msgs/SpeedLimitList.msg[0m
[ 55%] [34m[1mGenerating EusLisp code from j2735_msgs/SpeedLimitType.msg[0m
[ 56%] [34m[1mGenerating EusLisp code from j2735_msgs/StabilityControlStatus.msg[0m
[ 56%] [34m[1mGenerating EusLisp code from j2735_msgs/TimeChangeDetails.msg[0m
[ 56%] [34m[1mGenerating EusLisp code from j2735_msgs/TractionControlStatus.msg[0m
[ 56%] [34m[1mGenerating EusLisp code from j2735_msgs/TrafficControlBounds.msg[0m
[ 56%] [34m[1mGenerating EusLisp code from j2735_msgs/TrafficControlDetail.msg[0m
[ 56%] [34m[1mGenerating EusLisp code from j2735_msgs/TrafficControlGeometry.msg[0m
[ 57%] [34m[1mGenerating EusLisp code from j2735_msgs/TrafficControlMessage.msg[0m
[ 57%] [34m[1mGenerating EusLisp code from j2735_msgs/TrafficControlMessageV01.msg[0m
[ 57%] [34m[1mGenerating EusLisp code from j2735_msgs/TrafficControlPackage.msg[0m
[ 57%] [34m[1mGenerating EusLisp code from j2735_msgs/TrafficControlParams.msg[0m
[ 57%] [34m[1mGenerating EusLisp code from j2735_msgs/TrafficControlRequest.msg[0m
[ 58%] [34m[1mGenerating EusLisp code from j2735_msgs/TrafficControlRequestV01.msg[0m
[ 58%] [34m[1mGenerating EusLisp code from j2735_msgs/TrafficControlSchedule.msg[0m
[ 58%] [34m[1mGenerating EusLisp code from j2735_msgs/TrafficControlVehClass.msg[0m
[ 58%] [34m[1mGenerating EusLisp code from j2735_msgs/TransmissionState.msg[0m
[ 58%] [34m[1mGenerating EusLisp code from j2735_msgs/VehicleSize.msg[0m
[ 58%] [34m[1mGenerating EusLisp manifest code for j2735_msgs[0m
[ 58%] [34m[1mGenerating EusLisp code from j2735_msgs/BSMCoreData.msg[0m
[ 58%] [34m[1mGenerating EusLisp code from j2735_msgs/BSM.msg[0m
[ 58%] [34m[1mGenerating EusLisp code from j2735_msgs/AuxiliaryBrakeStatus.msg[0m
[ 59%] [34m[1mGenerating EusLisp code from j2735_msgs/AntiLockBrakeStatus.msg[0m
[ 59%] [34m[1mGenerating EusLisp code from j2735_msgs/AllowedManeuvers.msg[0m
[ 59%] [34m[1mGenerating EusLisp code from j2735_msgs/AdvisorySpeedType.msg[0m
[ 59%] [34m[1mGenerating EusLisp code from j2735_msgs/AdvisorySpeedList.msg[0m
[ 59%] [34m[1mGenerating EusLisp code from j2735_msgs/AdvisorySpeed.msg[0m
[ 59%] Built target j2735_msgs_generate_messages_eus
[35m[1mScanning dependencies of target j2735_msgs_generate_messages_nodejs[0m
[ 59%] [34m[1mGenerating Javascript code from j2735_msgs/AccelerationSet4Way.msg[0m
[ 59%] [34m[1mGenerating Javascript code from j2735_msgs/BrakeBoostApplied.msg[0m
[ 59%] [34m[1mGenerating Javascript code from j2735_msgs/BrakeSystemStatus.msg[0m
[ 59%] [34m[1mGenerating Javascript code from j2735_msgs/ByteArray.msg[0m
[ 60%] [34m[1mGenerating Javascript code from j2735_msgs/ComputedLane.msg[0m
[ 60%] [34m[1mGenerating Javascript code from j2735_msgs/ConnectingLane.msg[0m
[ 60%] [34m[1mGenerating Javascript code from j2735_msgs/Connection.msg[0m
[ 60%] [34m[1mGenerating Javascript code from j2735_msgs/ConnectionManeuverAssist.msg[0m
[ 60%] [34m[1mGenerating Javascript code from j2735_msgs/ConnectsToList.msg[0m
[ 60%] [34m[1mGenerating Javascript code from j2735_msgs/DailySchedule.msg[0m
[ 61%] [34m[1mGenerating Javascript code from j2735_msgs/DataParameters.msg[0m
[ 61%] [34m[1mGenerating Javascript code from j2735_msgs/DayOfWeek.msg[0m
[ 61%] [34m[1mGenerating Javascript code from j2735_msgs/EnabledLaneList.msg[0m
[ 61%] [34m[1mGenerating Javascript code from j2735_msgs/GenericLane.msg[0m
[ 61%] [34m[1mGenerating Javascript code from j2735_msgs/Id128b.msg[0m
[ 62%] [34m[1mGenerating Javascript code from j2735_msgs/Id64b.msg[0m
[ 62%] [34m[1mGenerating Javascript code from j2735_msgs/IntersectionGeometry.msg[0m
[ 62%] [34m[1mGenerating Javascript code from j2735_msgs/IntersectionReferenceID.msg[0m
[ 62%] [34m[1mGenerating Javascript code from j2735_msgs/IntersectionState.msg[0m
[ 62%] [34m[1mGenerating Javascript code from j2735_msgs/IntersectionStateList.msg[0m
[ 62%] [34m[1mGenerating Javascript code from j2735_msgs/IntersectionStatusObject.msg[0m
[ 63%] [34m[1mGenerating Javascript code from j2735_msgs/LaneAttributes.msg[0m
[ 63%] [34m[1mGenerating Javascript code from j2735_msgs/LaneAttributesBarrier.msg[0m
[ 63%] [34m[1mGenerating Javascript code from j2735_msgs/LaneAttributesBike.msg[0m
[ 63%] [34m[1mGenerating Javascript code from j2735_msgs/LaneAttributesCrosswalk.msg[0m
[ 63%] [34m[1mGenerating Javascript code from j2735_msgs/LaneAttributesParking.msg[0m
[ 63%] [34m[1mGenerating Javascript code from j2735_msgs/LaneAttributesSidewalk.msg[0m
[ 64%] [34m[1mGenerating Javascript code from j2735_msgs/LaneAttributesStriping.msg[0m
[ 64%] [34m[1mGenerating Javascript code from j2735_msgs/LaneAttributesTrackedVehicle.msg[0m
[ 64%] [34m[1mGenerating Javascript code from j2735_msgs/LaneAttributesVehicle.msg[0m
[ 64%] [34m[1mGenerating Javascript code from j2735_msgs/LaneDataAttribute.msg[0m
[ 64%] [34m[1mGenerating Javascript code from j2735_msgs/LaneDataAttributeList.msg[0m
[ 65%] [34m[1mGenerating Javascript code from j2735_msgs/LaneDirection.msg[0m
[ 65%] [34m[1mGenerating Javascript code from j2735_msgs/LaneList.msg[0m
[ 65%] [34m[1mGenerating Javascript code from j2735_msgs/LaneSharing.msg[0m
[ 65%] [34m[1mGenerating Javascript code from j2735_msgs/LaneTypeAttributes.msg[0m
[ 65%] [34m[1mGenerating Javascript code from j2735_msgs/LayerType.msg[0m
[ 65%] [34m[1mGenerating Javascript code from j2735_msgs/ManeuverAssistList.msg[0m
[ 66%] [34m[1mGenerating Javascript code from j2735_msgs/MapData.msg[0m
[ 66%] [34m[1mGenerating Javascript code from j2735_msgs/MovementEvent.msg[0m
[ 66%] [34m[1mGenerating Javascript code from j2735_msgs/MovementEventList.msg[0m
[ 66%] [34m[1mGenerating Javascript code from j2735_msgs/MovementList.msg[0m
[ 66%] [34m[1mGenerating Javascript code from j2735_msgs/MovementPhaseState.msg[0m
[ 67%] [34m[1mGenerating Javascript code from j2735_msgs/MovementState.msg[0m
[ 67%] [34m[1mGenerating Javascript code from j2735_msgs/NodeAttributeSetXY.msg[0m
[ 67%] [34m[1mGenerating Javascript code from j2735_msgs/NodeAttributeXY.msg[0m
[ 67%] [34m[1mGenerating Javascript code from j2735_msgs/NodeAttributeXYList.msg[0m
[ 67%] [34m[1mGenerating Javascript code from j2735_msgs/NodeLLmD64b.msg[0m
[ 67%] [34m[1mGenerating Javascript code from j2735_msgs/NodeListXY.msg[0m
[ 68%] [34m[1mGenerating Javascript code from j2735_msgs/NodeOffsetPointXY.msg[0m
[ 68%] [34m[1mGenerating Javascript code from j2735_msgs/NodeSetXY.msg[0m
[ 68%] [34m[1mGenerating Javascript code from j2735_msgs/NodeXY.msg[0m
[ 68%] [34m[1mGenerating Javascript code from j2735_msgs/NodeXY20b.msg[0m
[ 68%] [34m[1mGenerating Javascript code from j2735_msgs/NodeXY22b.msg[0m
[ 68%] [34m[1mGenerating Javascript code from j2735_msgs/NodeXY24b.msg[0m
[ 69%] [34m[1mGenerating Javascript code from j2735_msgs/NodeXY26b.msg[0m
[ 69%] [34m[1mGenerating Javascript code from j2735_msgs/NodeXY28b.msg[0m
[ 69%] [34m[1mGenerating Javascript code from j2735_msgs/NodeXY32b.msg[0m
[ 69%] [34m[1mGenerating Javascript code from j2735_msgs/OffsetPoint.msg[0m
[ 69%] [34m[1mGenerating Javascript code from j2735_msgs/OffsetXaxis.msg[0m
[ 70%] [34m[1mGenerating Javascript code from j2735_msgs/OffsetYaxis.msg[0m
[ 70%] [34m[1mGenerating Javascript code from j2735_msgs/OverlayLaneList.msg[0m
[ 70%] [34m[1mGenerating Javascript code from j2735_msgs/PathNode.msg[0m
[ 70%] [34m[1mGenerating Javascript code from j2735_msgs/Position3D.msg[0m
[ 70%] [34m[1mGenerating Javascript code from j2735_msgs/PositionalAccuracy.msg[0m
[ 70%] [34m[1mGenerating Javascript code from j2735_msgs/PreemptPriorityList.msg[0m
[ 71%] [34m[1mGenerating Javascript code from j2735_msgs/RegionalExtension.msg[0m
[ 71%] [34m[1mGenerating Javascript code from j2735_msgs/RegulatorySpeedLimit.msg[0m
[ 71%] [34m[1mGenerating Javascript code from j2735_msgs/RepeatParams.msg[0m
[ 71%] [34m[1mGenerating Javascript code from j2735_msgs/RestrictionAppliesTo.msg[0m
[ 71%] [34m[1mGenerating Javascript code from j2735_msgs/RestrictionClassAssignment.msg[0m
[ 72%] [34m[1mGenerating Javascript code from j2735_msgs/RestrictionClassList.msg[0m
[ 72%] [34m[1mGenerating Javascript code from j2735_msgs/RestrictionUserType.msg[0m
[ 72%] [34m[1mGenerating Javascript code from j2735_msgs/RestrictionUserTypeList.msg[0m
[ 72%] [34m[1mGenerating Javascript code from j2735_msgs/RoadLaneSetList.msg[0m
[ 72%] [34m[1mGenerating Javascript code from j2735_msgs/RoadSegment.msg[0m
[ 72%] [34m[1mGenerating Javascript code from j2735_msgs/RoadSegmentList.msg[0m
[ 73%] [34m[1mGenerating Javascript code from j2735_msgs/RoadSegmentReferenceID.msg[0m
[ 73%] [34m[1mGenerating Javascript code from j2735_msgs/SPAT.msg[0m
[ 73%] [34m[1mGenerating Javascript code from j2735_msgs/SegmentAttributeXY.msg[0m
[ 73%] [34m[1mGenerating Javascript code from j2735_msgs/SegmentAttributeXYList.msg[0m
[ 73%] [34m[1mGenerating Javascript code from j2735_msgs/SignalControlZone.msg[0m
[ 73%] [34m[1mGenerating Javascript code from j2735_msgs/SpeedConfidence.msg[0m
[ 74%] [34m[1mGenerating Javascript code from j2735_msgs/SpeedLimitList.msg[0m
[ 74%] [34m[1mGenerating Javascript code from j2735_msgs/SpeedLimitType.msg[0m
[ 74%] [34m[1mGenerating Javascript code from j2735_msgs/StabilityControlStatus.msg[0m
[ 74%] [34m[1mGenerating Javascript code from j2735_msgs/TimeChangeDetails.msg[0m
[ 74%] [34m[1mGenerating Javascript code from j2735_msgs/TractionControlStatus.msg[0m
[ 75%] [34m[1mGenerating Javascript code from j2735_msgs/TrafficControlBounds.msg[0m
[ 75%] [34m[1mGenerating Javascript code from j2735_msgs/TrafficControlDetail.msg[0m
[ 75%] [34m[1mGenerating Javascript code from j2735_msgs/TrafficControlGeometry.msg[0m
[ 75%] [34m[1mGenerating Javascript code from j2735_msgs/TrafficControlMessage.msg[0m
[ 75%] [34m[1mGenerating Javascript code from j2735_msgs/TrafficControlMessageV01.msg[0m
[ 75%] [34m[1mGenerating Javascript code from j2735_msgs/TrafficControlPackage.msg[0m
[ 76%] [34m[1mGenerating Javascript code from j2735_msgs/TrafficControlParams.msg[0m
[ 76%] [34m[1mGenerating Javascript code from j2735_msgs/TrafficControlRequest.msg[0m
[ 76%] [34m[1mGenerating Javascript code from j2735_msgs/TrafficControlRequestV01.msg[0m
[ 76%] [34m[1mGenerating Javascript code from j2735_msgs/TrafficControlSchedule.msg[0m
[ 76%] [34m[1mGenerating Javascript code from j2735_msgs/TrafficControlVehClass.msg[0m
[ 77%] [34m[1mGenerating Javascript code from j2735_msgs/TransmissionState.msg[0m
[ 77%] [34m[1mGenerating Javascript code from j2735_msgs/VehicleSize.msg[0m
[ 77%] [34m[1mGenerating Javascript code from j2735_msgs/BrakeAppliedStatus.msg[0m
[ 78%] [34m[1mGenerating Javascript code from j2735_msgs/BSMCoreData.msg[0m
[ 78%] [34m[1mGenerating Javascript code from j2735_msgs/BSM.msg[0m
[ 78%] [34m[1mGenerating Javascript code from j2735_msgs/AuxiliaryBrakeStatus.msg[0m
[ 78%] [34m[1mGenerating Javascript code from j2735_msgs/AntiLockBrakeStatus.msg[0m
[ 78%] [34m[1mGenerating Javascript code from j2735_msgs/AllowedManeuvers.msg[0m
[ 78%] [34m[1mGenerating Javascript code from j2735_msgs/AdvisorySpeedType.msg[0m
[ 79%] [34m[1mGenerating Javascript code from j2735_msgs/AdvisorySpeedList.msg[0m
[ 79%] [34m[1mGenerating Javascript code from j2735_msgs/AdvisorySpeed.msg[0m
[ 79%] Built target j2735_msgs_generate_messages_nodejs
[35m[1mScanning dependencies of target j2735_msgs_generate_messages_py[0m
[ 79%] [34m[1mGenerating Python from MSG j2735_msgs/AccelerationSet4Way[0m
[ 79%] [34m[1mGenerating Python from MSG j2735_msgs/BrakeSystemStatus[0m
[ 79%] [34m[1mGenerating Python from MSG j2735_msgs/ByteArray[0m
[ 79%] [34m[1mGenerating Python from MSG j2735_msgs/ComputedLane[0m
[ 79%] [34m[1mGenerating Python from MSG j2735_msgs/ConnectingLane[0m
[ 80%] [34m[1mGenerating Python from MSG j2735_msgs/Connection[0m
[ 80%] [34m[1mGenerating Python from MSG j2735_msgs/ConnectionManeuverAssist[0m
[ 80%] [34m[1mGenerating Python from MSG j2735_msgs/ConnectsToList[0m
[ 80%] [34m[1mGenerating Python from MSG j2735_msgs/DailySchedule[0m
[ 80%] [34m[1mGenerating Python from MSG j2735_msgs/DataParameters[0m
[ 80%] [34m[1mGenerating Python from MSG j2735_msgs/DayOfWeek[0m
[ 81%] [34m[1mGenerating Python from MSG j2735_msgs/EnabledLaneList[0m
[ 81%] [34m[1mGenerating Python from MSG j2735_msgs/GenericLane[0m
[ 81%] [34m[1mGenerating Python from MSG j2735_msgs/Id128b[0m
[ 81%] [34m[1mGenerating Python from MSG j2735_msgs/Id64b[0m
[ 81%] [34m[1mGenerating Python from MSG j2735_msgs/IntersectionGeometry[0m
[ 82%] [34m[1mGenerating Python from MSG j2735_msgs/IntersectionReferenceID[0m
[ 82%] [34m[1mGenerating Python from MSG j2735_msgs/IntersectionState[0m
[ 82%] [34m[1mGenerating Python from MSG j2735_msgs/IntersectionStateList[0m
[ 82%] [34m[1mGenerating Python from MSG j2735_msgs/IntersectionStatusObject[0m
[ 82%] [34m[1mGenerating Python from MSG j2735_msgs/LaneAttributes[0m
[ 82%] [34m[1mGenerating Python from MSG j2735_msgs/LaneAttributesBarrier[0m
[ 83%] [34m[1mGenerating Python from MSG j2735_msgs/LaneAttributesBike[0m
[ 83%] [34m[1mGenerating Python from MSG j2735_msgs/LaneAttributesCrosswalk[0m
[ 83%] [34m[1mGenerating Python from MSG j2735_msgs/LaneAttributesParking[0m
[ 83%] [34m[1mGenerating Python from MSG j2735_msgs/LaneAttributesSidewalk[0m
[ 83%] [34m[1mGenerating Python from MSG j2735_msgs/LaneAttributesStriping[0m
[ 83%] [34m[1mGenerating Python from MSG j2735_msgs/LaneAttributesTrackedVehicle[0m
[ 84%] [34m[1mGenerating Python from MSG j2735_msgs/LaneAttributesVehicle[0m
[ 84%] [34m[1mGenerating Python from MSG j2735_msgs/LaneDataAttribute[0m
[ 84%] [34m[1mGenerating Python from MSG j2735_msgs/LaneDataAttributeList[0m
[ 84%] [34m[1mGenerating Python from MSG j2735_msgs/LaneDirection[0m
[ 84%] [34m[1mGenerating Python from MSG j2735_msgs/LaneList[0m
[ 85%] [34m[1mGenerating Python from MSG j2735_msgs/LaneSharing[0m
[ 85%] [34m[1mGenerating Python from MSG j2735_msgs/LaneTypeAttributes[0m
[ 85%] [34m[1mGenerating Python from MSG j2735_msgs/LayerType[0m
[ 85%] [34m[1mGenerating Python from MSG j2735_msgs/ManeuverAssistList[0m
[ 85%] [34m[1mGenerating Python from MSG j2735_msgs/MapData[0m
[ 85%] [34m[1mGenerating Python from MSG j2735_msgs/MovementEvent[0m
[ 86%] [34m[1mGenerating Python from MSG j2735_msgs/MovementEventList[0m
[ 86%] [34m[1mGenerating Python from MSG j2735_msgs/MovementList[0m
[ 86%] [34m[1mGenerating Python from MSG j2735_msgs/MovementPhaseState[0m
[ 86%] [34m[1mGenerating Python from MSG j2735_msgs/MovementState[0m
[ 86%] [34m[1mGenerating Python from MSG j2735_msgs/NodeAttributeSetXY[0m
[ 87%] [34m[1mGenerating Python from MSG j2735_msgs/NodeAttributeXY[0m
[ 87%] [34m[1mGenerating Python from MSG j2735_msgs/NodeAttributeXYList[0m
[ 87%] [34m[1mGenerating Python from MSG j2735_msgs/NodeLLmD64b[0m
[ 87%] [34m[1mGenerating Python from MSG j2735_msgs/NodeListXY[0m
[ 87%] [34m[1mGenerating Python from MSG j2735_msgs/NodeOffsetPointXY[0m
[ 87%] [34m[1mGenerating Python from MSG j2735_msgs/NodeSetXY[0m
[ 88%] [34m[1mGenerating Python from MSG j2735_msgs/NodeXY[0m
[ 88%] [34m[1mGenerating Python from MSG j2735_msgs/NodeXY20b[0m
[ 88%] [34m[1mGenerating Python from MSG j2735_msgs/NodeXY22b[0m
[ 88%] [34m[1mGenerating Python from MSG j2735_msgs/NodeXY24b[0m
[ 88%] [34m[1mGenerating Python from MSG j2735_msgs/NodeXY26b[0m
[ 88%] [34m[1mGenerating Python from MSG j2735_msgs/NodeXY28b[0m
[ 89%] [34m[1mGenerating Python from MSG j2735_msgs/NodeXY32b[0m
[ 89%] [34m[1mGenerating Python from MSG j2735_msgs/OffsetPoint[0m
[ 89%] [34m[1mGenerating Python from MSG j2735_msgs/OffsetXaxis[0m
[ 89%] [34m[1mGenerating Python from MSG j2735_msgs/OffsetYaxis[0m
[ 89%] [34m[1mGenerating Python from MSG j2735_msgs/OverlayLaneList[0m
[ 90%] [34m[1mGenerating Python from MSG j2735_msgs/PathNode[0m
[ 90%] [34m[1mGenerating Python from MSG j2735_msgs/Position3D[0m
[ 90%] [34m[1mGenerating Python from MSG j2735_msgs/PositionalAccuracy[0m
[ 90%] [34m[1mGenerating Python from MSG j2735_msgs/PreemptPriorityList[0m
[ 90%] [34m[1mGenerating Python from MSG j2735_msgs/RegionalExtension[0m
[ 90%] [34m[1mGenerating Python from MSG j2735_msgs/RegulatorySpeedLimit[0m
[ 91%] [34m[1mGenerating Python from MSG j2735_msgs/RepeatParams[0m
[ 91%] [34m[1mGenerating Python from MSG j2735_msgs/RestrictionAppliesTo[0m
[ 91%] [34m[1mGenerating Python from MSG j2735_msgs/RestrictionClassAssignment[0m
[ 91%] [34m[1mGenerating Python from MSG j2735_msgs/RestrictionClassList[0m
[ 91%] [34m[1mGenerating Python from MSG j2735_msgs/RestrictionUserType[0m
[ 92%] [34m[1mGenerating Python from MSG j2735_msgs/RestrictionUserTypeList[0m
[ 92%] [34m[1mGenerating Python from MSG j2735_msgs/RoadLaneSetList[0m
[ 92%] [34m[1mGenerating Python from MSG j2735_msgs/RoadSegment[0m
[ 92%] [34m[1mGenerating Python from MSG j2735_msgs/RoadSegmentList[0m
[ 92%] [34m[1mGenerating Python from MSG j2735_msgs/RoadSegmentReferenceID[0m
[ 92%] [34m[1mGenerating Python from MSG j2735_msgs/SPAT[0m
[ 93%] [34m[1mGenerating Python from MSG j2735_msgs/SegmentAttributeXY[0m
[ 93%] [34m[1mGenerating Python from MSG j2735_msgs/SegmentAttributeXYList[0m
[ 93%] [34m[1mGenerating Python from MSG j2735_msgs/SignalControlZone[0m
[ 93%] [34m[1mGenerating Python from MSG j2735_msgs/SpeedConfidence[0m
[ 93%] [34m[1mGenerating Python from MSG j2735_msgs/SpeedLimitList[0m
[ 93%] [34m[1mGenerating Python from MSG j2735_msgs/SpeedLimitType[0m
[ 94%] [34m[1mGenerating Python from MSG j2735_msgs/StabilityControlStatus[0m
[ 94%] [34m[1mGenerating Python from MSG j2735_msgs/TimeChangeDetails[0m
[ 94%] [34m[1mGenerating Python from MSG j2735_msgs/TractionControlStatus[0m
[ 94%] [34m[1mGenerating Python from MSG j2735_msgs/TrafficControlBounds[0m
[ 94%] [34m[1mGenerating Python from MSG j2735_msgs/TrafficControlDetail[0m
