[0.063s] Invoking command in '/workspaces/carma_ws/src/build/j2735_msgs': /usr/bin/cmake /workspaces/carma_ws/src/carma-msgs/j2735_msgs -DCATKIN_INSTALL_INTO_PREFIX_ROOT=0 -DCMAKE_INSTALL_PREFIX=/workspaces/carma_ws/src/install/j2735_msgs
[0.205s] -- The C compiler identification is GNU 9.3.0
[0.326s] -- The CXX compiler identification is GNU 9.3.0
[0.345s] -- Check for working C compiler: /usr/bin/cc
[0.456s] -- Check for working C compiler: /usr/bin/cc -- works
[0.458s] -- Detecting C compiler ABI info
[0.605s] -- Detecting C compiler ABI info - done
[0.637s] -- Detecting C compile features
[0.638s] -- Detecting C compile features - done
[0.645s] -- Check for working CXX compiler: /usr/bin/c++
[0.773s] -- Check for working CXX compiler: /usr/bin/c++ -- works
[0.776s] -- Detecting CXX compiler ABI info
[0.942s] -- Detecting CXX compiler ABI info - done
[0.972s] -- Detecting CXX compile features
[0.974s] -- Detecting CXX compile features - done
[0.977s] -- Using CATKIN_DEVEL_PREFIX: /workspaces/carma_ws/src/build/j2735_msgs/devel
[0.978s] -- Using CMAKE_PREFIX_PATH: /opt/ros/noetic
[0.980s] -- This workspace overlays: /opt/ros/noetic
[1.020s] -- Found PythonInterp: /usr/bin/python3 (found suitable version "3.8.10", minimum required is "3") 
[1.020s] -- Using PYTHON_EXECUTABLE: /usr/bin/python3
[1.021s] -- Using Debian Python package layout
[1.124s] -- Found PY_em: /usr/lib/python3/dist-packages/em.py  
[1.125s] -- Using empy: /usr/lib/python3/dist-packages/em.py
[1.412s] -- Using CATKIN_ENABLE_TESTING: ON
[1.412s] -- Call enable_testing()
[1.420s] -- Using CATKIN_TEST_RESULTS_DIR: /workspaces/carma_ws/src/build/j2735_msgs/test_results
[2.097s] -- Forcing gtest/gmock from source, though one was otherwise available.
[2.099s] -- Found gtest sources under '/usr/src/googletest': gtests will be built
[2.100s] -- Found gmock sources under '/usr/src/googletest': gmock will be built
[2.186s] -- Found PythonInterp: /usr/bin/python3 (found version "3.8.10") 
[2.192s] -- Found Threads: TRUE  
[2.200s] -- Using Python nosetests: /usr/bin/nosetests3
[2.306s] -- catkin 0.8.10
[2.306s] -- BUILD_SHARED_LIBS is on
[2.635s] -- Using these message generators: gencpp;geneus;genlisp;gennodejs;genpy
[3.473s] -- j2735_msgs: 110 messages, 0 services
[4.607s] -- Configuring done
[5.342s] -- Generating done
[5.369s] -- Build files have been written to: /workspaces/carma_ws/src/build/j2735_msgs
[5.433s] Invoked command in '/workspaces/carma_ws/src/build/j2735_msgs' returned '0': /usr/bin/cmake /workspaces/carma_ws/src/carma-msgs/j2735_msgs -DCATKIN_INSTALL_INTO_PREFIX_ROOT=0 -DCMAKE_INSTALL_PREFIX=/workspaces/carma_ws/src/install/j2735_msgs
[5.434s] Invoking command in '/workspaces/carma_ws/src/build/j2735_msgs': /usr/bin/cmake --build /workspaces/carma_ws/src/build/j2735_msgs -- -j12 -l12
[8.500s] [35m[1mScanning dependencies of target geometry_msgs_generate_messages_cpp[0m
[8.503s] [35m[1mScanning dependencies of target _j2735_msgs_generate_messages_check_deps_DailySchedule[0m
[8.503s] [35m[1mScanning dependencies of target _j2735_msgs_generate_messages_check_deps_IntersectionState[0m
[8.503s] [35m[1mScanning dependencies of target _j2735_msgs_generate_messages_check_deps_LaneAttributesSidewalk[0m
[8.503s] [35m[1mScanning dependencies of target _j2735_msgs_generate_messages_check_deps_ManeuverAssistList[0m
[8.503s] [35m[1mScanning dependencies of target _j2735_msgs_generate_messages_check_deps_RestrictionClassList[0m
[8.503s] [  0%] Built target geometry_msgs_generate_messages_cpp
[8.504s] [35m[1mScanning dependencies of target _j2735_msgs_generate_messages_check_deps_IntersectionStatusObject[0m
[8.504s] [35m[1mScanning dependencies of target _j2735_msgs_generate_messages_check_deps_Id128b[0m
[8.504s] [35m[1mScanning dependencies of target _j2735_msgs_generate_messages_check_deps_LaneDataAttributeList[0m
[8.504s] [35m[1mScanning dependencies of target _j2735_msgs_generate_messages_check_deps_EnabledLaneList[0m
[8.504s] [35m[1mScanning dependencies of target _j2735_msgs_generate_messages_check_deps_SpeedConfidence[0m
[8.504s] [35m[1mScanning dependencies of target _j2735_msgs_generate_messages_check_deps_LaneDirection[0m
[8.505s] [35m[1mScanning dependencies of target _j2735_msgs_generate_messages_check_deps_DataParameters[0m
[8.505s] [  0%] Built target _j2735_msgs_generate_messages_check_deps_RestrictionClassList
[8.505s] [  0%] Built target _j2735_msgs_generate_messages_check_deps_IntersectionState
[8.505s] [  0%] Built target _j2735_msgs_generate_messages_check_deps_ManeuverAssistList
[8.505s] [35m[1mScanning dependencies of target _j2735_msgs_generate_messages_check_deps_LaneAttributesVehicle[0m
[8.505s] [35m[1mScanning dependencies of target _j2735_msgs_generate_messages_check_deps_PathNode[0m
[8.505s] [35m[1mScanning dependencies of target _j2735_msgs_generate_messages_check_deps_ComputedLane[0m
[8.505s] [  0%] Built target _j2735_msgs_generate_messages_check_deps_DailySchedule
[8.505s] [  0%] Built target _j2735_msgs_generate_messages_check_deps_LaneAttributesSidewalk
[8.506s] [  0%] Built target _j2735_msgs_generate_messages_check_deps_Id128b
[8.506s] [  0%] Built target _j2735_msgs_generate_messages_check_deps_IntersectionStatusObject
[8.506s] [  0%] Built target _j2735_msgs_generate_messages_check_deps_LaneDataAttributeList
[8.506s] [  0%] Built target _j2735_msgs_generate_messages_check_deps_EnabledLaneList
[8.506s] [  0%] Built target _j2735_msgs_generate_messages_check_deps_SpeedConfidence
[8.507s] [  0%] Built target _j2735_msgs_generate_messages_check_deps_LaneDirection
[8.507s] [  0%] Built target _j2735_msgs_generate_messages_check_deps_DataParameters
[8.507s] [35m[1mScanning dependencies of target _j2735_msgs_generate_messages_check_deps_TrafficControlBounds[0m
[8.507s] [35m[1mScanning dependencies of target _j2735_msgs_generate_messages_check_deps_Position3D[0m
[8.507s] [35m[1mScanning dependencies of target _j2735_msgs_generate_messages_check_deps_VehicleSize[0m
[8.507s] [35m[1mScanning dependencies of target _j2735_msgs_generate_messages_check_deps_RestrictionAppliesTo[0m
[8.507s] [35m[1mScanning dependencies of target _j2735_msgs_generate_messages_check_deps_RoadLaneSetList[0m
[8.508s] [35m[1mScanning dependencies of target _j2735_msgs_generate_messages_check_deps_RepeatParams[0m
[8.508s] [35m[1mScanning dependencies of target _j2735_msgs_generate_messages_check_deps_SegmentAttributeXY[0m
[8.508s] [35m[1mScanning dependencies of target _j2735_msgs_generate_messages_check_deps_PreemptPriorityList[0m
[8.508s] [35m[1mScanning dependencies of target _j2735_msgs_generate_messages_check_deps_AllowedManeuvers[0m
[8.508s] [  0%] Built target _j2735_msgs_generate_messages_check_deps_PathNode
[8.508s] [  0%] Built target _j2735_msgs_generate_messages_check_deps_ComputedLane
[8.509s] [  0%] Built target _j2735_msgs_generate_messages_check_deps_LaneAttributesVehicle
[8.509s] [  0%] Built target _j2735_msgs_generate_messages_check_deps_VehicleSize
[8.509s] [  0%] Built target _j2735_msgs_generate_messages_check_deps_RestrictionAppliesTo
[8.509s] [35m[1mScanning dependencies of target _j2735_msgs_generate_messages_check_deps_TrafficControlMessage[0m
[8.509s] [  0%] Built target _j2735_msgs_generate_messages_check_deps_RoadLaneSetList
[8.509s] [35m[1mScanning dependencies of target _j2735_msgs_generate_messages_check_deps_SegmentAttributeXYList[0m
[8.509s] [35m[1mScanning dependencies of target _j2735_msgs_generate_messages_check_deps_TrafficControlParams[0m
[8.509s] [35m[1mScanning dependencies of target _j2735_msgs_generate_messages_check_deps_MapData[0m
[8.509s] [  0%] Built target _j2735_msgs_generate_messages_check_deps_RepeatParams
[8.509s] [  0%] Built target _j2735_msgs_generate_messages_check_deps_TrafficControlBounds
[8.510s] [  0%] Built target _j2735_msgs_generate_messages_check_deps_PreemptPriorityList
[8.510s] [  0%] Built target _j2735_msgs_generate_messages_check_deps_Position3D
[8.510s] [  0%] Built target _j2735_msgs_generate_messages_check_deps_AllowedManeuvers
[8.510s] [  0%] Built target _j2735_msgs_generate_messages_check_deps_SegmentAttributeXY
[8.510s] [35m[1mScanning dependencies of target _j2735_msgs_generate_messages_check_deps_MovementPhaseState[0m
[8.510s] [35m[1mScanning dependencies of target _j2735_msgs_generate_messages_check_deps_RestrictionClassAssignment[0m
[8.510s] [35m[1mScanning dependencies of target _j2735_msgs_generate_messages_check_deps_SpeedLimitType[0m
[8.511s] [  0%] Built target _j2735_msgs_generate_messages_check_deps_TrafficControlParams
[8.511s] [  0%] Built target _j2735_msgs_generate_messages_check_deps_TrafficControlMessage
[8.511s] [35m[1mScanning dependencies of target _j2735_msgs_generate_messages_check_deps_SpeedLimitList[0m
[8.511s] [35m[1mScanning dependencies of target _j2735_msgs_generate_messages_check_deps_SignalControlZone[0m
[8.513s] [  0%] Built target _j2735_msgs_generate_messages_check_deps_SegmentAttributeXYList
[8.536s] [  0%] Built target _j2735_msgs_generate_messages_check_deps_MapData
[8.568s] [35m[1mScanning dependencies of target _j2735_msgs_generate_messages_check_deps_TimeChangeDetails[0m
[8.623s] [35m[1mScanning dependencies of target _j2735_msgs_generate_messages_check_deps_TrafficControlDetail[0m
[8.630s] [  0%] Built target _j2735_msgs_generate_messages_check_deps_MovementPhaseState
[8.649s] [35m[1mScanning dependencies of target _j2735_msgs_generate_messages_check_deps_NodeXY22b[0m
[8.655s] [35m[1mScanning dependencies of target _j2735_msgs_generate_messages_check_deps_TrafficControlGeometry[0m
[8.656s] [35m[1mScanning dependencies of target _j2735_msgs_generate_messages_check_deps_ConnectingLane[0m
[8.696s] [35m[1mScanning dependencies of target _j2735_msgs_generate_messages_check_deps_TrafficControlMessageV01[0m
[8.711s] [35m[1mScanning dependencies of target _j2735_msgs_generate_messages_check_deps_TrafficControlVehClass[0m
[8.771s] [  0%] Built target _j2735_msgs_generate_messages_check_deps_SignalControlZone
[8.890s] [35m[1mScanning dependencies of target _j2735_msgs_generate_messages_check_deps_TrafficControlRequest[0m
[8.998s] [  0%] Built target _j2735_msgs_generate_messages_check_deps_RestrictionClassAssignment
[8.999s] [35m[1mScanning dependencies of target _j2735_msgs_generate_messages_check_deps_LaneAttributesParking[0m
[9.028s] [  0%] Built target _j2735_msgs_generate_messages_check_deps_SpeedLimitList
[9.031s] [  0%] Built target _j2735_msgs_generate_messages_check_deps_TimeChangeDetails
[9.053s] [  0%] Built target _j2735_msgs_generate_messages_check_deps_ConnectingLane
[9.083s] [  0%] Built target _j2735_msgs_generate_messages_check_deps_SpeedLimitType
[9.084s] [35m[1mScanning dependencies of target _j2735_msgs_generate_messages_check_deps_TrafficControlSchedule[0m
[9.142s] [35m[1mScanning dependencies of target _j2735_msgs_generate_messages_check_deps_TrafficControlRequestV01[0m
[9.193s] [35m[1mScanning dependencies of target _j2735_msgs_generate_messages_check_deps_LaneAttributesBarrier[0m
[9.201s] [35m[1mScanning dependencies of target _j2735_msgs_generate_messages_check_deps_LaneSharing[0m
[9.275s] [35m[1mScanning dependencies of target _j2735_msgs_generate_messages_check_deps_IntersectionStateList[0m
[9.276s] [  0%] Built target _j2735_msgs_generate_messages_check_deps_TrafficControlMessageV01
[9.292s] [  0%] Built target _j2735_msgs_generate_messages_check_deps_TrafficControlVehClass
[9.360s] [  0%] Built target _j2735_msgs_generate_messages_check_deps_TrafficControlGeometry
[9.361s] [  0%] Built target _j2735_msgs_generate_messages_check_deps_TrafficControlDetail
[9.362s] [  0%] Built target _j2735_msgs_generate_messages_check_deps_TrafficControlRequest
[9.416s] [  0%] Built target _j2735_msgs_generate_messages_check_deps_NodeXY22b
[9.417s] [35m[1mScanning dependencies of target _j2735_msgs_generate_messages_check_deps_IntersectionReferenceID[0m
[9.418s] [  0%] Built target _j2735_msgs_generate_messages_check_deps_LaneAttributesParking
[9.458s] [35m[1mScanning dependencies of target _j2735_msgs_generate_messages_check_deps_Connection[0m
[9.477s] [35m[1mScanning dependencies of target _j2735_msgs_generate_messages_check_deps_LaneAttributesTrackedVehicle[0m
[9.518s] [35m[1mScanning dependencies of target _j2735_msgs_generate_messages_check_deps_BSM[0m
[9.518s] [35m[1mScanning dependencies of target _j2735_msgs_generate_messages_check_deps_NodeOffsetPointXY[0m
[9.566s] [35m[1mScanning dependencies of target _j2735_msgs_generate_messages_check_deps_LaneAttributes[0m
[9.632s] [35m[1mScanning dependencies of target _j2735_msgs_generate_messages_check_deps_NodeAttributeXY[0m
[9.724s] [  0%] Built target _j2735_msgs_generate_messages_check_deps_LaneSharing
[9.762s] [  0%] Built target _j2735_msgs_generate_messages_check_deps_LaneAttributesBarrier
[9.765s] [  0%] Built target _j2735_msgs_generate_messages_check_deps_TrafficControlSchedule
[9.770s] [  0%] Built target _j2735_msgs_generate_messages_check_deps_TrafficControlRequestV01
[9.803s] [  0%] Built target _j2735_msgs_generate_messages_check_deps_IntersectionStateList
[9.816s] [  0%] Built target _j2735_msgs_generate_messages_check_deps_LaneAttributesTrackedVehicle
[9.883s] [35m[1mScanning dependencies of target _j2735_msgs_generate_messages_check_deps_Id64b[0m
[9.884s] [35m[1mScanning dependencies of target _j2735_msgs_generate_messages_check_deps_RoadSegmentList[0m
[9.908s] [  0%] Built target _j2735_msgs_generate_messages_check_deps_IntersectionReferenceID
[9.923s] [35m[1mScanning dependencies of target _j2735_msgs_generate_messages_check_deps_AdvisorySpeed[0m
[9.927s] [  0%] Built target _j2735_msgs_generate_messages_check_deps_Connection
[9.935s] [35m[1mScanning dependencies of target _j2735_msgs_generate_messages_check_deps_TrafficControlPackage[0m
[9.984s] [35m[1mScanning dependencies of target _j2735_msgs_generate_messages_check_deps_OffsetXaxis[0m
[10.003s] [  0%] Built target _j2735_msgs_generate_messages_check_deps_LaneAttributes
[10.016s] [  0%] Built target _j2735_msgs_generate_messages_check_deps_BSM
[10.078s] [  0%] Built target _j2735_msgs_generate_messages_check_deps_NodeAttributeXY
[10.184s] [  0%] Built target _j2735_msgs_generate_messages_check_deps_NodeOffsetPointXY
[10.198s] [35m[1mScanning dependencies of target _j2735_msgs_generate_messages_check_deps_LaneAttributesStriping[0m
[10.204s] [35m[1mScanning dependencies of target _j2735_msgs_generate_messages_check_deps_AntiLockBrakeStatus[0m
[10.233s] [35m[1mScanning dependencies of target _j2735_msgs_generate_messages_check_deps_DayOfWeek[0m
[10.234s] [35m[1mScanning dependencies of target _j2735_msgs_generate_messages_check_deps_BrakeAppliedStatus[0m
[10.255s] [35m[1mScanning dependencies of target _j2735_msgs_generate_messages_check_deps_AdvisorySpeedList[0m
[10.262s] [35m[1mScanning dependencies of target _j2735_msgs_generate_messages_check_deps_OffsetYaxis[0m
[10.277s] [  0%] Built target _j2735_msgs_generate_messages_check_deps_TrafficControlPackage
[10.311s] [  0%] Built target _j2735_msgs_generate_messages_check_deps_RoadSegmentList
[10.311s] [  0%] Built target _j2735_msgs_generate_messages_check_deps_Id64b
[10.515s] [  0%] Built target _j2735_msgs_generate_messages_check_deps_OffsetXaxis
[10.519s] [  0%] Built target _j2735_msgs_generate_messages_check_deps_AdvisorySpeed
[10.656s] [  0%] Built target _j2735_msgs_generate_messages_check_deps_AdvisorySpeedList
[10.683s] [  0%] Built target _j2735_msgs_generate_messages_check_deps_AntiLockBrakeStatus
[10.835s] [  0%] Built target _j2735_msgs_generate_messages_check_deps_DayOfWeek
[10.920s] [  0%] Built target _j2735_msgs_generate_messages_check_deps_LaneAttributesStriping
[10.930s] [  0%] Built target _j2735_msgs_generate_messages_check_deps_OffsetYaxis
[10.986s] [  0%] Built target _j2735_msgs_generate_messages_check_deps_BrakeAppliedStatus
[11.102s] [35m[1mScanning dependencies of target _j2735_msgs_generate_messages_check_deps_NodeXY32b[0m
[11.397s] [  0%] Built target _j2735_msgs_generate_messages_check_deps_NodeXY32b
[11.474s] [35m[1mScanning dependencies of target _j2735_msgs_generate_messages_check_deps_OverlayLaneList[0m
[11.768s] [  0%] Built target _j2735_msgs_generate_messages_check_deps_OverlayLaneList
[11.881s] [35m[1mScanning dependencies of target _j2735_msgs_generate_messages_check_deps_BSMCoreData[0m
[12.258s] [  0%] Built target _j2735_msgs_generate_messages_check_deps_BSMCoreData
[12.367s] [35m[1mScanning dependencies of target _j2735_msgs_generate_messages_check_deps_AccelerationSet4Way[0m
[12.564s] [  0%] Built target _j2735_msgs_generate_messages_check_deps_AccelerationSet4Way
[12.598s] [35m[1mScanning dependencies of target _j2735_msgs_generate_messages_check_deps_LaneAttributesBike[0m
[12.888s] [  0%] Built target _j2735_msgs_generate_messages_check_deps_LaneAttributesBike
[13.022s] [35m[1mScanning dependencies of target _j2735_msgs_generate_messages_check_deps_LaneList[0m
[13.414s] [  0%] Built target _j2735_msgs_generate_messages_check_deps_LaneList
[13.530s] [35m[1mScanning dependencies of target _j2735_msgs_generate_messages_check_deps_IntersectionGeometry[0m
[13.877s] [  0%] Built target _j2735_msgs_generate_messages_check_deps_IntersectionGeometry
[13.946s] [35m[1mScanning dependencies of target _j2735_msgs_generate_messages_check_deps_LayerType[0m
[14.259s] [  0%] Built target _j2735_msgs_generate_messages_check_deps_LayerType
[14.302s] [35m[1mScanning dependencies of target _j2735_msgs_generate_messages_check_deps_NodeXY20b[0m
[14.533s] [  0%] Built target _j2735_msgs_generate_messages_check_deps_NodeXY20b
[14.592s] [35m[1mScanning dependencies of target _j2735_msgs_generate_messages_check_deps_MovementEvent[0m
[14.867s] [  0%] Built target _j2735_msgs_generate_messages_check_deps_MovementEvent
[14.971s] [35m[1mScanning dependencies of target _j2735_msgs_generate_messages_check_deps_MovementEventList[0m
[15.219s] [  0%] Built target _j2735_msgs_generate_messages_check_deps_MovementEventList
[15.265s] [35m[1mScanning dependencies of target _j2735_msgs_generate_messages_check_deps_StabilityControlStatus[0m
[15.515s] [  0%] Built target _j2735_msgs_generate_messages_check_deps_StabilityControlStatus
[15.636s] [35m[1mScanning dependencies of target _j2735_msgs_generate_messages_check_deps_MovementList[0m
[15.927s] [  0%] Built target _j2735_msgs_generate_messages_check_deps_MovementList
[16.060s] [35m[1mScanning dependencies of target _j2735_msgs_generate_messages_check_deps_BrakeBoostApplied[0m
[16.286s] [  0%] Built target _j2735_msgs_generate_messages_check_deps_BrakeBoostApplied
[16.363s] [35m[1mScanning dependencies of target _j2735_msgs_generate_messages_check_deps_NodeLLmD64b[0m
[16.688s] [  0%] Built target _j2735_msgs_generate_messages_check_deps_NodeLLmD64b
[16.757s] [35m[1mScanning dependencies of target _j2735_msgs_generate_messages_check_deps_NodeListXY[0m
[16.982s] [  0%] Built target _j2735_msgs_generate_messages_check_deps_NodeListXY
[17.092s] [35m[1mScanning dependencies of target _j2735_msgs_generate_messages_check_deps_MovementState[0m
[17.363s] [  0%] Built target _j2735_msgs_generate_messages_check_deps_MovementState
[17.464s] [35m[1mScanning dependencies of target _j2735_msgs_generate_messages_check_deps_NodeAttributeSetXY[0m
[17.842s] [  0%] Built target _j2735_msgs_generate_messages_check_deps_NodeAttributeSetXY
[17.962s] [35m[1mScanning dependencies of target _j2735_msgs_generate_messages_check_deps_NodeSetXY[0m
[18.269s] [  0%] Built target _j2735_msgs_generate_messages_check_deps_NodeSetXY
[18.344s] [35m[1mScanning dependencies of target _j2735_msgs_generate_messages_check_deps_RestrictionUserType[0m
[18.545s] [  0%] Built target _j2735_msgs_generate_messages_check_deps_RestrictionUserType
[18.653s] [35m[1mScanning dependencies of target _j2735_msgs_generate_messages_check_deps_TractionControlStatus[0m
[18.871s] [  0%] Built target _j2735_msgs_generate_messages_check_deps_TractionControlStatus
[18.950s] [35m[1mScanning dependencies of target _j2735_msgs_generate_messages_check_deps_RegionalExtension[0m
[19.271s] [  0%] Built target _j2735_msgs_generate_messages_check_deps_RegionalExtension
[19.322s] [35m[1mScanning dependencies of target _j2735_msgs_generate_messages_check_deps_NodeXY[0m
[19.567s] [  0%] Built target _j2735_msgs_generate_messages_check_deps_NodeXY
[19.633s] [35m[1mScanning dependencies of target _j2735_msgs_generate_messages_check_deps_NodeXY24b[0m
[19.819s] [  0%] Built target _j2735_msgs_generate_messages_check_deps_NodeXY24b
[19.898s] [35m[1mScanning dependencies of target _j2735_msgs_generate_messages_check_deps_NodeXY26b[0m
[20.153s] [  0%] Built target _j2735_msgs_generate_messages_check_deps_NodeXY26b
[20.286s] [35m[1mScanning dependencies of target _j2735_msgs_generate_messages_check_deps_TransmissionState[0m
[20.476s] [  0%] Built target _j2735_msgs_generate_messages_check_deps_TransmissionState
[20.552s] [35m[1mScanning dependencies of target _j2735_msgs_generate_messages_check_deps_NodeXY28b[0m
[20.800s] [  0%] Built target _j2735_msgs_generate_messages_check_deps_NodeXY28b
[20.876s] [35m[1mScanning dependencies of target _j2735_msgs_generate_messages_check_deps_PositionalAccuracy[0m
[21.131s] [  0%] Built target _j2735_msgs_generate_messages_check_deps_PositionalAccuracy
[21.169s] [35m[1mScanning dependencies of target _j2735_msgs_generate_messages_check_deps_OffsetPoint[0m
[21.502s] [  0%] Built target _j2735_msgs_generate_messages_check_deps_OffsetPoint
[21.584s] [35m[1mScanning dependencies of target _j2735_msgs_generate_messages_check_deps_ConnectionManeuverAssist[0m
[21.732s] [  0%] Built target _j2735_msgs_generate_messages_check_deps_ConnectionManeuverAssist
[21.824s] [35m[1mScanning dependencies of target _j2735_msgs_generate_messages_check_deps_LaneAttributesCrosswalk[0m
[22.158s] [  0%] Built target _j2735_msgs_generate_messages_check_deps_LaneAttributesCrosswalk
[22.206s] [35m[1mScanning dependencies of target _j2735_msgs_generate_messages_check_deps_RoadSegmentReferenceID[0m
[22.414s] [  0%] Built target _j2735_msgs_generate_messages_check_deps_RoadSegmentReferenceID
[22.522s] [35m[1mScanning dependencies of target _j2735_msgs_generate_messages_check_deps_ConnectsToList[0m
[22.869s] [  0%] Built target _j2735_msgs_generate_messages_check_deps_ConnectsToList
[22.923s] [35m[1mScanning dependencies of target _j2735_msgs_generate_messages_check_deps_AdvisorySpeedType[0m
[23.139s] [  0%] Built target _j2735_msgs_generate_messages_check_deps_AdvisorySpeedType
[23.176s] [35m[1mScanning dependencies of target _j2735_msgs_generate_messages_check_deps_RoadSegment[0m
[23.422s] [  0%] Built target _j2735_msgs_generate_messages_check_deps_RoadSegment
[23.543s] [35m[1mScanning dependencies of target _j2735_msgs_generate_messages_check_deps_NodeAttributeXYList[0m
[23.806s] [  0%] Built target _j2735_msgs_generate_messages_check_deps_NodeAttributeXYList
[23.869s] [35m[1mScanning dependencies of target geometry_msgs_generate_messages_py[0m
[23.932s] [  0%] Built target geometry_msgs_generate_messages_py
[24.014s] [35m[1mScanning dependencies of target std_msgs_generate_messages_py[0m
[24.066s] [  0%] Built target std_msgs_generate_messages_py
[24.090s] [35m[1mScanning dependencies of target std_msgs_generate_messages_nodejs[0m
[24.132s] [  0%] Built target std_msgs_generate_messages_nodejs
[24.147s] [35m[1mScanning dependencies of target geometry_msgs_generate_messages_nodejs[0m
[24.261s] [  0%] Built target geometry_msgs_generate_messages_nodejs
[24.303s] [35m[1mScanning dependencies of target geometry_msgs_generate_messages_eus[0m
[24.385s] [  0%] Built target geometry_msgs_generate_messages_eus
[24.444s] [35m[1mScanning dependencies of target std_msgs_generate_messages_eus[0m
[24.504s] [  0%] Built target std_msgs_generate_messages_eus
[24.562s] [35m[1mScanning dependencies of target geometry_msgs_generate_messages_lisp[0m
[24.626s] [  0%] Built target geometry_msgs_generate_messages_lisp
[24.721s] [35m[1mScanning dependencies of target std_msgs_generate_messages_lisp[0m
[24.774s] [  0%] Built target std_msgs_generate_messages_lisp
[24.840s] [35m[1mScanning dependencies of target _j2735_msgs_generate_messages_check_deps_LaneDataAttribute[0m
[25.083s] [  0%] Built target _j2735_msgs_generate_messages_check_deps_LaneDataAttribute
[25.188s] [35m[1mScanning dependencies of target _j2735_msgs_generate_messages_check_deps_AuxiliaryBrakeStatus[0m
[25.439s] [  0%] Built target _j2735_msgs_generate_messages_check_deps_AuxiliaryBrakeStatus
[25.478s] [35m[1mScanning dependencies of target _j2735_msgs_generate_messages_check_deps_BrakeSystemStatus[0m
[25.766s] [  0%] Built target _j2735_msgs_generate_messages_check_deps_BrakeSystemStatus
[25.874s] [35m[1mScanning dependencies of target std_msgs_generate_messages_cpp[0m
[25.933s] [  0%] Built target std_msgs_generate_messages_cpp
[25.992s] [35m[1mScanning dependencies of target _j2735_msgs_generate_messages_check_deps_SPAT[0m
[26.160s] [  0%] Built target _j2735_msgs_generate_messages_check_deps_SPAT
[26.226s] [35m[1mScanning dependencies of target _j2735_msgs_generate_messages_check_deps_RestrictionUserTypeList[0m
[26.373s] [  0%] Built target _j2735_msgs_generate_messages_check_deps_RestrictionUserTypeList
[26.408s] [35m[1mScanning dependencies of target _j2735_msgs_generate_messages_check_deps_ByteArray[0m
[26.646s] [  0%] Built target _j2735_msgs_generate_messages_check_deps_ByteArray
[26.695s] [35m[1mScanning dependencies of target _j2735_msgs_generate_messages_check_deps_GenericLane[0m
[26.934s] [  0%] Built target _j2735_msgs_generate_messages_check_deps_GenericLane
[27.000s] [35m[1mScanning dependencies of target _j2735_msgs_generate_messages_check_deps_LaneTypeAttributes[0m
[27.168s] [  0%] Built target _j2735_msgs_generate_messages_check_deps_LaneTypeAttributes
[27.238s] [35m[1mScanning dependencies of target _j2735_msgs_generate_messages_check_deps_RegulatorySpeedLimit[0m
[27.455s] [  0%] Built target _j2735_msgs_generate_messages_check_deps_RegulatorySpeedLimit
[27.568s] [35m[1mScanning dependencies of target j2735_msgs_generate_messages_cpp[0m
[27.639s] [  0%] [34m[1mGenerating C++ code from j2735_msgs/AccelerationSet4Way.msg[0m
[27.989s] [  0%] [34m[1mGenerating C++ code from j2735_msgs/BSM.msg[0m
[28.377s] [  1%] [34m[1mGenerating C++ code from j2735_msgs/BSMCoreData.msg[0m
[28.931s] [  1%] [34m[1mGenerating C++ code from j2735_msgs/BrakeAppliedStatus.msg[0m
[29.757s] [  1%] [34m[1mGenerating C++ code from j2735_msgs/BrakeBoostApplied.msg[0m
[30.147s] [  1%] [34m[1mGenerating C++ code from j2735_msgs/BrakeSystemStatus.msg[0m
[30.628s] [  1%] [34m[1mGenerating C++ code from j2735_msgs/ByteArray.msg[0m
[31.049s] [  1%] [34m[1mGenerating C++ code from j2735_msgs/ComputedLane.msg[0m
[31.643s] [  2%] [34m[1mGenerating C++ code from j2735_msgs/ConnectingLane.msg[0m
[32.003s] [  2%] [34m[1mGenerating C++ code from j2735_msgs/Connection.msg[0m
[32.701s] [  2%] [34m[1mGenerating C++ code from j2735_msgs/ConnectionManeuverAssist.msg[0m
[33.242s] [  2%] [34m[1mGenerating C++ code from j2735_msgs/ConnectsToList.msg[0m
[33.688s] [  2%] [34m[1mGenerating C++ code from j2735_msgs/DailySchedule.msg[0m
[34.425s] [  3%] [34m[1mGenerating C++ code from j2735_msgs/DataParameters.msg[0m
[34.895s] [  3%] [34m[1mGenerating C++ code from j2735_msgs/DayOfWeek.msg[0m
[35.208s] [  3%] [34m[1mGenerating C++ code from j2735_msgs/EnabledLaneList.msg[0m
[35.614s] [  3%] [34m[1mGenerating C++ code from j2735_msgs/GenericLane.msg[0m
[36.137s] [  3%] [34m[1mGenerating C++ code from j2735_msgs/Id128b.msg[0m
[36.528s] [  3%] [34m[1mGenerating C++ code from j2735_msgs/Id64b.msg[0m
[36.986s] [  4%] [34m[1mGenerating C++ code from j2735_msgs/IntersectionGeometry.msg[0m
[37.444s] [  4%] [34m[1mGenerating C++ code from j2735_msgs/IntersectionReferenceID.msg[0m
[37.828s] [  4%] [34m[1mGenerating C++ code from j2735_msgs/IntersectionState.msg[0m
[38.413s] [  4%] [34m[1mGenerating C++ code from j2735_msgs/IntersectionStateList.msg[0m
[38.917s] [  4%] [34m[1mGenerating C++ code from j2735_msgs/IntersectionStatusObject.msg[0m
[39.352s] [  4%] [34m[1mGenerating C++ code from j2735_msgs/LaneAttributes.msg[0m
[39.754s] [  5%] [34m[1mGenerating C++ code from j2735_msgs/LaneAttributesBarrier.msg[0m
[40.192s] [  5%] [34m[1mGenerating C++ code from j2735_msgs/LaneAttributesBike.msg[0m
[40.622s] [  5%] [34m[1mGenerating C++ code from j2735_msgs/LaneAttributesCrosswalk.msg[0m
[40.983s] [  5%] [34m[1mGenerating C++ code from j2735_msgs/LaneAttributesParking.msg[0m
[41.484s] [  5%] [34m[1mGenerating C++ code from j2735_msgs/LaneAttributesSidewalk.msg[0m
[41.915s] [  6%] [34m[1mGenerating C++ code from j2735_msgs/LaneAttributesStriping.msg[0m
[42.242s] [  6%] [34m[1mGenerating C++ code from j2735_msgs/LaneAttributesTrackedVehicle.msg[0m
[42.595s] [  6%] [34m[1mGenerating C++ code from j2735_msgs/LaneAttributesVehicle.msg[0m
[42.997s] [  6%] [34m[1mGenerating C++ code from j2735_msgs/LaneDataAttribute.msg[0m
[43.317s] [  6%] [34m[1mGenerating C++ code from j2735_msgs/LaneDataAttributeList.msg[0m
[43.692s] [  6%] [34m[1mGenerating C++ code from j2735_msgs/LaneDirection.msg[0m
[43.933s] [  7%] [34m[1mGenerating C++ code from j2735_msgs/LaneList.msg[0m
[44.375s] [  7%] [34m[1mGenerating C++ code from j2735_msgs/LaneSharing.msg[0m
[44.778s] [  7%] [34m[1mGenerating C++ code from j2735_msgs/LaneTypeAttributes.msg[0m
[45.058s] [  7%] [34m[1mGenerating C++ code from j2735_msgs/LayerType.msg[0m
[45.502s] [  7%] [34m[1mGenerating C++ code from j2735_msgs/ManeuverAssistList.msg[0m
[45.943s] [  8%] [34m[1mGenerating C++ code from j2735_msgs/MapData.msg[0m
[46.324s] [  8%] [34m[1mGenerating C++ code from j2735_msgs/MovementEvent.msg[0m
[46.707s] [  8%] [34m[1mGenerating C++ code from j2735_msgs/MovementEventList.msg[0m
[46.952s] [  8%] [34m[1mGenerating C++ code from j2735_msgs/MovementList.msg[0m
[47.384s] [  8%] [34m[1mGenerating C++ code from j2735_msgs/MovementPhaseState.msg[0m
[47.726s] [  8%] [34m[1mGenerating C++ code from j2735_msgs/MovementState.msg[0m
[48.025s] [  9%] [34m[1mGenerating C++ code from j2735_msgs/NodeAttributeSetXY.msg[0m
[48.341s] [  9%] [34m[1mGenerating C++ code from j2735_msgs/NodeAttributeXY.msg[0m
[48.745s] [  9%] [34m[1mGenerating C++ code from j2735_msgs/NodeAttributeXYList.msg[0m
[49.104s] [  9%] [34m[1mGenerating C++ code from j2735_msgs/NodeLLmD64b.msg[0m
[49.558s] [  9%] [34m[1mGenerating C++ code from j2735_msgs/NodeListXY.msg[0m
[50.081s] [  9%] [34m[1mGenerating C++ code from j2735_msgs/NodeOffsetPointXY.msg[0m
[50.449s] [ 10%] [34m[1mGenerating C++ code from j2735_msgs/NodeSetXY.msg[0m
[50.853s] [ 10%] [34m[1mGenerating C++ code from j2735_msgs/NodeXY.msg[0m
[51.185s] [ 10%] [34m[1mGenerating C++ code from j2735_msgs/NodeXY20b.msg[0m
[51.454s] [ 10%] [34m[1mGenerating C++ code from j2735_msgs/NodeXY22b.msg[0m
[51.885s] [ 10%] [34m[1mGenerating C++ code from j2735_msgs/NodeXY24b.msg[0m
[52.171s] [ 11%] [34m[1mGenerating C++ code from j2735_msgs/NodeXY26b.msg[0m
[52.375s] [ 11%] [34m[1mGenerating C++ code from j2735_msgs/NodeXY28b.msg[0m
[52.671s] [ 11%] [34m[1mGenerating C++ code from j2735_msgs/NodeXY32b.msg[0m
[52.933s] [ 11%] [34m[1mGenerating C++ code from j2735_msgs/OffsetPoint.msg[0m
[53.237s] [ 11%] [34m[1mGenerating C++ code from j2735_msgs/OffsetXaxis.msg[0m
[53.466s] [ 11%] [34m[1mGenerating C++ code from j2735_msgs/OffsetYaxis.msg[0m
[53.660s] [ 12%] [34m[1mGenerating C++ code from j2735_msgs/OverlayLaneList.msg[0m
[53.863s] [ 12%] [34m[1mGenerating C++ code from j2735_msgs/PathNode.msg[0m
[54.080s] [ 12%] [34m[1mGenerating C++ code from j2735_msgs/Position3D.msg[0m
[54.248s] [ 12%] [34m[1mGenerating C++ code from j2735_msgs/PositionalAccuracy.msg[0m
[54.416s] [ 12%] [34m[1mGenerating C++ code from j2735_msgs/PreemptPriorityList.msg[0m
[54.605s] [ 13%] [34m[1mGenerating C++ code from j2735_msgs/RegionalExtension.msg[0m
[54.792s] [ 13%] [34m[1mGenerating C++ code from j2735_msgs/RegulatorySpeedLimit.msg[0m
[54.985s] [ 13%] [34m[1mGenerating C++ code from j2735_msgs/RepeatParams.msg[0m
[55.165s] [ 13%] [34m[1mGenerating C++ code from j2735_msgs/RestrictionAppliesTo.msg[0m
[55.334s] [ 13%] [34m[1mGenerating C++ code from j2735_msgs/RestrictionClassAssignment.msg[0m
[55.515s] [ 13%] [34m[1mGenerating C++ code from j2735_msgs/RestrictionClassList.msg[0m
[55.682s] [ 14%] [34m[1mGenerating C++ code from j2735_msgs/RestrictionUserType.msg[0m
[55.851s] [ 14%] [34m[1mGenerating C++ code from j2735_msgs/RestrictionUserTypeList.msg[0m
[56.026s] [ 14%] [34m[1mGenerating C++ code from j2735_msgs/RoadLaneSetList.msg[0m
[56.193s] [ 14%] [34m[1mGenerating C++ code from j2735_msgs/RoadSegment.msg[0m
[56.357s] [ 14%] [34m[1mGenerating C++ code from j2735_msgs/RoadSegmentList.msg[0m
[56.518s] [ 14%] [34m[1mGenerating C++ code from j2735_msgs/RoadSegmentReferenceID.msg[0m
[56.675s] [ 15%] [34m[1mGenerating C++ code from j2735_msgs/SPAT.msg[0m
[56.832s] [ 15%] [34m[1mGenerating C++ code from j2735_msgs/SegmentAttributeXY.msg[0m
[57.039s] [ 15%] [34m[1mGenerating C++ code from j2735_msgs/SegmentAttributeXYList.msg[0m
[57.217s] [ 15%] [34m[1mGenerating C++ code from j2735_msgs/SignalControlZone.msg[0m
[57.419s] [ 15%] [34m[1mGenerating C++ code from j2735_msgs/SpeedConfidence.msg[0m
[57.579s] [ 16%] [34m[1mGenerating C++ code from j2735_msgs/SpeedLimitList.msg[0m
[57.736s] [ 16%] [34m[1mGenerating C++ code from j2735_msgs/SpeedLimitType.msg[0m
[57.914s] [ 16%] [34m[1mGenerating C++ code from j2735_msgs/StabilityControlStatus.msg[0m
[58.083s] [ 16%] [34m[1mGenerating C++ code from j2735_msgs/TimeChangeDetails.msg[0m
[58.247s] [ 16%] [34m[1mGenerating C++ code from j2735_msgs/TractionControlStatus.msg[0m
[58.406s] [ 16%] [34m[1mGenerating C++ code from j2735_msgs/TrafficControlBounds.msg[0m
[58.578s] [ 17%] [34m[1mGenerating C++ code from j2735_msgs/TrafficControlDetail.msg[0m
[58.787s] [ 17%] [34m[1mGenerating C++ code from j2735_msgs/TrafficControlGeometry.msg[0m
[59.000s] [ 17%] [34m[1mGenerating C++ code from j2735_msgs/TrafficControlMessage.msg[0m
[59.193s] [ 17%] [34m[1mGenerating C++ code from j2735_msgs/TrafficControlMessageV01.msg[0m
[59.439s] [ 17%] [34m[1mGenerating C++ code from j2735_msgs/TrafficControlPackage.msg[0m
[59.647s] [ 18%] [34m[1mGenerating C++ code from j2735_msgs/TrafficControlParams.msg[0m
[59.846s] [ 18%] [34m[1mGenerating C++ code from j2735_msgs/TrafficControlRequest.msg[0m
[60.048s] [ 18%] [34m[1mGenerating C++ code from j2735_msgs/TrafficControlRequestV01.msg[0m
[60.256s] [ 18%] [34m[1mGenerating C++ code from j2735_msgs/TrafficControlSchedule.msg[0m
[60.465s] [ 18%] [34m[1mGenerating C++ code from j2735_msgs/TrafficControlVehClass.msg[0m
[60.647s] [ 18%] [34m[1mGenerating C++ code from j2735_msgs/TransmissionState.msg[0m
[60.888s] [ 19%] [34m[1mGenerating C++ code from j2735_msgs/VehicleSize.msg[0m
[61.086s] [ 19%] [34m[1mGenerating C++ code from j2735_msgs/AuxiliaryBrakeStatus.msg[0m
[61.301s] [ 19%] [34m[1mGenerating C++ code from j2735_msgs/AntiLockBrakeStatus.msg[0m
[61.589s] [ 19%] [34m[1mGenerating C++ code from j2735_msgs/AllowedManeuvers.msg[0m
[61.811s] [ 20%] [34m[1mGenerating C++ code from j2735_msgs/AdvisorySpeedType.msg[0m
[62.068s] [ 20%] [34m[1mGenerating C++ code from j2735_msgs/AdvisorySpeedList.msg[0m
[62.250s] [ 20%] [34m[1mGenerating C++ code from j2735_msgs/AdvisorySpeed.msg[0m
[62.495s] [ 20%] Built target j2735_msgs_generate_messages_cpp
[62.511s] [35m[1mScanning dependencies of target j2735_msgs_generate_messages_lisp[0m
[62.525s] [ 21%] [34m[1mGenerating Lisp code from j2735_msgs/AccelerationSet4Way.msg[0m
[62.605s] [ 21%] [34m[1mGenerating Lisp code from j2735_msgs/BSMCoreData.msg[0m
[62.704s] [ 21%] [34m[1mGenerating Lisp code from j2735_msgs/BrakeAppliedStatus.msg[0m
[62.846s] [ 21%] [34m[1mGenerating Lisp code from j2735_msgs/BrakeBoostApplied.msg[0m
[62.962s] [ 22%] [34m[1mGenerating Lisp code from j2735_msgs/BrakeSystemStatus.msg[0m
[63.065s] [ 22%] [34m[1mGenerating Lisp code from j2735_msgs/ByteArray.msg[0m
[63.222s] [ 22%] [34m[1mGenerating Lisp code from j2735_msgs/ComputedLane.msg[0m
[63.298s] [ 22%] [34m[1mGenerating Lisp code from j2735_msgs/ConnectingLane.msg[0m
[63.426s] [ 22%] [34m[1mGenerating Lisp code from j2735_msgs/Connection.msg[0m
[63.563s] [ 22%] [34m[1mGenerating Lisp code from j2735_msgs/ConnectionManeuverAssist.msg[0m
[63.636s] [ 23%] [34m[1mGenerating Lisp code from j2735_msgs/ConnectsToList.msg[0m
[63.772s] [ 23%] [34m[1mGenerating Lisp code from j2735_msgs/DailySchedule.msg[0m
[63.873s] [ 23%] [34m[1mGenerating Lisp code from j2735_msgs/DataParameters.msg[0m
[63.951s] [ 23%] [34m[1mGenerating Lisp code from j2735_msgs/DayOfWeek.msg[0m
[64.063s] [ 23%] [34m[1mGenerating Lisp code from j2735_msgs/EnabledLaneList.msg[0m
[64.215s] [ 24%] [34m[1mGenerating Lisp code from j2735_msgs/GenericLane.msg[0m
[64.306s] [ 24%] [34m[1mGenerating Lisp code from j2735_msgs/Id128b.msg[0m
[64.405s] [ 24%] [34m[1mGenerating Lisp code from j2735_msgs/Id64b.msg[0m
[64.561s] [ 24%] [34m[1mGenerating Lisp code from j2735_msgs/IntersectionGeometry.msg[0m
[64.658s] [ 24%] [34m[1mGenerating Lisp code from j2735_msgs/IntersectionReferenceID.msg[0m
[64.780s] [ 24%] [34m[1mGenerating Lisp code from j2735_msgs/IntersectionState.msg[0m
[64.900s] [ 25%] [34m[1mGenerating Lisp code from j2735_msgs/IntersectionStateList.msg[0m
[64.990s] [ 25%] [34m[1mGenerating Lisp code from j2735_msgs/IntersectionStatusObject.msg[0m
[65.138s] [ 25%] [34m[1mGenerating Lisp code from j2735_msgs/LaneAttributes.msg[0m
[65.226s] [ 25%] [34m[1mGenerating Lisp code from j2735_msgs/LaneAttributesBarrier.msg[0m
[65.303s] [ 25%] [34m[1mGenerating Lisp code from j2735_msgs/LaneAttributesBike.msg[0m
[65.407s] [ 25%] [34m[1mGenerating Lisp code from j2735_msgs/LaneAttributesCrosswalk.msg[0m
[65.522s] [ 26%] [34m[1mGenerating Lisp code from j2735_msgs/LaneAttributesParking.msg[0m
[65.622s] [ 26%] [34m[1mGenerating Lisp code from j2735_msgs/LaneAttributesSidewalk.msg[0m
[65.707s] [ 26%] [34m[1mGenerating Lisp code from j2735_msgs/LaneAttributesStriping.msg[0m
[65.827s] [ 26%] [34m[1mGenerating Lisp code from j2735_msgs/LaneAttributesTrackedVehicle.msg[0m
[65.912s] [ 26%] [34m[1mGenerating Lisp code from j2735_msgs/LaneAttributesVehicle.msg[0m
[65.992s] [ 27%] [34m[1mGenerating Lisp code from j2735_msgs/LaneDataAttribute.msg[0m
[66.114s] [ 27%] [34m[1mGenerating Lisp code from j2735_msgs/LaneDataAttributeList.msg[0m
[66.257s] [ 27%] [34m[1mGenerating Lisp code from j2735_msgs/LaneDirection.msg[0m
[66.337s] [ 27%] [34m[1mGenerating Lisp code from j2735_msgs/LaneList.msg[0m
[66.488s] [ 27%] [34m[1mGenerating Lisp code from j2735_msgs/LaneSharing.msg[0m
[66.581s] [ 27%] [34m[1mGenerating Lisp code from j2735_msgs/LaneTypeAttributes.msg[0m
[66.657s] [ 28%] [34m[1mGenerating Lisp code from j2735_msgs/LayerType.msg[0m
[66.791s] [ 28%] [34m[1mGenerating Lisp code from j2735_msgs/ManeuverAssistList.msg[0m
[66.893s] [ 28%] [34m[1mGenerating Lisp code from j2735_msgs/MapData.msg[0m
[67.003s] [ 28%] [34m[1mGenerating Lisp code from j2735_msgs/MovementEvent.msg[0m
[67.144s] [ 28%] [34m[1mGenerating Lisp code from j2735_msgs/MovementEventList.msg[0m
[67.237s] [ 29%] [34m[1mGenerating Lisp code from j2735_msgs/MovementList.msg[0m
[67.328s] [ 29%] [34m[1mGenerating Lisp code from j2735_msgs/MovementPhaseState.msg[0m
[67.459s] [ 29%] [34m[1mGenerating Lisp code from j2735_msgs/MovementState.msg[0m
[67.563s] [ 29%] [34m[1mGenerating Lisp code from j2735_msgs/NodeAttributeSetXY.msg[0m
[67.683s] [ 29%] [34m[1mGenerating Lisp code from j2735_msgs/NodeAttributeXY.msg[0m
[67.849s] [ 29%] [34m[1mGenerating Lisp code from j2735_msgs/NodeAttributeXYList.msg[0m
[67.933s] [ 30%] [34m[1mGenerating Lisp code from j2735_msgs/NodeLLmD64b.msg[0m
[68.036s] [ 30%] [34m[1mGenerating Lisp code from j2735_msgs/NodeListXY.msg[0m
[68.140s] [ 30%] [34m[1mGenerating Lisp code from j2735_msgs/NodeOffsetPointXY.msg[0m
[68.233s] [ 30%] [34m[1mGenerating Lisp code from j2735_msgs/NodeSetXY.msg[0m
[68.310s] [ 30%] [34m[1mGenerating Lisp code from j2735_msgs/NodeXY.msg[0m
[68.464s] [ 30%] [34m[1mGenerating Lisp code from j2735_msgs/NodeXY20b.msg[0m
[68.575s] [ 31%] [34m[1mGenerating Lisp code from j2735_msgs/NodeXY22b.msg[0m
[68.666s] [ 31%] [34m[1mGenerating Lisp code from j2735_msgs/NodeXY24b.msg[0m
[68.805s] [ 31%] [34m[1mGenerating Lisp code from j2735_msgs/NodeXY26b.msg[0m
[68.881s] [ 31%] [34m[1mGenerating Lisp code from j2735_msgs/NodeXY28b.msg[0m
[69.018s] [ 31%] [34m[1mGenerating Lisp code from j2735_msgs/NodeXY32b.msg[0m
[69.116s] [ 32%] [34m[1mGenerating Lisp code from j2735_msgs/OffsetPoint.msg[0m
[69.208s] [ 32%] [34m[1mGenerating Lisp code from j2735_msgs/OffsetXaxis.msg[0m
[69.276s] [ 32%] [34m[1mGenerating Lisp code from j2735_msgs/OffsetYaxis.msg[0m
[69.346s] [ 32%] [34m[1mGenerating Lisp code from j2735_msgs/OverlayLaneList.msg[0m
[69.416s] [ 32%] [34m[1mGenerating Lisp code from j2735_msgs/PathNode.msg[0m
[69.483s] [ 32%] [34m[1mGenerating Lisp code from j2735_msgs/Position3D.msg[0m
[69.571s] [ 33%] [34m[1mGenerating Lisp code from j2735_msgs/PositionalAccuracy.msg[0m
[69.643s] [ 33%] [34m[1mGenerating Lisp code from j2735_msgs/PreemptPriorityList.msg[0m
[69.715s] [ 33%] [34m[1mGenerating Lisp code from j2735_msgs/RegionalExtension.msg[0m
[69.783s] [ 33%] [34m[1mGenerating Lisp code from j2735_msgs/RegulatorySpeedLimit.msg[0m
[69.852s] [ 33%] [34m[1mGenerating Lisp code from j2735_msgs/RepeatParams.msg[0m
[69.923s] [ 34%] [34m[1mGenerating Lisp code from j2735_msgs/RestrictionAppliesTo.msg[0m
[69.994s] [ 34%] [34m[1mGenerating Lisp code from j2735_msgs/RestrictionClassAssignment.msg[0m
[70.060s] [ 34%] [34m[1mGenerating Lisp code from j2735_msgs/RestrictionClassList.msg[0m
[70.133s] [ 34%] [34m[1mGenerating Lisp code from j2735_msgs/RestrictionUserType.msg[0m
[70.203s] [ 34%] [34m[1mGenerating Lisp code from j2735_msgs/RestrictionUserTypeList.msg[0m
[70.285s] [ 34%] [34m[1mGenerating Lisp code from j2735_msgs/RoadLaneSetList.msg[0m
[70.360s] [ 35%] [34m[1mGenerating Lisp code from j2735_msgs/RoadSegment.msg[0m
[70.440s] [ 35%] [34m[1mGenerating Lisp code from j2735_msgs/RoadSegmentList.msg[0m
[70.525s] [ 35%] [34m[1mGenerating Lisp code from j2735_msgs/RoadSegmentReferenceID.msg[0m
[70.597s] [ 35%] [34m[1mGenerating Lisp code from j2735_msgs/SPAT.msg[0m
[70.670s] [ 35%] [34m[1mGenerating Lisp code from j2735_msgs/SegmentAttributeXY.msg[0m
[70.748s] [ 35%] [34m[1mGenerating Lisp code from j2735_msgs/SegmentAttributeXYList.msg[0m
[70.828s] [ 36%] [34m[1mGenerating Lisp code from j2735_msgs/SignalControlZone.msg[0m
[70.901s] [ 36%] [34m[1mGenerating Lisp code from j2735_msgs/SpeedConfidence.msg[0m
[70.979s] [ 36%] [34m[1mGenerating Lisp code from j2735_msgs/SpeedLimitList.msg[0m
[71.048s] [ 36%] [34m[1mGenerating Lisp code from j2735_msgs/SpeedLimitType.msg[0m
[71.120s] [ 36%] [34m[1mGenerating Lisp code from j2735_msgs/StabilityControlStatus.msg[0m
[71.192s] [ 37%] [34m[1mGenerating Lisp code from j2735_msgs/TimeChangeDetails.msg[0m
[71.261s] [ 37%] [34m[1mGenerating Lisp code from j2735_msgs/TractionControlStatus.msg[0m
[71.331s] [ 37%] [34m[1mGenerating Lisp code from j2735_msgs/TrafficControlBounds.msg[0m
[71.401s] [ 37%] [34m[1mGenerating Lisp code from j2735_msgs/TrafficControlDetail.msg[0m
[71.468s] [ 37%] [34m[1mGenerating Lisp code from j2735_msgs/TrafficControlGeometry.msg[0m
[71.536s] [ 37%] [34m[1mGenerating Lisp code from j2735_msgs/TrafficControlMessage.msg[0m
[71.625s] [ 38%] [34m[1mGenerating Lisp code from j2735_msgs/TrafficControlMessageV01.msg[0m
[71.696s] [ 38%] [34m[1mGenerating Lisp code from j2735_msgs/TrafficControlPackage.msg[0m
[71.763s] [ 38%] [34m[1mGenerating Lisp code from j2735_msgs/TrafficControlParams.msg[0m
[71.836s] [ 38%] [34m[1mGenerating Lisp code from j2735_msgs/TrafficControlRequest.msg[0m
[71.907s] [ 38%] [34m[1mGenerating Lisp code from j2735_msgs/TrafficControlRequestV01.msg[0m
[71.989s] [ 39%] [34m[1mGenerating Lisp code from j2735_msgs/TrafficControlSchedule.msg[0m
[72.057s] [ 39%] [34m[1mGenerating Lisp code from j2735_msgs/TrafficControlVehClass.msg[0m
[72.129s] [ 39%] [34m[1mGenerating Lisp code from j2735_msgs/TransmissionState.msg[0m
[72.198s] [ 39%] [34m[1mGenerating Lisp code from j2735_msgs/VehicleSize.msg[0m
[72.280s] [ 39%] [34m[1mGenerating Lisp code from j2735_msgs/BSM.msg[0m
[72.352s] [ 40%] [34m[1mGenerating Lisp code from j2735_msgs/AuxiliaryBrakeStatus.msg[0m
[72.422s] [ 40%] [34m[1mGenerating Lisp code from j2735_msgs/AntiLockBrakeStatus.msg[0m
[72.483s] [ 40%] [34m[1mGenerating Lisp code from j2735_msgs/AllowedManeuvers.msg[0m
[72.555s] [ 40%] [34m[1mGenerating Lisp code from j2735_msgs/AdvisorySpeedType.msg[0m
[72.625s] [ 40%] [34m[1mGenerating Lisp code from j2735_msgs/AdvisorySpeedList.msg[0m
[72.690s] [ 40%] [34m[1mGenerating Lisp code from j2735_msgs/AdvisorySpeed.msg[0m
[72.756s] [ 40%] Built target j2735_msgs_generate_messages_lisp
[72.766s] [35m[1mScanning dependencies of target j2735_msgs_generate_messages_eus[0m
[72.779s] [ 40%] [34m[1mGenerating EusLisp code from j2735_msgs/AccelerationSet4Way.msg[0m
[72.878s] [ 40%] [34m[1mGenerating EusLisp code from j2735_msgs/BrakeAppliedStatus.msg[0m
[72.978s] [ 41%] [34m[1mGenerating EusLisp code from j2735_msgs/BrakeBoostApplied.msg[0m
[73.074s] [ 41%] [34m[1mGenerating EusLisp code from j2735_msgs/BrakeSystemStatus.msg[0m
[73.173s] [ 41%] [34m[1mGenerating EusLisp code from j2735_msgs/ByteArray.msg[0m
[73.277s] [ 41%] [34m[1mGenerating EusLisp code from j2735_msgs/ComputedLane.msg[0m
[73.376s] [ 41%] [34m[1mGenerating EusLisp code from j2735_msgs/ConnectingLane.msg[0m
[73.478s] [ 41%] [34m[1mGenerating EusLisp code from j2735_msgs/Connection.msg[0m
[73.578s] [ 42%] [34m[1mGenerating EusLisp code from j2735_msgs/ConnectionManeuverAssist.msg[0m
[73.690s] [ 42%] [34m[1mGenerating EusLisp code from j2735_msgs/ConnectsToList.msg[0m
[73.788s] [ 42%] [34m[1mGenerating EusLisp code from j2735_msgs/DailySchedule.msg[0m
[73.884s] [ 42%] [34m[1mGenerating EusLisp code from j2735_msgs/DataParameters.msg[0m
[73.983s] [ 42%] [34m[1mGenerating EusLisp code from j2735_msgs/DayOfWeek.msg[0m
[74.082s] [ 43%] [34m[1mGenerating EusLisp code from j2735_msgs/EnabledLaneList.msg[0m
[74.180s] [ 43%] [34m[1mGenerating EusLisp code from j2735_msgs/GenericLane.msg[0m
[74.295s] [ 43%] [34m[1mGenerating EusLisp code from j2735_msgs/Id128b.msg[0m
[74.401s] [ 43%] [34m[1mGenerating EusLisp code from j2735_msgs/Id64b.msg[0m
[74.510s] [ 43%] [34m[1mGenerating EusLisp code from j2735_msgs/IntersectionGeometry.msg[0m
[74.619s] [ 43%] [34m[1mGenerating EusLisp code from j2735_msgs/IntersectionReferenceID.msg[0m
[74.724s] [ 44%] [34m[1mGenerating EusLisp code from j2735_msgs/IntersectionState.msg[0m
[74.829s] [ 44%] [34m[1mGenerating EusLisp code from j2735_msgs/IntersectionStateList.msg[0m
[74.941s] [ 44%] [34m[1mGenerating EusLisp code from j2735_msgs/IntersectionStatusObject.msg[0m
[75.047s] [ 44%] [34m[1mGenerating EusLisp code from j2735_msgs/LaneAttributes.msg[0m
[75.146s] [ 44%] [34m[1mGenerating EusLisp code from j2735_msgs/LaneAttributesBarrier.msg[0m
[75.245s] [ 44%] [34m[1mGenerating EusLisp code from j2735_msgs/LaneAttributesBike.msg[0m
[75.353s] [ 45%] [34m[1mGenerating EusLisp code from j2735_msgs/LaneAttributesCrosswalk.msg[0m
[75.453s] [ 45%] [34m[1mGenerating EusLisp code from j2735_msgs/LaneAttributesParking.msg[0m
[75.552s] [ 45%] [34m[1mGenerating EusLisp code from j2735_msgs/LaneAttributesSidewalk.msg[0m
[75.657s] [ 45%] [34m[1mGenerating EusLisp code from j2735_msgs/LaneAttributesStriping.msg[0m
[75.756s] [ 45%] [34m[1mGenerating EusLisp code from j2735_msgs/LaneAttributesTrackedVehicle.msg[0m
[75.852s] [ 46%] [34m[1mGenerating EusLisp code from j2735_msgs/LaneAttributesVehicle.msg[0m
[75.951s] [ 46%] [34m[1mGenerating EusLisp code from j2735_msgs/LaneDataAttribute.msg[0m
[76.060s] [ 46%] [34m[1mGenerating EusLisp code from j2735_msgs/LaneDataAttributeList.msg[0m
[76.167s] [ 46%] [34m[1mGenerating EusLisp code from j2735_msgs/LaneDirection.msg[0m
[76.270s] [ 46%] [34m[1mGenerating EusLisp code from j2735_msgs/LaneList.msg[0m
[76.375s] [ 46%] [34m[1mGenerating EusLisp code from j2735_msgs/LaneSharing.msg[0m
[76.476s] [ 47%] [34m[1mGenerating EusLisp code from j2735_msgs/LaneTypeAttributes.msg[0m
[76.574s] [ 47%] [34m[1mGenerating EusLisp code from j2735_msgs/LayerType.msg[0m
[76.687s] [ 47%] [34m[1mGenerating EusLisp code from j2735_msgs/ManeuverAssistList.msg[0m
[76.786s] [ 47%] [34m[1mGenerating EusLisp code from j2735_msgs/MapData.msg[0m
[76.897s] [ 47%] [34m[1mGenerating EusLisp code from j2735_msgs/MovementEvent.msg[0m
[76.996s] [ 48%] [34m[1mGenerating EusLisp code from j2735_msgs/MovementEventList.msg[0m
[77.096s] [ 48%] [34m[1mGenerating EusLisp code from j2735_msgs/MovementList.msg[0m
[77.200s] [ 48%] [34m[1mGenerating EusLisp code from j2735_msgs/MovementPhaseState.msg[0m
[77.309s] [ 48%] [34m[1mGenerating EusLisp code from j2735_msgs/MovementState.msg[0m
[77.427s] [ 48%] [34m[1mGenerating EusLisp code from j2735_msgs/NodeAttributeSetXY.msg[0m
[77.542s] [ 48%] [34m[1mGenerating EusLisp code from j2735_msgs/NodeAttributeXY.msg[0m
[77.652s] [ 49%] [34m[1mGenerating EusLisp code from j2735_msgs/NodeAttributeXYList.msg[0m
[77.751s] [ 49%] [34m[1mGenerating EusLisp code from j2735_msgs/NodeLLmD64b.msg[0m
[77.854s] [ 49%] [34m[1mGenerating EusLisp code from j2735_msgs/NodeListXY.msg[0m
[77.959s] [ 49%] [34m[1mGenerating EusLisp code from j2735_msgs/NodeOffsetPointXY.msg[0m
[78.062s] [ 49%] [34m[1mGenerating EusLisp code from j2735_msgs/NodeSetXY.msg[0m
[78.169s] [ 49%] [34m[1mGenerating EusLisp code from j2735_msgs/NodeXY.msg[0m
[78.274s] [ 50%] [34m[1mGenerating EusLisp code from j2735_msgs/NodeXY20b.msg[0m
[78.379s] [ 50%] [34m[1mGenerating EusLisp code from j2735_msgs/NodeXY22b.msg[0m
[78.484s] [ 50%] [34m[1mGenerating EusLisp code from j2735_msgs/NodeXY24b.msg[0m
[78.584s] [ 50%] [34m[1mGenerating EusLisp code from j2735_msgs/NodeXY26b.msg[0m
[78.686s] [ 50%] [34m[1mGenerating EusLisp code from j2735_msgs/NodeXY28b.msg[0m
[78.781s] [ 51%] [34m[1mGenerating EusLisp code from j2735_msgs/NodeXY32b.msg[0m
[78.874s] [ 51%] [34m[1mGenerating EusLisp code from j2735_msgs/OffsetPoint.msg[0m
[78.983s] [ 51%] [34m[1mGenerating EusLisp code from j2735_msgs/OffsetXaxis.msg[0m
[79.073s] [ 51%] [34m[1mGenerating EusLisp code from j2735_msgs/OffsetYaxis.msg[0m
[79.166s] [ 51%] [34m[1mGenerating EusLisp code from j2735_msgs/OverlayLaneList.msg[0m
[79.257s] [ 51%] [34m[1mGenerating EusLisp code from j2735_msgs/PathNode.msg[0m
[79.350s] [ 52%] [34m[1mGenerating EusLisp code from j2735_msgs/Position3D.msg[0m
[79.444s] [ 52%] [34m[1mGenerating EusLisp code from j2735_msgs/PositionalAccuracy.msg[0m
[79.545s] [ 52%] [34m[1mGenerating EusLisp code from j2735_msgs/PreemptPriorityList.msg[0m
[79.637s] [ 52%] [34m[1mGenerating EusLisp code from j2735_msgs/RegionalExtension.msg[0m
[79.730s] [ 52%] [34m[1mGenerating EusLisp code from j2735_msgs/RegulatorySpeedLimit.msg[0m
[79.821s] [ 53%] [34m[1mGenerating EusLisp code from j2735_msgs/RepeatParams.msg[0m
[79.917s] [ 53%] [34m[1mGenerating EusLisp code from j2735_msgs/RestrictionAppliesTo.msg[0m
[80.012s] [ 53%] [34m[1mGenerating EusLisp code from j2735_msgs/RestrictionClassAssignment.msg[0m
[80.102s] [ 53%] [34m[1mGenerating EusLisp code from j2735_msgs/RestrictionClassList.msg[0m
[80.195s] [ 53%] [34m[1mGenerating EusLisp code from j2735_msgs/RestrictionUserType.msg[0m
[80.286s] [ 53%] [34m[1mGenerating EusLisp code from j2735_msgs/RestrictionUserTypeList.msg[0m
[80.377s] [ 54%] [34m[1mGenerating EusLisp code from j2735_msgs/RoadLaneSetList.msg[0m
[80.476s] [ 54%] [34m[1mGenerating EusLisp code from j2735_msgs/RoadSegment.msg[0m
[80.575s] [ 54%] [34m[1mGenerating EusLisp code from j2735_msgs/RoadSegmentList.msg[0m
[80.677s] [ 54%] [34m[1mGenerating EusLisp code from j2735_msgs/RoadSegmentReferenceID.msg[0m
[80.767s] [ 54%] [34m[1mGenerating EusLisp code from j2735_msgs/SPAT.msg[0m
[80.862s] [ 54%] [34m[1mGenerating EusLisp code from j2735_msgs/SegmentAttributeXY.msg[0m
[80.954s] [ 55%] [34m[1mGenerating EusLisp code from j2735_msgs/SegmentAttributeXYList.msg[0m
[81.046s] [ 55%] [34m[1mGenerating EusLisp code from j2735_msgs/SignalControlZone.msg[0m
[81.136s] [ 55%] [34m[1mGenerating EusLisp code from j2735_msgs/SpeedConfidence.msg[0m
[81.230s] [ 55%] [34m[1mGenerating EusLisp code from j2735_msgs/SpeedLimitList.msg[0m
[81.322s] [ 55%] [34m[1mGenerating EusLisp code from j2735_msgs/SpeedLimitType.msg[0m
[81.420s] [ 56%] [34m[1mGenerating EusLisp code from j2735_msgs/StabilityControlStatus.msg[0m
[81.514s] [ 56%] [34m[1mGenerating EusLisp code from j2735_msgs/TimeChangeDetails.msg[0m
[81.606s] [ 56%] [34m[1mGenerating EusLisp code from j2735_msgs/TractionControlStatus.msg[0m
[81.697s] [ 56%] [34m[1mGenerating EusLisp code from j2735_msgs/TrafficControlBounds.msg[0m
[81.788s] [ 56%] [34m[1mGenerating EusLisp code from j2735_msgs/TrafficControlDetail.msg[0m
[81.884s] [ 56%] [34m[1mGenerating EusLisp code from j2735_msgs/TrafficControlGeometry.msg[0m
[81.984s] [ 57%] [34m[1mGenerating EusLisp code from j2735_msgs/TrafficControlMessage.msg[0m
[82.079s] [ 57%] [34m[1mGenerating EusLisp code from j2735_msgs/TrafficControlMessageV01.msg[0m
[82.187s] [ 57%] [34m[1mGenerating EusLisp code from j2735_msgs/TrafficControlPackage.msg[0m
[82.279s] [ 57%] [34m[1mGenerating EusLisp code from j2735_msgs/TrafficControlParams.msg[0m
[82.373s] [ 57%] [34m[1mGenerating EusLisp code from j2735_msgs/TrafficControlRequest.msg[0m
[82.466s] [ 58%] [34m[1mGenerating EusLisp code from j2735_msgs/TrafficControlRequestV01.msg[0m
[82.563s] [ 58%] [34m[1mGenerating EusLisp code from j2735_msgs/TrafficControlSchedule.msg[0m
[82.663s] [ 58%] [34m[1mGenerating EusLisp code from j2735_msgs/TrafficControlVehClass.msg[0m
[82.758s] [ 58%] [34m[1mGenerating EusLisp code from j2735_msgs/TransmissionState.msg[0m
[82.850s] [ 58%] [34m[1mGenerating EusLisp code from j2735_msgs/VehicleSize.msg[0m
[82.943s] [ 58%] [34m[1mGenerating EusLisp manifest code for j2735_msgs[0m
[83.451s] [ 58%] [34m[1mGenerating EusLisp code from j2735_msgs/BSMCoreData.msg[0m
[83.554s] [ 58%] [34m[1mGenerating EusLisp code from j2735_msgs/BSM.msg[0m
[83.653s] [ 58%] [34m[1mGenerating EusLisp code from j2735_msgs/AuxiliaryBrakeStatus.msg[0m
[83.752s] [ 59%] [34m[1mGenerating EusLisp code from j2735_msgs/AntiLockBrakeStatus.msg[0m
[83.849s] [ 59%] [34m[1mGenerating EusLisp code from j2735_msgs/AllowedManeuvers.msg[0m
[83.942s] [ 59%] [34m[1mGenerating EusLisp code from j2735_msgs/AdvisorySpeedType.msg[0m
[84.036s] [ 59%] [34m[1mGenerating EusLisp code from j2735_msgs/AdvisorySpeedList.msg[0m
[84.128s] [ 59%] [34m[1mGenerating EusLisp code from j2735_msgs/AdvisorySpeed.msg[0m
[84.227s] [ 59%] Built target j2735_msgs_generate_messages_eus
[84.239s] [35m[1mScanning dependencies of target j2735_msgs_generate_messages_nodejs[0m
[84.250s] [ 59%] [34m[1mGenerating Javascript code from j2735_msgs/AccelerationSet4Way.msg[0m
[84.312s] [ 59%] [34m[1mGenerating Javascript code from j2735_msgs/BrakeBoostApplied.msg[0m
[84.372s] [ 59%] [34m[1mGenerating Javascript code from j2735_msgs/BrakeSystemStatus.msg[0m
[84.441s] [ 59%] [34m[1mGenerating Javascript code from j2735_msgs/ByteArray.msg[0m
[84.502s] [ 60%] [34m[1mGenerating Javascript code from j2735_msgs/ComputedLane.msg[0m
[84.566s] [ 60%] [34m[1mGenerating Javascript code from j2735_msgs/ConnectingLane.msg[0m
[84.629s] [ 60%] [34m[1mGenerating Javascript code from j2735_msgs/Connection.msg[0m
[84.693s] [ 60%] [34m[1mGenerating Javascript code from j2735_msgs/ConnectionManeuverAssist.msg[0m
[84.772s] [ 60%] [34m[1mGenerating Javascript code from j2735_msgs/ConnectsToList.msg[0m
[84.845s] [ 60%] [34m[1mGenerating Javascript code from j2735_msgs/DailySchedule.msg[0m
[84.913s] [ 61%] [34m[1mGenerating Javascript code from j2735_msgs/DataParameters.msg[0m
[84.974s] [ 61%] [34m[1mGenerating Javascript code from j2735_msgs/DayOfWeek.msg[0m
[85.040s] [ 61%] [34m[1mGenerating Javascript code from j2735_msgs/EnabledLaneList.msg[0m
[85.098s] [ 61%] [34m[1mGenerating Javascript code from j2735_msgs/GenericLane.msg[0m
[85.172s] [ 61%] [34m[1mGenerating Javascript code from j2735_msgs/Id128b.msg[0m
[85.238s] [ 62%] [34m[1mGenerating Javascript code from j2735_msgs/Id64b.msg[0m
[85.297s] [ 62%] [34m[1mGenerating Javascript code from j2735_msgs/IntersectionGeometry.msg[0m
[85.368s] [ 62%] [34m[1mGenerating Javascript code from j2735_msgs/IntersectionReferenceID.msg[0m
[85.434s] [ 62%] [34m[1mGenerating Javascript code from j2735_msgs/IntersectionState.msg[0m
[85.500s] [ 62%] [34m[1mGenerating Javascript code from j2735_msgs/IntersectionStateList.msg[0m
[85.566s] [ 62%] [34m[1mGenerating Javascript code from j2735_msgs/IntersectionStatusObject.msg[0m
[85.628s] [ 63%] [34m[1mGenerating Javascript code from j2735_msgs/LaneAttributes.msg[0m
[85.696s] [ 63%] [34m[1mGenerating Javascript code from j2735_msgs/LaneAttributesBarrier.msg[0m
[85.760s] [ 63%] [34m[1mGenerating Javascript code from j2735_msgs/LaneAttributesBike.msg[0m
[85.825s] [ 63%] [34m[1mGenerating Javascript code from j2735_msgs/LaneAttributesCrosswalk.msg[0m
[85.884s] [ 63%] [34m[1mGenerating Javascript code from j2735_msgs/LaneAttributesParking.msg[0m
[85.949s] [ 63%] [34m[1mGenerating Javascript code from j2735_msgs/LaneAttributesSidewalk.msg[0m
[86.013s] [ 64%] [34m[1mGenerating Javascript code from j2735_msgs/LaneAttributesStriping.msg[0m
[86.071s] [ 64%] [34m[1mGenerating Javascript code from j2735_msgs/LaneAttributesTrackedVehicle.msg[0m
[86.136s] [ 64%] [34m[1mGenerating Javascript code from j2735_msgs/LaneAttributesVehicle.msg[0m
[86.196s] [ 64%] [34m[1mGenerating Javascript code from j2735_msgs/LaneDataAttribute.msg[0m
[86.258s] [ 64%] [34m[1mGenerating Javascript code from j2735_msgs/LaneDataAttributeList.msg[0m
[86.321s] [ 65%] [34m[1mGenerating Javascript code from j2735_msgs/LaneDirection.msg[0m
[86.386s] [ 65%] [34m[1mGenerating Javascript code from j2735_msgs/LaneList.msg[0m
[86.459s] [ 65%] [34m[1mGenerating Javascript code from j2735_msgs/LaneSharing.msg[0m
[86.527s] [ 65%] [34m[1mGenerating Javascript code from j2735_msgs/LaneTypeAttributes.msg[0m
[86.595s] [ 65%] [34m[1mGenerating Javascript code from j2735_msgs/LayerType.msg[0m
[86.657s] [ 65%] [34m[1mGenerating Javascript code from j2735_msgs/ManeuverAssistList.msg[0m
[86.722s] [ 66%] [34m[1mGenerating Javascript code from j2735_msgs/MapData.msg[0m
[86.796s] [ 66%] [34m[1mGenerating Javascript code from j2735_msgs/MovementEvent.msg[0m
[86.861s] [ 66%] [34m[1mGenerating Javascript code from j2735_msgs/MovementEventList.msg[0m
[86.927s] [ 66%] [34m[1mGenerating Javascript code from j2735_msgs/MovementList.msg[0m
[86.992s] [ 66%] [34m[1mGenerating Javascript code from j2735_msgs/MovementPhaseState.msg[0m
[87.054s] [ 67%] [34m[1mGenerating Javascript code from j2735_msgs/MovementState.msg[0m
[87.118s] [ 67%] [34m[1mGenerating Javascript code from j2735_msgs/NodeAttributeSetXY.msg[0m
[87.181s] [ 67%] [34m[1mGenerating Javascript code from j2735_msgs/NodeAttributeXY.msg[0m
[87.248s] [ 67%] [34m[1mGenerating Javascript code from j2735_msgs/NodeAttributeXYList.msg[0m
[87.317s] [ 67%] [34m[1mGenerating Javascript code from j2735_msgs/NodeLLmD64b.msg[0m
[87.383s] [ 67%] [34m[1mGenerating Javascript code from j2735_msgs/NodeListXY.msg[0m
[87.453s] [ 68%] [34m[1mGenerating Javascript code from j2735_msgs/NodeOffsetPointXY.msg[0m
[87.516s] [ 68%] [34m[1mGenerating Javascript code from j2735_msgs/NodeSetXY.msg[0m
[87.589s] [ 68%] [34m[1mGenerating Javascript code from j2735_msgs/NodeXY.msg[0m
[87.660s] [ 68%] [34m[1mGenerating Javascript code from j2735_msgs/NodeXY20b.msg[0m
[87.725s] [ 68%] [34m[1mGenerating Javascript code from j2735_msgs/NodeXY22b.msg[0m
[87.784s] [ 68%] [34m[1mGenerating Javascript code from j2735_msgs/NodeXY24b.msg[0m
[87.848s] [ 69%] [34m[1mGenerating Javascript code from j2735_msgs/NodeXY26b.msg[0m
[87.909s] [ 69%] [34m[1mGenerating Javascript code from j2735_msgs/NodeXY28b.msg[0m
[87.970s] [ 69%] [34m[1mGenerating Javascript code from j2735_msgs/NodeXY32b.msg[0m
[88.035s] [ 69%] [34m[1mGenerating Javascript code from j2735_msgs/OffsetPoint.msg[0m
[88.095s] [ 69%] [34m[1mGenerating Javascript code from j2735_msgs/OffsetXaxis.msg[0m
[88.159s] [ 70%] [34m[1mGenerating Javascript code from j2735_msgs/OffsetYaxis.msg[0m
[88.226s] [ 70%] [34m[1mGenerating Javascript code from j2735_msgs/OverlayLaneList.msg[0m
[88.287s] [ 70%] [34m[1mGenerating Javascript code from j2735_msgs/PathNode.msg[0m
[88.352s] [ 70%] [34m[1mGenerating Javascript code from j2735_msgs/Position3D.msg[0m
[88.417s] [ 70%] [34m[1mGenerating Javascript code from j2735_msgs/PositionalAccuracy.msg[0m
[88.496s] [ 70%] [34m[1mGenerating Javascript code from j2735_msgs/PreemptPriorityList.msg[0m
[88.570s] [ 71%] [34m[1mGenerating Javascript code from j2735_msgs/RegionalExtension.msg[0m
[88.632s] [ 71%] [34m[1mGenerating Javascript code from j2735_msgs/RegulatorySpeedLimit.msg[0m
[88.692s] [ 71%] [34m[1mGenerating Javascript code from j2735_msgs/RepeatParams.msg[0m
[88.755s] [ 71%] [34m[1mGenerating Javascript code from j2735_msgs/RestrictionAppliesTo.msg[0m
[88.819s] [ 71%] [34m[1mGenerating Javascript code from j2735_msgs/RestrictionClassAssignment.msg[0m
[88.880s] [ 72%] [34m[1mGenerating Javascript code from j2735_msgs/RestrictionClassList.msg[0m
[88.947s] [ 72%] [34m[1mGenerating Javascript code from j2735_msgs/RestrictionUserType.msg[0m
[89.009s] [ 72%] [34m[1mGenerating Javascript code from j2735_msgs/RestrictionUserTypeList.msg[0m
[89.072s] [ 72%] [34m[1mGenerating Javascript code from j2735_msgs/RoadLaneSetList.msg[0m
[89.144s] [ 72%] [34m[1mGenerating Javascript code from j2735_msgs/RoadSegment.msg[0m
[89.216s] [ 72%] [34m[1mGenerating Javascript code from j2735_msgs/RoadSegmentList.msg[0m
[89.284s] [ 73%] [34m[1mGenerating Javascript code from j2735_msgs/RoadSegmentReferenceID.msg[0m
[89.349s] [ 73%] [34m[1mGenerating Javascript code from j2735_msgs/SPAT.msg[0m
[89.415s] [ 73%] [34m[1mGenerating Javascript code from j2735_msgs/SegmentAttributeXY.msg[0m
[89.476s] [ 73%] [34m[1mGenerating Javascript code from j2735_msgs/SegmentAttributeXYList.msg[0m
[89.542s] [ 73%] [34m[1mGenerating Javascript code from j2735_msgs/SignalControlZone.msg[0m
[89.606s] [ 73%] [34m[1mGenerating Javascript code from j2735_msgs/SpeedConfidence.msg[0m
[89.669s] [ 74%] [34m[1mGenerating Javascript code from j2735_msgs/SpeedLimitList.msg[0m
[89.736s] [ 74%] [34m[1mGenerating Javascript code from j2735_msgs/SpeedLimitType.msg[0m
[89.795s] [ 74%] [34m[1mGenerating Javascript code from j2735_msgs/StabilityControlStatus.msg[0m
[89.859s] [ 74%] [34m[1mGenerating Javascript code from j2735_msgs/TimeChangeDetails.msg[0m
[89.923s] [ 74%] [34m[1mGenerating Javascript code from j2735_msgs/TractionControlStatus.msg[0m
[89.985s] [ 75%] [34m[1mGenerating Javascript code from j2735_msgs/TrafficControlBounds.msg[0m
[90.053s] [ 75%] [34m[1mGenerating Javascript code from j2735_msgs/TrafficControlDetail.msg[0m
[90.117s] [ 75%] [34m[1mGenerating Javascript code from j2735_msgs/TrafficControlGeometry.msg[0m
[90.183s] [ 75%] [34m[1mGenerating Javascript code from j2735_msgs/TrafficControlMessage.msg[0m
[90.252s] [ 75%] [34m[1mGenerating Javascript code from j2735_msgs/TrafficControlMessageV01.msg[0m
[90.318s] [ 75%] [34m[1mGenerating Javascript code from j2735_msgs/TrafficControlPackage.msg[0m
[90.377s] [ 76%] [34m[1mGenerating Javascript code from j2735_msgs/TrafficControlParams.msg[0m
[90.451s] [ 76%] [34m[1mGenerating Javascript code from j2735_msgs/TrafficControlRequest.msg[0m
[90.519s] [ 76%] [34m[1mGenerating Javascript code from j2735_msgs/TrafficControlRequestV01.msg[0m
[90.580s] [ 76%] [34m[1mGenerating Javascript code from j2735_msgs/TrafficControlSchedule.msg[0m
[90.647s] [ 76%] [34m[1mGenerating Javascript code from j2735_msgs/TrafficControlVehClass.msg[0m
[90.710s] [ 77%] [34m[1mGenerating Javascript code from j2735_msgs/TransmissionState.msg[0m
[90.771s] [ 77%] [34m[1mGenerating Javascript code from j2735_msgs/VehicleSize.msg[0m
[90.836s] [ 77%] [34m[1mGenerating Javascript code from j2735_msgs/BrakeAppliedStatus.msg[0m
[90.902s] [ 78%] [34m[1mGenerating Javascript code from j2735_msgs/BSMCoreData.msg[0m
[90.971s] [ 78%] [34m[1mGenerating Javascript code from j2735_msgs/BSM.msg[0m
[91.038s] [ 78%] [34m[1mGenerating Javascript code from j2735_msgs/AuxiliaryBrakeStatus.msg[0m
[91.098s] [ 78%] [34m[1mGenerating Javascript code from j2735_msgs/AntiLockBrakeStatus.msg[0m
[91.160s] [ 78%] [34m[1mGenerating Javascript code from j2735_msgs/AllowedManeuvers.msg[0m
[91.229s] [ 78%] [34m[1mGenerating Javascript code from j2735_msgs/AdvisorySpeedType.msg[0m
[91.288s] [ 79%] [34m[1mGenerating Javascript code from j2735_msgs/AdvisorySpeedList.msg[0m
[91.353s] [ 79%] [34m[1mGenerating Javascript code from j2735_msgs/AdvisorySpeed.msg[0m
[91.422s] [ 79%] Built target j2735_msgs_generate_messages_nodejs
[91.435s] [35m[1mScanning dependencies of target j2735_msgs_generate_messages_py[0m
[91.447s] [ 79%] [34m[1mGenerating Python from MSG j2735_msgs/AccelerationSet4Way[0m
[91.726s] [ 79%] [34m[1mGenerating Python from MSG j2735_msgs/BrakeSystemStatus[0m
[92.009s] [ 79%] [34m[1mGenerating Python from MSG j2735_msgs/ByteArray[0m
[92.369s] [ 79%] [34m[1mGenerating Python from MSG j2735_msgs/ComputedLane[0m
[92.690s] [ 79%] [34m[1mGenerating Python from MSG j2735_msgs/ConnectingLane[0m
[93.006s] [ 80%] [34m[1mGenerating Python from MSG j2735_msgs/Connection[0m
[93.272s] [ 80%] [34m[1mGenerating Python from MSG j2735_msgs/ConnectionManeuverAssist[0m
[93.585s] [ 80%] [34m[1mGenerating Python from MSG j2735_msgs/ConnectsToList[0m
[93.941s] [ 80%] [34m[1mGenerating Python from MSG j2735_msgs/DailySchedule[0m
[94.218s] [ 80%] [34m[1mGenerating Python from MSG j2735_msgs/DataParameters[0m
[94.542s] [ 80%] [34m[1mGenerating Python from MSG j2735_msgs/DayOfWeek[0m
[94.877s] [ 81%] [34m[1mGenerating Python from MSG j2735_msgs/EnabledLaneList[0m
[95.260s] [ 81%] [34m[1mGenerating Python from MSG j2735_msgs/GenericLane[0m
[95.592s] [ 81%] [34m[1mGenerating Python from MSG j2735_msgs/Id128b[0m
[95.886s] [ 81%] [34m[1mGenerating Python from MSG j2735_msgs/Id64b[0m
[96.194s] [ 81%] [34m[1mGenerating Python from MSG j2735_msgs/IntersectionGeometry[0m
[96.521s] [ 82%] [34m[1mGenerating Python from MSG j2735_msgs/IntersectionReferenceID[0m
[96.838s] [ 82%] [34m[1mGenerating Python from MSG j2735_msgs/IntersectionState[0m
[97.174s] [ 82%] [34m[1mGenerating Python from MSG j2735_msgs/IntersectionStateList[0m
[97.466s] [ 82%] [34m[1mGenerating Python from MSG j2735_msgs/IntersectionStatusObject[0m
[97.770s] [ 82%] [34m[1mGenerating Python from MSG j2735_msgs/LaneAttributes[0m
[98.071s] [ 82%] [34m[1mGenerating Python from MSG j2735_msgs/LaneAttributesBarrier[0m
[98.386s] [ 83%] [34m[1mGenerating Python from MSG j2735_msgs/LaneAttributesBike[0m
[98.692s] [ 83%] [34m[1mGenerating Python from MSG j2735_msgs/LaneAttributesCrosswalk[0m
[98.957s] [ 83%] [34m[1mGenerating Python from MSG j2735_msgs/LaneAttributesParking[0m
[99.235s] [ 83%] [34m[1mGenerating Python from MSG j2735_msgs/LaneAttributesSidewalk[0m
[99.552s] [ 83%] [34m[1mGenerating Python from MSG j2735_msgs/LaneAttributesStriping[0m
[99.843s] [ 83%] [34m[1mGenerating Python from MSG j2735_msgs/LaneAttributesTrackedVehicle[0m
[100.167s] [ 84%] [34m[1mGenerating Python from MSG j2735_msgs/LaneAttributesVehicle[0m
[100.462s] [ 84%] [34m[1mGenerating Python from MSG j2735_msgs/LaneDataAttribute[0m
[100.766s] [ 84%] [34m[1mGenerating Python from MSG j2735_msgs/LaneDataAttributeList[0m
[101.089s] [ 84%] [34m[1mGenerating Python from MSG j2735_msgs/LaneDirection[0m
[101.385s] [ 84%] [34m[1mGenerating Python from MSG j2735_msgs/LaneList[0m
[101.735s] [ 85%] [34m[1mGenerating Python from MSG j2735_msgs/LaneSharing[0m
[102.016s] [ 85%] [34m[1mGenerating Python from MSG j2735_msgs/LaneTypeAttributes[0m
[102.335s] [ 85%] [34m[1mGenerating Python from MSG j2735_msgs/LayerType[0m
[102.602s] [ 85%] [34m[1mGenerating Python from MSG j2735_msgs/ManeuverAssistList[0m
[102.935s] [ 85%] [34m[1mGenerating Python from MSG j2735_msgs/MapData[0m
[103.236s] [ 85%] [34m[1mGenerating Python from MSG j2735_msgs/MovementEvent[0m
[103.599s] [ 86%] [34m[1mGenerating Python from MSG j2735_msgs/MovementEventList[0m
[103.926s] [ 86%] [34m[1mGenerating Python from MSG j2735_msgs/MovementList[0m
[104.261s] [ 86%] [34m[1mGenerating Python from MSG j2735_msgs/MovementPhaseState[0m
[104.562s] [ 86%] [34m[1mGenerating Python from MSG j2735_msgs/MovementState[0m
[104.937s] [ 86%] [34m[1mGenerating Python from MSG j2735_msgs/NodeAttributeSetXY[0m
[105.217s] [ 87%] [34m[1mGenerating Python from MSG j2735_msgs/NodeAttributeXY[0m
[105.531s] [ 87%] [34m[1mGenerating Python from MSG j2735_msgs/NodeAttributeXYList[0m
[105.844s] [ 87%] [34m[1mGenerating Python from MSG j2735_msgs/NodeLLmD64b[0m
[106.164s] [ 87%] [34m[1mGenerating Python from MSG j2735_msgs/NodeListXY[0m
[106.466s] [ 87%] [34m[1mGenerating Python from MSG j2735_msgs/NodeOffsetPointXY[0m
[106.788s] [ 87%] [34m[1mGenerating Python from MSG j2735_msgs/NodeSetXY[0m
[107.100s] [ 88%] [34m[1mGenerating Python from MSG j2735_msgs/NodeXY[0m
[107.398s] [ 88%] [34m[1mGenerating Python from MSG j2735_msgs/NodeXY20b[0m
[107.685s] [ 88%] [34m[1mGenerating Python from MSG j2735_msgs/NodeXY22b[0m
[107.997s] [ 88%] [34m[1mGenerating Python from MSG j2735_msgs/NodeXY24b[0m
[108.273s] [ 88%] [34m[1mGenerating Python from MSG j2735_msgs/NodeXY26b[0m
[108.590s] [ 88%] [34m[1mGenerating Python from MSG j2735_msgs/NodeXY28b[0m
[108.944s] [ 89%] [34m[1mGenerating Python from MSG j2735_msgs/NodeXY32b[0m
[109.237s] [ 89%] [34m[1mGenerating Python from MSG j2735_msgs/OffsetPoint[0m
[109.528s] [ 89%] [34m[1mGenerating Python from MSG j2735_msgs/OffsetXaxis[0m
[109.836s] [ 89%] [34m[1mGenerating Python from MSG j2735_msgs/OffsetYaxis[0m
[110.123s] [ 89%] [34m[1mGenerating Python from MSG j2735_msgs/OverlayLaneList[0m
[110.394s] [ 90%] [34m[1mGenerating Python from MSG j2735_msgs/PathNode[0m
[110.674s] [ 90%] [34m[1mGenerating Python from MSG j2735_msgs/Position3D[0m
[110.965s] [ 90%] [34m[1mGenerating Python from MSG j2735_msgs/PositionalAccuracy[0m
[111.254s] [ 90%] [34m[1mGenerating Python from MSG j2735_msgs/PreemptPriorityList[0m
[111.551s] [ 90%] [34m[1mGenerating Python from MSG j2735_msgs/RegionalExtension[0m
[111.836s] [ 90%] [34m[1mGenerating Python from MSG j2735_msgs/RegulatorySpeedLimit[0m
[112.126s] [ 91%] [34m[1mGenerating Python from MSG j2735_msgs/RepeatParams[0m
[112.476s] [ 91%] [34m[1mGenerating Python from MSG j2735_msgs/RestrictionAppliesTo[0m
[112.791s] [ 91%] [34m[1mGenerating Python from MSG j2735_msgs/RestrictionClassAssignment[0m
[113.157s] [ 91%] [34m[1mGenerating Python from MSG j2735_msgs/RestrictionClassList[0m
[113.488s] [ 91%] [34m[1mGenerating Python from MSG j2735_msgs/RestrictionUserType[0m
[113.791s] [ 92%] [34m[1mGenerating Python from MSG j2735_msgs/RestrictionUserTypeList[0m
[114.106s] [ 92%] [34m[1mGenerating Python from MSG j2735_msgs/RoadLaneSetList[0m
[114.437s] [ 92%] [34m[1mGenerating Python from MSG j2735_msgs/RoadSegment[0m
[114.788s] [ 92%] [34m[1mGenerating Python from MSG j2735_msgs/RoadSegmentList[0m
[115.066s] [ 92%] [34m[1mGenerating Python from MSG j2735_msgs/RoadSegmentReferenceID[0m
[115.374s] [ 92%] [34m[1mGenerating Python from MSG j2735_msgs/SPAT[0m
[115.715s] [ 93%] [34m[1mGenerating Python from MSG j2735_msgs/SegmentAttributeXY[0m
[116.060s] [ 93%] [34m[1mGenerating Python from MSG j2735_msgs/SegmentAttributeXYList[0m
[116.388s] [ 93%] [34m[1mGenerating Python from MSG j2735_msgs/SignalControlZone[0m
[116.698s] [ 93%] [34m[1mGenerating Python from MSG j2735_msgs/SpeedConfidence[0m
[117.001s] [ 93%] [34m[1mGenerating Python from MSG j2735_msgs/SpeedLimitList[0m
[117.355s] [ 93%] [34m[1mGenerating Python from MSG j2735_msgs/SpeedLimitType[0m
[117.656s] [ 94%] [34m[1mGenerating Python from MSG j2735_msgs/StabilityControlStatus[0m
[118.020s] [ 94%] [34m[1mGenerating Python from MSG j2735_msgs/TimeChangeDetails[0m
[118.327s] [ 94%] [34m[1mGenerating Python from MSG j2735_msgs/TractionControlStatus[0m
[118.626s] [ 94%] [34m[1mGenerating Python from MSG j2735_msgs/TrafficControlBounds[0m
[118.937s] [ 94%] [34m[1mGenerating Python from MSG j2735_msgs/TrafficControlDetail[0m
[118.992s] Traceback (most recent call last):
[118.992s]   File "/opt/ros/noetic/share/genpy/cmake/../../../lib/genpy/genmsg_py.py", line 43, in <module>
[118.992s]     import genpy.generator
[118.992s]   File "/opt/ros/noetic/lib/python3/dist-packages/genpy/__init__.py", line 34, in <module>
[118.992s]     from . message import Message, SerializationError, DeserializationError, MessageException, struct_I
[118.992s]   File "/opt/ros/noetic/lib/python3/dist-packages/genpy/message.py", line 48, in <module>
[118.992s]     import yaml
[118.993s]   File "/usr/lib/python3/dist-packages/yaml/__init__.py", line 9, in <module>
[118.997s]     from .dumper import *
[118.997s]   File "/usr/lib/python3/dist-packages/yaml/dumper.py", line 6, in <module>
[118.997s]     from .representer import *
[118.997s]   File "<frozen importlib._bootstrap>", line 991, in _find_and_load
[118.997s]   File "<frozen importlib._bootstrap>", line 975, in _find_and_load_unlocked
[118.997s]   File "<frozen importlib._bootstrap>", line 671, in _load_unlocked
[118.997s]   File "<frozen importlib._bootstrap_external>", line 844, in exec_module
[118.997s]   File "<frozen importlib._bootstrap_external>", line 928, in get_code
[118.997s]   File "<frozen importlib._bootstrap_external>", line 387, in cache_from_source
[118.998s] KeyboardInterrupt
[119.002s] make[2]: *** [CMakeFiles/j2735_msgs_generate_messages_py.dir/build.make:1229: devel/lib/python3/dist-packages/j2735_msgs/msg/_TrafficControlDetail.py] Interrupt
[119.003s] make[1]: *** [CMakeFiles/Makefile2:382: CMakeFiles/j2735_msgs_generate_messages_py.dir/all] Interrupt
[119.003s] make: *** [Makefile:141: all] Interrupt
