-- The C compiler identification is GNU 9.3.0
-- The CXX compiler identification is GNU 9.3.0
-- Check for working C compiler: /usr/bin/cc
-- Check for working C compiler: /usr/bin/cc -- works
-- Detecting C compiler ABI info
-- Detecting C compiler ABI info - done
-- Detecting C compile features
-- Detecting C compile features - done
-- Check for working CXX compiler: /usr/bin/c++
-- Check for working CXX compiler: /usr/bin/c++ -- works
-- Detecting CXX compiler ABI info
-- Detecting CXX compiler ABI info - done
-- Detecting CXX compile features
-- Detecting CXX compile features - done
-- Using CATKIN_DEVEL_PREFIX: /workspaces/carma_ws/src/build/lib_vehicle_model/devel
-- Using CMAKE_PREFIX_PATH: /opt/ros/noetic
-- This workspace overlays: /opt/ros/noetic
-- Found PythonInterp: /usr/bin/python3 (found suitable version "3.8.10", minimum required is "3") 
-- Using PYTHON_EXECUTABLE: /usr/bin/python3
-- Using Debian Python package layout
-- Found PY_em: /usr/lib/python3/dist-packages/em.py  
-- Using empy: /usr/lib/python3/dist-packages/em.py
-- Using CATKIN_ENABLE_TESTING: ON
-- Call enable_testing()
-- Using CATKIN_TEST_RESULTS_DIR: /workspaces/carma_ws/src/build/lib_vehicle_model/test_results
-- Forcing gtest/gmock from source, though one was otherwise available.
-- Found gtest sources under '/usr/src/googletest': gtests will be built
-- Found gmock sources under '/usr/src/googletest': gmock will be built
-- Found PythonInterp: /usr/bin/python3 (found version "3.8.10") 
-- Found Threads: TRUE  
-- Using Python nosetests: /usr/bin/nosetests3
-- catkin 0.8.10
-- BUILD_SHARED_LIBS is on
-- Found Boost: /usr/lib/x86_64-linux-gnu/cmake/Boost-1.71.0/BoostConfig.cmake (found version "1.71.0")  
-- Configuring done
-- Generating done
-- Build files have been written to: /workspaces/carma_ws/src/build/lib_vehicle_model
[35m[1mScanning dependencies of target roscpp_generate_messages_cpp[0m
[  0%] Built target roscpp_generate_messages_cpp
[35m[1mScanning dependencies of target roscpp_generate_messages_nodejs[0m
[  0%] Built target roscpp_generate_messages_nodejs
[35m[1mScanning dependencies of target std_msgs_generate_messages_eus[0m
[  0%] Built target std_msgs_generate_messages_eus
[35m[1mScanning dependencies of target rosgraph_msgs_generate_messages_cpp[0m
[  0%] Built target rosgraph_msgs_generate_messages_cpp
[35m[1mScanning dependencies of target roscpp_generate_messages_eus[0m
[  0%] Built target roscpp_generate_messages_eus
[35m[1mScanning dependencies of target rosgraph_msgs_generate_messages_eus[0m
[  0%] Built target rosgraph_msgs_generate_messages_eus
[35m[1mScanning dependencies of target std_msgs_generate_messages_py[0m
[  0%] Built target std_msgs_generate_messages_py
[35m[1mScanning dependencies of target std_msgs_generate_messages_nodejs[0m
[  0%] Built target std_msgs_generate_messages_nodejs
[35m[1mScanning dependencies of target std_msgs_generate_messages_cpp[0m
[  0%] Built target std_msgs_generate_messages_cpp
[35m[1mScanning dependencies of target rosgraph_msgs_generate_messages_nodejs[0m
[  0%] Built target rosgraph_msgs_generate_messages_nodejs
[35m[1mScanning dependencies of target roscpp_generate_messages_lisp[0m
[  0%] Built target roscpp_generate_messages_lisp
[35m[1mScanning dependencies of target std_msgs_generate_messages_lisp[0m
[  0%] Built target std_msgs_generate_messages_lisp
[35m[1mScanning dependencies of target rosgraph_msgs_generate_messages_lisp[0m
[  0%] Built target rosgraph_msgs_generate_messages_lisp
[35m[1mScanning dependencies of target rosgraph_msgs_generate_messages_py[0m
[  0%] Built target rosgraph_msgs_generate_messages_py
[35m[1mScanning dependencies of target roscpp_generate_messages_py[0m
[  0%] Built target roscpp_generate_messages_py
[35m[1mScanning dependencies of target lib_vehicle_model[0m
[ 12%] [32mBuilding CXX object CMakeFiles/lib_vehicle_model.dir/src/lib_vehicle_model/KinematicsSolver.cpp.o[0m
[ 25%] [32mBuilding CXX object CMakeFiles/lib_vehicle_model.dir/src/lib_vehicle_model/ModelAccessException.cpp.o[0m
[ 37%] [32mBuilding CXX object CMakeFiles/lib_vehicle_model.dir/src/lib_vehicle_model/KinematicsProperty.cpp.o[0m
[ 50%] [32mBuilding CXX object CMakeFiles/lib_vehicle_model.dir/src/lib_vehicle_model/ConstraintChecker.cpp.o[0m
[ 62%] [32mBuilding CXX object CMakeFiles/lib_vehicle_model.dir/src/lib_vehicle_model/ModelLoader.cpp.o[0m
[ 75%] [32mBuilding CXX object CMakeFiles/lib_vehicle_model.dir/src/lib_vehicle_model/LibVehicleModel.cpp.o[0m
[ 87%] [32mBuilding CXX object CMakeFiles/lib_vehicle_model.dir/src/lib_vehicle_model/ROSParameterServer.cpp.o[0m
[100%] [32m[1mLinking CXX shared library devel/lib/liblib_vehicle_model.so[0m
[100%] Built target lib_vehicle_model
[35m[1mScanning dependencies of target gtest[0m
[  5%] [32mBuilding CXX object gtest/googletest/CMakeFiles/gtest.dir/src/gtest-all.cc.o[0m
[ 10%] [32m[1mLinking CXX shared library ../lib/libgtest.so[0m
[ 10%] Built target gtest
[ 10%] Built target rosgraph_msgs_generate_messages_eus
[ 10%] Built target roscpp_generate_messages_nodejs
[ 10%] Built target std_msgs_generate_messages_eus
[ 10%] Built target rosgraph_msgs_generate_messages_cpp
[ 10%] Built target roscpp_generate_messages_eus
[35m[1mScanning dependencies of target gmock[0m
[ 15%] [32mBuilding CXX object gtest/googlemock/CMakeFiles/gmock.dir/src/gmock-all.cc.o[0m
[ 21%] [32m[1mLinking CXX shared library ../lib/libgmock.so[0m
[ 21%] Built target gmock
[ 21%] Built target std_msgs_generate_messages_py
[ 21%] Built target std_msgs_generate_messages_nodejs
[ 21%] Built target std_msgs_generate_messages_cpp
[ 21%] Built target rosgraph_msgs_generate_messages_nodejs
[ 21%] Built target roscpp_generate_messages_lisp
[ 21%] Built target std_msgs_generate_messages_lisp
[ 21%] Built target roscpp_generate_messages_cpp
[ 21%] Built target rosgraph_msgs_generate_messages_lisp
[ 21%] Built target rosgraph_msgs_generate_messages_py
[ 21%] Built target roscpp_generate_messages_py
[ 63%] Built target lib_vehicle_model
[35m[1mScanning dependencies of target lib_vehicle_model-test[0m
[ 68%] [32mBuilding CXX object CMakeFiles/lib_vehicle_model-test.dir/test/TestEntryPoint.cpp.o[0m
[ 73%] [32mBuilding CXX object CMakeFiles/lib_vehicle_model-test.dir/test/ODESolverTest.cpp.o[0m
[ 78%] [32mBuilding CXX object CMakeFiles/lib_vehicle_model-test.dir/test/LibVehicleModelTest.cpp.o[0m
[ 84%] [32mBuilding CXX object CMakeFiles/lib_vehicle_model-test.dir/test/ModelLoaderTest.cpp.o[0m
[ 89%] [32mBuilding CXX object CMakeFiles/lib_vehicle_model-test.dir/test/ConstraintCheckerTest.cpp.o[0m
[ 94%] [32mBuilding CXX object CMakeFiles/lib_vehicle_model-test.dir/test/KinematicsSolverTest.cpp.o[0m
[100%] [32m[1mLinking CXX executable devel/lib/lib_vehicle_model/lib_vehicle_model-test[0m
[100%] Built target lib_vehicle_model-test
[35m[1mScanning dependencies of target tests[0m
[100%] Built target tests
