[0.117s] Invoking command in '/workspaces/carma_ws/src/build/wgs84_utils': /usr/bin/cmake /workspaces/carma_ws/src/carma-utils/wgs84_utils -DCATKIN_INSTALL_INTO_PREFIX_ROOT=0 -DCMAKE_INSTALL_PREFIX=/workspaces/carma_ws/src/install/wgs84_utils
[6.172s] -- The C compiler identification is GNU 9.3.0
[6.173s] -- The CXX compiler identification is GNU 9.3.0
[6.173s] -- Check for working C compiler: /usr/bin/cc
[6.173s] -- Check for working C compiler: /usr/bin/cc -- works
[6.173s] -- Detecting C compiler ABI info
[6.187s] -- Detecting C compiler ABI info - done
[6.188s] -- Detecting C compile features
[6.188s] -- Detecting C compile features - done
[6.188s] -- Check for working CXX compiler: /usr/bin/c++
[6.188s] -- Check for working CXX compiler: /usr/bin/c++ -- works
[6.188s] -- Detecting CXX compiler ABI info
[6.188s] -- Detecting CXX compiler ABI info - done
[6.188s] -- Detecting CXX compile features
[6.189s] -- Detecting CXX compile features - done
[6.189s] -- Using CATKIN_DEVEL_PREFIX: /workspaces/carma_ws/src/build/wgs84_utils/devel
[6.189s] -- Using CMAKE_PREFIX_PATH: /opt/ros/noetic
[6.189s] -- This workspace overlays: /opt/ros/noetic
[6.189s] -- Found PythonInterp: /usr/bin/python3 (found suitable version "3.8.10", minimum required is "3") 
[6.189s] -- Using PYTHON_EXECUTABLE: /usr/bin/python3
[6.189s] -- Using Debian Python package layout
[6.190s] -- Found PY_em: /usr/lib/python3/dist-packages/em.py  
[6.190s] -- Using empy: /usr/lib/python3/dist-packages/em.py
[6.190s] -- Using CATKIN_ENABLE_TESTING: ON
[6.190s] -- Call enable_testing()
[6.190s] -- Using CATKIN_TEST_RESULTS_DIR: /workspaces/carma_ws/src/build/wgs84_utils/test_results
[6.190s] -- Forcing gtest/gmock from source, though one was otherwise available.
[6.191s] -- Found gtest sources under '/usr/src/googletest': gtests will be built
[6.191s] -- Found gmock sources under '/usr/src/googletest': gmock will be built
[6.191s] -- Found PythonInterp: /usr/bin/python3 (found version "3.8.10") 
[6.191s] -- Found Threads: TRUE  
[6.191s] -- Using Python nosetests: /usr/bin/nosetests3
[6.192s] -- catkin 0.8.10
[6.192s] -- BUILD_SHARED_LIBS is on
[6.461s] -- Using these message generators: gencpp;geneus;genlisp;gennodejs;genpy
[6.971s] -- Found Boost: /usr/lib/x86_64-linux-gnu/cmake/Boost-1.71.0/BoostConfig.cmake (found version "1.71.0")  
[7.507s] -- Configuring done
[7.619s] -- Generating done
[7.629s] -- Build files have been written to: /workspaces/carma_ws/src/build/wgs84_utils
[7.643s] Invoked command in '/workspaces/carma_ws/src/build/wgs84_utils' returned '0': /usr/bin/cmake /workspaces/carma_ws/src/carma-utils/wgs84_utils -DCATKIN_INSTALL_INTO_PREFIX_ROOT=0 -DCMAKE_INSTALL_PREFIX=/workspaces/carma_ws/src/install/wgs84_utils
[7.645s] Invoking command in '/workspaces/carma_ws/src/build/wgs84_utils': /usr/bin/cmake --build /workspaces/carma_ws/src/build/wgs84_utils -- -j12 -l12
[9.120s] [35m[1mScanning dependencies of target tf2_msgs_generate_messages_cpp[0m
[9.120s] [  0%] Built target tf2_msgs_generate_messages_cpp
[9.120s] [35m[1mScanning dependencies of target geometry_msgs_generate_messages_lisp[0m
[9.120s] [  0%] Built target geometry_msgs_generate_messages_lisp
[9.120s] [35m[1mScanning dependencies of target tf2_msgs_generate_messages_py[0m
[9.120s] [  0%] Built target tf2_msgs_generate_messages_py
[9.121s] [35m[1mScanning dependencies of target geometry_msgs_generate_messages_cpp[0m
[9.121s] [  0%] Built target geometry_msgs_generate_messages_cpp
[9.121s] [35m[1mScanning dependencies of target geometry_msgs_generate_messages_nodejs[0m
[9.121s] [  0%] Built target geometry_msgs_generate_messages_nodejs
[9.121s] [35m[1mScanning dependencies of target tf2_msgs_generate_messages_lisp[0m
[9.121s] [  0%] Built target tf2_msgs_generate_messages_lisp
[9.121s] [35m[1mScanning dependencies of target roscpp_generate_messages_cpp[0m
[9.121s] [  0%] Built target roscpp_generate_messages_cpp
[9.122s] [35m[1mScanning dependencies of target geometry_msgs_generate_messages_py[0m
[9.122s] [  0%] Built target geometry_msgs_generate_messages_py
[9.122s] [35m[1mScanning dependencies of target roscpp_generate_messages_py[0m
[9.122s] [  0%] Built target roscpp_generate_messages_py
[9.122s] [35m[1mScanning dependencies of target rosgraph_msgs_generate_messages_py[0m
[9.122s] [  0%] Built target rosgraph_msgs_generate_messages_py
[9.122s] [35m[1mScanning dependencies of target actionlib_msgs_generate_messages_eus[0m
[9.122s] [  0%] Built target actionlib_msgs_generate_messages_eus
[9.122s] [35m[1mScanning dependencies of target rosgraph_msgs_generate_messages_lisp[0m
[9.123s] [  0%] Built target rosgraph_msgs_generate_messages_lisp
[9.173s] [35m[1mScanning dependencies of target std_msgs_generate_messages_lisp[0m
[9.234s] [  0%] Built target std_msgs_generate_messages_lisp
[9.332s] [35m[1mScanning dependencies of target actionlib_generate_messages_lisp[0m
[9.389s] [  0%] Built target actionlib_generate_messages_lisp
[9.493s] [35m[1mScanning dependencies of target roscpp_generate_messages_lisp[0m
[9.533s] [  0%] Built target roscpp_generate_messages_lisp
[9.555s] [35m[1mScanning dependencies of target tf2_msgs_generate_messages_nodejs[0m
[9.608s] [  0%] Built target tf2_msgs_generate_messages_nodejs
[9.634s] [35m[1mScanning dependencies of target roscpp_generate_messages_eus[0m
[9.668s] [  0%] Built target roscpp_generate_messages_eus
[9.717s] [35m[1mScanning dependencies of target tf2_msgs_generate_messages_eus[0m
[9.843s] [  0%] Built target tf2_msgs_generate_messages_eus
[9.927s] [35m[1mScanning dependencies of target actionlib_generate_messages_cpp[0m
[10.003s] [  0%] Built target actionlib_generate_messages_cpp
[10.089s] [35m[1mScanning dependencies of target actionlib_msgs_generate_messages_py[0m
[10.103s] [  0%] Built target actionlib_msgs_generate_messages_py
[10.180s] [35m[1mScanning dependencies of target rosgraph_msgs_generate_messages_nodejs[0m
[10.220s] [  0%] Built target rosgraph_msgs_generate_messages_nodejs
[10.269s] [35m[1mScanning dependencies of target std_msgs_generate_messages_py[0m
[10.347s] [  0%] Built target std_msgs_generate_messages_py
[10.460s] [35m[1mScanning dependencies of target std_msgs_generate_messages_nodejs[0m
[10.538s] [  0%] Built target std_msgs_generate_messages_nodejs
[10.617s] [35m[1mScanning dependencies of target geometry_msgs_generate_messages_eus[0m
[10.669s] [  0%] Built target geometry_msgs_generate_messages_eus
[10.756s] [35m[1mScanning dependencies of target std_msgs_generate_messages_cpp[0m
[10.844s] [  0%] Built target std_msgs_generate_messages_cpp
[10.899s] [35m[1mScanning dependencies of target std_msgs_generate_messages_eus[0m
[11.005s] [  0%] Built target std_msgs_generate_messages_eus
[11.089s] [35m[1mScanning dependencies of target roscpp_generate_messages_nodejs[0m
[11.148s] [  0%] Built target roscpp_generate_messages_nodejs
[11.235s] [35m[1mScanning dependencies of target rosgraph_msgs_generate_messages_cpp[0m
[11.341s] [  0%] Built target rosgraph_msgs_generate_messages_cpp
[11.426s] [35m[1mScanning dependencies of target rosgraph_msgs_generate_messages_eus[0m
[11.517s] [  0%] Built target rosgraph_msgs_generate_messages_eus
[11.580s] [35m[1mScanning dependencies of target actionlib_msgs_generate_messages_cpp[0m
[11.632s] [  0%] Built target actionlib_msgs_generate_messages_cpp
[11.648s] [35m[1mScanning dependencies of target actionlib_generate_messages_eus[0m
[11.686s] [  0%] Built target actionlib_generate_messages_eus
[11.728s] [35m[1mScanning dependencies of target actionlib_msgs_generate_messages_lisp[0m
[11.799s] [  0%] Built target actionlib_msgs_generate_messages_lisp
[11.897s] [35m[1mScanning dependencies of target actionlib_msgs_generate_messages_nodejs[0m
[11.960s] [  0%] Built target actionlib_msgs_generate_messages_nodejs
[11.975s] [35m[1mScanning dependencies of target actionlib_generate_messages_py[0m
[12.025s] [  0%] Built target actionlib_generate_messages_py
[12.087s] [35m[1mScanning dependencies of target actionlib_generate_messages_nodejs[0m
[12.135s] [  0%] Built target actionlib_generate_messages_nodejs
[12.162s] [35m[1mScanning dependencies of target wgs84_utils_library[0m
[12.206s] [ 33%] [32mBuilding CXX object CMakeFiles/wgs84_utils_library.dir/src/wgs84_utils/wgs84_utils.cpp.o[0m
[21.050s] [ 66%] [32mBuilding CXX object CMakeFiles/wgs84_utils_library.dir/src/wgs84_utils/proj_tools.cpp.o[0m
[26.896s] [100%] [32m[1mLinking CXX shared library devel/lib/libwgs84_utils_library.so[0m
[27.381s] [100%] Built target wgs84_utils_library
[27.405s] Invoked command in '/workspaces/carma_ws/src/build/wgs84_utils' returned '0': /usr/bin/cmake --build /workspaces/carma_ws/src/build/wgs84_utils -- -j12 -l12
[28.056s] Invoking command in '/workspaces/carma_ws/src/build/wgs84_utils': /usr/bin/cmake --build /workspaces/carma_ws/src/build/wgs84_utils --target tests -- -j12 -l12
[28.299s] [35m[1mScanning dependencies of target gtest[0m
[28.367s] [ 10%] [32mBuilding CXX object gtest/googletest/CMakeFiles/gtest.dir/src/gtest-all.cc.o[0m
[34.612s] [ 20%] [32m[1mLinking CXX shared library ../lib/libgtest.so[0m
[34.779s] [ 20%] Built target gtest
[34.801s] [ 20%] Built target std_msgs_generate_messages_eus
[34.828s] [ 20%] Built target geometry_msgs_generate_messages_lisp
[34.853s] [ 20%] Built target tf2_msgs_generate_messages_py
[34.904s] [ 20%] Built target geometry_msgs_generate_messages_cpp
[34.936s] [ 20%] Built target geometry_msgs_generate_messages_nodejs
[34.966s] [ 20%] Built target tf2_msgs_generate_messages_lisp
[34.995s] [ 20%] Built target roscpp_generate_messages_cpp
[35.020s] [ 20%] Built target geometry_msgs_generate_messages_py
[35.048s] [ 20%] Built target roscpp_generate_messages_py
[35.085s] [ 20%] Built target rosgraph_msgs_generate_messages_py
[35.113s] [ 20%] Built target actionlib_msgs_generate_messages_eus
[35.143s] [ 20%] Built target rosgraph_msgs_generate_messages_lisp
[35.168s] [ 20%] Built target std_msgs_generate_messages_lisp
[35.188s] [ 20%] Built target actionlib_generate_messages_lisp
[35.207s] [ 20%] Built target roscpp_generate_messages_lisp
[35.231s] [ 20%] Built target tf2_msgs_generate_messages_nodejs
[35.253s] [ 20%] Built target roscpp_generate_messages_eus
[35.275s] [ 20%] Built target tf2_msgs_generate_messages_eus
[35.296s] [ 20%] Built target actionlib_generate_messages_cpp
[35.321s] [ 20%] Built target actionlib_msgs_generate_messages_py
[35.350s] [ 20%] Built target rosgraph_msgs_generate_messages_nodejs
[35.378s] [ 20%] Built target std_msgs_generate_messages_py
[35.409s] [ 20%] Built target std_msgs_generate_messages_nodejs
[35.438s] [ 20%] Built target geometry_msgs_generate_messages_eus
[35.468s] [ 20%] Built target std_msgs_generate_messages_cpp
[35.486s] [35m[1mScanning dependencies of target gmock[0m
[35.509s] [ 30%] [32mBuilding CXX object gtest/googlemock/CMakeFiles/gmock.dir/src/gmock-all.cc.o[0m
[37.738s] [ 40%] [32m[1mLinking CXX shared library ../lib/libgmock.so[0m
[37.893s] [ 40%] Built target gmock
[37.913s] [ 40%] Built target roscpp_generate_messages_nodejs
[37.937s] [ 40%] Built target rosgraph_msgs_generate_messages_cpp
[37.962s] [ 40%] Built target rosgraph_msgs_generate_messages_eus
[37.986s] [ 40%] Built target actionlib_msgs_generate_messages_cpp
[38.017s] [ 40%] Built target actionlib_generate_messages_eus
[38.047s] [ 40%] Built target actionlib_msgs_generate_messages_lisp
[38.076s] [ 40%] Built target actionlib_msgs_generate_messages_nodejs
[38.131s] [ 40%] Built target actionlib_generate_messages_py
[38.182s] [ 40%] Built target actionlib_generate_messages_nodejs
[38.215s] [ 40%] Built target tf2_msgs_generate_messages_cpp
[38.245s] [ 70%] Built target wgs84_utils_library
[38.268s] [35m[1mScanning dependencies of target wgs84_uitls_test[0m
[38.306s] [ 80%] [32mBuilding CXX object CMakeFiles/wgs84_uitls_test.dir/test/test_main.cpp.o[0m
[41.734s] [ 90%] [32mBuilding CXX object CMakeFiles/wgs84_uitls_test.dir/test/proj_tools_test.cpp.o[0m
[43.893s] [100%] [32m[1mLinking CXX executable devel/lib/wgs84_utils/wgs84_uitls_test[0m
[44.148s] [100%] Built target wgs84_uitls_test
[44.157s] [35m[1mScanning dependencies of target tests[0m
[44.169s] [100%] Built target tests
