[0.063s] Invoking command in '/workspaces/carma_ws/src/build/autoware_build_flags': /usr/bin/cmake /workspaces/carma_ws/src/autoware.ai/common/autoware_build_flags -DCATKIN_INSTALL_INTO_PREFIX_ROOT=0 -DCMAKE_INSTALL_PREFIX=/workspaces/carma_ws/src/install/autoware_build_flags
[0.232s] -- The C compiler identification is GNU 9.3.0
[0.356s] -- The CXX compiler identification is GNU 9.3.0
[0.381s] -- Check for working C compiler: /usr/bin/cc
[0.485s] -- Check for working C compiler: /usr/bin/cc -- works
[0.487s] -- Detecting C compiler ABI info
[0.628s] -- Detecting C compiler ABI info - done
[0.680s] -- Detecting C compile features
[0.684s] -- Detecting C compile features - done
[0.690s] -- Check for working CXX compiler: /usr/bin/c++
[0.838s] -- Check for working CXX compiler: /usr/bin/c++ -- works
[0.840s] -- Detecting CXX compiler ABI info
[0.973s] -- Detecting CXX compiler ABI info - done
[1.026s] -- Detecting CXX compile features
[1.028s] -- Detecting CXX compile features - done
[1.034s] -- Using CATKIN_DEVEL_PREFIX: /workspaces/carma_ws/src/build/autoware_build_flags/devel
[1.034s] -- Using CMAKE_PREFIX_PATH: /opt/ros/noetic
[1.034s] -- This workspace overlays: /opt/ros/noetic
[1.094s] -- Found PythonInterp: /usr/bin/python3 (found suitable version "3.8.10", minimum required is "3") 
[1.094s] -- Using PYTHON_EXECUTABLE: /usr/bin/python3
[1.094s] -- Using Debian Python package layout
[1.148s] -- Found PY_em: /usr/lib/python3/dist-packages/em.py  
[1.149s] -- Using empy: /usr/lib/python3/dist-packages/em.py
[1.449s] -- Using CATKIN_ENABLE_TESTING: ON
[1.449s] -- Call enable_testing()
[1.453s] -- Using CATKIN_TEST_RESULTS_DIR: /workspaces/carma_ws/src/build/autoware_build_flags/test_results
[2.101s] -- Forcing gtest/gmock from source, though one was otherwise available.
[2.101s] -- Found gtest sources under '/usr/src/googletest': gtests will be built
[2.101s] -- Found gmock sources under '/usr/src/googletest': gmock will be built
[2.148s] -- Found PythonInterp: /usr/bin/python3 (found version "3.8.10") 
[2.154s] -- Found Threads: TRUE  
[2.164s] -- Using Python nosetests: /usr/bin/nosetests3
[2.278s] -- catkin 0.8.10
[2.278s] -- BUILD_SHARED_LIBS is on
[2.957s] -- Configuring done
[2.982s] -- Generating done
[2.988s] -- Build files have been written to: /workspaces/carma_ws/src/build/autoware_build_flags
[3.012s] Invoked command in '/workspaces/carma_ws/src/build/autoware_build_flags' returned '0': /usr/bin/cmake /workspaces/carma_ws/src/autoware.ai/common/autoware_build_flags -DCATKIN_INSTALL_INTO_PREFIX_ROOT=0 -DCMAKE_INSTALL_PREFIX=/workspaces/carma_ws/src/install/autoware_build_flags
[3.013s] Invoking command in '/workspaces/carma_ws/src/build/autoware_build_flags': /usr/bin/cmake --build /workspaces/carma_ws/src/build/autoware_build_flags -- -j12 -l12
[3.560s] Invoked command in '/workspaces/carma_ws/src/build/autoware_build_flags' returned '0': /usr/bin/cmake --build /workspaces/carma_ws/src/build/autoware_build_flags -- -j12 -l12
[3.736s] Invoking command in '/workspaces/carma_ws/src/build/autoware_build_flags': /usr/bin/cmake --build /workspaces/carma_ws/src/build/autoware_build_flags --target tests -- -j12 -l12
[4.751s] [35m[1mScanning dependencies of target tests[0m
[4.752s] Built target tests
[4.809s] Invoked command in '/workspaces/carma_ws/src/build/autoware_build_flags' returned '0': /usr/bin/cmake --build /workspaces/carma_ws/src/build/autoware_build_flags --target tests -- -j12 -l12
[5.686s] Invoking command in '/workspaces/carma_ws/src/build/autoware_build_flags': /usr/bin/cmake --install /workspaces/carma_ws/src/build/autoware_build_flags
[8.829s] -- Install configuration: ""
[8.830s] -- Installing: /workspaces/carma_ws/src/install/autoware_build_flags/lib/pkgconfig/autoware_build_flags.pc
[8.830s] -- Installing: /workspaces/carma_ws/src/install/autoware_build_flags/share/autoware_build_flags/cmake/autoware_build_flags-extras.cmake
[8.830s] -- Installing: /workspaces/carma_ws/src/install/autoware_build_flags/share/autoware_build_flags/cmake/autoware_build_flagsConfig.cmake
[8.830s] -- Installing: /workspaces/carma_ws/src/install/autoware_build_flags/share/autoware_build_flags/cmake/autoware_build_flagsConfig-version.cmake
[8.830s] -- Installing: /workspaces/carma_ws/src/install/autoware_build_flags/share/autoware_build_flags/package.xml
[8.886s] Invoked command in '/workspaces/carma_ws/src/build/autoware_build_flags' returned '0': /usr/bin/cmake --install /workspaces/carma_ws/src/build/autoware_build_flags
