-- The C compiler identification is GNU 9.3.0
-- The CXX compiler identification is GNU 9.3.0
-- Check for working C compiler: /usr/bin/cc
-- Check for working C compiler: /usr/bin/cc -- works
-- Detecting C compiler ABI info
-- Detecting C compiler ABI info - done
-- Detecting C compile features
-- Detecting C compile features - done
-- Check for working CXX compiler: /usr/bin/c++
-- Check for working CXX compiler: /usr/bin/c++ -- works
-- Detecting CXX compiler ABI info
-- Detecting CXX compiler ABI info - done
-- Detecting CXX compile features
-- Detecting CXX compile features - done
-- Using CATKIN_DEVEL_PREFIX: /workspaces/carma_ws/src/build/autoware_lanelet2_msgs/devel
-- Using CMAKE_PREFIX_PATH: /opt/ros/noetic
-- This workspace overlays: /opt/ros/noetic
-- Found PythonInterp: /usr/bin/python3 (found suitable version "3.8.10", minimum required is "3") 
-- Using PYTHON_EXECUTABLE: /usr/bin/python3
-- Using Debian Python package layout
-- Found PY_em: /usr/lib/python3/dist-packages/em.py  
-- Using empy: /usr/lib/python3/dist-packages/em.py
-- Using CATKIN_ENABLE_TESTING: ON
-- Call enable_testing()
-- Using CATKIN_TEST_RESULTS_DIR: /workspaces/carma_ws/src/build/autoware_lanelet2_msgs/test_results
-- Forcing gtest/gmock from source, though one was otherwise available.
-- Found gtest sources under '/usr/src/googletest': gtests will be built
-- Found gmock sources under '/usr/src/googletest': gmock will be built
-- Found PythonInterp: /usr/bin/python3 (found version "3.8.10") 
-- Found Threads: TRUE  
-- Using Python nosetests: /usr/bin/nosetests3
-- catkin 0.8.10
-- BUILD_SHARED_LIBS is on
-- Using these message generators: gencpp;geneus;genlisp;gennodejs;genpy
-- autoware_lanelet2_msgs: 1 messages, 0 services
-- Configuring done
-- Generating done
-- Build files have been written to: /workspaces/carma_ws/src/build/autoware_lanelet2_msgs
[35m[1mScanning dependencies of target std_msgs_generate_messages_py[0m
[35m[1mScanning dependencies of target std_msgs_generate_messages_cpp[0m
[35m[1mScanning dependencies of target _autoware_lanelet2_msgs_generate_messages_check_deps_MapBin[0m
[35m[1mScanning dependencies of target std_msgs_generate_messages_eus[0m
[35m[1mScanning dependencies of target std_msgs_generate_messages_nodejs[0m
[35m[1mScanning dependencies of target std_msgs_generate_messages_lisp[0m
[  0%] Built target std_msgs_generate_messages_eus
[  0%] Built target std_msgs_generate_messages_cpp
[  0%] Built target std_msgs_generate_messages_py
[  0%] Built target std_msgs_generate_messages_nodejs
[  0%] Built target std_msgs_generate_messages_lisp
[  0%] Built target _autoware_lanelet2_msgs_generate_messages_check_deps_MapBin
[35m[1mScanning dependencies of target autoware_lanelet2_msgs_generate_messages_eus[0m
[35m[1mScanning dependencies of target autoware_lanelet2_msgs_generate_messages_lisp[0m
[35m[1mScanning dependencies of target autoware_lanelet2_msgs_generate_messages_py[0m
[ 14%] [34m[1mGenerating Lisp code from autoware_lanelet2_msgs/MapBin.msg[0m
[35m[1mScanning dependencies of target autoware_lanelet2_msgs_generate_messages_cpp[0m
[ 28%] [34m[1mGenerating EusLisp manifest code for autoware_lanelet2_msgs[0m
[35m[1mScanning dependencies of target autoware_lanelet2_msgs_generate_messages_nodejs[0m
[ 42%] [34m[1mGenerating EusLisp code from autoware_lanelet2_msgs/MapBin.msg[0m
[ 57%] [34m[1mGenerating C++ code from autoware_lanelet2_msgs/MapBin.msg[0m
[ 71%] [34m[1mGenerating Python from MSG autoware_lanelet2_msgs/MapBin[0m
[ 85%] [34m[1mGenerating Javascript code from autoware_lanelet2_msgs/MapBin.msg[0m
[ 85%] Built target autoware_lanelet2_msgs_generate_messages_lisp
[ 85%] Built target autoware_lanelet2_msgs_generate_messages_nodejs
[100%] [34m[1mGenerating Python msg __init__.py for autoware_lanelet2_msgs[0m
[100%] Built target autoware_lanelet2_msgs_generate_messages_cpp
[100%] Built target autoware_lanelet2_msgs_generate_messages_py
[100%] Built target autoware_lanelet2_msgs_generate_messages_eus
[35m[1mScanning dependencies of target autoware_lanelet2_msgs_generate_messages[0m
[100%] Built target autoware_lanelet2_msgs_generate_messages
[35m[1mScanning dependencies of target tests[0m
Built target tests
-- Install configuration: ""
-- Installing: /workspaces/carma_ws/src/install/autoware_lanelet2_msgs/share/autoware_lanelet2_msgs/msg/MapBin.msg
-- Installing: /workspaces/carma_ws/src/install/autoware_lanelet2_msgs/share/autoware_lanelet2_msgs/cmake/autoware_lanelet2_msgs-msg-paths.cmake
-- Installing: /workspaces/carma_ws/src/install/autoware_lanelet2_msgs/include/autoware_lanelet2_msgs
-- Installing: /workspaces/carma_ws/src/install/autoware_lanelet2_msgs/include/autoware_lanelet2_msgs/MapBin.h
-- Installing: /workspaces/carma_ws/src/install/autoware_lanelet2_msgs/share/roseus/ros/autoware_lanelet2_msgs
-- Installing: /workspaces/carma_ws/src/install/autoware_lanelet2_msgs/share/roseus/ros/autoware_lanelet2_msgs/msg
-- Installing: /workspaces/carma_ws/src/install/autoware_lanelet2_msgs/share/roseus/ros/autoware_lanelet2_msgs/msg/MapBin.l
-- Installing: /workspaces/carma_ws/src/install/autoware_lanelet2_msgs/share/roseus/ros/autoware_lanelet2_msgs/manifest.l
-- Installing: /workspaces/carma_ws/src/install/autoware_lanelet2_msgs/share/common-lisp/ros/autoware_lanelet2_msgs
-- Installing: /workspaces/carma_ws/src/install/autoware_lanelet2_msgs/share/common-lisp/ros/autoware_lanelet2_msgs/msg
-- Installing: /workspaces/carma_ws/src/install/autoware_lanelet2_msgs/share/common-lisp/ros/autoware_lanelet2_msgs/msg/_package_MapBin.lisp
-- Installing: /workspaces/carma_ws/src/install/autoware_lanelet2_msgs/share/common-lisp/ros/autoware_lanelet2_msgs/msg/autoware_lanelet2_msgs-msg.asd
-- Installing: /workspaces/carma_ws/src/install/autoware_lanelet2_msgs/share/common-lisp/ros/autoware_lanelet2_msgs/msg/MapBin.lisp
-- Installing: /workspaces/carma_ws/src/install/autoware_lanelet2_msgs/share/common-lisp/ros/autoware_lanelet2_msgs/msg/_package.lisp
-- Installing: /workspaces/carma_ws/src/install/autoware_lanelet2_msgs/share/gennodejs/ros/autoware_lanelet2_msgs
-- Installing: /workspaces/carma_ws/src/install/autoware_lanelet2_msgs/share/gennodejs/ros/autoware_lanelet2_msgs/_index.js
-- Installing: /workspaces/carma_ws/src/install/autoware_lanelet2_msgs/share/gennodejs/ros/autoware_lanelet2_msgs/msg
-- Installing: /workspaces/carma_ws/src/install/autoware_lanelet2_msgs/share/gennodejs/ros/autoware_lanelet2_msgs/msg/_index.js
-- Installing: /workspaces/carma_ws/src/install/autoware_lanelet2_msgs/share/gennodejs/ros/autoware_lanelet2_msgs/msg/MapBin.js
Listing '/workspaces/carma_ws/src/build/autoware_lanelet2_msgs/devel/lib/python3/dist-packages/autoware_lanelet2_msgs'...
Compiling '/workspaces/carma_ws/src/build/autoware_lanelet2_msgs/devel/lib/python3/dist-packages/autoware_lanelet2_msgs/__init__.py'...
Listing '/workspaces/carma_ws/src/build/autoware_lanelet2_msgs/devel/lib/python3/dist-packages/autoware_lanelet2_msgs/msg'...
Compiling '/workspaces/carma_ws/src/build/autoware_lanelet2_msgs/devel/lib/python3/dist-packages/autoware_lanelet2_msgs/msg/_MapBin.py'...
Compiling '/workspaces/carma_ws/src/build/autoware_lanelet2_msgs/devel/lib/python3/dist-packages/autoware_lanelet2_msgs/msg/__init__.py'...
-- Installing: /workspaces/carma_ws/src/install/autoware_lanelet2_msgs/lib/python3/dist-packages/autoware_lanelet2_msgs
-- Installing: /workspaces/carma_ws/src/install/autoware_lanelet2_msgs/lib/python3/dist-packages/autoware_lanelet2_msgs/__pycache__
-- Installing: /workspaces/carma_ws/src/install/autoware_lanelet2_msgs/lib/python3/dist-packages/autoware_lanelet2_msgs/__pycache__/__init__.cpython-38.pyc
-- Installing: /workspaces/carma_ws/src/install/autoware_lanelet2_msgs/lib/python3/dist-packages/autoware_lanelet2_msgs/msg
-- Installing: /workspaces/carma_ws/src/install/autoware_lanelet2_msgs/lib/python3/dist-packages/autoware_lanelet2_msgs/msg/__pycache__
-- Installing: /workspaces/carma_ws/src/install/autoware_lanelet2_msgs/lib/python3/dist-packages/autoware_lanelet2_msgs/msg/__pycache__/_MapBin.cpython-38.pyc
-- Installing: /workspaces/carma_ws/src/install/autoware_lanelet2_msgs/lib/python3/dist-packages/autoware_lanelet2_msgs/msg/__pycache__/__init__.cpython-38.pyc
-- Installing: /workspaces/carma_ws/src/install/autoware_lanelet2_msgs/lib/python3/dist-packages/autoware_lanelet2_msgs/msg/_MapBin.py
-- Installing: /workspaces/carma_ws/src/install/autoware_lanelet2_msgs/lib/python3/dist-packages/autoware_lanelet2_msgs/msg/__init__.py
-- Installing: /workspaces/carma_ws/src/install/autoware_lanelet2_msgs/lib/python3/dist-packages/autoware_lanelet2_msgs/__init__.py
-- Installing: /workspaces/carma_ws/src/install/autoware_lanelet2_msgs/lib/pkgconfig/autoware_lanelet2_msgs.pc
-- Installing: /workspaces/carma_ws/src/install/autoware_lanelet2_msgs/share/autoware_lanelet2_msgs/cmake/autoware_lanelet2_msgs-msg-extras.cmake
-- Installing: /workspaces/carma_ws/src/install/autoware_lanelet2_msgs/share/autoware_lanelet2_msgs/cmake/autoware_lanelet2_msgsConfig.cmake
-- Installing: /workspaces/carma_ws/src/install/autoware_lanelet2_msgs/share/autoware_lanelet2_msgs/cmake/autoware_lanelet2_msgsConfig-version.cmake
-- Installing: /workspaces/carma_ws/src/install/autoware_lanelet2_msgs/share/autoware_lanelet2_msgs/package.xml
