[0.063s] Invoking command in '/workspaces/carma_ws/src/build/autoware_lanelet2_msgs': /usr/bin/cmake /workspaces/carma_ws/src/autoware.ai/messages/autoware_lanelet2_msgs -DCATKIN_INSTALL_INTO_PREFIX_ROOT=0 -DCMAKE_INSTALL_PREFIX=/workspaces/carma_ws/src/install/autoware_lanelet2_msgs
[0.206s] -- The C compiler identification is GNU 9.3.0
[0.329s] -- The CXX compiler identification is GNU 9.3.0
[0.344s] -- Check for working C compiler: /usr/bin/cc
[0.494s] -- Check for working C compiler: /usr/bin/cc -- works
[0.496s] -- Detecting C compiler ABI info
[0.615s] -- Detecting C compiler ABI info - done
[0.686s] -- Detecting C compile features
[0.689s] -- Detecting C compile features - done
[0.695s] -- Check for working CXX compiler: /usr/bin/c++
[0.844s] -- Check for working CXX compiler: /usr/bin/c++ -- works
[0.846s] -- Detecting CXX compiler ABI info
[1.025s] -- Detecting CXX compiler ABI info - done
[1.053s] -- Detecting CXX compile features
[1.055s] -- Detecting CXX compile features - done
[1.061s] -- Using CATKIN_DEVEL_PREFIX: /workspaces/carma_ws/src/build/autoware_lanelet2_msgs/devel
[1.062s] -- Using CMAKE_PREFIX_PATH: /opt/ros/noetic
[1.062s] -- This workspace overlays: /opt/ros/noetic
[1.138s] -- Found PythonInterp: /usr/bin/python3 (found suitable version "3.8.10", minimum required is "3") 
[1.140s] -- Using PYTHON_EXECUTABLE: /usr/bin/python3
[1.140s] -- Using Debian Python package layout
[1.236s] -- Found PY_em: /usr/lib/python3/dist-packages/em.py  
[1.237s] -- Using empy: /usr/lib/python3/dist-packages/em.py
[1.521s] -- Using CATKIN_ENABLE_TESTING: ON
[1.523s] -- Call enable_testing()
[1.524s] -- Using CATKIN_TEST_RESULTS_DIR: /workspaces/carma_ws/src/build/autoware_lanelet2_msgs/test_results
[2.088s] -- Forcing gtest/gmock from source, though one was otherwise available.
[2.090s] -- Found gtest sources under '/usr/src/googletest': gtests will be built
[2.091s] -- Found gmock sources under '/usr/src/googletest': gmock will be built
[2.134s] -- Found PythonInterp: /usr/bin/python3 (found version "3.8.10") 
[2.136s] -- Found Threads: TRUE  
[2.143s] -- Using Python nosetests: /usr/bin/nosetests3
[2.263s] -- catkin 0.8.10
[2.263s] -- BUILD_SHARED_LIBS is on
[2.692s] -- Using these message generators: gencpp;geneus;genlisp;gennodejs;genpy
[3.178s] -- autoware_lanelet2_msgs: 1 messages, 0 services
[3.485s] -- Configuring done
[3.520s] -- Generating done
[3.521s] -- Build files have been written to: /workspaces/carma_ws/src/build/autoware_lanelet2_msgs
[3.576s] Invoked command in '/workspaces/carma_ws/src/build/autoware_lanelet2_msgs' returned '0': /usr/bin/cmake /workspaces/carma_ws/src/autoware.ai/messages/autoware_lanelet2_msgs -DCATKIN_INSTALL_INTO_PREFIX_ROOT=0 -DCMAKE_INSTALL_PREFIX=/workspaces/carma_ws/src/install/autoware_lanelet2_msgs
[3.577s] Invoking command in '/workspaces/carma_ws/src/build/autoware_lanelet2_msgs': /usr/bin/cmake --build /workspaces/carma_ws/src/build/autoware_lanelet2_msgs -- -j12 -l12
[3.743s] [35m[1mScanning dependencies of target std_msgs_generate_messages_py[0m
[3.746s] [35m[1mScanning dependencies of target std_msgs_generate_messages_cpp[0m
[3.749s] [35m[1mScanning dependencies of target _autoware_lanelet2_msgs_generate_messages_check_deps_MapBin[0m
[3.750s] [35m[1mScanning dependencies of target std_msgs_generate_messages_eus[0m
[3.771s] [35m[1mScanning dependencies of target std_msgs_generate_messages_nodejs[0m
[3.775s] [35m[1mScanning dependencies of target std_msgs_generate_messages_lisp[0m
[3.782s] [  0%] Built target std_msgs_generate_messages_eus
[3.799s] [  0%] Built target std_msgs_generate_messages_cpp
[3.829s] [  0%] Built target std_msgs_generate_messages_py
[3.863s] [  0%] Built target std_msgs_generate_messages_nodejs
[3.876s] [  0%] Built target std_msgs_generate_messages_lisp
[3.935s] [  0%] Built target _autoware_lanelet2_msgs_generate_messages_check_deps_MapBin
[4.050s] [35m[1mScanning dependencies of target autoware_lanelet2_msgs_generate_messages_eus[0m
[4.054s] [35m[1mScanning dependencies of target autoware_lanelet2_msgs_generate_messages_lisp[0m
[4.069s] [35m[1mScanning dependencies of target autoware_lanelet2_msgs_generate_messages_py[0m
[4.102s] [ 14%] [34m[1mGenerating Lisp code from autoware_lanelet2_msgs/MapBin.msg[0m
[4.113s] [35m[1mScanning dependencies of target autoware_lanelet2_msgs_generate_messages_cpp[0m
[4.132s] [ 28%] [34m[1mGenerating EusLisp manifest code for autoware_lanelet2_msgs[0m
[4.142s] [35m[1mScanning dependencies of target autoware_lanelet2_msgs_generate_messages_nodejs[0m
[4.144s] [ 42%] [34m[1mGenerating EusLisp code from autoware_lanelet2_msgs/MapBin.msg[0m
[4.154s] [ 57%] [34m[1mGenerating C++ code from autoware_lanelet2_msgs/MapBin.msg[0m
[4.200s] [ 71%] [34m[1mGenerating Python from MSG autoware_lanelet2_msgs/MapBin[0m
[4.225s] [ 85%] [34m[1mGenerating Javascript code from autoware_lanelet2_msgs/MapBin.msg[0m
[4.355s] [ 85%] Built target autoware_lanelet2_msgs_generate_messages_lisp
[4.633s] [ 85%] Built target autoware_lanelet2_msgs_generate_messages_nodejs
[5.242s] [100%] [34m[1mGenerating Python msg __init__.py for autoware_lanelet2_msgs[0m
[5.519s] [100%] Built target autoware_lanelet2_msgs_generate_messages_cpp
[6.666s] [100%] Built target autoware_lanelet2_msgs_generate_messages_py
[8.150s] [100%] Built target autoware_lanelet2_msgs_generate_messages_eus
[8.205s] [35m[1mScanning dependencies of target autoware_lanelet2_msgs_generate_messages[0m
[8.251s] [100%] Built target autoware_lanelet2_msgs_generate_messages
[8.401s] Invoked command in '/workspaces/carma_ws/src/build/autoware_lanelet2_msgs' returned '0': /usr/bin/cmake --build /workspaces/carma_ws/src/build/autoware_lanelet2_msgs -- -j12 -l12
[9.148s] Invoking command in '/workspaces/carma_ws/src/build/autoware_lanelet2_msgs': /usr/bin/cmake --build /workspaces/carma_ws/src/build/autoware_lanelet2_msgs --target tests -- -j12 -l12
[9.614s] [35m[1mScanning dependencies of target tests[0m
[9.765s] Built target tests
[9.924s] Invoked command in '/workspaces/carma_ws/src/build/autoware_lanelet2_msgs' returned '0': /usr/bin/cmake --build /workspaces/carma_ws/src/build/autoware_lanelet2_msgs --target tests -- -j12 -l12
[10.996s] Invoking command in '/workspaces/carma_ws/src/build/autoware_lanelet2_msgs': /usr/bin/cmake --install /workspaces/carma_ws/src/build/autoware_lanelet2_msgs
[19.521s] -- Install configuration: ""
[19.521s] -- Installing: /workspaces/carma_ws/src/install/autoware_lanelet2_msgs/share/autoware_lanelet2_msgs/msg/MapBin.msg
[19.521s] -- Installing: /workspaces/carma_ws/src/install/autoware_lanelet2_msgs/share/autoware_lanelet2_msgs/cmake/autoware_lanelet2_msgs-msg-paths.cmake
[19.521s] -- Installing: /workspaces/carma_ws/src/install/autoware_lanelet2_msgs/include/autoware_lanelet2_msgs
[19.521s] -- Installing: /workspaces/carma_ws/src/install/autoware_lanelet2_msgs/include/autoware_lanelet2_msgs/MapBin.h
[19.521s] -- Installing: /workspaces/carma_ws/src/install/autoware_lanelet2_msgs/share/roseus/ros/autoware_lanelet2_msgs
[19.521s] -- Installing: /workspaces/carma_ws/src/install/autoware_lanelet2_msgs/share/roseus/ros/autoware_lanelet2_msgs/msg
[19.521s] -- Installing: /workspaces/carma_ws/src/install/autoware_lanelet2_msgs/share/roseus/ros/autoware_lanelet2_msgs/msg/MapBin.l
[19.521s] -- Installing: /workspaces/carma_ws/src/install/autoware_lanelet2_msgs/share/roseus/ros/autoware_lanelet2_msgs/manifest.l
[19.522s] -- Installing: /workspaces/carma_ws/src/install/autoware_lanelet2_msgs/share/common-lisp/ros/autoware_lanelet2_msgs
[19.522s] -- Installing: /workspaces/carma_ws/src/install/autoware_lanelet2_msgs/share/common-lisp/ros/autoware_lanelet2_msgs/msg
[19.522s] -- Installing: /workspaces/carma_ws/src/install/autoware_lanelet2_msgs/share/common-lisp/ros/autoware_lanelet2_msgs/msg/_package_MapBin.lisp
[19.522s] -- Installing: /workspaces/carma_ws/src/install/autoware_lanelet2_msgs/share/common-lisp/ros/autoware_lanelet2_msgs/msg/autoware_lanelet2_msgs-msg.asd
[19.522s] -- Installing: /workspaces/carma_ws/src/install/autoware_lanelet2_msgs/share/common-lisp/ros/autoware_lanelet2_msgs/msg/MapBin.lisp
[19.522s] -- Installing: /workspaces/carma_ws/src/install/autoware_lanelet2_msgs/share/common-lisp/ros/autoware_lanelet2_msgs/msg/_package.lisp
[19.522s] -- Installing: /workspaces/carma_ws/src/install/autoware_lanelet2_msgs/share/gennodejs/ros/autoware_lanelet2_msgs
[19.522s] -- Installing: /workspaces/carma_ws/src/install/autoware_lanelet2_msgs/share/gennodejs/ros/autoware_lanelet2_msgs/_index.js
[19.522s] -- Installing: /workspaces/carma_ws/src/install/autoware_lanelet2_msgs/share/gennodejs/ros/autoware_lanelet2_msgs/msg
[19.522s] -- Installing: /workspaces/carma_ws/src/install/autoware_lanelet2_msgs/share/gennodejs/ros/autoware_lanelet2_msgs/msg/_index.js
[19.523s] -- Installing: /workspaces/carma_ws/src/install/autoware_lanelet2_msgs/share/gennodejs/ros/autoware_lanelet2_msgs/msg/MapBin.js
[19.523s] Listing '/workspaces/carma_ws/src/build/autoware_lanelet2_msgs/devel/lib/python3/dist-packages/autoware_lanelet2_msgs'...
[19.523s] Compiling '/workspaces/carma_ws/src/build/autoware_lanelet2_msgs/devel/lib/python3/dist-packages/autoware_lanelet2_msgs/__init__.py'...
[19.523s] Listing '/workspaces/carma_ws/src/build/autoware_lanelet2_msgs/devel/lib/python3/dist-packages/autoware_lanelet2_msgs/msg'...
[19.523s] Compiling '/workspaces/carma_ws/src/build/autoware_lanelet2_msgs/devel/lib/python3/dist-packages/autoware_lanelet2_msgs/msg/_MapBin.py'...
[19.523s] Compiling '/workspaces/carma_ws/src/build/autoware_lanelet2_msgs/devel/lib/python3/dist-packages/autoware_lanelet2_msgs/msg/__init__.py'...
[19.523s] -- Installing: /workspaces/carma_ws/src/install/autoware_lanelet2_msgs/lib/python3/dist-packages/autoware_lanelet2_msgs
[19.524s] -- Installing: /workspaces/carma_ws/src/install/autoware_lanelet2_msgs/lib/python3/dist-packages/autoware_lanelet2_msgs/__pycache__
[19.524s] -- Installing: /workspaces/carma_ws/src/install/autoware_lanelet2_msgs/lib/python3/dist-packages/autoware_lanelet2_msgs/__pycache__/__init__.cpython-38.pyc
[19.524s] -- Installing: /workspaces/carma_ws/src/install/autoware_lanelet2_msgs/lib/python3/dist-packages/autoware_lanelet2_msgs/msg
[19.524s] -- Installing: /workspaces/carma_ws/src/install/autoware_lanelet2_msgs/lib/python3/dist-packages/autoware_lanelet2_msgs/msg/__pycache__
[19.524s] -- Installing: /workspaces/carma_ws/src/install/autoware_lanelet2_msgs/lib/python3/dist-packages/autoware_lanelet2_msgs/msg/__pycache__/_MapBin.cpython-38.pyc
[19.524s] -- Installing: /workspaces/carma_ws/src/install/autoware_lanelet2_msgs/lib/python3/dist-packages/autoware_lanelet2_msgs/msg/__pycache__/__init__.cpython-38.pyc
[19.524s] -- Installing: /workspaces/carma_ws/src/install/autoware_lanelet2_msgs/lib/python3/dist-packages/autoware_lanelet2_msgs/msg/_MapBin.py
[19.524s] -- Installing: /workspaces/carma_ws/src/install/autoware_lanelet2_msgs/lib/python3/dist-packages/autoware_lanelet2_msgs/msg/__init__.py
[19.524s] -- Installing: /workspaces/carma_ws/src/install/autoware_lanelet2_msgs/lib/python3/dist-packages/autoware_lanelet2_msgs/__init__.py
[19.524s] -- Installing: /workspaces/carma_ws/src/install/autoware_lanelet2_msgs/lib/pkgconfig/autoware_lanelet2_msgs.pc
[19.524s] -- Installing: /workspaces/carma_ws/src/install/autoware_lanelet2_msgs/share/autoware_lanelet2_msgs/cmake/autoware_lanelet2_msgs-msg-extras.cmake
[19.525s] -- Installing: /workspaces/carma_ws/src/install/autoware_lanelet2_msgs/share/autoware_lanelet2_msgs/cmake/autoware_lanelet2_msgsConfig.cmake
[19.525s] -- Installing: /workspaces/carma_ws/src/install/autoware_lanelet2_msgs/share/autoware_lanelet2_msgs/cmake/autoware_lanelet2_msgsConfig-version.cmake
[19.525s] -- Installing: /workspaces/carma_ws/src/install/autoware_lanelet2_msgs/share/autoware_lanelet2_msgs/package.xml
[19.572s] Invoked command in '/workspaces/carma_ws/src/build/autoware_lanelet2_msgs' returned '0': /usr/bin/cmake --install /workspaces/carma_ws/src/build/autoware_lanelet2_msgs
