-- The C compiler identification is GNU 9.3.0
-- The CXX compiler identification is GNU 9.3.0
-- Check for working C compiler: /usr/bin/cc
-- Check for working C compiler: /usr/bin/cc -- works
-- Detecting C compiler ABI info
-- Detecting C compiler ABI info - done
-- Detecting C compile features
-- Detecting C compile features - done
-- Check for working CXX compiler: /usr/bin/c++
-- Check for working CXX compiler: /usr/bin/c++ -- works
-- Detecting CXX compiler ABI info
-- Detecting CXX compiler ABI info - done
-- Detecting CXX compile features
-- Detecting CXX compile features - done
-- Using CATKIN_DEVEL_PREFIX: /workspaces/carma_ws/src/build/autoware_can_msgs/devel
-- Using CMAKE_PREFIX_PATH: /opt/ros/noetic
-- This workspace overlays: /opt/ros/noetic
-- Found PythonInterp: /usr/bin/python3 (found suitable version "3.8.10", minimum required is "3") 
-- Using PYTHON_EXECUTABLE: /usr/bin/python3
-- Using Debian Python package layout
-- Found PY_em: /usr/lib/python3/dist-packages/em.py  
-- Using empy: /usr/lib/python3/dist-packages/em.py
-- Using CATKIN_ENABLE_TESTING: ON
-- Call enable_testing()
-- Using CATKIN_TEST_RESULTS_DIR: /workspaces/carma_ws/src/build/autoware_can_msgs/test_results
-- Forcing gtest/gmock from source, though one was otherwise available.
-- Found gtest sources under '/usr/src/googletest': gtests will be built
-- Found gmock sources under '/usr/src/googletest': gmock will be built
-- Found PythonInterp: /usr/bin/python3 (found version "3.8.10") 
-- Found Threads: TRUE  
-- Using Python nosetests: /usr/bin/nosetests3
-- catkin 0.8.10
-- BUILD_SHARED_LIBS is on
-- Using these message generators: gencpp;geneus;genlisp;gennodejs;genpy
-- autoware_can_msgs: 3 messages, 0 services
-- Configuring done
-- Generating done
-- Build files have been written to: /workspaces/carma_ws/src/build/autoware_can_msgs
[35m[1mScanning dependencies of target _autoware_can_msgs_generate_messages_check_deps_CANInfo[0m
[35m[1mScanning dependencies of target std_msgs_generate_messages_eus[0m
[35m[1mScanning dependencies of target _autoware_can_msgs_generate_messages_check_deps_CANPacket[0m
[35m[1mScanning dependencies of target std_msgs_generate_messages_cpp[0m
[35m[1mScanning dependencies of target std_msgs_generate_messages_lisp[0m
[35m[1mScanning dependencies of target _autoware_can_msgs_generate_messages_check_deps_CANData[0m
[  0%] Built target std_msgs_generate_messages_eus
[  0%] Built target std_msgs_generate_messages_lisp
[  0%] Built target std_msgs_generate_messages_cpp
[35m[1mScanning dependencies of target std_msgs_generate_messages_py[0m
[  0%] Built target _autoware_can_msgs_generate_messages_check_deps_CANInfo
[35m[1mScanning dependencies of target std_msgs_generate_messages_nodejs[0m
[  0%] Built target _autoware_can_msgs_generate_messages_check_deps_CANPacket
[  0%] Built target std_msgs_generate_messages_py
[  0%] Built target std_msgs_generate_messages_nodejs
[  0%] Built target _autoware_can_msgs_generate_messages_check_deps_CANData
[35m[1mScanning dependencies of target autoware_can_msgs_generate_messages_lisp[0m
[35m[1mScanning dependencies of target autoware_can_msgs_generate_messages_eus[0m
[35m[1mScanning dependencies of target autoware_can_msgs_generate_messages_py[0m
[35m[1mScanning dependencies of target autoware_can_msgs_generate_messages_cpp[0m
[  5%] [34m[1mGenerating Lisp code from autoware_can_msgs/CANInfo.msg[0m
[ 11%] [34m[1mGenerating EusLisp code from autoware_can_msgs/CANInfo.msg[0m
[ 17%] [34m[1mGenerating Lisp code from autoware_can_msgs/CANPacket.msg[0m
[ 23%] [34m[1mGenerating EusLisp code from autoware_can_msgs/CANData.msg[0m
[ 29%] [34m[1mGenerating Lisp code from autoware_can_msgs/CANData.msg[0m
[ 35%] [34m[1mGenerating Python from MSG autoware_can_msgs/CANInfo[0m
[ 41%] [34m[1mGenerating EusLisp code from autoware_can_msgs/CANPacket.msg[0m
[ 47%] [34m[1mGenerating EusLisp manifest code for autoware_can_msgs[0m
[ 52%] [34m[1mGenerating C++ code from autoware_can_msgs/CANInfo.msg[0m
[35m[1mScanning dependencies of target autoware_can_msgs_generate_messages_nodejs[0m
[ 58%] [34m[1mGenerating Python from MSG autoware_can_msgs/CANData[0m
[ 64%] [34m[1mGenerating Python from MSG autoware_can_msgs/CANPacket[0m
[ 70%] [34m[1mGenerating Javascript code from autoware_can_msgs/CANInfo.msg[0m
[ 76%] [34m[1mGenerating C++ code from autoware_can_msgs/CANData.msg[0m
[ 82%] [34m[1mGenerating Javascript code from autoware_can_msgs/CANData.msg[0m
[ 88%] [34m[1mGenerating Javascript code from autoware_can_msgs/CANPacket.msg[0m
[ 88%] Built target autoware_can_msgs_generate_messages_lisp
[ 94%] [34m[1mGenerating C++ code from autoware_can_msgs/CANPacket.msg[0m
[ 94%] Built target autoware_can_msgs_generate_messages_nodejs
[ 94%] Built target autoware_can_msgs_generate_messages_cpp
[100%] [34m[1mGenerating Python msg __init__.py for autoware_can_msgs[0m
[100%] Built target autoware_can_msgs_generate_messages_eus
[100%] Built target autoware_can_msgs_generate_messages_py
[35m[1mScanning dependencies of target autoware_can_msgs_generate_messages[0m
[100%] Built target autoware_can_msgs_generate_messages
[35m[1mScanning dependencies of target tests[0m
Built target tests
-- Install configuration: ""
-- Installing: /workspaces/carma_ws/src/install/autoware_can_msgs/share/autoware_can_msgs/msg/CANInfo.msg
-- Installing: /workspaces/carma_ws/src/install/autoware_can_msgs/share/autoware_can_msgs/msg/CANData.msg
-- Installing: /workspaces/carma_ws/src/install/autoware_can_msgs/share/autoware_can_msgs/msg/CANPacket.msg
-- Installing: /workspaces/carma_ws/src/install/autoware_can_msgs/share/autoware_can_msgs/cmake/autoware_can_msgs-msg-paths.cmake
-- Installing: /workspaces/carma_ws/src/install/autoware_can_msgs/include/autoware_can_msgs
-- Installing: /workspaces/carma_ws/src/install/autoware_can_msgs/include/autoware_can_msgs/CANPacket.h
-- Installing: /workspaces/carma_ws/src/install/autoware_can_msgs/include/autoware_can_msgs/CANData.h
-- Installing: /workspaces/carma_ws/src/install/autoware_can_msgs/include/autoware_can_msgs/CANInfo.h
-- Installing: /workspaces/carma_ws/src/install/autoware_can_msgs/share/roseus/ros/autoware_can_msgs
-- Installing: /workspaces/carma_ws/src/install/autoware_can_msgs/share/roseus/ros/autoware_can_msgs/msg
-- Installing: /workspaces/carma_ws/src/install/autoware_can_msgs/share/roseus/ros/autoware_can_msgs/msg/CANPacket.l
-- Installing: /workspaces/carma_ws/src/install/autoware_can_msgs/share/roseus/ros/autoware_can_msgs/msg/CANInfo.l
-- Installing: /workspaces/carma_ws/src/install/autoware_can_msgs/share/roseus/ros/autoware_can_msgs/msg/CANData.l
-- Installing: /workspaces/carma_ws/src/install/autoware_can_msgs/share/roseus/ros/autoware_can_msgs/manifest.l
-- Installing: /workspaces/carma_ws/src/install/autoware_can_msgs/share/common-lisp/ros/autoware_can_msgs
-- Installing: /workspaces/carma_ws/src/install/autoware_can_msgs/share/common-lisp/ros/autoware_can_msgs/msg
-- Installing: /workspaces/carma_ws/src/install/autoware_can_msgs/share/common-lisp/ros/autoware_can_msgs/msg/_package_CANData.lisp
-- Installing: /workspaces/carma_ws/src/install/autoware_can_msgs/share/common-lisp/ros/autoware_can_msgs/msg/_package_CANPacket.lisp
-- Installing: /workspaces/carma_ws/src/install/autoware_can_msgs/share/common-lisp/ros/autoware_can_msgs/msg/autoware_can_msgs-msg.asd
-- Installing: /workspaces/carma_ws/src/install/autoware_can_msgs/share/common-lisp/ros/autoware_can_msgs/msg/_package_CANInfo.lisp
-- Installing: /workspaces/carma_ws/src/install/autoware_can_msgs/share/common-lisp/ros/autoware_can_msgs/msg/CANPacket.lisp
-- Installing: /workspaces/carma_ws/src/install/autoware_can_msgs/share/common-lisp/ros/autoware_can_msgs/msg/_package.lisp
-- Installing: /workspaces/carma_ws/src/install/autoware_can_msgs/share/common-lisp/ros/autoware_can_msgs/msg/CANData.lisp
-- Installing: /workspaces/carma_ws/src/install/autoware_can_msgs/share/common-lisp/ros/autoware_can_msgs/msg/CANInfo.lisp
-- Installing: /workspaces/carma_ws/src/install/autoware_can_msgs/share/gennodejs/ros/autoware_can_msgs
-- Installing: /workspaces/carma_ws/src/install/autoware_can_msgs/share/gennodejs/ros/autoware_can_msgs/_index.js
-- Installing: /workspaces/carma_ws/src/install/autoware_can_msgs/share/gennodejs/ros/autoware_can_msgs/msg
-- Installing: /workspaces/carma_ws/src/install/autoware_can_msgs/share/gennodejs/ros/autoware_can_msgs/msg/CANInfo.js
-- Installing: /workspaces/carma_ws/src/install/autoware_can_msgs/share/gennodejs/ros/autoware_can_msgs/msg/_index.js
-- Installing: /workspaces/carma_ws/src/install/autoware_can_msgs/share/gennodejs/ros/autoware_can_msgs/msg/CANData.js
-- Installing: /workspaces/carma_ws/src/install/autoware_can_msgs/share/gennodejs/ros/autoware_can_msgs/msg/CANPacket.js
Listing '/workspaces/carma_ws/src/build/autoware_can_msgs/devel/lib/python3/dist-packages/autoware_can_msgs'...
Compiling '/workspaces/carma_ws/src/build/autoware_can_msgs/devel/lib/python3/dist-packages/autoware_can_msgs/__init__.py'...
Listing '/workspaces/carma_ws/src/build/autoware_can_msgs/devel/lib/python3/dist-packages/autoware_can_msgs/msg'...
Compiling '/workspaces/carma_ws/src/build/autoware_can_msgs/devel/lib/python3/dist-packages/autoware_can_msgs/msg/_CANData.py'...
Compiling '/workspaces/carma_ws/src/build/autoware_can_msgs/devel/lib/python3/dist-packages/autoware_can_msgs/msg/_CANInfo.py'...
Compiling '/workspaces/carma_ws/src/build/autoware_can_msgs/devel/lib/python3/dist-packages/autoware_can_msgs/msg/_CANPacket.py'...
Compiling '/workspaces/carma_ws/src/build/autoware_can_msgs/devel/lib/python3/dist-packages/autoware_can_msgs/msg/__init__.py'...
-- Installing: /workspaces/carma_ws/src/install/autoware_can_msgs/lib/python3/dist-packages/autoware_can_msgs
-- Installing: /workspaces/carma_ws/src/install/autoware_can_msgs/lib/python3/dist-packages/autoware_can_msgs/__pycache__
-- Installing: /workspaces/carma_ws/src/install/autoware_can_msgs/lib/python3/dist-packages/autoware_can_msgs/__pycache__/__init__.cpython-38.pyc
-- Installing: /workspaces/carma_ws/src/install/autoware_can_msgs/lib/python3/dist-packages/autoware_can_msgs/msg
-- Installing: /workspaces/carma_ws/src/install/autoware_can_msgs/lib/python3/dist-packages/autoware_can_msgs/msg/__pycache__
-- Installing: /workspaces/carma_ws/src/install/autoware_can_msgs/lib/python3/dist-packages/autoware_can_msgs/msg/__pycache__/_CANData.cpython-38.pyc
-- Installing: /workspaces/carma_ws/src/install/autoware_can_msgs/lib/python3/dist-packages/autoware_can_msgs/msg/__pycache__/_CANInfo.cpython-38.pyc
-- Installing: /workspaces/carma_ws/src/install/autoware_can_msgs/lib/python3/dist-packages/autoware_can_msgs/msg/__pycache__/_CANPacket.cpython-38.pyc
-- Installing: /workspaces/carma_ws/src/install/autoware_can_msgs/lib/python3/dist-packages/autoware_can_msgs/msg/__pycache__/__init__.cpython-38.pyc
-- Installing: /workspaces/carma_ws/src/install/autoware_can_msgs/lib/python3/dist-packages/autoware_can_msgs/msg/_CANInfo.py
-- Installing: /workspaces/carma_ws/src/install/autoware_can_msgs/lib/python3/dist-packages/autoware_can_msgs/msg/_CANPacket.py
-- Installing: /workspaces/carma_ws/src/install/autoware_can_msgs/lib/python3/dist-packages/autoware_can_msgs/msg/_CANData.py
-- Installing: /workspaces/carma_ws/src/install/autoware_can_msgs/lib/python3/dist-packages/autoware_can_msgs/msg/__init__.py
-- Installing: /workspaces/carma_ws/src/install/autoware_can_msgs/lib/python3/dist-packages/autoware_can_msgs/__init__.py
-- Installing: /workspaces/carma_ws/src/install/autoware_can_msgs/lib/pkgconfig/autoware_can_msgs.pc
-- Installing: /workspaces/carma_ws/src/install/autoware_can_msgs/share/autoware_can_msgs/cmake/autoware_can_msgs-msg-extras.cmake
-- Installing: /workspaces/carma_ws/src/install/autoware_can_msgs/share/autoware_can_msgs/cmake/autoware_can_msgsConfig.cmake
-- Installing: /workspaces/carma_ws/src/install/autoware_can_msgs/share/autoware_can_msgs/cmake/autoware_can_msgsConfig-version.cmake
-- Installing: /workspaces/carma_ws/src/install/autoware_can_msgs/share/autoware_can_msgs/package.xml
