-- The C compiler identification is GNU 9.3.0
-- The CXX compiler identification is GNU 9.3.0
-- Check for working C compiler: /usr/bin/cc
-- Check for working C compiler: /usr/bin/cc -- works
-- Detecting C compiler ABI info
-- Detecting C compiler ABI info - done
-- Detecting C compile features
-- Detecting C compile features - done
-- Check for working CXX compiler: /usr/bin/c++
-- Check for working CXX compiler: /usr/bin/c++ -- works
-- Detecting CXX compiler ABI info
-- Detecting CXX compiler ABI info - done
-- Detecting CXX compile features
-- Detecting CXX compile features - done
-- Using CATKIN_DEVEL_PREFIX: /workspaces/carma_ws/src/build/gnss/devel
-- Using CMAKE_PREFIX_PATH: /opt/ros/noetic
-- This workspace overlays: /opt/ros/noetic
-- Found PythonInterp: /usr/bin/python3 (found suitable version "3.8.10", minimum required is "3") 
-- Using PYTHON_EXECUTABLE: /usr/bin/python3
-- Using Debian Python package layout
-- Found PY_em: /usr/lib/python3/dist-packages/em.py  
-- Using empy: /usr/lib/python3/dist-packages/em.py
-- Using CATKIN_ENABLE_TESTING: ON
-- Call enable_testing()
-- Using CATKIN_TEST_RESULTS_DIR: /workspaces/carma_ws/src/build/gnss/test_results
-- Forcing gtest/gmock from source, though one was otherwise available.
-- Found gtest sources under '/usr/src/googletest': gtests will be built
-- Found gmock sources under '/usr/src/googletest': gmock will be built
-- Found PythonInterp: /usr/bin/python3 (found version "3.8.10") 
-- Found Threads: TRUE  
-- Using Python nosetests: /usr/bin/nosetests3
-- catkin 0.8.10
-- BUILD_SHARED_LIBS is on
-- Configuring done
-- Generating done
-- Build files have been written to: /workspaces/carma_ws/src/build/gnss
[35m[1mScanning dependencies of target gnss[0m
[ 50%] [32mBuilding CXX object CMakeFiles/gnss.dir/src/geo_pos_conv.cpp.o[0m
[100%] [32m[1mLinking CXX shared library devel/lib/libgnss.so[0m
[100%] Built target gnss
[35m[1mScanning dependencies of target gtest[0m
[ 20%] [32mBuilding CXX object gtest/googletest/CMakeFiles/gtest.dir/src/gtest-all.cc.o[0m
[ 40%] [32m[1mLinking CXX shared library ../lib/libgtest.so[0m
[ 40%] Built target gtest
[35m[1mScanning dependencies of target roscpp_generate_messages_lisp[0m
[ 40%] Built target roscpp_generate_messages_lisp
[35m[1mScanning dependencies of target rosgraph_msgs_generate_messages_nodejs[0m
[ 40%] Built target rosgraph_msgs_generate_messages_nodejs
[35m[1mScanning dependencies of target std_msgs_generate_messages_cpp[0m
[ 40%] Built target std_msgs_generate_messages_cpp
[35m[1mScanning dependencies of target std_msgs_generate_messages_nodejs[0m
[ 40%] Built target std_msgs_generate_messages_nodejs
[35m[1mScanning dependencies of target std_msgs_generate_messages_py[0m
[ 40%] Built target std_msgs_generate_messages_py
[35m[1mScanning dependencies of target std_msgs_generate_messages_lisp[0m
[ 40%] Built target std_msgs_generate_messages_lisp
[35m[1mScanning dependencies of target roscpp_generate_messages_eus[0m
[ 40%] Built target roscpp_generate_messages_eus
[35m[1mScanning dependencies of target rosgraph_msgs_generate_messages_lisp[0m
[ 40%] Built target rosgraph_msgs_generate_messages_lisp
[35m[1mScanning dependencies of target rosgraph_msgs_generate_messages_py[0m
[ 40%] Built target rosgraph_msgs_generate_messages_py
[35m[1mScanning dependencies of target roscpp_generate_messages_py[0m
[ 40%] Built target roscpp_generate_messages_py
[35m[1mScanning dependencies of target roscpp_generate_messages_cpp[0m
[ 40%] Built target roscpp_generate_messages_cpp
[35m[1mScanning dependencies of target std_msgs_generate_messages_eus[0m
[ 40%] Built target std_msgs_generate_messages_eus
[35m[1mScanning dependencies of target roscpp_generate_messages_nodejs[0m
[ 40%] Built target roscpp_generate_messages_nodejs
[35m[1mScanning dependencies of target rosgraph_msgs_generate_messages_cpp[0m
[ 40%] Built target rosgraph_msgs_generate_messages_cpp
[35m[1mScanning dependencies of target rosgraph_msgs_generate_messages_eus[0m
[ 40%] Built target rosgraph_msgs_generate_messages_eus
[35m[1mScanning dependencies of target test_gnss[0m
[ 60%] [32mBuilding CXX object CMakeFiles/test_gnss.dir/test/test_gnss.cpp.o[0m
[ 80%] [32mBuilding CXX object CMakeFiles/test_gnss.dir/src/geo_pos_conv.cpp.o[0m
[100%] [32m[1mLinking CXX executable devel/lib/gnss/test_gnss[0m
[100%] Built target test_gnss
[35m[1mScanning dependencies of target tests[0m
[100%] Built target tests
-- Install configuration: ""
-- Installing: /workspaces/carma_ws/src/install/gnss/lib/pkgconfig/gnss.pc
-- Installing: /workspaces/carma_ws/src/install/gnss/share/gnss/cmake/gnssConfig.cmake
-- Installing: /workspaces/carma_ws/src/install/gnss/share/gnss/cmake/gnssConfig-version.cmake
-- Installing: /workspaces/carma_ws/src/install/gnss/share/gnss/package.xml
-- Installing: /workspaces/carma_ws/src/install/gnss/include/gnss
-- Installing: /workspaces/carma_ws/src/install/gnss/include/gnss/geo_pos_conv.hpp
-- Installing: /workspaces/carma_ws/src/install/gnss/lib/libgnss.so
-- Set runtime path of "/workspaces/carma_ws/src/install/gnss/lib/libgnss.so" to ""
