-- The C compiler identification is GNU 9.3.0
-- The CXX compiler identification is GNU 9.3.0
-- Check for working C compiler: /usr/bin/cc
-- Check for working C compiler: /usr/bin/cc -- works
-- Detecting C compiler ABI info
-- Detecting C compiler ABI info - done
-- Detecting C compile features
-- Detecting C compile features - done
-- Check for working CXX compiler: /usr/bin/c++
-- Check for working CXX compiler: /usr/bin/c++ -- works
-- Detecting CXX compiler ABI info
-- Detecting CXX compiler ABI info - done
-- Detecting CXX compile features
-- Detecting CXX compile features - done
-- Using CATKIN_DEVEL_PREFIX: /workspaces/carma_ws/src/build/pacmod_msgs/devel
-- Using CMAKE_PREFIX_PATH: /opt/ros/noetic
-- This workspace overlays: /opt/ros/noetic
-- Found PythonInterp: /usr/bin/python3 (found suitable version "3.8.10", minimum required is "3") 
-- Using PYTHON_EXECUTABLE: /usr/bin/python3
-- Using Debian Python package layout
-- Found PY_em: /usr/lib/python3/dist-packages/em.py  
-- Using empy: /usr/lib/python3/dist-packages/em.py
-- Using CATKIN_ENABLE_TESTING: ON
-- Call enable_testing()
-- Using CATKIN_TEST_RESULTS_DIR: /workspaces/carma_ws/src/build/pacmod_msgs/test_results
-- Forcing gtest/gmock from source, though one was otherwise available.
-- Found gtest sources under '/usr/src/googletest': gtests will be built
-- Found gmock sources under '/usr/src/googletest': gmock will be built
-- Found PythonInterp: /usr/bin/python3 (found version "3.8.10") 
-- Found Threads: TRUE  
-- Using Python nosetests: /usr/bin/nosetests3
-- catkin 0.8.10
-- BUILD_SHARED_LIBS is on
-- Using these message generators: gencpp;geneus;genlisp;gennodejs;genpy
-- pacmod_msgs: 42 messages, 0 services
-- Configuring done
-- Generating done
-- Build files have been written to: /workspaces/carma_ws/src/build/pacmod_msgs
[35m[1mScanning dependencies of target _pacmod_msgs_generate_messages_check_deps_VehicleDynamicsRpt[0m
[35m[1mScanning dependencies of target _pacmod_msgs_generate_messages_check_deps_DetectedObjectRpt[0m
[35m[1mScanning dependencies of target _pacmod_msgs_generate_messages_check_deps_GlobalRpt[0m
[35m[1mScanning dependencies of target _pacmod_msgs_generate_messages_check_deps_DoorRpt[0m
[35m[1mScanning dependencies of target _pacmod_msgs_generate_messages_check_deps_SystemRptFloat[0m
[35m[1mScanning dependencies of target _pacmod_msgs_generate_messages_check_deps_PacmodCmd[0m
[35m[1mScanning dependencies of target _pacmod_msgs_generate_messages_check_deps_PositionWithSpeed[0m
[35m[1mScanning dependencies of target _pacmod_msgs_generate_messages_check_deps_ComponentRpt[0m
[  0%] Built target _pacmod_msgs_generate_messages_check_deps_DetectedObjectRpt
[35m[1mScanning dependencies of target _pacmod_msgs_generate_messages_check_deps_EngineRpt[0m
[35m[1mScanning dependencies of target _pacmod_msgs_generate_messages_check_deps_ShiftAuxRpt[0m
[35m[1mScanning dependencies of target _pacmod_msgs_generate_messages_check_deps_SteerAuxRpt[0m
[  0%] Built target _pacmod_msgs_generate_messages_check_deps_DoorRpt
[  0%] Built target _pacmod_msgs_generate_messages_check_deps_VehicleDynamicsRpt
[  0%] Built target _pacmod_msgs_generate_messages_check_deps_PositionWithSpeed
[35m[1mScanning dependencies of target _pacmod_msgs_generate_messages_check_deps_SteeringPIDRpt1[0m
[35m[1mScanning dependencies of target _pacmod_msgs_generate_messages_check_deps_SystemCmdBool[0m
[35m[1mScanning dependencies of target _pacmod_msgs_generate_messages_check_deps_HeadlightAuxRpt[0m
[  0%] Built target _pacmod_msgs_generate_messages_check_deps_GlobalRpt
[35m[1mScanning dependencies of target _pacmod_msgs_generate_messages_check_deps_TurnAuxRpt[0m
[  0%] Built target _pacmod_msgs_generate_messages_check_deps_ShiftAuxRpt
[  0%] Built target _pacmod_msgs_generate_messages_check_deps_SystemRptFloat
[35m[1mScanning dependencies of target _pacmod_msgs_generate_messages_check_deps_AllSystemStatuses[0m
[  0%] Built target _pacmod_msgs_generate_messages_check_deps_PacmodCmd
[35m[1mScanning dependencies of target _pacmod_msgs_generate_messages_check_deps_MotorRpt2[0m
[35m[1mScanning dependencies of target _pacmod_msgs_generate_messages_check_deps_AccelAuxRpt[0m
[  0%] Built target _pacmod_msgs_generate_messages_check_deps_ComponentRpt
[  0%] Built target _pacmod_msgs_generate_messages_check_deps_SteerAuxRpt
[  0%] Built target _pacmod_msgs_generate_messages_check_deps_SteeringPIDRpt1
[  0%] Built target _pacmod_msgs_generate_messages_check_deps_EngineRpt
[  0%] Built target _pacmod_msgs_generate_messages_check_deps_SystemCmdBool
[35m[1mScanning dependencies of target _pacmod_msgs_generate_messages_check_deps_MotorRpt3[0m
[35m[1mScanning dependencies of target std_msgs_generate_messages_lisp[0m
[  0%] Built target _pacmod_msgs_generate_messages_check_deps_HeadlightAuxRpt
[  0%] Built target _pacmod_msgs_generate_messages_check_deps_TurnAuxRpt
[35m[1mScanning dependencies of target _pacmod_msgs_generate_messages_check_deps_OccupancyRpt[0m
[35m[1mScanning dependencies of target _pacmod_msgs_generate_messages_check_deps_SteerSystemCmd[0m
[35m[1mScanning dependencies of target _pacmod_msgs_generate_messages_check_deps_MotorRpt1[0m
[35m[1mScanning dependencies of target _pacmod_msgs_generate_messages_check_deps_ParkingBrakeStatusRpt[0m
[35m[1mScanning dependencies of target _pacmod_msgs_generate_messages_check_deps_WheelSpeedRpt[0m
[  0%] Built target std_msgs_generate_messages_lisp
[  0%] Built target _pacmod_msgs_generate_messages_check_deps_MotorRpt2
[35m[1mScanning dependencies of target _pacmod_msgs_generate_messages_check_deps_SteeringPIDRpt2[0m
[  0%] Built target _pacmod_msgs_generate_messages_check_deps_AllSystemStatuses
[35m[1mScanning dependencies of target _pacmod_msgs_generate_messages_check_deps_SystemCmdFloat[0m
[35m[1mScanning dependencies of target _pacmod_msgs_generate_messages_check_deps_SteeringPIDRpt3[0m
[35m[1mScanning dependencies of target _pacmod_msgs_generate_messages_check_deps_SteeringPIDRpt4[0m
[  0%] Built target _pacmod_msgs_generate_messages_check_deps_AccelAuxRpt
[  0%] Built target _pacmod_msgs_generate_messages_check_deps_OccupancyRpt
[  0%] Built target _pacmod_msgs_generate_messages_check_deps_MotorRpt3
[35m[1mScanning dependencies of target _pacmod_msgs_generate_messages_check_deps_SystemCmdInt[0m
[35m[1mScanning dependencies of target _pacmod_msgs_generate_messages_check_deps_WiperAuxRpt[0m
[  0%] Built target _pacmod_msgs_generate_messages_check_deps_MotorRpt1
[  0%] Built target _pacmod_msgs_generate_messages_check_deps_WheelSpeedRpt
[  0%] Built target _pacmod_msgs_generate_messages_check_deps_SteerSystemCmd
[  0%] Built target _pacmod_msgs_generate_messages_check_deps_ParkingBrakeStatusRpt
[  0%] Built target _pacmod_msgs_generate_messages_check_deps_SteeringPIDRpt2
[  0%] Built target _pacmod_msgs_generate_messages_check_deps_SteeringPIDRpt4
[  0%] Built target _pacmod_msgs_generate_messages_check_deps_SteeringPIDRpt3
[35m[1mScanning dependencies of target _pacmod_msgs_generate_messages_check_deps_LatLonHeadingRpt[0m
[35m[1mScanning dependencies of target _pacmod_msgs_generate_messages_check_deps_BrakeAuxRpt[0m
[35m[1mScanning dependencies of target _pacmod_msgs_generate_messages_check_deps_DateTimeRpt[0m
[  0%] Built target _pacmod_msgs_generate_messages_check_deps_SystemCmdFloat
[  0%] Built target _pacmod_msgs_generate_messages_check_deps_SystemCmdInt
[35m[1mScanning dependencies of target _pacmod_msgs_generate_messages_check_deps_InteriorLightsRpt[0m
[35m[1mScanning dependencies of target _pacmod_msgs_generate_messages_check_deps_SystemRptBool[0m
[  0%] Built target _pacmod_msgs_generate_messages_check_deps_WiperAuxRpt
[35m[1mScanning dependencies of target _pacmod_msgs_generate_messages_check_deps_VehicleSpecificRpt1[0m
[35m[1mScanning dependencies of target _pacmod_msgs_generate_messages_check_deps_SystemRptInt[0m
[35m[1mScanning dependencies of target _pacmod_msgs_generate_messages_check_deps_VehicleSpeedRpt[0m
[35m[1mScanning dependencies of target _pacmod_msgs_generate_messages_check_deps_KeyValuePair[0m
[35m[1mScanning dependencies of target _pacmod_msgs_generate_messages_check_deps_VinRpt[0m
[35m[1mScanning dependencies of target _pacmod_msgs_generate_messages_check_deps_RearLightsRpt[0m
[  0%] Built target _pacmod_msgs_generate_messages_check_deps_LatLonHeadingRpt
[35m[1mScanning dependencies of target _pacmod_msgs_generate_messages_check_deps_YawRateRpt[0m
[  0%] Built target _pacmod_msgs_generate_messages_check_deps_DateTimeRpt
[  0%] Built target _pacmod_msgs_generate_messages_check_deps_InteriorLightsRpt
[  0%] Built target _pacmod_msgs_generate_messages_check_deps_BrakeAuxRpt
[  0%] Built target _pacmod_msgs_generate_messages_check_deps_SystemRptBool
[  0%] Built target _pacmod_msgs_generate_messages_check_deps_VehicleSpecificRpt1
[  0%] Built target _pacmod_msgs_generate_messages_check_deps_SystemRptInt
[35m[1mScanning dependencies of target std_msgs_generate_messages_cpp[0m
[  0%] Built target std_msgs_generate_messages_cpp
[35m[1mScanning dependencies of target std_msgs_generate_messages_eus[0m
[35m[1mScanning dependencies of target std_msgs_generate_messages_py[0m
[35m[1mScanning dependencies of target std_msgs_generate_messages_nodejs[0m
[  0%] Built target _pacmod_msgs_generate_messages_check_deps_YawRateRpt
[  0%] Built target _pacmod_msgs_generate_messages_check_deps_KeyValuePair
[  0%] Built target _pacmod_msgs_generate_messages_check_deps_RearLightsRpt
[  0%] Built target _pacmod_msgs_generate_messages_check_deps_VinRpt
[  0%] Built target _pacmod_msgs_generate_messages_check_deps_VehicleSpeedRpt
[  0%] Built target std_msgs_generate_messages_py
[  0%] Built target std_msgs_generate_messages_nodejs
[35m[1mScanning dependencies of target pacmod_msgs_generate_messages_lisp[0m
[  0%] Built target std_msgs_generate_messages_eus
[35m[1mScanning dependencies of target pacmod_msgs_generate_messages_py[0m
[35m[1mScanning dependencies of target pacmod_msgs_generate_messages_cpp[0m
[  0%] [34m[1mGenerating Python from MSG pacmod_msgs/AccelAuxRpt[0m
[  0%] [34m[1mGenerating Lisp code from pacmod_msgs/AccelAuxRpt.msg[0m
[  0%] [34m[1mGenerating Lisp code from pacmod_msgs/BrakeAuxRpt.msg[0m
[35m[1mScanning dependencies of target pacmod_msgs_generate_messages_nodejs[0m
[  1%] [34m[1mGenerating Lisp code from pacmod_msgs/AllSystemStatuses.msg[0m
[  2%] [34m[1mGenerating Lisp code from pacmod_msgs/ComponentRpt.msg[0m
[  3%] [34m[1mGenerating Python from MSG pacmod_msgs/AllSystemStatuses[0m
[  3%] [34m[1mGenerating Python from MSG pacmod_msgs/BrakeAuxRpt[0m
[  3%] [34m[1mGenerating Lisp code from pacmod_msgs/DateTimeRpt.msg[0m
[35m[1mScanning dependencies of target pacmod_msgs_generate_messages_eus[0m
[  5%] [34m[1mGenerating C++ code from pacmod_msgs/AccelAuxRpt.msg[0m
[  5%] [34m[1mGenerating Python from MSG pacmod_msgs/ComponentRpt[0m
[  5%] [34m[1mGenerating Javascript code from pacmod_msgs/AccelAuxRpt.msg[0m
[  6%] [34m[1mGenerating EusLisp code from pacmod_msgs/AccelAuxRpt.msg[0m
[  7%] [34m[1mGenerating Lisp code from pacmod_msgs/DetectedObjectRpt.msg[0m
[  7%] [34m[1mGenerating Lisp code from pacmod_msgs/DoorRpt.msg[0m
[  7%] [34m[1mGenerating Lisp code from pacmod_msgs/EngineRpt.msg[0m
[  7%] [34m[1mGenerating C++ code from pacmod_msgs/AllSystemStatuses.msg[0m
[  8%] [34m[1mGenerating Lisp code from pacmod_msgs/GlobalRpt.msg[0m
[  8%] [34m[1mGenerating Python from MSG pacmod_msgs/DateTimeRpt[0m
[  8%] [34m[1mGenerating EusLisp code from pacmod_msgs/AllSystemStatuses.msg[0m
[  9%] [34m[1mGenerating EusLisp code from pacmod_msgs/BrakeAuxRpt.msg[0m
[ 10%] [34m[1mGenerating Javascript code from pacmod_msgs/AllSystemStatuses.msg[0m
[ 10%] [34m[1mGenerating Lisp code from pacmod_msgs/HeadlightAuxRpt.msg[0m
[ 11%] [34m[1mGenerating Lisp code from pacmod_msgs/InteriorLightsRpt.msg[0m
[ 11%] [34m[1mGenerating EusLisp code from pacmod_msgs/ComponentRpt.msg[0m
[ 11%] [34m[1mGenerating Javascript code from pacmod_msgs/BrakeAuxRpt.msg[0m
[ 12%] [34m[1mGenerating C++ code from pacmod_msgs/BrakeAuxRpt.msg[0m
[ 13%] [34m[1mGenerating EusLisp code from pacmod_msgs/DateTimeRpt.msg[0m
[ 13%] [34m[1mGenerating EusLisp code from pacmod_msgs/DetectedObjectRpt.msg[0m
[ 13%] [34m[1mGenerating C++ code from pacmod_msgs/ComponentRpt.msg[0m
[ 13%] [34m[1mGenerating EusLisp code from pacmod_msgs/DoorRpt.msg[0m
[ 14%] [34m[1mGenerating Javascript code from pacmod_msgs/ComponentRpt.msg[0m
[ 14%] [34m[1mGenerating Lisp code from pacmod_msgs/KeyValuePair.msg[0m
[ 14%] [34m[1mGenerating Javascript code from pacmod_msgs/DateTimeRpt.msg[0m
[ 15%] [34m[1mGenerating Javascript code from pacmod_msgs/DetectedObjectRpt.msg[0m
[ 16%] [34m[1mGenerating EusLisp code from pacmod_msgs/HeadlightAuxRpt.msg[0m
[ 16%] [34m[1mGenerating Python from MSG pacmod_msgs/DoorRpt[0m
[ 17%] [34m[1mGenerating Lisp code from pacmod_msgs/LatLonHeadingRpt.msg[0m
[ 17%] [34m[1mGenerating C++ code from pacmod_msgs/DoorRpt.msg[0m
[ 18%] [34m[1mGenerating Javascript code from pacmod_msgs/EngineRpt.msg[0m
[ 19%] [34m[1mGenerating C++ code from pacmod_msgs/DetectedObjectRpt.msg[0m
[ 19%] [34m[1mGenerating Lisp code from pacmod_msgs/MotorRpt1.msg[0m
[ 19%] [34m[1mGenerating Javascript code from pacmod_msgs/GlobalRpt.msg[0m
[ 19%] [34m[1mGenerating EusLisp code from pacmod_msgs/GlobalRpt.msg[0m
[ 19%] [34m[1mGenerating Lisp code from pacmod_msgs/MotorRpt3.msg[0m
[ 19%] [34m[1mGenerating Javascript code from pacmod_msgs/DoorRpt.msg[0m
[ 20%] [34m[1mGenerating Lisp code from pacmod_msgs/OccupancyRpt.msg[0m
[ 21%] [34m[1mGenerating EusLisp code from pacmod_msgs/KeyValuePair.msg[0m
[ 21%] [34m[1mGenerating C++ code from pacmod_msgs/DateTimeRpt.msg[0m
[ 21%] [34m[1mGenerating Javascript code from pacmod_msgs/HeadlightAuxRpt.msg[0m
[ 21%] [34m[1mGenerating Lisp code from pacmod_msgs/PacmodCmd.msg[0m
[ 22%] [34m[1mGenerating Python from MSG pacmod_msgs/EngineRpt[0m
[ 22%] [34m[1mGenerating EusLisp code from pacmod_msgs/LatLonHeadingRpt.msg[0m
[ 23%] [34m[1mGenerating Javascript code from pacmod_msgs/InteriorLightsRpt.msg[0m
[ 24%] [34m[1mGenerating Lisp code from pacmod_msgs/PositionWithSpeed.msg[0m
[ 24%] [34m[1mGenerating Javascript code from pacmod_msgs/KeyValuePair.msg[0m
[ 24%] [34m[1mGenerating EusLisp code from pacmod_msgs/InteriorLightsRpt.msg[0m
[ 25%] [34m[1mGenerating Lisp code from pacmod_msgs/ShiftAuxRpt.msg[0m
[ 26%] [34m[1mGenerating C++ code from pacmod_msgs/EngineRpt.msg[0m
[ 27%] [34m[1mGenerating Javascript code from pacmod_msgs/LatLonHeadingRpt.msg[0m
[ 27%] [34m[1mGenerating Lisp code from pacmod_msgs/RearLightsRpt.msg[0m
[ 28%] [34m[1mGenerating EusLisp code from pacmod_msgs/EngineRpt.msg[0m
[ 28%] [34m[1mGenerating Javascript code from pacmod_msgs/MotorRpt1.msg[0m
[ 29%] [34m[1mGenerating Javascript code from pacmod_msgs/MotorRpt2.msg[0m
[ 30%] [34m[1mGenerating Python from MSG pacmod_msgs/DetectedObjectRpt[0m
[ 31%] [34m[1mGenerating Javascript code from pacmod_msgs/OccupancyRpt.msg[0m
[ 32%] [34m[1mGenerating C++ code from pacmod_msgs/HeadlightAuxRpt.msg[0m
[ 32%] [34m[1mGenerating Lisp code from pacmod_msgs/SteerAuxRpt.msg[0m
[ 32%] [34m[1mGenerating Javascript code from pacmod_msgs/MotorRpt3.msg[0m
[ 34%] [34m[1mGenerating EusLisp code from pacmod_msgs/MotorRpt1.msg[0m
[ 35%] [34m[1mGenerating Lisp code from pacmod_msgs/SteerSystemCmd.msg[0m
[ 36%] [34m[1mGenerating Javascript code from pacmod_msgs/ParkingBrakeStatusRpt.msg[0m
[ 36%] [34m[1mGenerating C++ code from pacmod_msgs/InteriorLightsRpt.msg[0m
[ 36%] [34m[1mGenerating Lisp code from pacmod_msgs/SteeringPIDRpt1.msg[0m
[ 36%] [34m[1mGenerating Javascript code from pacmod_msgs/PacmodCmd.msg[0m
[ 36%] [34m[1mGenerating EusLisp code from pacmod_msgs/MotorRpt2.msg[0m
[ 36%] [34m[1mGenerating Python from MSG pacmod_msgs/GlobalRpt[0m
[ 36%] [34m[1mGenerating Lisp code from pacmod_msgs/SteeringPIDRpt3.msg[0m
[ 36%] [34m[1mGenerating Javascript code from pacmod_msgs/PositionWithSpeed.msg[0m
[ 36%] [34m[1mGenerating Javascript code from pacmod_msgs/RearLightsRpt.msg[0m
[ 37%] [34m[1mGenerating Lisp code from pacmod_msgs/SteeringPIDRpt2.msg[0m
[ 38%] [34m[1mGenerating C++ code from pacmod_msgs/KeyValuePair.msg[0m
[ 38%] [34m[1mGenerating EusLisp code from pacmod_msgs/OccupancyRpt.msg[0m
[ 39%] [34m[1mGenerating Lisp code from pacmod_msgs/SteeringPIDRpt4.msg[0m
[ 40%] [34m[1mGenerating Javascript code from pacmod_msgs/ShiftAuxRpt.msg[0m
[ 40%] [34m[1mGenerating EusLisp code from pacmod_msgs/PacmodCmd.msg[0m
[ 41%] [34m[1mGenerating Python from MSG pacmod_msgs/HeadlightAuxRpt[0m
[ 41%] [34m[1mGenerating Lisp code from pacmod_msgs/ParkingBrakeStatusRpt.msg[0m
[ 41%] [34m[1mGenerating C++ code from pacmod_msgs/LatLonHeadingRpt.msg[0m
[ 41%] [34m[1mGenerating Javascript code from pacmod_msgs/SteerAuxRpt.msg[0m
[ 42%] [34m[1mGenerating Lisp code from pacmod_msgs/MotorRpt2.msg[0m
[ 43%] [34m[1mGenerating EusLisp code from pacmod_msgs/ParkingBrakeStatusRpt.msg[0m
[ 43%] [34m[1mGenerating Python from MSG pacmod_msgs/KeyValuePair[0m
[ 43%] [34m[1mGenerating Javascript code from pacmod_msgs/SteeringPIDRpt1.msg[0m
[ 43%] [34m[1mGenerating Lisp code from pacmod_msgs/SystemCmdBool.msg[0m
[ 43%] [34m[1mGenerating EusLisp code from pacmod_msgs/PositionWithSpeed.msg[0m
[ 44%] [34m[1mGenerating C++ code from pacmod_msgs/MotorRpt1.msg[0m
[ 45%] [34m[1mGenerating Javascript code from pacmod_msgs/SteerSystemCmd.msg[0m
[ 46%] [34m[1mGenerating Lisp code from pacmod_msgs/SystemCmdInt.msg[0m
[ 47%] [34m[1mGenerating Javascript code from pacmod_msgs/SteeringPIDRpt2.msg[0m
[ 48%] [34m[1mGenerating EusLisp code from pacmod_msgs/MotorRpt3.msg[0m
[ 48%] [34m[1mGenerating Lisp code from pacmod_msgs/SystemRptBool.msg[0m
[ 48%] [34m[1mGenerating Javascript code from pacmod_msgs/SteeringPIDRpt3.msg[0m
[ 48%] [34m[1mGenerating Python from MSG pacmod_msgs/MotorRpt1[0m
[ 48%] [34m[1mGenerating Lisp code from pacmod_msgs/SystemCmdFloat.msg[0m
[ 49%] [34m[1mGenerating EusLisp code from pacmod_msgs/RearLightsRpt.msg[0m
[ 49%] [34m[1mGenerating C++ code from pacmod_msgs/MotorRpt2.msg[0m
[ 50%] [34m[1mGenerating Lisp code from pacmod_msgs/SystemRptFloat.msg[0m
[ 50%] [34m[1mGenerating Javascript code from pacmod_msgs/SystemCmdBool.msg[0m
[ 51%] [34m[1mGenerating Javascript code from pacmod_msgs/SystemCmdFloat.msg[0m
[ 51%] [34m[1mGenerating Lisp code from pacmod_msgs/SystemRptInt.msg[0m
[ 52%] [34m[1mGenerating Python from MSG pacmod_msgs/MotorRpt2[0m
[ 52%] [34m[1mGenerating EusLisp code from pacmod_msgs/ShiftAuxRpt.msg[0m
[ 52%] [34m[1mGenerating Javascript code from pacmod_msgs/SystemRptBool.msg[0m
[ 53%] [34m[1mGenerating Lisp code from pacmod_msgs/TurnAuxRpt.msg[0m
[ 53%] [34m[1mGenerating C++ code from pacmod_msgs/MotorRpt3.msg[0m
[ 54%] [34m[1mGenerating EusLisp code from pacmod_msgs/SteerAuxRpt.msg[0m
[ 54%] [34m[1mGenerating Javascript code from pacmod_msgs/SystemCmdInt.msg[0m
[ 54%] [34m[1mGenerating Lisp code from pacmod_msgs/VehicleDynamicsRpt.msg[0m
[ 54%] [34m[1mGenerating Python from MSG pacmod_msgs/MotorRpt3[0m
[ 55%] [34m[1mGenerating Javascript code from pacmod_msgs/SteeringPIDRpt4.msg[0m
[ 56%] [34m[1mGenerating Lisp code from pacmod_msgs/VehicleSpecificRpt1.msg[0m
[ 57%] [34m[1mGenerating EusLisp code from pacmod_msgs/SteeringPIDRpt1.msg[0m
[ 58%] [34m[1mGenerating Javascript code from pacmod_msgs/SystemRptFloat.msg[0m
[ 58%] [34m[1mGenerating C++ code from pacmod_msgs/GlobalRpt.msg[0m
[ 58%] [34m[1mGenerating Lisp code from pacmod_msgs/VehicleSpeedRpt.msg[0m
[ 58%] [34m[1mGenerating Javascript code from pacmod_msgs/SystemRptInt.msg[0m
[ 58%] [34m[1mGenerating EusLisp code from pacmod_msgs/SteerSystemCmd.msg[0m
[ 58%] [34m[1mGenerating Python from MSG pacmod_msgs/PacmodCmd[0m
[ 59%] [34m[1mGenerating Lisp code from pacmod_msgs/VinRpt.msg[0m
[ 60%] [34m[1mGenerating C++ code from pacmod_msgs/OccupancyRpt.msg[0m
[ 61%] [34m[1mGenerating Javascript code from pacmod_msgs/VehicleSpecificRpt1.msg[0m
[ 61%] [34m[1mGenerating EusLisp code from pacmod_msgs/SteeringPIDRpt2.msg[0m
[ 61%] [34m[1mGenerating Lisp code from pacmod_msgs/WiperAuxRpt.msg[0m
[ 61%] [34m[1mGenerating Javascript code from pacmod_msgs/VehicleDynamicsRpt.msg[0m
[ 61%] [34m[1mGenerating Lisp code from pacmod_msgs/WheelSpeedRpt.msg[0m
[ 61%] [34m[1mGenerating C++ code from pacmod_msgs/PacmodCmd.msg[0m
[ 62%] [34m[1mGenerating EusLisp code from pacmod_msgs/SteeringPIDRpt3.msg[0m
[ 62%] [34m[1mGenerating Javascript code from pacmod_msgs/VehicleSpeedRpt.msg[0m
[ 63%] [34m[1mGenerating Lisp code from pacmod_msgs/YawRateRpt.msg[0m
[ 63%] [34m[1mGenerating EusLisp code from pacmod_msgs/SystemCmdBool.msg[0m
[ 64%] [34m[1mGenerating Javascript code from pacmod_msgs/VinRpt.msg[0m
[ 64%] Built target pacmod_msgs_generate_messages_lisp
[ 65%] [34m[1mGenerating C++ code from pacmod_msgs/ParkingBrakeStatusRpt.msg[0m
[ 67%] [34m[1mGenerating Python from MSG pacmod_msgs/ParkingBrakeStatusRpt[0m
[ 68%] [34m[1mGenerating EusLisp code from pacmod_msgs/SystemCmdFloat.msg[0m
[ 68%] [34m[1mGenerating Javascript code from pacmod_msgs/WheelSpeedRpt.msg[0m
[ 69%] [34m[1mGenerating Javascript code from pacmod_msgs/TurnAuxRpt.msg[0m
[ 69%] [34m[1mGenerating C++ code from pacmod_msgs/PositionWithSpeed.msg[0m
[ 69%] [34m[1mGenerating EusLisp code from pacmod_msgs/SystemCmdInt.msg[0m
[ 70%] [34m[1mGenerating Javascript code from pacmod_msgs/WiperAuxRpt.msg[0m
[ 71%] [34m[1mGenerating Python from MSG pacmod_msgs/RearLightsRpt[0m
[ 71%] [34m[1mGenerating Javascript code from pacmod_msgs/YawRateRpt.msg[0m
[ 71%] [34m[1mGenerating EusLisp code from pacmod_msgs/SystemRptFloat.msg[0m
[ 71%] Built target pacmod_msgs_generate_messages_nodejs
[ 72%] [34m[1mGenerating C++ code from pacmod_msgs/RearLightsRpt.msg[0m
[ 73%] [34m[1mGenerating EusLisp code from pacmod_msgs/SystemRptInt.msg[0m
[ 73%] [34m[1mGenerating Python from MSG pacmod_msgs/SteerAuxRpt[0m
[ 73%] [34m[1mGenerating C++ code from pacmod_msgs/ShiftAuxRpt.msg[0m
[ 73%] [34m[1mGenerating EusLisp code from pacmod_msgs/TurnAuxRpt.msg[0m
[ 74%] [34m[1mGenerating Python from MSG pacmod_msgs/SteerSystemCmd[0m
[ 75%] [34m[1mGenerating C++ code from pacmod_msgs/SteerAuxRpt.msg[0m
[ 76%] [34m[1mGenerating EusLisp code from pacmod_msgs/VehicleDynamicsRpt.msg[0m
[ 77%] [34m[1mGenerating EusLisp code from pacmod_msgs/SystemRptBool.msg[0m
[ 77%] [34m[1mGenerating EusLisp code from pacmod_msgs/SteeringPIDRpt4.msg[0m
[ 77%] [34m[1mGenerating Python from MSG pacmod_msgs/SteeringPIDRpt1[0m
[ 77%] [34m[1mGenerating EusLisp code from pacmod_msgs/VehicleSpecificRpt1.msg[0m
[ 77%] [34m[1mGenerating C++ code from pacmod_msgs/SteeringPIDRpt3.msg[0m
[ 78%] [34m[1mGenerating EusLisp code from pacmod_msgs/VehicleSpeedRpt.msg[0m
[ 79%] [34m[1mGenerating C++ code from pacmod_msgs/SteeringPIDRpt4.msg[0m
[ 79%] [34m[1mGenerating EusLisp code from pacmod_msgs/VinRpt.msg[0m
[ 79%] [34m[1mGenerating C++ code from pacmod_msgs/SystemCmdBool.msg[0m
[ 79%] [34m[1mGenerating EusLisp code from pacmod_msgs/WheelSpeedRpt.msg[0m
[ 79%] [34m[1mGenerating Python from MSG pacmod_msgs/ShiftAuxRpt[0m
[ 80%] [34m[1mGenerating C++ code from pacmod_msgs/SystemCmdFloat.msg[0m
[ 81%] [34m[1mGenerating EusLisp code from pacmod_msgs/WiperAuxRpt.msg[0m
[ 82%] [34m[1mGenerating Python from MSG pacmod_msgs/SteeringPIDRpt2[0m
[ 82%] [34m[1mGenerating EusLisp code from pacmod_msgs/YawRateRpt.msg[0m
[ 82%] [34m[1mGenerating C++ code from pacmod_msgs/SystemCmdInt.msg[0m
[ 83%] [34m[1mGenerating EusLisp manifest code for pacmod_msgs[0m
[ 84%] [34m[1mGenerating Python from MSG pacmod_msgs/SteeringPIDRpt4[0m
[ 85%] [34m[1mGenerating C++ code from pacmod_msgs/SystemRptBool.msg[0m
[ 85%] [34m[1mGenerating C++ code from pacmod_msgs/SteeringPIDRpt2.msg[0m
[ 86%] [34m[1mGenerating Python from MSG pacmod_msgs/SystemCmdFloat[0m
[ 86%] [34m[1mGenerating C++ code from pacmod_msgs/SystemRptFloat.msg[0m
[ 87%] [34m[1mGenerating C++ code from pacmod_msgs/SteeringPIDRpt1.msg[0m
[ 87%] Built target pacmod_msgs_generate_messages_eus
[ 88%] [34m[1mGenerating C++ code from pacmod_msgs/SystemRptInt.msg[0m
[ 88%] [34m[1mGenerating Python from MSG pacmod_msgs/SystemRptFloat[0m
[ 88%] [34m[1mGenerating C++ code from pacmod_msgs/TurnAuxRpt.msg[0m
[ 88%] [34m[1mGenerating Python from MSG pacmod_msgs/SystemRptInt[0m
[ 89%] [34m[1mGenerating C++ code from pacmod_msgs/VehicleDynamicsRpt.msg[0m
[ 89%] [34m[1mGenerating C++ code from pacmod_msgs/SteerSystemCmd.msg[0m
[ 89%] [34m[1mGenerating Python from MSG pacmod_msgs/VehicleDynamicsRpt[0m
[ 89%] [34m[1mGenerating C++ code from pacmod_msgs/VehicleSpecificRpt1.msg[0m
[ 90%] [34m[1mGenerating Python from MSG pacmod_msgs/VehicleSpecificRpt1[0m
[ 90%] [34m[1mGenerating C++ code from pacmod_msgs/VehicleSpeedRpt.msg[0m
[ 90%] [34m[1mGenerating Python from MSG pacmod_msgs/VehicleSpeedRpt[0m
[ 91%] [34m[1mGenerating C++ code from pacmod_msgs/VinRpt.msg[0m
[ 91%] [34m[1mGenerating C++ code from pacmod_msgs/WheelSpeedRpt.msg[0m
[ 92%] [34m[1mGenerating Python from MSG pacmod_msgs/VinRpt[0m
[ 93%] [34m[1mGenerating C++ code from pacmod_msgs/WiperAuxRpt.msg[0m
[ 93%] [34m[1mGenerating Python from MSG pacmod_msgs/WheelSpeedRpt[0m
[ 93%] [34m[1mGenerating C++ code from pacmod_msgs/YawRateRpt.msg[0m
[ 93%] Built target pacmod_msgs_generate_messages_cpp
[ 93%] [34m[1mGenerating Python from MSG pacmod_msgs/YawRateRpt[0m
[ 94%] [34m[1mGenerating Python from MSG pacmod_msgs/WiperAuxRpt[0m
[ 95%] [34m[1mGenerating Python from MSG pacmod_msgs/TurnAuxRpt[0m
[ 96%] [34m[1mGenerating Python from MSG pacmod_msgs/SystemRptBool[0m
[ 96%] [34m[1mGenerating Python from MSG pacmod_msgs/SystemCmdInt[0m
[ 96%] [34m[1mGenerating Python from MSG pacmod_msgs/SystemCmdBool[0m
[ 96%] [34m[1mGenerating Python from MSG pacmod_msgs/SteeringPIDRpt3[0m
[ 96%] [34m[1mGenerating Python from MSG pacmod_msgs/PositionWithSpeed[0m
[ 97%] [34m[1mGenerating Python from MSG pacmod_msgs/OccupancyRpt[0m
[ 98%] [34m[1mGenerating Python from MSG pacmod_msgs/LatLonHeadingRpt[0m
[ 98%] [34m[1mGenerating Python from MSG pacmod_msgs/InteriorLightsRpt[0m
[100%] [34m[1mGenerating Python msg __init__.py for pacmod_msgs[0m
[100%] Built target pacmod_msgs_generate_messages_py
[35m[1mScanning dependencies of target pacmod_msgs_generate_messages[0m
[100%] Built target pacmod_msgs_generate_messages
[35m[1mScanning dependencies of target tests[0m
Built target tests
-- Install configuration: ""
-- Installing: /workspaces/carma_ws/src/install/pacmod_msgs/share/pacmod_msgs/msg/AccelAuxRpt.msg
-- Installing: /workspaces/carma_ws/src/install/pacmod_msgs/share/pacmod_msgs/msg/AllSystemStatuses.msg
-- Installing: /workspaces/carma_ws/src/install/pacmod_msgs/share/pacmod_msgs/msg/BrakeAuxRpt.msg
-- Installing: /workspaces/carma_ws/src/install/pacmod_msgs/share/pacmod_msgs/msg/ComponentRpt.msg
-- Installing: /workspaces/carma_ws/src/install/pacmod_msgs/share/pacmod_msgs/msg/DateTimeRpt.msg
-- Installing: /workspaces/carma_ws/src/install/pacmod_msgs/share/pacmod_msgs/msg/DetectedObjectRpt.msg
-- Installing: /workspaces/carma_ws/src/install/pacmod_msgs/share/pacmod_msgs/msg/DoorRpt.msg
-- Installing: /workspaces/carma_ws/src/install/pacmod_msgs/share/pacmod_msgs/msg/EngineRpt.msg
-- Installing: /workspaces/carma_ws/src/install/pacmod_msgs/share/pacmod_msgs/msg/GlobalRpt.msg
-- Installing: /workspaces/carma_ws/src/install/pacmod_msgs/share/pacmod_msgs/msg/HeadlightAuxRpt.msg
-- Installing: /workspaces/carma_ws/src/install/pacmod_msgs/share/pacmod_msgs/msg/InteriorLightsRpt.msg
-- Installing: /workspaces/carma_ws/src/install/pacmod_msgs/share/pacmod_msgs/msg/KeyValuePair.msg
-- Installing: /workspaces/carma_ws/src/install/pacmod_msgs/share/pacmod_msgs/msg/LatLonHeadingRpt.msg
-- Installing: /workspaces/carma_ws/src/install/pacmod_msgs/share/pacmod_msgs/msg/MotorRpt1.msg
-- Installing: /workspaces/carma_ws/src/install/pacmod_msgs/share/pacmod_msgs/msg/MotorRpt2.msg
-- Installing: /workspaces/carma_ws/src/install/pacmod_msgs/share/pacmod_msgs/msg/MotorRpt3.msg
-- Installing: /workspaces/carma_ws/src/install/pacmod_msgs/share/pacmod_msgs/msg/OccupancyRpt.msg
-- Installing: /workspaces/carma_ws/src/install/pacmod_msgs/share/pacmod_msgs/msg/PacmodCmd.msg
-- Installing: /workspaces/carma_ws/src/install/pacmod_msgs/share/pacmod_msgs/msg/ParkingBrakeStatusRpt.msg
-- Installing: /workspaces/carma_ws/src/install/pacmod_msgs/share/pacmod_msgs/msg/PositionWithSpeed.msg
-- Installing: /workspaces/carma_ws/src/install/pacmod_msgs/share/pacmod_msgs/msg/RearLightsRpt.msg
-- Installing: /workspaces/carma_ws/src/install/pacmod_msgs/share/pacmod_msgs/msg/ShiftAuxRpt.msg
-- Installing: /workspaces/carma_ws/src/install/pacmod_msgs/share/pacmod_msgs/msg/SteerAuxRpt.msg
-- Installing: /workspaces/carma_ws/src/install/pacmod_msgs/share/pacmod_msgs/msg/SteerSystemCmd.msg
-- Installing: /workspaces/carma_ws/src/install/pacmod_msgs/share/pacmod_msgs/msg/SteeringPIDRpt1.msg
-- Installing: /workspaces/carma_ws/src/install/pacmod_msgs/share/pacmod_msgs/msg/SteeringPIDRpt2.msg
-- Installing: /workspaces/carma_ws/src/install/pacmod_msgs/share/pacmod_msgs/msg/SteeringPIDRpt3.msg
-- Installing: /workspaces/carma_ws/src/install/pacmod_msgs/share/pacmod_msgs/msg/SteeringPIDRpt4.msg
-- Installing: /workspaces/carma_ws/src/install/pacmod_msgs/share/pacmod_msgs/msg/SystemCmdBool.msg
-- Installing: /workspaces/carma_ws/src/install/pacmod_msgs/share/pacmod_msgs/msg/SystemCmdFloat.msg
-- Installing: /workspaces/carma_ws/src/install/pacmod_msgs/share/pacmod_msgs/msg/SystemCmdInt.msg
-- Installing: /workspaces/carma_ws/src/install/pacmod_msgs/share/pacmod_msgs/msg/SystemRptBool.msg
-- Installing: /workspaces/carma_ws/src/install/pacmod_msgs/share/pacmod_msgs/msg/SystemRptFloat.msg
-- Installing: /workspaces/carma_ws/src/install/pacmod_msgs/share/pacmod_msgs/msg/SystemRptInt.msg
-- Installing: /workspaces/carma_ws/src/install/pacmod_msgs/share/pacmod_msgs/msg/TurnAuxRpt.msg
-- Installing: /workspaces/carma_ws/src/install/pacmod_msgs/share/pacmod_msgs/msg/VehicleDynamicsRpt.msg
-- Installing: /workspaces/carma_ws/src/install/pacmod_msgs/share/pacmod_msgs/msg/VehicleSpecificRpt1.msg
-- Installing: /workspaces/carma_ws/src/install/pacmod_msgs/share/pacmod_msgs/msg/VehicleSpeedRpt.msg
-- Installing: /workspaces/carma_ws/src/install/pacmod_msgs/share/pacmod_msgs/msg/VinRpt.msg
-- Installing: /workspaces/carma_ws/src/install/pacmod_msgs/share/pacmod_msgs/msg/WheelSpeedRpt.msg
-- Installing: /workspaces/carma_ws/src/install/pacmod_msgs/share/pacmod_msgs/msg/WiperAuxRpt.msg
-- Installing: /workspaces/carma_ws/src/install/pacmod_msgs/share/pacmod_msgs/msg/YawRateRpt.msg
-- Installing: /workspaces/carma_ws/src/install/pacmod_msgs/share/pacmod_msgs/cmake/pacmod_msgs-msg-paths.cmake
-- Installing: /workspaces/carma_ws/src/install/pacmod_msgs/include/pacmod_msgs
-- Installing: /workspaces/carma_ws/src/install/pacmod_msgs/include/pacmod_msgs/ShiftAuxRpt.h
-- Installing: /workspaces/carma_ws/src/install/pacmod_msgs/include/pacmod_msgs/SystemRptInt.h
-- Installing: /workspaces/carma_ws/src/install/pacmod_msgs/include/pacmod_msgs/TurnAuxRpt.h
-- Installing: /workspaces/carma_ws/src/install/pacmod_msgs/include/pacmod_msgs/RearLightsRpt.h
-- Installing: /workspaces/carma_ws/src/install/pacmod_msgs/include/pacmod_msgs/YawRateRpt.h
-- Installing: /workspaces/carma_ws/src/install/pacmod_msgs/include/pacmod_msgs/SystemCmdInt.h
-- Installing: /workspaces/carma_ws/src/install/pacmod_msgs/include/pacmod_msgs/SteerSystemCmd.h
-- Installing: /workspaces/carma_ws/src/install/pacmod_msgs/include/pacmod_msgs/MotorRpt3.h
-- Installing: /workspaces/carma_ws/src/install/pacmod_msgs/include/pacmod_msgs/ComponentRpt.h
-- Installing: /workspaces/carma_ws/src/install/pacmod_msgs/include/pacmod_msgs/VehicleSpecificRpt1.h
-- Installing: /workspaces/carma_ws/src/install/pacmod_msgs/include/pacmod_msgs/ParkingBrakeStatusRpt.h
-- Installing: /workspaces/carma_ws/src/install/pacmod_msgs/include/pacmod_msgs/MotorRpt2.h
-- Installing: /workspaces/carma_ws/src/install/pacmod_msgs/include/pacmod_msgs/SystemRptBool.h
-- Installing: /workspaces/carma_ws/src/install/pacmod_msgs/include/pacmod_msgs/SteeringPIDRpt2.h
-- Installing: /workspaces/carma_ws/src/install/pacmod_msgs/include/pacmod_msgs/VehicleSpeedRpt.h
-- Installing: /workspaces/carma_ws/src/install/pacmod_msgs/include/pacmod_msgs/SystemCmdBool.h
-- Installing: /workspaces/carma_ws/src/install/pacmod_msgs/include/pacmod_msgs/InteriorLightsRpt.h
-- Installing: /workspaces/carma_ws/src/install/pacmod_msgs/include/pacmod_msgs/HeadlightAuxRpt.h
-- Installing: /workspaces/carma_ws/src/install/pacmod_msgs/include/pacmod_msgs/GlobalRpt.h
-- Installing: /workspaces/carma_ws/src/install/pacmod_msgs/include/pacmod_msgs/KeyValuePair.h
-- Installing: /workspaces/carma_ws/src/install/pacmod_msgs/include/pacmod_msgs/SteeringPIDRpt4.h
-- Installing: /workspaces/carma_ws/src/install/pacmod_msgs/include/pacmod_msgs/LatLonHeadingRpt.h
-- Installing: /workspaces/carma_ws/src/install/pacmod_msgs/include/pacmod_msgs/SteeringPIDRpt1.h
-- Installing: /workspaces/carma_ws/src/install/pacmod_msgs/include/pacmod_msgs/PacmodCmd.h
-- Installing: /workspaces/carma_ws/src/install/pacmod_msgs/include/pacmod_msgs/BrakeAuxRpt.h
-- Installing: /workspaces/carma_ws/src/install/pacmod_msgs/include/pacmod_msgs/SteerAuxRpt.h
-- Installing: /workspaces/carma_ws/src/install/pacmod_msgs/include/pacmod_msgs/WiperAuxRpt.h
-- Installing: /workspaces/carma_ws/src/install/pacmod_msgs/include/pacmod_msgs/DateTimeRpt.h
-- Installing: /workspaces/carma_ws/src/install/pacmod_msgs/include/pacmod_msgs/MotorRpt1.h
-- Installing: /workspaces/carma_ws/src/install/pacmod_msgs/include/pacmod_msgs/VehicleDynamicsRpt.h
-- Installing: /workspaces/carma_ws/src/install/pacmod_msgs/include/pacmod_msgs/SystemRptFloat.h
-- Installing: /workspaces/carma_ws/src/install/pacmod_msgs/include/pacmod_msgs/WheelSpeedRpt.h
-- Installing: /workspaces/carma_ws/src/install/pacmod_msgs/include/pacmod_msgs/AllSystemStatuses.h
-- Installing: /workspaces/carma_ws/src/install/pacmod_msgs/include/pacmod_msgs/EngineRpt.h
-- Installing: /workspaces/carma_ws/src/install/pacmod_msgs/include/pacmod_msgs/SteeringPIDRpt3.h
-- Installing: /workspaces/carma_ws/src/install/pacmod_msgs/include/pacmod_msgs/DetectedObjectRpt.h
-- Installing: /workspaces/carma_ws/src/install/pacmod_msgs/include/pacmod_msgs/PositionWithSpeed.h
-- Installing: /workspaces/carma_ws/src/install/pacmod_msgs/include/pacmod_msgs/SystemCmdFloat.h
-- Installing: /workspaces/carma_ws/src/install/pacmod_msgs/include/pacmod_msgs/DoorRpt.h
-- Installing: /workspaces/carma_ws/src/install/pacmod_msgs/include/pacmod_msgs/VinRpt.h
-- Installing: /workspaces/carma_ws/src/install/pacmod_msgs/include/pacmod_msgs/AccelAuxRpt.h
-- Installing: /workspaces/carma_ws/src/install/pacmod_msgs/include/pacmod_msgs/OccupancyRpt.h
-- Installing: /workspaces/carma_ws/src/install/pacmod_msgs/share/roseus/ros/pacmod_msgs
-- Installing: /workspaces/carma_ws/src/install/pacmod_msgs/share/roseus/ros/pacmod_msgs/msg
-- Installing: /workspaces/carma_ws/src/install/pacmod_msgs/share/roseus/ros/pacmod_msgs/msg/SystemRptBool.l
-- Installing: /workspaces/carma_ws/src/install/pacmod_msgs/share/roseus/ros/pacmod_msgs/msg/SteeringPIDRpt3.l
-- Installing: /workspaces/carma_ws/src/install/pacmod_msgs/share/roseus/ros/pacmod_msgs/msg/RearLightsRpt.l
-- Installing: /workspaces/carma_ws/src/install/pacmod_msgs/share/roseus/ros/pacmod_msgs/msg/AllSystemStatuses.l
-- Installing: /workspaces/carma_ws/src/install/pacmod_msgs/share/roseus/ros/pacmod_msgs/msg/AccelAuxRpt.l
-- Installing: /workspaces/carma_ws/src/install/pacmod_msgs/share/roseus/ros/pacmod_msgs/msg/InteriorLightsRpt.l
-- Installing: /workspaces/carma_ws/src/install/pacmod_msgs/share/roseus/ros/pacmod_msgs/msg/ShiftAuxRpt.l
-- Installing: /workspaces/carma_ws/src/install/pacmod_msgs/share/roseus/ros/pacmod_msgs/msg/LatLonHeadingRpt.l
-- Installing: /workspaces/carma_ws/src/install/pacmod_msgs/share/roseus/ros/pacmod_msgs/msg/YawRateRpt.l
-- Installing: /workspaces/carma_ws/src/install/pacmod_msgs/share/roseus/ros/pacmod_msgs/msg/SystemRptFloat.l
-- Installing: /workspaces/carma_ws/src/install/pacmod_msgs/share/roseus/ros/pacmod_msgs/msg/SteeringPIDRpt2.l
-- Installing: /workspaces/carma_ws/src/install/pacmod_msgs/share/roseus/ros/pacmod_msgs/msg/DoorRpt.l
-- Installing: /workspaces/carma_ws/src/install/pacmod_msgs/share/roseus/ros/pacmod_msgs/msg/BrakeAuxRpt.l
-- Installing: /workspaces/carma_ws/src/install/pacmod_msgs/share/roseus/ros/pacmod_msgs/msg/DateTimeRpt.l
-- Installing: /workspaces/carma_ws/src/install/pacmod_msgs/share/roseus/ros/pacmod_msgs/msg/SteerSystemCmd.l
-- Installing: /workspaces/carma_ws/src/install/pacmod_msgs/share/roseus/ros/pacmod_msgs/msg/VehicleDynamicsRpt.l
-- Installing: /workspaces/carma_ws/src/install/pacmod_msgs/share/roseus/ros/pacmod_msgs/msg/MotorRpt1.l
-- Installing: /workspaces/carma_ws/src/install/pacmod_msgs/share/roseus/ros/pacmod_msgs/msg/WheelSpeedRpt.l
-- Installing: /workspaces/carma_ws/src/install/pacmod_msgs/share/roseus/ros/pacmod_msgs/msg/VehicleSpeedRpt.l
-- Installing: /workspaces/carma_ws/src/install/pacmod_msgs/share/roseus/ros/pacmod_msgs/msg/SystemRptInt.l
-- Installing: /workspaces/carma_ws/src/install/pacmod_msgs/share/roseus/ros/pacmod_msgs/msg/EngineRpt.l
-- Installing: /workspaces/carma_ws/src/install/pacmod_msgs/share/roseus/ros/pacmod_msgs/msg/PositionWithSpeed.l
-- Installing: /workspaces/carma_ws/src/install/pacmod_msgs/share/roseus/ros/pacmod_msgs/msg/SystemCmdInt.l
-- Installing: /workspaces/carma_ws/src/install/pacmod_msgs/share/roseus/ros/pacmod_msgs/msg/MotorRpt2.l
-- Installing: /workspaces/carma_ws/src/install/pacmod_msgs/share/roseus/ros/pacmod_msgs/msg/SystemCmdBool.l
-- Installing: /workspaces/carma_ws/src/install/pacmod_msgs/share/roseus/ros/pacmod_msgs/msg/ParkingBrakeStatusRpt.l
-- Installing: /workspaces/carma_ws/src/install/pacmod_msgs/share/roseus/ros/pacmod_msgs/msg/MotorRpt3.l
-- Installing: /workspaces/carma_ws/src/install/pacmod_msgs/share/roseus/ros/pacmod_msgs/msg/KeyValuePair.l
-- Installing: /workspaces/carma_ws/src/install/pacmod_msgs/share/roseus/ros/pacmod_msgs/msg/ComponentRpt.l
-- Installing: /workspaces/carma_ws/src/install/pacmod_msgs/share/roseus/ros/pacmod_msgs/msg/SteeringPIDRpt4.l
-- Installing: /workspaces/carma_ws/src/install/pacmod_msgs/share/roseus/ros/pacmod_msgs/msg/SteeringPIDRpt1.l
-- Installing: /workspaces/carma_ws/src/install/pacmod_msgs/share/roseus/ros/pacmod_msgs/msg/WiperAuxRpt.l
-- Installing: /workspaces/carma_ws/src/install/pacmod_msgs/share/roseus/ros/pacmod_msgs/msg/VinRpt.l
-- Installing: /workspaces/carma_ws/src/install/pacmod_msgs/share/roseus/ros/pacmod_msgs/msg/PacmodCmd.l
-- Installing: /workspaces/carma_ws/src/install/pacmod_msgs/share/roseus/ros/pacmod_msgs/msg/VehicleSpecificRpt1.l
-- Installing: /workspaces/carma_ws/src/install/pacmod_msgs/share/roseus/ros/pacmod_msgs/msg/TurnAuxRpt.l
-- Installing: /workspaces/carma_ws/src/install/pacmod_msgs/share/roseus/ros/pacmod_msgs/msg/GlobalRpt.l
-- Installing: /workspaces/carma_ws/src/install/pacmod_msgs/share/roseus/ros/pacmod_msgs/msg/SteerAuxRpt.l
-- Installing: /workspaces/carma_ws/src/install/pacmod_msgs/share/roseus/ros/pacmod_msgs/msg/OccupancyRpt.l
-- Installing: /workspaces/carma_ws/src/install/pacmod_msgs/share/roseus/ros/pacmod_msgs/msg/DetectedObjectRpt.l
-- Installing: /workspaces/carma_ws/src/install/pacmod_msgs/share/roseus/ros/pacmod_msgs/msg/HeadlightAuxRpt.l
-- Installing: /workspaces/carma_ws/src/install/pacmod_msgs/share/roseus/ros/pacmod_msgs/msg/SystemCmdFloat.l
-- Installing: /workspaces/carma_ws/src/install/pacmod_msgs/share/roseus/ros/pacmod_msgs/manifest.l
-- Installing: /workspaces/carma_ws/src/install/pacmod_msgs/share/common-lisp/ros/pacmod_msgs
-- Installing: /workspaces/carma_ws/src/install/pacmod_msgs/share/common-lisp/ros/pacmod_msgs/msg
-- Installing: /workspaces/carma_ws/src/install/pacmod_msgs/share/common-lisp/ros/pacmod_msgs/msg/_package_WiperAuxRpt.lisp
-- Installing: /workspaces/carma_ws/src/install/pacmod_msgs/share/common-lisp/ros/pacmod_msgs/msg/_package_PacmodCmd.lisp
-- Installing: /workspaces/carma_ws/src/install/pacmod_msgs/share/common-lisp/ros/pacmod_msgs/msg/PositionWithSpeed.lisp
-- Installing: /workspaces/carma_ws/src/install/pacmod_msgs/share/common-lisp/ros/pacmod_msgs/msg/SteerAuxRpt.lisp
-- Installing: /workspaces/carma_ws/src/install/pacmod_msgs/share/common-lisp/ros/pacmod_msgs/msg/_package_HeadlightAuxRpt.lisp
-- Installing: /workspaces/carma_ws/src/install/pacmod_msgs/share/common-lisp/ros/pacmod_msgs/msg/_package_SystemRptBool.lisp
-- Installing: /workspaces/carma_ws/src/install/pacmod_msgs/share/common-lisp/ros/pacmod_msgs/msg/_package_SystemRptFloat.lisp
-- Installing: /workspaces/carma_ws/src/install/pacmod_msgs/share/common-lisp/ros/pacmod_msgs/msg/_package_SteerSystemCmd.lisp
-- Installing: /workspaces/carma_ws/src/install/pacmod_msgs/share/common-lisp/ros/pacmod_msgs/msg/_package_SteeringPIDRpt2.lisp
-- Installing: /workspaces/carma_ws/src/install/pacmod_msgs/share/common-lisp/ros/pacmod_msgs/msg/KeyValuePair.lisp
-- Installing: /workspaces/carma_ws/src/install/pacmod_msgs/share/common-lisp/ros/pacmod_msgs/msg/DoorRpt.lisp
-- Installing: /workspaces/carma_ws/src/install/pacmod_msgs/share/common-lisp/ros/pacmod_msgs/msg/SystemCmdBool.lisp
-- Installing: /workspaces/carma_ws/src/install/pacmod_msgs/share/common-lisp/ros/pacmod_msgs/msg/_package_AllSystemStatuses.lisp
-- Installing: /workspaces/carma_ws/src/install/pacmod_msgs/share/common-lisp/ros/pacmod_msgs/msg/_package_AccelAuxRpt.lisp
-- Installing: /workspaces/carma_ws/src/install/pacmod_msgs/share/common-lisp/ros/pacmod_msgs/msg/InteriorLightsRpt.lisp
-- Installing: /workspaces/carma_ws/src/install/pacmod_msgs/share/common-lisp/ros/pacmod_msgs/msg/pacmod_msgs-msg.asd
-- Installing: /workspaces/carma_ws/src/install/pacmod_msgs/share/common-lisp/ros/pacmod_msgs/msg/_package_SteeringPIDRpt1.lisp
-- Installing: /workspaces/carma_ws/src/install/pacmod_msgs/share/common-lisp/ros/pacmod_msgs/msg/_package_OccupancyRpt.lisp
-- Installing: /workspaces/carma_ws/src/install/pacmod_msgs/share/common-lisp/ros/pacmod_msgs/msg/_package_SteerAuxRpt.lisp
-- Installing: /workspaces/carma_ws/src/install/pacmod_msgs/share/common-lisp/ros/pacmod_msgs/msg/ParkingBrakeStatusRpt.lisp
-- Installing: /workspaces/carma_ws/src/install/pacmod_msgs/share/common-lisp/ros/pacmod_msgs/msg/AllSystemStatuses.lisp
-- Installing: /workspaces/carma_ws/src/install/pacmod_msgs/share/common-lisp/ros/pacmod_msgs/msg/SteeringPIDRpt4.lisp
-- Installing: /workspaces/carma_ws/src/install/pacmod_msgs/share/common-lisp/ros/pacmod_msgs/msg/DetectedObjectRpt.lisp
-- Installing: /workspaces/carma_ws/src/install/pacmod_msgs/share/common-lisp/ros/pacmod_msgs/msg/PacmodCmd.lisp
-- Installing: /workspaces/carma_ws/src/install/pacmod_msgs/share/common-lisp/ros/pacmod_msgs/msg/GlobalRpt.lisp
-- Installing: /workspaces/carma_ws/src/install/pacmod_msgs/share/common-lisp/ros/pacmod_msgs/msg/SystemRptBool.lisp
-- Installing: /workspaces/carma_ws/src/install/pacmod_msgs/share/common-lisp/ros/pacmod_msgs/msg/_package_RearLightsRpt.lisp
-- Installing: /workspaces/carma_ws/src/install/pacmod_msgs/share/common-lisp/ros/pacmod_msgs/msg/_package_WheelSpeedRpt.lisp
-- Installing: /workspaces/carma_ws/src/install/pacmod_msgs/share/common-lisp/ros/pacmod_msgs/msg/LatLonHeadingRpt.lisp
-- Installing: /workspaces/carma_ws/src/install/pacmod_msgs/share/common-lisp/ros/pacmod_msgs/msg/_package_MotorRpt1.lisp
-- Installing: /workspaces/carma_ws/src/install/pacmod_msgs/share/common-lisp/ros/pacmod_msgs/msg/MotorRpt3.lisp
-- Installing: /workspaces/carma_ws/src/install/pacmod_msgs/share/common-lisp/ros/pacmod_msgs/msg/TurnAuxRpt.lisp
-- Installing: /workspaces/carma_ws/src/install/pacmod_msgs/share/common-lisp/ros/pacmod_msgs/msg/VehicleSpecificRpt1.lisp
-- Installing: /workspaces/carma_ws/src/install/pacmod_msgs/share/common-lisp/ros/pacmod_msgs/msg/_package_DoorRpt.lisp
-- Installing: /workspaces/carma_ws/src/install/pacmod_msgs/share/common-lisp/ros/pacmod_msgs/msg/BrakeAuxRpt.lisp
-- Installing: /workspaces/carma_ws/src/install/pacmod_msgs/share/common-lisp/ros/pacmod_msgs/msg/DateTimeRpt.lisp
-- Installing: /workspaces/carma_ws/src/install/pacmod_msgs/share/common-lisp/ros/pacmod_msgs/msg/_package_VehicleSpeedRpt.lisp
-- Installing: /workspaces/carma_ws/src/install/pacmod_msgs/share/common-lisp/ros/pacmod_msgs/msg/_package_DetectedObjectRpt.lisp
-- Installing: /workspaces/carma_ws/src/install/pacmod_msgs/share/common-lisp/ros/pacmod_msgs/msg/AccelAuxRpt.lisp
-- Installing: /workspaces/carma_ws/src/install/pacmod_msgs/share/common-lisp/ros/pacmod_msgs/msg/YawRateRpt.lisp
-- Installing: /workspaces/carma_ws/src/install/pacmod_msgs/share/common-lisp/ros/pacmod_msgs/msg/SteeringPIDRpt3.lisp
-- Installing: /workspaces/carma_ws/src/install/pacmod_msgs/share/common-lisp/ros/pacmod_msgs/msg/SystemCmdInt.lisp
-- Installing: /workspaces/carma_ws/src/install/pacmod_msgs/share/common-lisp/ros/pacmod_msgs/msg/_package_KeyValuePair.lisp
-- Installing: /workspaces/carma_ws/src/install/pacmod_msgs/share/common-lisp/ros/pacmod_msgs/msg/ShiftAuxRpt.lisp
-- Installing: /workspaces/carma_ws/src/install/pacmod_msgs/share/common-lisp/ros/pacmod_msgs/msg/_package_PositionWithSpeed.lisp
-- Installing: /workspaces/carma_ws/src/install/pacmod_msgs/share/common-lisp/ros/pacmod_msgs/msg/_package_VehicleDynamicsRpt.lisp
-- Installing: /workspaces/carma_ws/src/install/pacmod_msgs/share/common-lisp/ros/pacmod_msgs/msg/_package.lisp
-- Installing: /workspaces/carma_ws/src/install/pacmod_msgs/share/common-lisp/ros/pacmod_msgs/msg/_package_ShiftAuxRpt.lisp
-- Installing: /workspaces/carma_ws/src/install/pacmod_msgs/share/common-lisp/ros/pacmod_msgs/msg/_package_InteriorLightsRpt.lisp
-- Installing: /workspaces/carma_ws/src/install/pacmod_msgs/share/common-lisp/ros/pacmod_msgs/msg/_package_SteeringPIDRpt4.lisp
-- Installing: /workspaces/carma_ws/src/install/pacmod_msgs/share/common-lisp/ros/pacmod_msgs/msg/_package_SystemRptInt.lisp
-- Installing: /workspaces/carma_ws/src/install/pacmod_msgs/share/common-lisp/ros/pacmod_msgs/msg/_package_TurnAuxRpt.lisp
-- Installing: /workspaces/carma_ws/src/install/pacmod_msgs/share/common-lisp/ros/pacmod_msgs/msg/SystemRptFloat.lisp
-- Installing: /workspaces/carma_ws/src/install/pacmod_msgs/share/common-lisp/ros/pacmod_msgs/msg/_package_GlobalRpt.lisp
-- Installing: /workspaces/carma_ws/src/install/pacmod_msgs/share/common-lisp/ros/pacmod_msgs/msg/_package_SystemCmdInt.lisp
-- Installing: /workspaces/carma_ws/src/install/pacmod_msgs/share/common-lisp/ros/pacmod_msgs/msg/_package_SystemCmdBool.lisp
-- Installing: /workspaces/carma_ws/src/install/pacmod_msgs/share/common-lisp/ros/pacmod_msgs/msg/_package_VinRpt.lisp
-- Installing: /workspaces/carma_ws/src/install/pacmod_msgs/share/common-lisp/ros/pacmod_msgs/msg/SystemCmdFloat.lisp
-- Installing: /workspaces/carma_ws/src/install/pacmod_msgs/share/common-lisp/ros/pacmod_msgs/msg/VinRpt.lisp
-- Installing: /workspaces/carma_ws/src/install/pacmod_msgs/share/common-lisp/ros/pacmod_msgs/msg/VehicleSpeedRpt.lisp
-- Installing: /workspaces/carma_ws/src/install/pacmod_msgs/share/common-lisp/ros/pacmod_msgs/msg/_package_SystemCmdFloat.lisp
-- Installing: /workspaces/carma_ws/src/install/pacmod_msgs/share/common-lisp/ros/pacmod_msgs/msg/_package_MotorRpt3.lisp
-- Installing: /workspaces/carma_ws/src/install/pacmod_msgs/share/common-lisp/ros/pacmod_msgs/msg/_package_ComponentRpt.lisp
-- Installing: /workspaces/carma_ws/src/install/pacmod_msgs/share/common-lisp/ros/pacmod_msgs/msg/SteeringPIDRpt1.lisp
-- Installing: /workspaces/carma_ws/src/install/pacmod_msgs/share/common-lisp/ros/pacmod_msgs/msg/_package_MotorRpt2.lisp
-- Installing: /workspaces/carma_ws/src/install/pacmod_msgs/share/common-lisp/ros/pacmod_msgs/msg/OccupancyRpt.lisp
-- Installing: /workspaces/carma_ws/src/install/pacmod_msgs/share/common-lisp/ros/pacmod_msgs/msg/WiperAuxRpt.lisp
-- Installing: /workspaces/carma_ws/src/install/pacmod_msgs/share/common-lisp/ros/pacmod_msgs/msg/SystemRptInt.lisp
-- Installing: /workspaces/carma_ws/src/install/pacmod_msgs/share/common-lisp/ros/pacmod_msgs/msg/_package_ParkingBrakeStatusRpt.lisp
-- Installing: /workspaces/carma_ws/src/install/pacmod_msgs/share/common-lisp/ros/pacmod_msgs/msg/ComponentRpt.lisp
-- Installing: /workspaces/carma_ws/src/install/pacmod_msgs/share/common-lisp/ros/pacmod_msgs/msg/MotorRpt1.lisp
-- Installing: /workspaces/carma_ws/src/install/pacmod_msgs/share/common-lisp/ros/pacmod_msgs/msg/EngineRpt.lisp
-- Installing: /workspaces/carma_ws/src/install/pacmod_msgs/share/common-lisp/ros/pacmod_msgs/msg/_package_EngineRpt.lisp
-- Installing: /workspaces/carma_ws/src/install/pacmod_msgs/share/common-lisp/ros/pacmod_msgs/msg/WheelSpeedRpt.lisp
-- Installing: /workspaces/carma_ws/src/install/pacmod_msgs/share/common-lisp/ros/pacmod_msgs/msg/SteeringPIDRpt2.lisp
-- Installing: /workspaces/carma_ws/src/install/pacmod_msgs/share/common-lisp/ros/pacmod_msgs/msg/_package_BrakeAuxRpt.lisp
-- Installing: /workspaces/carma_ws/src/install/pacmod_msgs/share/common-lisp/ros/pacmod_msgs/msg/_package_LatLonHeadingRpt.lisp
-- Installing: /workspaces/carma_ws/src/install/pacmod_msgs/share/common-lisp/ros/pacmod_msgs/msg/VehicleDynamicsRpt.lisp
-- Installing: /workspaces/carma_ws/src/install/pacmod_msgs/share/common-lisp/ros/pacmod_msgs/msg/_package_SteeringPIDRpt3.lisp
-- Installing: /workspaces/carma_ws/src/install/pacmod_msgs/share/common-lisp/ros/pacmod_msgs/msg/_package_VehicleSpecificRpt1.lisp
-- Installing: /workspaces/carma_ws/src/install/pacmod_msgs/share/common-lisp/ros/pacmod_msgs/msg/HeadlightAuxRpt.lisp
-- Installing: /workspaces/carma_ws/src/install/pacmod_msgs/share/common-lisp/ros/pacmod_msgs/msg/_package_DateTimeRpt.lisp
-- Installing: /workspaces/carma_ws/src/install/pacmod_msgs/share/common-lisp/ros/pacmod_msgs/msg/MotorRpt2.lisp
-- Installing: /workspaces/carma_ws/src/install/pacmod_msgs/share/common-lisp/ros/pacmod_msgs/msg/RearLightsRpt.lisp
-- Installing: /workspaces/carma_ws/src/install/pacmod_msgs/share/common-lisp/ros/pacmod_msgs/msg/_package_YawRateRpt.lisp
-- Installing: /workspaces/carma_ws/src/install/pacmod_msgs/share/common-lisp/ros/pacmod_msgs/msg/SteerSystemCmd.lisp
-- Installing: /workspaces/carma_ws/src/install/pacmod_msgs/share/gennodejs/ros/pacmod_msgs
-- Installing: /workspaces/carma_ws/src/install/pacmod_msgs/share/gennodejs/ros/pacmod_msgs/_index.js
-- Installing: /workspaces/carma_ws/src/install/pacmod_msgs/share/gennodejs/ros/pacmod_msgs/msg
-- Installing: /workspaces/carma_ws/src/install/pacmod_msgs/share/gennodejs/ros/pacmod_msgs/msg/VehicleDynamicsRpt.js
-- Installing: /workspaces/carma_ws/src/install/pacmod_msgs/share/gennodejs/ros/pacmod_msgs/msg/MotorRpt2.js
-- Installing: /workspaces/carma_ws/src/install/pacmod_msgs/share/gennodejs/ros/pacmod_msgs/msg/DoorRpt.js
-- Installing: /workspaces/carma_ws/src/install/pacmod_msgs/share/gennodejs/ros/pacmod_msgs/msg/SystemCmdInt.js
-- Installing: /workspaces/carma_ws/src/install/pacmod_msgs/share/gennodejs/ros/pacmod_msgs/msg/WiperAuxRpt.js
-- Installing: /workspaces/carma_ws/src/install/pacmod_msgs/share/gennodejs/ros/pacmod_msgs/msg/RearLightsRpt.js
-- Installing: /workspaces/carma_ws/src/install/pacmod_msgs/share/gennodejs/ros/pacmod_msgs/msg/VehicleSpeedRpt.js
-- Installing: /workspaces/carma_ws/src/install/pacmod_msgs/share/gennodejs/ros/pacmod_msgs/msg/_index.js
-- Installing: /workspaces/carma_ws/src/install/pacmod_msgs/share/gennodejs/ros/pacmod_msgs/msg/ComponentRpt.js
-- Installing: /workspaces/carma_ws/src/install/pacmod_msgs/share/gennodejs/ros/pacmod_msgs/msg/PositionWithSpeed.js
-- Installing: /workspaces/carma_ws/src/install/pacmod_msgs/share/gennodejs/ros/pacmod_msgs/msg/SystemRptInt.js
-- Installing: /workspaces/carma_ws/src/install/pacmod_msgs/share/gennodejs/ros/pacmod_msgs/msg/InteriorLightsRpt.js
-- Installing: /workspaces/carma_ws/src/install/pacmod_msgs/share/gennodejs/ros/pacmod_msgs/msg/KeyValuePair.js
-- Installing: /workspaces/carma_ws/src/install/pacmod_msgs/share/gennodejs/ros/pacmod_msgs/msg/SteerAuxRpt.js
-- Installing: /workspaces/carma_ws/src/install/pacmod_msgs/share/gennodejs/ros/pacmod_msgs/msg/SteerSystemCmd.js
-- Installing: /workspaces/carma_ws/src/install/pacmod_msgs/share/gennodejs/ros/pacmod_msgs/msg/EngineRpt.js
-- Installing: /workspaces/carma_ws/src/install/pacmod_msgs/share/gennodejs/ros/pacmod_msgs/msg/PacmodCmd.js
-- Installing: /workspaces/carma_ws/src/install/pacmod_msgs/share/gennodejs/ros/pacmod_msgs/msg/OccupancyRpt.js
-- Installing: /workspaces/carma_ws/src/install/pacmod_msgs/share/gennodejs/ros/pacmod_msgs/msg/ShiftAuxRpt.js
-- Installing: /workspaces/carma_ws/src/install/pacmod_msgs/share/gennodejs/ros/pacmod_msgs/msg/VehicleSpecificRpt1.js
-- Installing: /workspaces/carma_ws/src/install/pacmod_msgs/share/gennodejs/ros/pacmod_msgs/msg/GlobalRpt.js
-- Installing: /workspaces/carma_ws/src/install/pacmod_msgs/share/gennodejs/ros/pacmod_msgs/msg/BrakeAuxRpt.js
-- Installing: /workspaces/carma_ws/src/install/pacmod_msgs/share/gennodejs/ros/pacmod_msgs/msg/MotorRpt3.js
-- Installing: /workspaces/carma_ws/src/install/pacmod_msgs/share/gennodejs/ros/pacmod_msgs/msg/SteeringPIDRpt4.js
-- Installing: /workspaces/carma_ws/src/install/pacmod_msgs/share/gennodejs/ros/pacmod_msgs/msg/SteeringPIDRpt3.js
-- Installing: /workspaces/carma_ws/src/install/pacmod_msgs/share/gennodejs/ros/pacmod_msgs/msg/SteeringPIDRpt1.js
-- Installing: /workspaces/carma_ws/src/install/pacmod_msgs/share/gennodejs/ros/pacmod_msgs/msg/SystemRptBool.js
-- Installing: /workspaces/carma_ws/src/install/pacmod_msgs/share/gennodejs/ros/pacmod_msgs/msg/ParkingBrakeStatusRpt.js
-- Installing: /workspaces/carma_ws/src/install/pacmod_msgs/share/gennodejs/ros/pacmod_msgs/msg/SystemCmdBool.js
-- Installing: /workspaces/carma_ws/src/install/pacmod_msgs/share/gennodejs/ros/pacmod_msgs/msg/VinRpt.js
-- Installing: /workspaces/carma_ws/src/install/pacmod_msgs/share/gennodejs/ros/pacmod_msgs/msg/DetectedObjectRpt.js
-- Installing: /workspaces/carma_ws/src/install/pacmod_msgs/share/gennodejs/ros/pacmod_msgs/msg/WheelSpeedRpt.js
-- Installing: /workspaces/carma_ws/src/install/pacmod_msgs/share/gennodejs/ros/pacmod_msgs/msg/MotorRpt1.js
-- Installing: /workspaces/carma_ws/src/install/pacmod_msgs/share/gennodejs/ros/pacmod_msgs/msg/SteeringPIDRpt2.js
-- Installing: /workspaces/carma_ws/src/install/pacmod_msgs/share/gennodejs/ros/pacmod_msgs/msg/YawRateRpt.js
-- Installing: /workspaces/carma_ws/src/install/pacmod_msgs/share/gennodejs/ros/pacmod_msgs/msg/AllSystemStatuses.js
-- Installing: /workspaces/carma_ws/src/install/pacmod_msgs/share/gennodejs/ros/pacmod_msgs/msg/LatLonHeadingRpt.js
-- Installing: /workspaces/carma_ws/src/install/pacmod_msgs/share/gennodejs/ros/pacmod_msgs/msg/HeadlightAuxRpt.js
-- Installing: /workspaces/carma_ws/src/install/pacmod_msgs/share/gennodejs/ros/pacmod_msgs/msg/AccelAuxRpt.js
-- Installing: /workspaces/carma_ws/src/install/pacmod_msgs/share/gennodejs/ros/pacmod_msgs/msg/DateTimeRpt.js
-- Installing: /workspaces/carma_ws/src/install/pacmod_msgs/share/gennodejs/ros/pacmod_msgs/msg/SystemCmdFloat.js
-- Installing: /workspaces/carma_ws/src/install/pacmod_msgs/share/gennodejs/ros/pacmod_msgs/msg/SystemRptFloat.js
-- Installing: /workspaces/carma_ws/src/install/pacmod_msgs/share/gennodejs/ros/pacmod_msgs/msg/TurnAuxRpt.js
Listing '/workspaces/carma_ws/src/build/pacmod_msgs/devel/lib/python3/dist-packages/pacmod_msgs'...
Compiling '/workspaces/carma_ws/src/build/pacmod_msgs/devel/lib/python3/dist-packages/pacmod_msgs/__init__.py'...
Listing '/workspaces/carma_ws/src/build/pacmod_msgs/devel/lib/python3/dist-packages/pacmod_msgs/msg'...
Compiling '/workspaces/carma_ws/src/build/pacmod_msgs/devel/lib/python3/dist-packages/pacmod_msgs/msg/_AccelAuxRpt.py'...
Compiling '/workspaces/carma_ws/src/build/pacmod_msgs/devel/lib/python3/dist-packages/pacmod_msgs/msg/_AllSystemStatuses.py'...
Compiling '/workspaces/carma_ws/src/build/pacmod_msgs/devel/lib/python3/dist-packages/pacmod_msgs/msg/_BrakeAuxRpt.py'...
Compiling '/workspaces/carma_ws/src/build/pacmod_msgs/devel/lib/python3/dist-packages/pacmod_msgs/msg/_ComponentRpt.py'...
Compiling '/workspaces/carma_ws/src/build/pacmod_msgs/devel/lib/python3/dist-packages/pacmod_msgs/msg/_DateTimeRpt.py'...
Compiling '/workspaces/carma_ws/src/build/pacmod_msgs/devel/lib/python3/dist-packages/pacmod_msgs/msg/_DetectedObjectRpt.py'...
Compiling '/workspaces/carma_ws/src/build/pacmod_msgs/devel/lib/python3/dist-packages/pacmod_msgs/msg/_DoorRpt.py'...
Compiling '/workspaces/carma_ws/src/build/pacmod_msgs/devel/lib/python3/dist-packages/pacmod_msgs/msg/_EngineRpt.py'...
Compiling '/workspaces/carma_ws/src/build/pacmod_msgs/devel/lib/python3/dist-packages/pacmod_msgs/msg/_GlobalRpt.py'...
Compiling '/workspaces/carma_ws/src/build/pacmod_msgs/devel/lib/python3/dist-packages/pacmod_msgs/msg/_HeadlightAuxRpt.py'...
Compiling '/workspaces/carma_ws/src/build/pacmod_msgs/devel/lib/python3/dist-packages/pacmod_msgs/msg/_InteriorLightsRpt.py'...
Compiling '/workspaces/carma_ws/src/build/pacmod_msgs/devel/lib/python3/dist-packages/pacmod_msgs/msg/_KeyValuePair.py'...
Compiling '/workspaces/carma_ws/src/build/pacmod_msgs/devel/lib/python3/dist-packages/pacmod_msgs/msg/_LatLonHeadingRpt.py'...
Compiling '/workspaces/carma_ws/src/build/pacmod_msgs/devel/lib/python3/dist-packages/pacmod_msgs/msg/_MotorRpt1.py'...
Compiling '/workspaces/carma_ws/src/build/pacmod_msgs/devel/lib/python3/dist-packages/pacmod_msgs/msg/_MotorRpt2.py'...
Compiling '/workspaces/carma_ws/src/build/pacmod_msgs/devel/lib/python3/dist-packages/pacmod_msgs/msg/_MotorRpt3.py'...
Compiling '/workspaces/carma_ws/src/build/pacmod_msgs/devel/lib/python3/dist-packages/pacmod_msgs/msg/_OccupancyRpt.py'...
Compiling '/workspaces/carma_ws/src/build/pacmod_msgs/devel/lib/python3/dist-packages/pacmod_msgs/msg/_PacmodCmd.py'...
Compiling '/workspaces/carma_ws/src/build/pacmod_msgs/devel/lib/python3/dist-packages/pacmod_msgs/msg/_ParkingBrakeStatusRpt.py'...
Compiling '/workspaces/carma_ws/src/build/pacmod_msgs/devel/lib/python3/dist-packages/pacmod_msgs/msg/_PositionWithSpeed.py'...
Compiling '/workspaces/carma_ws/src/build/pacmod_msgs/devel/lib/python3/dist-packages/pacmod_msgs/msg/_RearLightsRpt.py'...
Compiling '/workspaces/carma_ws/src/build/pacmod_msgs/devel/lib/python3/dist-packages/pacmod_msgs/msg/_ShiftAuxRpt.py'...
Compiling '/workspaces/carma_ws/src/build/pacmod_msgs/devel/lib/python3/dist-packages/pacmod_msgs/msg/_SteerAuxRpt.py'...
Compiling '/workspaces/carma_ws/src/build/pacmod_msgs/devel/lib/python3/dist-packages/pacmod_msgs/msg/_SteerSystemCmd.py'...
Compiling '/workspaces/carma_ws/src/build/pacmod_msgs/devel/lib/python3/dist-packages/pacmod_msgs/msg/_SteeringPIDRpt1.py'...
Compiling '/workspaces/carma_ws/src/build/pacmod_msgs/devel/lib/python3/dist-packages/pacmod_msgs/msg/_SteeringPIDRpt2.py'...
Compiling '/workspaces/carma_ws/src/build/pacmod_msgs/devel/lib/python3/dist-packages/pacmod_msgs/msg/_SteeringPIDRpt3.py'...
Compiling '/workspaces/carma_ws/src/build/pacmod_msgs/devel/lib/python3/dist-packages/pacmod_msgs/msg/_SteeringPIDRpt4.py'...
Compiling '/workspaces/carma_ws/src/build/pacmod_msgs/devel/lib/python3/dist-packages/pacmod_msgs/msg/_SystemCmdBool.py'...
Compiling '/workspaces/carma_ws/src/build/pacmod_msgs/devel/lib/python3/dist-packages/pacmod_msgs/msg/_SystemCmdFloat.py'...
Compiling '/workspaces/carma_ws/src/build/pacmod_msgs/devel/lib/python3/dist-packages/pacmod_msgs/msg/_SystemCmdInt.py'...
Compiling '/workspaces/carma_ws/src/build/pacmod_msgs/devel/lib/python3/dist-packages/pacmod_msgs/msg/_SystemRptBool.py'...
Compiling '/workspaces/carma_ws/src/build/pacmod_msgs/devel/lib/python3/dist-packages/pacmod_msgs/msg/_SystemRptFloat.py'...
Compiling '/workspaces/carma_ws/src/build/pacmod_msgs/devel/lib/python3/dist-packages/pacmod_msgs/msg/_SystemRptInt.py'...
Compiling '/workspaces/carma_ws/src/build/pacmod_msgs/devel/lib/python3/dist-packages/pacmod_msgs/msg/_TurnAuxRpt.py'...
Compiling '/workspaces/carma_ws/src/build/pacmod_msgs/devel/lib/python3/dist-packages/pacmod_msgs/msg/_VehicleDynamicsRpt.py'...
Compiling '/workspaces/carma_ws/src/build/pacmod_msgs/devel/lib/python3/dist-packages/pacmod_msgs/msg/_VehicleSpecificRpt1.py'...
Compiling '/workspaces/carma_ws/src/build/pacmod_msgs/devel/lib/python3/dist-packages/pacmod_msgs/msg/_VehicleSpeedRpt.py'...
Compiling '/workspaces/carma_ws/src/build/pacmod_msgs/devel/lib/python3/dist-packages/pacmod_msgs/msg/_VinRpt.py'...
Compiling '/workspaces/carma_ws/src/build/pacmod_msgs/devel/lib/python3/dist-packages/pacmod_msgs/msg/_WheelSpeedRpt.py'...
Compiling '/workspaces/carma_ws/src/build/pacmod_msgs/devel/lib/python3/dist-packages/pacmod_msgs/msg/_WiperAuxRpt.py'...
Compiling '/workspaces/carma_ws/src/build/pacmod_msgs/devel/lib/python3/dist-packages/pacmod_msgs/msg/_YawRateRpt.py'...
Compiling '/workspaces/carma_ws/src/build/pacmod_msgs/devel/lib/python3/dist-packages/pacmod_msgs/msg/__init__.py'...
-- Installing: /workspaces/carma_ws/src/install/pacmod_msgs/lib/python3/dist-packages/pacmod_msgs
-- Installing: /workspaces/carma_ws/src/install/pacmod_msgs/lib/python3/dist-packages/pacmod_msgs/__pycache__
-- Installing: /workspaces/carma_ws/src/install/pacmod_msgs/lib/python3/dist-packages/pacmod_msgs/__pycache__/__init__.cpython-38.pyc
-- Installing: /workspaces/carma_ws/src/install/pacmod_msgs/lib/python3/dist-packages/pacmod_msgs/msg
-- Installing: /workspaces/carma_ws/src/install/pacmod_msgs/lib/python3/dist-packages/pacmod_msgs/msg/_DetectedObjectRpt.py
-- Installing: /workspaces/carma_ws/src/install/pacmod_msgs/lib/python3/dist-packages/pacmod_msgs/msg/__pycache__
-- Installing: /workspaces/carma_ws/src/install/pacmod_msgs/lib/python3/dist-packages/pacmod_msgs/msg/__pycache__/_DetectedObjectRpt.cpython-38.pyc
-- Installing: /workspaces/carma_ws/src/install/pacmod_msgs/lib/python3/dist-packages/pacmod_msgs/msg/__pycache__/_MotorRpt2.cpython-38.pyc
-- Installing: /workspaces/carma_ws/src/install/pacmod_msgs/lib/python3/dist-packages/pacmod_msgs/msg/__pycache__/_SteeringPIDRpt2.cpython-38.pyc
-- Installing: /workspaces/carma_ws/src/install/pacmod_msgs/lib/python3/dist-packages/pacmod_msgs/msg/__pycache__/_HeadlightAuxRpt.cpython-38.pyc
-- Installing: /workspaces/carma_ws/src/install/pacmod_msgs/lib/python3/dist-packages/pacmod_msgs/msg/__pycache__/_VehicleSpeedRpt.cpython-38.pyc
-- Installing: /workspaces/carma_ws/src/install/pacmod_msgs/lib/python3/dist-packages/pacmod_msgs/msg/__pycache__/_AccelAuxRpt.cpython-38.pyc
-- Installing: /workspaces/carma_ws/src/install/pacmod_msgs/lib/python3/dist-packages/pacmod_msgs/msg/__pycache__/_SystemRptInt.cpython-38.pyc
-- Installing: /workspaces/carma_ws/src/install/pacmod_msgs/lib/python3/dist-packages/pacmod_msgs/msg/__pycache__/_SystemRptFloat.cpython-38.pyc
-- Installing: /workspaces/carma_ws/src/install/pacmod_msgs/lib/python3/dist-packages/pacmod_msgs/msg/__pycache__/_RearLightsRpt.cpython-38.pyc
-- Installing: /workspaces/carma_ws/src/install/pacmod_msgs/lib/python3/dist-packages/pacmod_msgs/msg/__pycache__/_SystemCmdInt.cpython-38.pyc
-- Installing: /workspaces/carma_ws/src/install/pacmod_msgs/lib/python3/dist-packages/pacmod_msgs/msg/__pycache__/_VehicleDynamicsRpt.cpython-38.pyc
-- Installing: /workspaces/carma_ws/src/install/pacmod_msgs/lib/python3/dist-packages/pacmod_msgs/msg/__pycache__/_ShiftAuxRpt.cpython-38.pyc
-- Installing: /workspaces/carma_ws/src/install/pacmod_msgs/lib/python3/dist-packages/pacmod_msgs/msg/__pycache__/_YawRateRpt.cpython-38.pyc
-- Installing: /workspaces/carma_ws/src/install/pacmod_msgs/lib/python3/dist-packages/pacmod_msgs/msg/__pycache__/_WheelSpeedRpt.cpython-38.pyc
-- Installing: /workspaces/carma_ws/src/install/pacmod_msgs/lib/python3/dist-packages/pacmod_msgs/msg/__pycache__/_SteerSystemCmd.cpython-38.pyc
-- Installing: /workspaces/carma_ws/src/install/pacmod_msgs/lib/python3/dist-packages/pacmod_msgs/msg/__pycache__/_BrakeAuxRpt.cpython-38.pyc
-- Installing: /workspaces/carma_ws/src/install/pacmod_msgs/lib/python3/dist-packages/pacmod_msgs/msg/__pycache__/_PositionWithSpeed.cpython-38.pyc
-- Installing: /workspaces/carma_ws/src/install/pacmod_msgs/lib/python3/dist-packages/pacmod_msgs/msg/__pycache__/_VehicleSpecificRpt1.cpython-38.pyc
-- Installing: /workspaces/carma_ws/src/install/pacmod_msgs/lib/python3/dist-packages/pacmod_msgs/msg/__pycache__/_SteeringPIDRpt1.cpython-38.pyc
-- Installing: /workspaces/carma_ws/src/install/pacmod_msgs/lib/python3/dist-packages/pacmod_msgs/msg/__pycache__/_VinRpt.cpython-38.pyc
-- Installing: /workspaces/carma_ws/src/install/pacmod_msgs/lib/python3/dist-packages/pacmod_msgs/msg/__pycache__/_SteeringPIDRpt4.cpython-38.pyc
-- Installing: /workspaces/carma_ws/src/install/pacmod_msgs/lib/python3/dist-packages/pacmod_msgs/msg/__pycache__/_KeyValuePair.cpython-38.pyc
-- Installing: /workspaces/carma_ws/src/install/pacmod_msgs/lib/python3/dist-packages/pacmod_msgs/msg/__pycache__/_EngineRpt.cpython-38.pyc
-- Installing: /workspaces/carma_ws/src/install/pacmod_msgs/lib/python3/dist-packages/pacmod_msgs/msg/__pycache__/_ComponentRpt.cpython-38.pyc
-- Installing: /workspaces/carma_ws/src/install/pacmod_msgs/lib/python3/dist-packages/pacmod_msgs/msg/__pycache__/_MotorRpt3.cpython-38.pyc
-- Installing: /workspaces/carma_ws/src/install/pacmod_msgs/lib/python3/dist-packages/pacmod_msgs/msg/__pycache__/_SteerAuxRpt.cpython-38.pyc
-- Installing: /workspaces/carma_ws/src/install/pacmod_msgs/lib/python3/dist-packages/pacmod_msgs/msg/__pycache__/_MotorRpt1.cpython-38.pyc
-- Installing: /workspaces/carma_ws/src/install/pacmod_msgs/lib/python3/dist-packages/pacmod_msgs/msg/__pycache__/_PacmodCmd.cpython-38.pyc
-- Installing: /workspaces/carma_ws/src/install/pacmod_msgs/lib/python3/dist-packages/pacmod_msgs/msg/__pycache__/_DateTimeRpt.cpython-38.pyc
-- Installing: /workspaces/carma_ws/src/install/pacmod_msgs/lib/python3/dist-packages/pacmod_msgs/msg/__pycache__/_SteeringPIDRpt3.cpython-38.pyc
-- Installing: /workspaces/carma_ws/src/install/pacmod_msgs/lib/python3/dist-packages/pacmod_msgs/msg/__pycache__/_InteriorLightsRpt.cpython-38.pyc
-- Installing: /workspaces/carma_ws/src/install/pacmod_msgs/lib/python3/dist-packages/pacmod_msgs/msg/__pycache__/_SystemCmdBool.cpython-38.pyc
-- Installing: /workspaces/carma_ws/src/install/pacmod_msgs/lib/python3/dist-packages/pacmod_msgs/msg/__pycache__/_SystemRptBool.cpython-38.pyc
-- Installing: /workspaces/carma_ws/src/install/pacmod_msgs/lib/python3/dist-packages/pacmod_msgs/msg/__pycache__/__init__.cpython-38.pyc
-- Installing: /workspaces/carma_ws/src/install/pacmod_msgs/lib/python3/dist-packages/pacmod_msgs/msg/__pycache__/_SystemCmdFloat.cpython-38.pyc
-- Installing: /workspaces/carma_ws/src/install/pacmod_msgs/lib/python3/dist-packages/pacmod_msgs/msg/__pycache__/_LatLonHeadingRpt.cpython-38.pyc
-- Installing: /workspaces/carma_ws/src/install/pacmod_msgs/lib/python3/dist-packages/pacmod_msgs/msg/__pycache__/_DoorRpt.cpython-38.pyc
-- Installing: /workspaces/carma_ws/src/install/pacmod_msgs/lib/python3/dist-packages/pacmod_msgs/msg/__pycache__/_TurnAuxRpt.cpython-38.pyc
-- Installing: /workspaces/carma_ws/src/install/pacmod_msgs/lib/python3/dist-packages/pacmod_msgs/msg/__pycache__/_ParkingBrakeStatusRpt.cpython-38.pyc
-- Installing: /workspaces/carma_ws/src/install/pacmod_msgs/lib/python3/dist-packages/pacmod_msgs/msg/__pycache__/_WiperAuxRpt.cpython-38.pyc
-- Installing: /workspaces/carma_ws/src/install/pacmod_msgs/lib/python3/dist-packages/pacmod_msgs/msg/__pycache__/_AllSystemStatuses.cpython-38.pyc
-- Installing: /workspaces/carma_ws/src/install/pacmod_msgs/lib/python3/dist-packages/pacmod_msgs/msg/__pycache__/_OccupancyRpt.cpython-38.pyc
-- Installing: /workspaces/carma_ws/src/install/pacmod_msgs/lib/python3/dist-packages/pacmod_msgs/msg/__pycache__/_GlobalRpt.cpython-38.pyc
-- Installing: /workspaces/carma_ws/src/install/pacmod_msgs/lib/python3/dist-packages/pacmod_msgs/msg/_AccelAuxRpt.py
-- Installing: /workspaces/carma_ws/src/install/pacmod_msgs/lib/python3/dist-packages/pacmod_msgs/msg/_WiperAuxRpt.py
-- Installing: /workspaces/carma_ws/src/install/pacmod_msgs/lib/python3/dist-packages/pacmod_msgs/msg/_MotorRpt3.py
-- Installing: /workspaces/carma_ws/src/install/pacmod_msgs/lib/python3/dist-packages/pacmod_msgs/msg/_GlobalRpt.py
-- Installing: /workspaces/carma_ws/src/install/pacmod_msgs/lib/python3/dist-packages/pacmod_msgs/msg/_MotorRpt1.py
-- Installing: /workspaces/carma_ws/src/install/pacmod_msgs/lib/python3/dist-packages/pacmod_msgs/msg/_SystemRptInt.py
-- Installing: /workspaces/carma_ws/src/install/pacmod_msgs/lib/python3/dist-packages/pacmod_msgs/msg/_ParkingBrakeStatusRpt.py
-- Installing: /workspaces/carma_ws/src/install/pacmod_msgs/lib/python3/dist-packages/pacmod_msgs/msg/_SystemCmdBool.py
-- Installing: /workspaces/carma_ws/src/install/pacmod_msgs/lib/python3/dist-packages/pacmod_msgs/msg/_VehicleSpeedRpt.py
-- Installing: /workspaces/carma_ws/src/install/pacmod_msgs/lib/python3/dist-packages/pacmod_msgs/msg/_RearLightsRpt.py
-- Installing: /workspaces/carma_ws/src/install/pacmod_msgs/lib/python3/dist-packages/pacmod_msgs/msg/_VinRpt.py
-- Installing: /workspaces/carma_ws/src/install/pacmod_msgs/lib/python3/dist-packages/pacmod_msgs/msg/_VehicleSpecificRpt1.py
-- Installing: /workspaces/carma_ws/src/install/pacmod_msgs/lib/python3/dist-packages/pacmod_msgs/msg/_YawRateRpt.py
-- Installing: /workspaces/carma_ws/src/install/pacmod_msgs/lib/python3/dist-packages/pacmod_msgs/msg/_SteeringPIDRpt2.py
-- Installing: /workspaces/carma_ws/src/install/pacmod_msgs/lib/python3/dist-packages/pacmod_msgs/msg/_PositionWithSpeed.py
-- Installing: /workspaces/carma_ws/src/install/pacmod_msgs/lib/python3/dist-packages/pacmod_msgs/msg/_DoorRpt.py
-- Installing: /workspaces/carma_ws/src/install/pacmod_msgs/lib/python3/dist-packages/pacmod_msgs/msg/_AllSystemStatuses.py
-- Installing: /workspaces/carma_ws/src/install/pacmod_msgs/lib/python3/dist-packages/pacmod_msgs/msg/_SystemRptFloat.py
-- Installing: /workspaces/carma_ws/src/install/pacmod_msgs/lib/python3/dist-packages/pacmod_msgs/msg/_SteerSystemCmd.py
-- Installing: /workspaces/carma_ws/src/install/pacmod_msgs/lib/python3/dist-packages/pacmod_msgs/msg/_ComponentRpt.py
-- Installing: /workspaces/carma_ws/src/install/pacmod_msgs/lib/python3/dist-packages/pacmod_msgs/msg/_SystemCmdInt.py
-- Installing: /workspaces/carma_ws/src/install/pacmod_msgs/lib/python3/dist-packages/pacmod_msgs/msg/_HeadlightAuxRpt.py
-- Installing: /workspaces/carma_ws/src/install/pacmod_msgs/lib/python3/dist-packages/pacmod_msgs/msg/_BrakeAuxRpt.py
-- Installing: /workspaces/carma_ws/src/install/pacmod_msgs/lib/python3/dist-packages/pacmod_msgs/msg/_InteriorLightsRpt.py
-- Installing: /workspaces/carma_ws/src/install/pacmod_msgs/lib/python3/dist-packages/pacmod_msgs/msg/_ShiftAuxRpt.py
-- Installing: /workspaces/carma_ws/src/install/pacmod_msgs/lib/python3/dist-packages/pacmod_msgs/msg/_SteerAuxRpt.py
-- Installing: /workspaces/carma_ws/src/install/pacmod_msgs/lib/python3/dist-packages/pacmod_msgs/msg/_MotorRpt2.py
-- Installing: /workspaces/carma_ws/src/install/pacmod_msgs/lib/python3/dist-packages/pacmod_msgs/msg/_SteeringPIDRpt1.py
-- Installing: /workspaces/carma_ws/src/install/pacmod_msgs/lib/python3/dist-packages/pacmod_msgs/msg/_SteeringPIDRpt4.py
-- Installing: /workspaces/carma_ws/src/install/pacmod_msgs/lib/python3/dist-packages/pacmod_msgs/msg/_WheelSpeedRpt.py
-- Installing: /workspaces/carma_ws/src/install/pacmod_msgs/lib/python3/dist-packages/pacmod_msgs/msg/_VehicleDynamicsRpt.py
-- Installing: /workspaces/carma_ws/src/install/pacmod_msgs/lib/python3/dist-packages/pacmod_msgs/msg/_SystemCmdFloat.py
-- Installing: /workspaces/carma_ws/src/install/pacmod_msgs/lib/python3/dist-packages/pacmod_msgs/msg/_EngineRpt.py
-- Installing: /workspaces/carma_ws/src/install/pacmod_msgs/lib/python3/dist-packages/pacmod_msgs/msg/_PacmodCmd.py
-- Installing: /workspaces/carma_ws/src/install/pacmod_msgs/lib/python3/dist-packages/pacmod_msgs/msg/_KeyValuePair.py
-- Installing: /workspaces/carma_ws/src/install/pacmod_msgs/lib/python3/dist-packages/pacmod_msgs/msg/_DateTimeRpt.py
-- Installing: /workspaces/carma_ws/src/install/pacmod_msgs/lib/python3/dist-packages/pacmod_msgs/msg/_TurnAuxRpt.py
-- Installing: /workspaces/carma_ws/src/install/pacmod_msgs/lib/python3/dist-packages/pacmod_msgs/msg/_SteeringPIDRpt3.py
-- Installing: /workspaces/carma_ws/src/install/pacmod_msgs/lib/python3/dist-packages/pacmod_msgs/msg/_OccupancyRpt.py
-- Installing: /workspaces/carma_ws/src/install/pacmod_msgs/lib/python3/dist-packages/pacmod_msgs/msg/__init__.py
-- Installing: /workspaces/carma_ws/src/install/pacmod_msgs/lib/python3/dist-packages/pacmod_msgs/msg/_LatLonHeadingRpt.py
-- Installing: /workspaces/carma_ws/src/install/pacmod_msgs/lib/python3/dist-packages/pacmod_msgs/msg/_SystemRptBool.py
-- Installing: /workspaces/carma_ws/src/install/pacmod_msgs/lib/python3/dist-packages/pacmod_msgs/__init__.py
-- Installing: /workspaces/carma_ws/src/install/pacmod_msgs/lib/pkgconfig/pacmod_msgs.pc
-- Installing: /workspaces/carma_ws/src/install/pacmod_msgs/share/pacmod_msgs/cmake/pacmod_msgs-msg-extras.cmake
-- Installing: /workspaces/carma_ws/src/install/pacmod_msgs/share/pacmod_msgs/cmake/pacmod_msgsConfig.cmake
-- Installing: /workspaces/carma_ws/src/install/pacmod_msgs/share/pacmod_msgs/cmake/pacmod_msgsConfig-version.cmake
-- Installing: /workspaces/carma_ws/src/install/pacmod_msgs/share/pacmod_msgs/package.xml
