[0.073s] Invoking command in '/workspaces/carma_ws/src/build/pacmod_msgs': /usr/bin/cmake /workspaces/carma_ws/src/astuff_sensor_msgs/pacmod_msgs -DCATKIN_INSTALL_INTO_PREFIX_ROOT=0 -DCMAKE_INSTALL_PREFIX=/workspaces/carma_ws/src/install/pacmod_msgs
[3.412s] -- The C compiler identification is GNU 9.3.0
[3.413s] -- The CXX compiler identification is GNU 9.3.0
[3.413s] -- Check for working C compiler: /usr/bin/cc
[3.413s] -- Check for working C compiler: /usr/bin/cc -- works
[3.413s] -- Detecting C compiler ABI info
[3.413s] -- Detecting C compiler ABI info - done
[3.413s] -- Detecting C compile features
[3.414s] -- Detecting C compile features - done
[3.417s] -- Check for working CXX compiler: /usr/bin/c++
[3.417s] -- Check for working CXX compiler: /usr/bin/c++ -- works
[3.417s] -- Detecting CXX compiler ABI info
[3.417s] -- Detecting CXX compiler ABI info - done
[3.417s] -- Detecting CXX compile features
[3.417s] -- Detecting CXX compile features - done
[3.417s] -- Using CATKIN_DEVEL_PREFIX: /workspaces/carma_ws/src/build/pacmod_msgs/devel
[3.417s] -- Using CMAKE_PREFIX_PATH: /opt/ros/noetic
[3.418s] -- This workspace overlays: /opt/ros/noetic
[3.418s] -- Found PythonInterp: /usr/bin/python3 (found suitable version "3.8.10", minimum required is "3") 
[3.418s] -- Using PYTHON_EXECUTABLE: /usr/bin/python3
[3.418s] -- Using Debian Python package layout
[3.418s] -- Found PY_em: /usr/lib/python3/dist-packages/em.py  
[3.418s] -- Using empy: /usr/lib/python3/dist-packages/em.py
[3.418s] -- Using CATKIN_ENABLE_TESTING: ON
[3.418s] -- Call enable_testing()
[3.418s] -- Using CATKIN_TEST_RESULTS_DIR: /workspaces/carma_ws/src/build/pacmod_msgs/test_results
[3.419s] -- Forcing gtest/gmock from source, though one was otherwise available.
[3.419s] -- Found gtest sources under '/usr/src/googletest': gtests will be built
[3.419s] -- Found gmock sources under '/usr/src/googletest': gmock will be built
[3.419s] -- Found PythonInterp: /usr/bin/python3 (found version "3.8.10") 
[3.422s] -- Found Threads: TRUE  
[3.423s] -- Using Python nosetests: /usr/bin/nosetests3
[3.423s] -- catkin 0.8.10
[3.423s] -- BUILD_SHARED_LIBS is on
[3.423s] -- Using these message generators: gencpp;geneus;genlisp;gennodejs;genpy
[3.423s] -- pacmod_msgs: 42 messages, 0 services
[3.913s] -- Configuring done
[4.179s] -- Generating done
[4.248s] -- Build files have been written to: /workspaces/carma_ws/src/build/pacmod_msgs
[4.354s] Invoked command in '/workspaces/carma_ws/src/build/pacmod_msgs' returned '0': /usr/bin/cmake /workspaces/carma_ws/src/astuff_sensor_msgs/pacmod_msgs -DCATKIN_INSTALL_INTO_PREFIX_ROOT=0 -DCMAKE_INSTALL_PREFIX=/workspaces/carma_ws/src/install/pacmod_msgs
[4.355s] Invoking command in '/workspaces/carma_ws/src/build/pacmod_msgs': /usr/bin/cmake --build /workspaces/carma_ws/src/build/pacmod_msgs -- -j12 -l12
[5.390s] [35m[1mScanning dependencies of target _pacmod_msgs_generate_messages_check_deps_VehicleDynamicsRpt[0m
[5.390s] [35m[1mScanning dependencies of target _pacmod_msgs_generate_messages_check_deps_DetectedObjectRpt[0m
[5.390s] [35m[1mScanning dependencies of target _pacmod_msgs_generate_messages_check_deps_GlobalRpt[0m
[5.390s] [35m[1mScanning dependencies of target _pacmod_msgs_generate_messages_check_deps_DoorRpt[0m
[5.390s] [35m[1mScanning dependencies of target _pacmod_msgs_generate_messages_check_deps_SystemRptFloat[0m
[5.391s] [35m[1mScanning dependencies of target _pacmod_msgs_generate_messages_check_deps_PacmodCmd[0m
[5.391s] [35m[1mScanning dependencies of target _pacmod_msgs_generate_messages_check_deps_PositionWithSpeed[0m
[5.391s] [35m[1mScanning dependencies of target _pacmod_msgs_generate_messages_check_deps_ComponentRpt[0m
[5.391s] [  0%] Built target _pacmod_msgs_generate_messages_check_deps_DetectedObjectRpt
[5.391s] [35m[1mScanning dependencies of target _pacmod_msgs_generate_messages_check_deps_EngineRpt[0m
[5.391s] [35m[1mScanning dependencies of target _pacmod_msgs_generate_messages_check_deps_ShiftAuxRpt[0m
[5.391s] [35m[1mScanning dependencies of target _pacmod_msgs_generate_messages_check_deps_SteerAuxRpt[0m
[5.398s] [  0%] Built target _pacmod_msgs_generate_messages_check_deps_DoorRpt
[5.411s] [  0%] Built target _pacmod_msgs_generate_messages_check_deps_VehicleDynamicsRpt
[5.480s] [  0%] Built target _pacmod_msgs_generate_messages_check_deps_PositionWithSpeed
[5.490s] [35m[1mScanning dependencies of target _pacmod_msgs_generate_messages_check_deps_SteeringPIDRpt1[0m
[5.594s] [35m[1mScanning dependencies of target _pacmod_msgs_generate_messages_check_deps_SystemCmdBool[0m
[5.684s] [35m[1mScanning dependencies of target _pacmod_msgs_generate_messages_check_deps_HeadlightAuxRpt[0m
[5.687s] [  0%] Built target _pacmod_msgs_generate_messages_check_deps_GlobalRpt
[5.689s] [35m[1mScanning dependencies of target _pacmod_msgs_generate_messages_check_deps_TurnAuxRpt[0m
[5.721s] [  0%] Built target _pacmod_msgs_generate_messages_check_deps_ShiftAuxRpt
[5.808s] [  0%] Built target _pacmod_msgs_generate_messages_check_deps_SystemRptFloat
[5.931s] [35m[1mScanning dependencies of target _pacmod_msgs_generate_messages_check_deps_AllSystemStatuses[0m
[5.986s] [  0%] Built target _pacmod_msgs_generate_messages_check_deps_PacmodCmd
[5.989s] [35m[1mScanning dependencies of target _pacmod_msgs_generate_messages_check_deps_MotorRpt2[0m
[6.020s] [35m[1mScanning dependencies of target _pacmod_msgs_generate_messages_check_deps_AccelAuxRpt[0m
[6.024s] [  0%] Built target _pacmod_msgs_generate_messages_check_deps_ComponentRpt
[6.024s] [  0%] Built target _pacmod_msgs_generate_messages_check_deps_SteerAuxRpt
[6.094s] [  0%] Built target _pacmod_msgs_generate_messages_check_deps_SteeringPIDRpt1
[6.099s] [  0%] Built target _pacmod_msgs_generate_messages_check_deps_EngineRpt
[6.125s] [  0%] Built target _pacmod_msgs_generate_messages_check_deps_SystemCmdBool
[6.164s] [35m[1mScanning dependencies of target _pacmod_msgs_generate_messages_check_deps_MotorRpt3[0m
[6.238s] [35m[1mScanning dependencies of target std_msgs_generate_messages_lisp[0m
[6.238s] [  0%] Built target _pacmod_msgs_generate_messages_check_deps_HeadlightAuxRpt
[6.238s] [  0%] Built target _pacmod_msgs_generate_messages_check_deps_TurnAuxRpt
[6.252s] [35m[1mScanning dependencies of target _pacmod_msgs_generate_messages_check_deps_OccupancyRpt[0m
[6.257s] [35m[1mScanning dependencies of target _pacmod_msgs_generate_messages_check_deps_SteerSystemCmd[0m
[6.265s] [35m[1mScanning dependencies of target _pacmod_msgs_generate_messages_check_deps_MotorRpt1[0m
[6.290s] [35m[1mScanning dependencies of target _pacmod_msgs_generate_messages_check_deps_ParkingBrakeStatusRpt[0m
[6.400s] [35m[1mScanning dependencies of target _pacmod_msgs_generate_messages_check_deps_WheelSpeedRpt[0m
[6.418s] [  0%] Built target std_msgs_generate_messages_lisp
[6.434s] [  0%] Built target _pacmod_msgs_generate_messages_check_deps_MotorRpt2
[6.463s] [35m[1mScanning dependencies of target _pacmod_msgs_generate_messages_check_deps_SteeringPIDRpt2[0m
[6.504s] [  0%] Built target _pacmod_msgs_generate_messages_check_deps_AllSystemStatuses
[6.520s] [35m[1mScanning dependencies of target _pacmod_msgs_generate_messages_check_deps_SystemCmdFloat[0m
[6.533s] [35m[1mScanning dependencies of target _pacmod_msgs_generate_messages_check_deps_SteeringPIDRpt3[0m
[6.577s] [35m[1mScanning dependencies of target _pacmod_msgs_generate_messages_check_deps_SteeringPIDRpt4[0m
[6.617s] [  0%] Built target _pacmod_msgs_generate_messages_check_deps_AccelAuxRpt
[6.680s] [  0%] Built target _pacmod_msgs_generate_messages_check_deps_OccupancyRpt
[6.724s] [  0%] Built target _pacmod_msgs_generate_messages_check_deps_MotorRpt3
[6.760s] [35m[1mScanning dependencies of target _pacmod_msgs_generate_messages_check_deps_SystemCmdInt[0m
[6.809s] [35m[1mScanning dependencies of target _pacmod_msgs_generate_messages_check_deps_WiperAuxRpt[0m
[6.827s] [  0%] Built target _pacmod_msgs_generate_messages_check_deps_MotorRpt1
[6.885s] [  0%] Built target _pacmod_msgs_generate_messages_check_deps_WheelSpeedRpt
[6.929s] [  0%] Built target _pacmod_msgs_generate_messages_check_deps_SteerSystemCmd
[6.929s] [  0%] Built target _pacmod_msgs_generate_messages_check_deps_ParkingBrakeStatusRpt
[6.983s] [  0%] Built target _pacmod_msgs_generate_messages_check_deps_SteeringPIDRpt2
[7.035s] [  0%] Built target _pacmod_msgs_generate_messages_check_deps_SteeringPIDRpt4
[7.076s] [  0%] Built target _pacmod_msgs_generate_messages_check_deps_SteeringPIDRpt3
[7.093s] [35m[1mScanning dependencies of target _pacmod_msgs_generate_messages_check_deps_LatLonHeadingRpt[0m
[7.115s] [35m[1mScanning dependencies of target _pacmod_msgs_generate_messages_check_deps_BrakeAuxRpt[0m
[7.138s] [35m[1mScanning dependencies of target _pacmod_msgs_generate_messages_check_deps_DateTimeRpt[0m
[7.177s] [  0%] Built target _pacmod_msgs_generate_messages_check_deps_SystemCmdFloat
[7.202s] [  0%] Built target _pacmod_msgs_generate_messages_check_deps_SystemCmdInt
[7.227s] [35m[1mScanning dependencies of target _pacmod_msgs_generate_messages_check_deps_InteriorLightsRpt[0m
[7.284s] [35m[1mScanning dependencies of target _pacmod_msgs_generate_messages_check_deps_SystemRptBool[0m
[7.337s] [  0%] Built target _pacmod_msgs_generate_messages_check_deps_WiperAuxRpt
[7.366s] [35m[1mScanning dependencies of target _pacmod_msgs_generate_messages_check_deps_VehicleSpecificRpt1[0m
[7.374s] [35m[1mScanning dependencies of target _pacmod_msgs_generate_messages_check_deps_SystemRptInt[0m
[7.501s] [35m[1mScanning dependencies of target _pacmod_msgs_generate_messages_check_deps_VehicleSpeedRpt[0m
[7.537s] [35m[1mScanning dependencies of target _pacmod_msgs_generate_messages_check_deps_KeyValuePair[0m
[7.547s] [35m[1mScanning dependencies of target _pacmod_msgs_generate_messages_check_deps_VinRpt[0m
[7.682s] [35m[1mScanning dependencies of target _pacmod_msgs_generate_messages_check_deps_RearLightsRpt[0m
[7.716s] [  0%] Built target _pacmod_msgs_generate_messages_check_deps_LatLonHeadingRpt
[7.744s] [35m[1mScanning dependencies of target _pacmod_msgs_generate_messages_check_deps_YawRateRpt[0m
[7.747s] [  0%] Built target _pacmod_msgs_generate_messages_check_deps_DateTimeRpt
[7.955s] [  0%] Built target _pacmod_msgs_generate_messages_check_deps_InteriorLightsRpt
[7.968s] [  0%] Built target _pacmod_msgs_generate_messages_check_deps_BrakeAuxRpt
[8.002s] [  0%] Built target _pacmod_msgs_generate_messages_check_deps_SystemRptBool
[8.009s] [  0%] Built target _pacmod_msgs_generate_messages_check_deps_VehicleSpecificRpt1
[8.035s] [  0%] Built target _pacmod_msgs_generate_messages_check_deps_SystemRptInt
[8.046s] [35m[1mScanning dependencies of target std_msgs_generate_messages_cpp[0m
[8.063s] [  0%] Built target std_msgs_generate_messages_cpp
[8.077s] [35m[1mScanning dependencies of target std_msgs_generate_messages_eus[0m
[8.081s] [35m[1mScanning dependencies of target std_msgs_generate_messages_py[0m
[8.109s] [35m[1mScanning dependencies of target std_msgs_generate_messages_nodejs[0m
[8.116s] [  0%] Built target _pacmod_msgs_generate_messages_check_deps_YawRateRpt
[8.134s] [  0%] Built target _pacmod_msgs_generate_messages_check_deps_KeyValuePair
[8.193s] [  0%] Built target _pacmod_msgs_generate_messages_check_deps_RearLightsRpt
[8.234s] [  0%] Built target _pacmod_msgs_generate_messages_check_deps_VinRpt
[8.324s] [  0%] Built target _pacmod_msgs_generate_messages_check_deps_VehicleSpeedRpt
[8.416s] [  0%] Built target std_msgs_generate_messages_py
[8.423s] [  0%] Built target std_msgs_generate_messages_nodejs
[8.424s] [35m[1mScanning dependencies of target pacmod_msgs_generate_messages_lisp[0m
[8.432s] [  0%] Built target std_msgs_generate_messages_eus
[8.433s] [35m[1mScanning dependencies of target pacmod_msgs_generate_messages_py[0m
[8.502s] [35m[1mScanning dependencies of target pacmod_msgs_generate_messages_cpp[0m
[8.523s] [  0%] [34m[1mGenerating Python from MSG pacmod_msgs/AccelAuxRpt[0m
[8.531s] [  0%] [34m[1mGenerating Lisp code from pacmod_msgs/AccelAuxRpt.msg[0m
[8.538s] [  0%] [34m[1mGenerating Lisp code from pacmod_msgs/BrakeAuxRpt.msg[0m
[8.543s] [35m[1mScanning dependencies of target pacmod_msgs_generate_messages_nodejs[0m
[8.547s] [  1%] [34m[1mGenerating Lisp code from pacmod_msgs/AllSystemStatuses.msg[0m
[8.593s] [  2%] [34m[1mGenerating Lisp code from pacmod_msgs/ComponentRpt.msg[0m
[8.594s] [  3%] [34m[1mGenerating Python from MSG pacmod_msgs/AllSystemStatuses[0m
[8.607s] [  3%] [34m[1mGenerating Python from MSG pacmod_msgs/BrakeAuxRpt[0m
[8.626s] [  3%] [34m[1mGenerating Lisp code from pacmod_msgs/DateTimeRpt.msg[0m
[8.668s] [35m[1mScanning dependencies of target pacmod_msgs_generate_messages_eus[0m
[8.668s] [  5%] [34m[1mGenerating C++ code from pacmod_msgs/AccelAuxRpt.msg[0m
[8.674s] [  5%] [34m[1mGenerating Python from MSG pacmod_msgs/ComponentRpt[0m
[8.727s] [  5%] [34m[1mGenerating Javascript code from pacmod_msgs/AccelAuxRpt.msg[0m
[8.782s] [  6%] [34m[1mGenerating EusLisp code from pacmod_msgs/AccelAuxRpt.msg[0m
[9.103s] [  7%] [34m[1mGenerating Lisp code from pacmod_msgs/DetectedObjectRpt.msg[0m
[9.106s] [  7%] [34m[1mGenerating Lisp code from pacmod_msgs/DoorRpt.msg[0m
[9.134s] [  7%] [34m[1mGenerating Lisp code from pacmod_msgs/EngineRpt.msg[0m
[9.285s] [  7%] [34m[1mGenerating C++ code from pacmod_msgs/AllSystemStatuses.msg[0m
[9.323s] [  8%] [34m[1mGenerating Lisp code from pacmod_msgs/GlobalRpt.msg[0m
[9.324s] [  8%] [34m[1mGenerating Python from MSG pacmod_msgs/DateTimeRpt[0m
[9.331s] [  8%] [34m[1mGenerating EusLisp code from pacmod_msgs/AllSystemStatuses.msg[0m
[9.599s] [  9%] [34m[1mGenerating EusLisp code from pacmod_msgs/BrakeAuxRpt.msg[0m
[9.613s] [ 10%] [34m[1mGenerating Javascript code from pacmod_msgs/AllSystemStatuses.msg[0m
[9.717s] [ 10%] [34m[1mGenerating Lisp code from pacmod_msgs/HeadlightAuxRpt.msg[0m
[9.916s] [ 11%] [34m[1mGenerating Lisp code from pacmod_msgs/InteriorLightsRpt.msg[0m
[9.918s] [ 11%] [34m[1mGenerating EusLisp code from pacmod_msgs/ComponentRpt.msg[0m
[9.961s] [ 11%] [34m[1mGenerating Javascript code from pacmod_msgs/BrakeAuxRpt.msg[0m
[9.976s] [ 12%] [34m[1mGenerating C++ code from pacmod_msgs/BrakeAuxRpt.msg[0m
[10.089s] [ 13%] [34m[1mGenerating EusLisp code from pacmod_msgs/DateTimeRpt.msg[0m
[10.194s] [ 13%] [34m[1mGenerating EusLisp code from pacmod_msgs/DetectedObjectRpt.msg[0m
[10.204s] [ 13%] [34m[1mGenerating C++ code from pacmod_msgs/ComponentRpt.msg[0m
[10.227s] [ 13%] [34m[1mGenerating EusLisp code from pacmod_msgs/DoorRpt.msg[0m
[10.307s] [ 14%] [34m[1mGenerating Javascript code from pacmod_msgs/ComponentRpt.msg[0m
[10.642s] [ 14%] [34m[1mGenerating Lisp code from pacmod_msgs/KeyValuePair.msg[0m
[10.758s] [ 14%] [34m[1mGenerating Javascript code from pacmod_msgs/DateTimeRpt.msg[0m
[11.077s] [ 15%] [34m[1mGenerating Javascript code from pacmod_msgs/DetectedObjectRpt.msg[0m
[11.119s] [ 16%] [34m[1mGenerating EusLisp code from pacmod_msgs/HeadlightAuxRpt.msg[0m
[11.154s] [ 16%] [34m[1mGenerating Python from MSG pacmod_msgs/DoorRpt[0m
[11.154s] [ 17%] [34m[1mGenerating Lisp code from pacmod_msgs/LatLonHeadingRpt.msg[0m
[11.154s] [ 17%] [34m[1mGenerating C++ code from pacmod_msgs/DoorRpt.msg[0m
[11.267s] [ 18%] [34m[1mGenerating Javascript code from pacmod_msgs/EngineRpt.msg[0m
[11.487s] [ 19%] [34m[1mGenerating C++ code from pacmod_msgs/DetectedObjectRpt.msg[0m
[11.521s] [ 19%] [34m[1mGenerating Lisp code from pacmod_msgs/MotorRpt1.msg[0m
[11.580s] [ 19%] [34m[1mGenerating Javascript code from pacmod_msgs/GlobalRpt.msg[0m
[11.687s] [ 19%] [34m[1mGenerating EusLisp code from pacmod_msgs/GlobalRpt.msg[0m
[11.816s] [ 19%] [34m[1mGenerating Lisp code from pacmod_msgs/MotorRpt3.msg[0m
[11.975s] [ 19%] [34m[1mGenerating Javascript code from pacmod_msgs/DoorRpt.msg[0m
[12.073s] [ 20%] [34m[1mGenerating Lisp code from pacmod_msgs/OccupancyRpt.msg[0m
[12.141s] [ 21%] [34m[1mGenerating EusLisp code from pacmod_msgs/KeyValuePair.msg[0m
[12.226s] [ 21%] [34m[1mGenerating C++ code from pacmod_msgs/DateTimeRpt.msg[0m
[12.257s] [ 21%] [34m[1mGenerating Javascript code from pacmod_msgs/HeadlightAuxRpt.msg[0m
[12.356s] [ 21%] [34m[1mGenerating Lisp code from pacmod_msgs/PacmodCmd.msg[0m
[12.410s] [ 22%] [34m[1mGenerating Python from MSG pacmod_msgs/EngineRpt[0m
[12.457s] [ 22%] [34m[1mGenerating EusLisp code from pacmod_msgs/LatLonHeadingRpt.msg[0m
[12.599s] [ 23%] [34m[1mGenerating Javascript code from pacmod_msgs/InteriorLightsRpt.msg[0m
[12.722s] [ 24%] [34m[1mGenerating Lisp code from pacmod_msgs/PositionWithSpeed.msg[0m
[12.925s] [ 24%] [34m[1mGenerating Javascript code from pacmod_msgs/KeyValuePair.msg[0m
[12.941s] [ 24%] [34m[1mGenerating EusLisp code from pacmod_msgs/InteriorLightsRpt.msg[0m
[13.064s] [ 25%] [34m[1mGenerating Lisp code from pacmod_msgs/ShiftAuxRpt.msg[0m
[13.092s] [ 26%] [34m[1mGenerating C++ code from pacmod_msgs/EngineRpt.msg[0m
[13.204s] [ 27%] [34m[1mGenerating Javascript code from pacmod_msgs/LatLonHeadingRpt.msg[0m
[13.421s] [ 27%] [34m[1mGenerating Lisp code from pacmod_msgs/RearLightsRpt.msg[0m
[13.441s] [ 28%] [34m[1mGenerating EusLisp code from pacmod_msgs/EngineRpt.msg[0m
[13.461s] [ 28%] [34m[1mGenerating Javascript code from pacmod_msgs/MotorRpt1.msg[0m
[13.589s] [ 29%] [34m[1mGenerating Javascript code from pacmod_msgs/MotorRpt2.msg[0m
[13.693s] [ 30%] [34m[1mGenerating Python from MSG pacmod_msgs/DetectedObjectRpt[0m
[13.695s] [ 31%] [34m[1mGenerating Javascript code from pacmod_msgs/OccupancyRpt.msg[0m
[13.700s] [ 32%] [34m[1mGenerating C++ code from pacmod_msgs/HeadlightAuxRpt.msg[0m
[13.761s] [ 32%] [34m[1mGenerating Lisp code from pacmod_msgs/SteerAuxRpt.msg[0m
[13.832s] [ 32%] [34m[1mGenerating Javascript code from pacmod_msgs/MotorRpt3.msg[0m
[14.023s] [ 34%] [34m[1mGenerating EusLisp code from pacmod_msgs/MotorRpt1.msg[0m
[14.051s] [ 35%] [34m[1mGenerating Lisp code from pacmod_msgs/SteerSystemCmd.msg[0m
[14.096s] [ 36%] [34m[1mGenerating Javascript code from pacmod_msgs/ParkingBrakeStatusRpt.msg[0m
[14.340s] [ 36%] [34m[1mGenerating C++ code from pacmod_msgs/InteriorLightsRpt.msg[0m
[14.376s] [ 36%] [34m[1mGenerating Lisp code from pacmod_msgs/SteeringPIDRpt1.msg[0m
[14.459s] [ 36%] [34m[1mGenerating Javascript code from pacmod_msgs/PacmodCmd.msg[0m
[14.566s] [ 36%] [34m[1mGenerating EusLisp code from pacmod_msgs/MotorRpt2.msg[0m
[14.578s] [ 36%] [34m[1mGenerating Python from MSG pacmod_msgs/GlobalRpt[0m
[14.712s] [ 36%] [34m[1mGenerating Lisp code from pacmod_msgs/SteeringPIDRpt3.msg[0m
[14.769s] [ 36%] [34m[1mGenerating Javascript code from pacmod_msgs/PositionWithSpeed.msg[0m
[15.000s] [ 36%] [34m[1mGenerating Javascript code from pacmod_msgs/RearLightsRpt.msg[0m
[15.061s] [ 37%] [34m[1mGenerating Lisp code from pacmod_msgs/SteeringPIDRpt2.msg[0m
[15.095s] [ 38%] [34m[1mGenerating C++ code from pacmod_msgs/KeyValuePair.msg[0m
[15.156s] [ 38%] [34m[1mGenerating EusLisp code from pacmod_msgs/OccupancyRpt.msg[0m
[15.272s] [ 39%] [34m[1mGenerating Lisp code from pacmod_msgs/SteeringPIDRpt4.msg[0m
[15.385s] [ 40%] [34m[1mGenerating Javascript code from pacmod_msgs/ShiftAuxRpt.msg[0m
[15.536s] [ 40%] [34m[1mGenerating EusLisp code from pacmod_msgs/PacmodCmd.msg[0m
[15.584s] [ 41%] [34m[1mGenerating Python from MSG pacmod_msgs/HeadlightAuxRpt[0m
[15.698s] [ 41%] [34m[1mGenerating Lisp code from pacmod_msgs/ParkingBrakeStatusRpt.msg[0m
[15.789s] [ 41%] [34m[1mGenerating C++ code from pacmod_msgs/LatLonHeadingRpt.msg[0m
[15.840s] [ 41%] [34m[1mGenerating Javascript code from pacmod_msgs/SteerAuxRpt.msg[0m
[16.019s] [ 42%] [34m[1mGenerating Lisp code from pacmod_msgs/MotorRpt2.msg[0m
[16.062s] [ 43%] [34m[1mGenerating EusLisp code from pacmod_msgs/ParkingBrakeStatusRpt.msg[0m
[16.102s] [ 43%] [34m[1mGenerating Python from MSG pacmod_msgs/KeyValuePair[0m
[16.132s] [ 43%] [34m[1mGenerating Javascript code from pacmod_msgs/SteeringPIDRpt1.msg[0m
[16.223s] [ 43%] [34m[1mGenerating Lisp code from pacmod_msgs/SystemCmdBool.msg[0m
[16.312s] [ 43%] [34m[1mGenerating EusLisp code from pacmod_msgs/PositionWithSpeed.msg[0m
[16.337s] [ 44%] [34m[1mGenerating C++ code from pacmod_msgs/MotorRpt1.msg[0m
[16.342s] [ 45%] [34m[1mGenerating Javascript code from pacmod_msgs/SteerSystemCmd.msg[0m
[16.445s] [ 46%] [34m[1mGenerating Lisp code from pacmod_msgs/SystemCmdInt.msg[0m
[16.646s] [ 47%] [34m[1mGenerating Javascript code from pacmod_msgs/SteeringPIDRpt2.msg[0m
[16.730s] [ 48%] [34m[1mGenerating EusLisp code from pacmod_msgs/MotorRpt3.msg[0m
[16.828s] [ 48%] [34m[1mGenerating Lisp code from pacmod_msgs/SystemRptBool.msg[0m
[16.962s] [ 48%] [34m[1mGenerating Javascript code from pacmod_msgs/SteeringPIDRpt3.msg[0m
[16.984s] [ 48%] [34m[1mGenerating Python from MSG pacmod_msgs/MotorRpt1[0m
[17.065s] [ 48%] [34m[1mGenerating Lisp code from pacmod_msgs/SystemCmdFloat.msg[0m
[17.141s] [ 49%] [34m[1mGenerating EusLisp code from pacmod_msgs/RearLightsRpt.msg[0m
[17.174s] [ 49%] [34m[1mGenerating C++ code from pacmod_msgs/MotorRpt2.msg[0m
[17.275s] [ 50%] [34m[1mGenerating Lisp code from pacmod_msgs/SystemRptFloat.msg[0m
[17.306s] [ 50%] [34m[1mGenerating Javascript code from pacmod_msgs/SystemCmdBool.msg[0m
[17.486s] [ 51%] [34m[1mGenerating Javascript code from pacmod_msgs/SystemCmdFloat.msg[0m
[17.621s] [ 51%] [34m[1mGenerating Lisp code from pacmod_msgs/SystemRptInt.msg[0m
[17.698s] [ 52%] [34m[1mGenerating Python from MSG pacmod_msgs/MotorRpt2[0m
[17.727s] [ 52%] [34m[1mGenerating EusLisp code from pacmod_msgs/ShiftAuxRpt.msg[0m
[17.856s] [ 52%] [34m[1mGenerating Javascript code from pacmod_msgs/SystemRptBool.msg[0m
[17.907s] [ 53%] [34m[1mGenerating Lisp code from pacmod_msgs/TurnAuxRpt.msg[0m
[18.103s] [ 53%] [34m[1mGenerating C++ code from pacmod_msgs/MotorRpt3.msg[0m
[18.113s] [ 54%] [34m[1mGenerating EusLisp code from pacmod_msgs/SteerAuxRpt.msg[0m
[18.181s] [ 54%] [34m[1mGenerating Javascript code from pacmod_msgs/SystemCmdInt.msg[0m
[18.284s] [ 54%] [34m[1mGenerating Lisp code from pacmod_msgs/VehicleDynamicsRpt.msg[0m
[18.327s] [ 54%] [34m[1mGenerating Python from MSG pacmod_msgs/MotorRpt3[0m
[18.351s] [ 55%] [34m[1mGenerating Javascript code from pacmod_msgs/SteeringPIDRpt4.msg[0m
[18.454s] [ 56%] [34m[1mGenerating Lisp code from pacmod_msgs/VehicleSpecificRpt1.msg[0m
[18.554s] [ 57%] [34m[1mGenerating EusLisp code from pacmod_msgs/SteeringPIDRpt1.msg[0m
[18.648s] [ 58%] [34m[1mGenerating Javascript code from pacmod_msgs/SystemRptFloat.msg[0m
[18.713s] [ 58%] [34m[1mGenerating C++ code from pacmod_msgs/GlobalRpt.msg[0m
[18.768s] [ 58%] [34m[1mGenerating Lisp code from pacmod_msgs/VehicleSpeedRpt.msg[0m
[18.932s] [ 58%] [34m[1mGenerating Javascript code from pacmod_msgs/SystemRptInt.msg[0m
[18.939s] [ 58%] [34m[1mGenerating EusLisp code from pacmod_msgs/SteerSystemCmd.msg[0m
[19.089s] [ 58%] [34m[1mGenerating Python from MSG pacmod_msgs/PacmodCmd[0m
[19.127s] [ 59%] [34m[1mGenerating Lisp code from pacmod_msgs/VinRpt.msg[0m
[19.228s] [ 60%] [34m[1mGenerating C++ code from pacmod_msgs/OccupancyRpt.msg[0m
[19.250s] [ 61%] [34m[1mGenerating Javascript code from pacmod_msgs/VehicleSpecificRpt1.msg[0m
[19.314s] [ 61%] [34m[1mGenerating EusLisp code from pacmod_msgs/SteeringPIDRpt2.msg[0m
[19.383s] [ 61%] [34m[1mGenerating Lisp code from pacmod_msgs/WiperAuxRpt.msg[0m
[19.401s] [ 61%] [34m[1mGenerating Javascript code from pacmod_msgs/VehicleDynamicsRpt.msg[0m
[19.578s] [ 61%] [34m[1mGenerating Lisp code from pacmod_msgs/WheelSpeedRpt.msg[0m
[19.596s] [ 61%] [34m[1mGenerating C++ code from pacmod_msgs/PacmodCmd.msg[0m
[19.603s] [ 62%] [34m[1mGenerating EusLisp code from pacmod_msgs/SteeringPIDRpt3.msg[0m
[19.769s] [ 62%] [34m[1mGenerating Javascript code from pacmod_msgs/VehicleSpeedRpt.msg[0m
[19.782s] [ 63%] [34m[1mGenerating Lisp code from pacmod_msgs/YawRateRpt.msg[0m
[19.909s] [ 63%] [34m[1mGenerating EusLisp code from pacmod_msgs/SystemCmdBool.msg[0m
[19.940s] [ 64%] [34m[1mGenerating Javascript code from pacmod_msgs/VinRpt.msg[0m
[20.032s] [ 64%] Built target pacmod_msgs_generate_messages_lisp
[20.133s] [ 65%] [34m[1mGenerating C++ code from pacmod_msgs/ParkingBrakeStatusRpt.msg[0m
[20.250s] [ 67%] [34m[1mGenerating Python from MSG pacmod_msgs/ParkingBrakeStatusRpt[0m
[20.275s] [ 68%] [34m[1mGenerating EusLisp code from pacmod_msgs/SystemCmdFloat.msg[0m
[20.282s] [ 68%] [34m[1mGenerating Javascript code from pacmod_msgs/WheelSpeedRpt.msg[0m
[20.505s] [ 69%] [34m[1mGenerating Javascript code from pacmod_msgs/TurnAuxRpt.msg[0m
[20.625s] [ 69%] [34m[1mGenerating C++ code from pacmod_msgs/PositionWithSpeed.msg[0m
[20.630s] [ 69%] [34m[1mGenerating EusLisp code from pacmod_msgs/SystemCmdInt.msg[0m
[20.790s] [ 70%] [34m[1mGenerating Javascript code from pacmod_msgs/WiperAuxRpt.msg[0m
[20.828s] [ 71%] [34m[1mGenerating Python from MSG pacmod_msgs/RearLightsRpt[0m
[20.992s] [ 71%] [34m[1mGenerating Javascript code from pacmod_msgs/YawRateRpt.msg[0m
[21.165s] [ 71%] [34m[1mGenerating EusLisp code from pacmod_msgs/SystemRptFloat.msg[0m
[21.184s] [ 71%] Built target pacmod_msgs_generate_messages_nodejs
[21.319s] [ 72%] [34m[1mGenerating C++ code from pacmod_msgs/RearLightsRpt.msg[0m
[21.682s] [ 73%] [34m[1mGenerating EusLisp code from pacmod_msgs/SystemRptInt.msg[0m
[21.699s] [ 73%] [34m[1mGenerating Python from MSG pacmod_msgs/SteerAuxRpt[0m
[22.117s] [ 73%] [34m[1mGenerating C++ code from pacmod_msgs/ShiftAuxRpt.msg[0m
[22.254s] [ 73%] [34m[1mGenerating EusLisp code from pacmod_msgs/TurnAuxRpt.msg[0m
[22.523s] [ 74%] [34m[1mGenerating Python from MSG pacmod_msgs/SteerSystemCmd[0m
[22.756s] [ 75%] [34m[1mGenerating C++ code from pacmod_msgs/SteerAuxRpt.msg[0m
[22.760s] [ 76%] [34m[1mGenerating EusLisp code from pacmod_msgs/VehicleDynamicsRpt.msg[0m
[22.937s] [ 77%] [34m[1mGenerating EusLisp code from pacmod_msgs/SystemRptBool.msg[0m
[23.138s] [ 77%] [34m[1mGenerating EusLisp code from pacmod_msgs/SteeringPIDRpt4.msg[0m
[23.417s] [ 77%] [34m[1mGenerating Python from MSG pacmod_msgs/SteeringPIDRpt1[0m
[23.420s] [ 77%] [34m[1mGenerating EusLisp code from pacmod_msgs/VehicleSpecificRpt1.msg[0m
[23.560s] [ 77%] [34m[1mGenerating C++ code from pacmod_msgs/SteeringPIDRpt3.msg[0m
[23.957s] [ 78%] [34m[1mGenerating EusLisp code from pacmod_msgs/VehicleSpeedRpt.msg[0m
[23.961s] [ 79%] [34m[1mGenerating C++ code from pacmod_msgs/SteeringPIDRpt4.msg[0m
[24.190s] [ 79%] [34m[1mGenerating EusLisp code from pacmod_msgs/VinRpt.msg[0m
[24.410s] [ 79%] [34m[1mGenerating C++ code from pacmod_msgs/SystemCmdBool.msg[0m
[24.625s] [ 79%] [34m[1mGenerating EusLisp code from pacmod_msgs/WheelSpeedRpt.msg[0m
[24.669s] [ 79%] [34m[1mGenerating Python from MSG pacmod_msgs/ShiftAuxRpt[0m
[24.827s] [ 80%] [34m[1mGenerating C++ code from pacmod_msgs/SystemCmdFloat.msg[0m
[25.039s] [ 81%] [34m[1mGenerating EusLisp code from pacmod_msgs/WiperAuxRpt.msg[0m
[25.354s] [ 82%] [34m[1mGenerating Python from MSG pacmod_msgs/SteeringPIDRpt2[0m
[25.520s] [ 82%] [34m[1mGenerating EusLisp code from pacmod_msgs/YawRateRpt.msg[0m
[25.545s] [ 82%] [34m[1mGenerating C++ code from pacmod_msgs/SystemCmdInt.msg[0m
[25.907s] [ 83%] [34m[1mGenerating EusLisp manifest code for pacmod_msgs[0m
[25.964s] [ 84%] [34m[1mGenerating Python from MSG pacmod_msgs/SteeringPIDRpt4[0m
[26.075s] [ 85%] [34m[1mGenerating C++ code from pacmod_msgs/SystemRptBool.msg[0m
[26.814s] [ 85%] [34m[1mGenerating C++ code from pacmod_msgs/SteeringPIDRpt2.msg[0m
[26.819s] [ 86%] [34m[1mGenerating Python from MSG pacmod_msgs/SystemCmdFloat[0m
[27.103s] [ 86%] [34m[1mGenerating C++ code from pacmod_msgs/SystemRptFloat.msg[0m
[27.352s] [ 87%] [34m[1mGenerating C++ code from pacmod_msgs/SteeringPIDRpt1.msg[0m
[27.690s] [ 87%] Built target pacmod_msgs_generate_messages_eus
[27.847s] [ 88%] [34m[1mGenerating C++ code from pacmod_msgs/SystemRptInt.msg[0m
[27.888s] [ 88%] [34m[1mGenerating Python from MSG pacmod_msgs/SystemRptFloat[0m
[28.365s] [ 88%] [34m[1mGenerating C++ code from pacmod_msgs/TurnAuxRpt.msg[0m
[28.713s] [ 88%] [34m[1mGenerating Python from MSG pacmod_msgs/SystemRptInt[0m
[29.012s] [ 89%] [34m[1mGenerating C++ code from pacmod_msgs/VehicleDynamicsRpt.msg[0m
[29.442s] [ 89%] [34m[1mGenerating C++ code from pacmod_msgs/SteerSystemCmd.msg[0m
[29.517s] [ 89%] [34m[1mGenerating Python from MSG pacmod_msgs/VehicleDynamicsRpt[0m
[29.895s] [ 89%] [34m[1mGenerating C++ code from pacmod_msgs/VehicleSpecificRpt1.msg[0m
[30.060s] [ 90%] [34m[1mGenerating Python from MSG pacmod_msgs/VehicleSpecificRpt1[0m
[30.315s] [ 90%] [34m[1mGenerating C++ code from pacmod_msgs/VehicleSpeedRpt.msg[0m
[30.776s] [ 90%] [34m[1mGenerating Python from MSG pacmod_msgs/VehicleSpeedRpt[0m
[30.777s] [ 91%] [34m[1mGenerating C++ code from pacmod_msgs/VinRpt.msg[0m
[31.345s] [ 91%] [34m[1mGenerating C++ code from pacmod_msgs/WheelSpeedRpt.msg[0m
[31.481s] [ 92%] [34m[1mGenerating Python from MSG pacmod_msgs/VinRpt[0m
[32.014s] [ 93%] [34m[1mGenerating C++ code from pacmod_msgs/WiperAuxRpt.msg[0m
[32.144s] [ 93%] [34m[1mGenerating Python from MSG pacmod_msgs/WheelSpeedRpt[0m
[32.388s] [ 93%] [34m[1mGenerating C++ code from pacmod_msgs/YawRateRpt.msg[0m
[32.686s] [ 93%] Built target pacmod_msgs_generate_messages_cpp
[32.737s] [ 93%] [34m[1mGenerating Python from MSG pacmod_msgs/YawRateRpt[0m
[33.418s] [ 94%] [34m[1mGenerating Python from MSG pacmod_msgs/WiperAuxRpt[0m
[34.427s] [ 95%] [34m[1mGenerating Python from MSG pacmod_msgs/TurnAuxRpt[0m
[35.081s] [ 96%] [34m[1mGenerating Python from MSG pacmod_msgs/SystemRptBool[0m
[35.783s] [ 96%] [34m[1mGenerating Python from MSG pacmod_msgs/SystemCmdInt[0m
[36.417s] [ 96%] [34m[1mGenerating Python from MSG pacmod_msgs/SystemCmdBool[0m
[37.151s] [ 96%] [34m[1mGenerating Python from MSG pacmod_msgs/SteeringPIDRpt3[0m
[37.765s] [ 96%] [34m[1mGenerating Python from MSG pacmod_msgs/PositionWithSpeed[0m
[38.345s] [ 97%] [34m[1mGenerating Python from MSG pacmod_msgs/OccupancyRpt[0m
[39.222s] [ 98%] [34m[1mGenerating Python from MSG pacmod_msgs/LatLonHeadingRpt[0m
[39.631s] [ 98%] [34m[1mGenerating Python from MSG pacmod_msgs/InteriorLightsRpt[0m
[40.213s] [100%] [34m[1mGenerating Python msg __init__.py for pacmod_msgs[0m
[40.894s] [100%] Built target pacmod_msgs_generate_messages_py
[40.954s] [35m[1mScanning dependencies of target pacmod_msgs_generate_messages[0m
[41.014s] [100%] Built target pacmod_msgs_generate_messages
[41.080s] Invoked command in '/workspaces/carma_ws/src/build/pacmod_msgs' returned '0': /usr/bin/cmake --build /workspaces/carma_ws/src/build/pacmod_msgs -- -j12 -l12
[41.925s] Invoking command in '/workspaces/carma_ws/src/build/pacmod_msgs': /usr/bin/cmake --build /workspaces/carma_ws/src/build/pacmod_msgs --target tests -- -j12 -l12
[44.647s] [35m[1mScanning dependencies of target tests[0m
[44.647s] Built target tests
[44.696s] Invoked command in '/workspaces/carma_ws/src/build/pacmod_msgs' returned '0': /usr/bin/cmake --build /workspaces/carma_ws/src/build/pacmod_msgs --target tests -- -j12 -l12
[45.277s] Invoking command in '/workspaces/carma_ws/src/build/pacmod_msgs': /usr/bin/cmake --install /workspaces/carma_ws/src/build/pacmod_msgs
[48.082s] -- Install configuration: ""
[48.082s] -- Installing: /workspaces/carma_ws/src/install/pacmod_msgs/share/pacmod_msgs/msg/AccelAuxRpt.msg
[48.082s] -- Installing: /workspaces/carma_ws/src/install/pacmod_msgs/share/pacmod_msgs/msg/AllSystemStatuses.msg
[48.083s] -- Installing: /workspaces/carma_ws/src/install/pacmod_msgs/share/pacmod_msgs/msg/BrakeAuxRpt.msg
[48.083s] -- Installing: /workspaces/carma_ws/src/install/pacmod_msgs/share/pacmod_msgs/msg/ComponentRpt.msg
[48.083s] -- Installing: /workspaces/carma_ws/src/install/pacmod_msgs/share/pacmod_msgs/msg/DateTimeRpt.msg
[48.083s] -- Installing: /workspaces/carma_ws/src/install/pacmod_msgs/share/pacmod_msgs/msg/DetectedObjectRpt.msg
[48.083s] -- Installing: /workspaces/carma_ws/src/install/pacmod_msgs/share/pacmod_msgs/msg/DoorRpt.msg
[48.084s] -- Installing: /workspaces/carma_ws/src/install/pacmod_msgs/share/pacmod_msgs/msg/EngineRpt.msg
[48.084s] -- Installing: /workspaces/carma_ws/src/install/pacmod_msgs/share/pacmod_msgs/msg/GlobalRpt.msg
[48.084s] -- Installing: /workspaces/carma_ws/src/install/pacmod_msgs/share/pacmod_msgs/msg/HeadlightAuxRpt.msg
[48.084s] -- Installing: /workspaces/carma_ws/src/install/pacmod_msgs/share/pacmod_msgs/msg/InteriorLightsRpt.msg
[48.084s] -- Installing: /workspaces/carma_ws/src/install/pacmod_msgs/share/pacmod_msgs/msg/KeyValuePair.msg
[48.084s] -- Installing: /workspaces/carma_ws/src/install/pacmod_msgs/share/pacmod_msgs/msg/LatLonHeadingRpt.msg
[48.084s] -- Installing: /workspaces/carma_ws/src/install/pacmod_msgs/share/pacmod_msgs/msg/MotorRpt1.msg
[48.084s] -- Installing: /workspaces/carma_ws/src/install/pacmod_msgs/share/pacmod_msgs/msg/MotorRpt2.msg
[48.084s] -- Installing: /workspaces/carma_ws/src/install/pacmod_msgs/share/pacmod_msgs/msg/MotorRpt3.msg
[48.085s] -- Installing: /workspaces/carma_ws/src/install/pacmod_msgs/share/pacmod_msgs/msg/OccupancyRpt.msg
[48.085s] -- Installing: /workspaces/carma_ws/src/install/pacmod_msgs/share/pacmod_msgs/msg/PacmodCmd.msg
[48.085s] -- Installing: /workspaces/carma_ws/src/install/pacmod_msgs/share/pacmod_msgs/msg/ParkingBrakeStatusRpt.msg
[48.085s] -- Installing: /workspaces/carma_ws/src/install/pacmod_msgs/share/pacmod_msgs/msg/PositionWithSpeed.msg
[48.085s] -- Installing: /workspaces/carma_ws/src/install/pacmod_msgs/share/pacmod_msgs/msg/RearLightsRpt.msg
[48.085s] -- Installing: /workspaces/carma_ws/src/install/pacmod_msgs/share/pacmod_msgs/msg/ShiftAuxRpt.msg
[48.085s] -- Installing: /workspaces/carma_ws/src/install/pacmod_msgs/share/pacmod_msgs/msg/SteerAuxRpt.msg
[48.085s] -- Installing: /workspaces/carma_ws/src/install/pacmod_msgs/share/pacmod_msgs/msg/SteerSystemCmd.msg
[48.086s] -- Installing: /workspaces/carma_ws/src/install/pacmod_msgs/share/pacmod_msgs/msg/SteeringPIDRpt1.msg
[48.086s] -- Installing: /workspaces/carma_ws/src/install/pacmod_msgs/share/pacmod_msgs/msg/SteeringPIDRpt2.msg
[48.086s] -- Installing: /workspaces/carma_ws/src/install/pacmod_msgs/share/pacmod_msgs/msg/SteeringPIDRpt3.msg
[48.086s] -- Installing: /workspaces/carma_ws/src/install/pacmod_msgs/share/pacmod_msgs/msg/SteeringPIDRpt4.msg
[48.086s] -- Installing: /workspaces/carma_ws/src/install/pacmod_msgs/share/pacmod_msgs/msg/SystemCmdBool.msg
[48.086s] -- Installing: /workspaces/carma_ws/src/install/pacmod_msgs/share/pacmod_msgs/msg/SystemCmdFloat.msg
[48.086s] -- Installing: /workspaces/carma_ws/src/install/pacmod_msgs/share/pacmod_msgs/msg/SystemCmdInt.msg
[48.087s] -- Installing: /workspaces/carma_ws/src/install/pacmod_msgs/share/pacmod_msgs/msg/SystemRptBool.msg
[48.087s] -- Installing: /workspaces/carma_ws/src/install/pacmod_msgs/share/pacmod_msgs/msg/SystemRptFloat.msg
[48.087s] -- Installing: /workspaces/carma_ws/src/install/pacmod_msgs/share/pacmod_msgs/msg/SystemRptInt.msg
[48.087s] -- Installing: /workspaces/carma_ws/src/install/pacmod_msgs/share/pacmod_msgs/msg/TurnAuxRpt.msg
[48.087s] -- Installing: /workspaces/carma_ws/src/install/pacmod_msgs/share/pacmod_msgs/msg/VehicleDynamicsRpt.msg
[48.087s] -- Installing: /workspaces/carma_ws/src/install/pacmod_msgs/share/pacmod_msgs/msg/VehicleSpecificRpt1.msg
[48.087s] -- Installing: /workspaces/carma_ws/src/install/pacmod_msgs/share/pacmod_msgs/msg/VehicleSpeedRpt.msg
[48.087s] -- Installing: /workspaces/carma_ws/src/install/pacmod_msgs/share/pacmod_msgs/msg/VinRpt.msg
[48.087s] -- Installing: /workspaces/carma_ws/src/install/pacmod_msgs/share/pacmod_msgs/msg/WheelSpeedRpt.msg
[48.088s] -- Installing: /workspaces/carma_ws/src/install/pacmod_msgs/share/pacmod_msgs/msg/WiperAuxRpt.msg
[48.088s] -- Installing: /workspaces/carma_ws/src/install/pacmod_msgs/share/pacmod_msgs/msg/YawRateRpt.msg
[48.088s] -- Installing: /workspaces/carma_ws/src/install/pacmod_msgs/share/pacmod_msgs/cmake/pacmod_msgs-msg-paths.cmake
[48.088s] -- Installing: /workspaces/carma_ws/src/install/pacmod_msgs/include/pacmod_msgs
[48.088s] -- Installing: /workspaces/carma_ws/src/install/pacmod_msgs/include/pacmod_msgs/ShiftAuxRpt.h
[48.088s] -- Installing: /workspaces/carma_ws/src/install/pacmod_msgs/include/pacmod_msgs/SystemRptInt.h
[48.089s] -- Installing: /workspaces/carma_ws/src/install/pacmod_msgs/include/pacmod_msgs/TurnAuxRpt.h
[48.089s] -- Installing: /workspaces/carma_ws/src/install/pacmod_msgs/include/pacmod_msgs/RearLightsRpt.h
[48.089s] -- Installing: /workspaces/carma_ws/src/install/pacmod_msgs/include/pacmod_msgs/YawRateRpt.h
[48.089s] -- Installing: /workspaces/carma_ws/src/install/pacmod_msgs/include/pacmod_msgs/SystemCmdInt.h
[48.089s] -- Installing: /workspaces/carma_ws/src/install/pacmod_msgs/include/pacmod_msgs/SteerSystemCmd.h
[48.090s] -- Installing: /workspaces/carma_ws/src/install/pacmod_msgs/include/pacmod_msgs/MotorRpt3.h
[48.090s] -- Installing: /workspaces/carma_ws/src/install/pacmod_msgs/include/pacmod_msgs/ComponentRpt.h
[48.090s] -- Installing: /workspaces/carma_ws/src/install/pacmod_msgs/include/pacmod_msgs/VehicleSpecificRpt1.h
[48.090s] -- Installing: /workspaces/carma_ws/src/install/pacmod_msgs/include/pacmod_msgs/ParkingBrakeStatusRpt.h
[48.090s] -- Installing: /workspaces/carma_ws/src/install/pacmod_msgs/include/pacmod_msgs/MotorRpt2.h
[48.091s] -- Installing: /workspaces/carma_ws/src/install/pacmod_msgs/include/pacmod_msgs/SystemRptBool.h
[48.091s] -- Installing: /workspaces/carma_ws/src/install/pacmod_msgs/include/pacmod_msgs/SteeringPIDRpt2.h
[48.091s] -- Installing: /workspaces/carma_ws/src/install/pacmod_msgs/include/pacmod_msgs/VehicleSpeedRpt.h
[48.091s] -- Installing: /workspaces/carma_ws/src/install/pacmod_msgs/include/pacmod_msgs/SystemCmdBool.h
[48.091s] -- Installing: /workspaces/carma_ws/src/install/pacmod_msgs/include/pacmod_msgs/InteriorLightsRpt.h
[48.091s] -- Installing: /workspaces/carma_ws/src/install/pacmod_msgs/include/pacmod_msgs/HeadlightAuxRpt.h
[48.092s] -- Installing: /workspaces/carma_ws/src/install/pacmod_msgs/include/pacmod_msgs/GlobalRpt.h
[48.092s] -- Installing: /workspaces/carma_ws/src/install/pacmod_msgs/include/pacmod_msgs/KeyValuePair.h
[48.092s] -- Installing: /workspaces/carma_ws/src/install/pacmod_msgs/include/pacmod_msgs/SteeringPIDRpt4.h
[48.094s] -- Installing: /workspaces/carma_ws/src/install/pacmod_msgs/include/pacmod_msgs/LatLonHeadingRpt.h
[48.094s] -- Installing: /workspaces/carma_ws/src/install/pacmod_msgs/include/pacmod_msgs/SteeringPIDRpt1.h
[48.094s] -- Installing: /workspaces/carma_ws/src/install/pacmod_msgs/include/pacmod_msgs/PacmodCmd.h
[48.094s] -- Installing: /workspaces/carma_ws/src/install/pacmod_msgs/include/pacmod_msgs/BrakeAuxRpt.h
[48.094s] -- Installing: /workspaces/carma_ws/src/install/pacmod_msgs/include/pacmod_msgs/SteerAuxRpt.h
[48.094s] -- Installing: /workspaces/carma_ws/src/install/pacmod_msgs/include/pacmod_msgs/WiperAuxRpt.h
[48.094s] -- Installing: /workspaces/carma_ws/src/install/pacmod_msgs/include/pacmod_msgs/DateTimeRpt.h
[48.094s] -- Installing: /workspaces/carma_ws/src/install/pacmod_msgs/include/pacmod_msgs/MotorRpt1.h
[48.095s] -- Installing: /workspaces/carma_ws/src/install/pacmod_msgs/include/pacmod_msgs/VehicleDynamicsRpt.h
[48.095s] -- Installing: /workspaces/carma_ws/src/install/pacmod_msgs/include/pacmod_msgs/SystemRptFloat.h
[48.095s] -- Installing: /workspaces/carma_ws/src/install/pacmod_msgs/include/pacmod_msgs/WheelSpeedRpt.h
[48.095s] -- Installing: /workspaces/carma_ws/src/install/pacmod_msgs/include/pacmod_msgs/AllSystemStatuses.h
[48.095s] -- Installing: /workspaces/carma_ws/src/install/pacmod_msgs/include/pacmod_msgs/EngineRpt.h
[48.095s] -- Installing: /workspaces/carma_ws/src/install/pacmod_msgs/include/pacmod_msgs/SteeringPIDRpt3.h
[48.095s] -- Installing: /workspaces/carma_ws/src/install/pacmod_msgs/include/pacmod_msgs/DetectedObjectRpt.h
[48.096s] -- Installing: /workspaces/carma_ws/src/install/pacmod_msgs/include/pacmod_msgs/PositionWithSpeed.h
[48.096s] -- Installing: /workspaces/carma_ws/src/install/pacmod_msgs/include/pacmod_msgs/SystemCmdFloat.h
[48.096s] -- Installing: /workspaces/carma_ws/src/install/pacmod_msgs/include/pacmod_msgs/DoorRpt.h
[48.096s] -- Installing: /workspaces/carma_ws/src/install/pacmod_msgs/include/pacmod_msgs/VinRpt.h
[48.096s] -- Installing: /workspaces/carma_ws/src/install/pacmod_msgs/include/pacmod_msgs/AccelAuxRpt.h
[48.096s] -- Installing: /workspaces/carma_ws/src/install/pacmod_msgs/include/pacmod_msgs/OccupancyRpt.h
[48.096s] -- Installing: /workspaces/carma_ws/src/install/pacmod_msgs/share/roseus/ros/pacmod_msgs
[48.096s] -- Installing: /workspaces/carma_ws/src/install/pacmod_msgs/share/roseus/ros/pacmod_msgs/msg
[48.097s] -- Installing: /workspaces/carma_ws/src/install/pacmod_msgs/share/roseus/ros/pacmod_msgs/msg/SystemRptBool.l
[48.097s] -- Installing: /workspaces/carma_ws/src/install/pacmod_msgs/share/roseus/ros/pacmod_msgs/msg/SteeringPIDRpt3.l
[48.097s] -- Installing: /workspaces/carma_ws/src/install/pacmod_msgs/share/roseus/ros/pacmod_msgs/msg/RearLightsRpt.l
[48.097s] -- Installing: /workspaces/carma_ws/src/install/pacmod_msgs/share/roseus/ros/pacmod_msgs/msg/AllSystemStatuses.l
[48.097s] -- Installing: /workspaces/carma_ws/src/install/pacmod_msgs/share/roseus/ros/pacmod_msgs/msg/AccelAuxRpt.l
[48.097s] -- Installing: /workspaces/carma_ws/src/install/pacmod_msgs/share/roseus/ros/pacmod_msgs/msg/InteriorLightsRpt.l
[48.097s] -- Installing: /workspaces/carma_ws/src/install/pacmod_msgs/share/roseus/ros/pacmod_msgs/msg/ShiftAuxRpt.l
[48.097s] -- Installing: /workspaces/carma_ws/src/install/pacmod_msgs/share/roseus/ros/pacmod_msgs/msg/LatLonHeadingRpt.l
[48.097s] -- Installing: /workspaces/carma_ws/src/install/pacmod_msgs/share/roseus/ros/pacmod_msgs/msg/YawRateRpt.l
[48.097s] -- Installing: /workspaces/carma_ws/src/install/pacmod_msgs/share/roseus/ros/pacmod_msgs/msg/SystemRptFloat.l
[48.098s] -- Installing: /workspaces/carma_ws/src/install/pacmod_msgs/share/roseus/ros/pacmod_msgs/msg/SteeringPIDRpt2.l
[48.098s] -- Installing: /workspaces/carma_ws/src/install/pacmod_msgs/share/roseus/ros/pacmod_msgs/msg/DoorRpt.l
[48.098s] -- Installing: /workspaces/carma_ws/src/install/pacmod_msgs/share/roseus/ros/pacmod_msgs/msg/BrakeAuxRpt.l
[48.098s] -- Installing: /workspaces/carma_ws/src/install/pacmod_msgs/share/roseus/ros/pacmod_msgs/msg/DateTimeRpt.l
[48.098s] -- Installing: /workspaces/carma_ws/src/install/pacmod_msgs/share/roseus/ros/pacmod_msgs/msg/SteerSystemCmd.l
[48.101s] -- Installing: /workspaces/carma_ws/src/install/pacmod_msgs/share/roseus/ros/pacmod_msgs/msg/VehicleDynamicsRpt.l
[48.101s] -- Installing: /workspaces/carma_ws/src/install/pacmod_msgs/share/roseus/ros/pacmod_msgs/msg/MotorRpt1.l
[48.102s] -- Installing: /workspaces/carma_ws/src/install/pacmod_msgs/share/roseus/ros/pacmod_msgs/msg/WheelSpeedRpt.l
[48.102s] -- Installing: /workspaces/carma_ws/src/install/pacmod_msgs/share/roseus/ros/pacmod_msgs/msg/VehicleSpeedRpt.l
[48.102s] -- Installing: /workspaces/carma_ws/src/install/pacmod_msgs/share/roseus/ros/pacmod_msgs/msg/SystemRptInt.l
[48.102s] -- Installing: /workspaces/carma_ws/src/install/pacmod_msgs/share/roseus/ros/pacmod_msgs/msg/EngineRpt.l
[48.102s] -- Installing: /workspaces/carma_ws/src/install/pacmod_msgs/share/roseus/ros/pacmod_msgs/msg/PositionWithSpeed.l
[48.103s] -- Installing: /workspaces/carma_ws/src/install/pacmod_msgs/share/roseus/ros/pacmod_msgs/msg/SystemCmdInt.l
[48.113s] -- Installing: /workspaces/carma_ws/src/install/pacmod_msgs/share/roseus/ros/pacmod_msgs/msg/MotorRpt2.l
[48.113s] -- Installing: /workspaces/carma_ws/src/install/pacmod_msgs/share/roseus/ros/pacmod_msgs/msg/SystemCmdBool.l
[48.113s] -- Installing: /workspaces/carma_ws/src/install/pacmod_msgs/share/roseus/ros/pacmod_msgs/msg/ParkingBrakeStatusRpt.l
[48.113s] -- Installing: /workspaces/carma_ws/src/install/pacmod_msgs/share/roseus/ros/pacmod_msgs/msg/MotorRpt3.l
[48.113s] -- Installing: /workspaces/carma_ws/src/install/pacmod_msgs/share/roseus/ros/pacmod_msgs/msg/KeyValuePair.l
[48.114s] -- Installing: /workspaces/carma_ws/src/install/pacmod_msgs/share/roseus/ros/pacmod_msgs/msg/ComponentRpt.l
[48.116s] -- Installing: /workspaces/carma_ws/src/install/pacmod_msgs/share/roseus/ros/pacmod_msgs/msg/SteeringPIDRpt4.l
[48.116s] -- Installing: /workspaces/carma_ws/src/install/pacmod_msgs/share/roseus/ros/pacmod_msgs/msg/SteeringPIDRpt1.l
[48.116s] -- Installing: /workspaces/carma_ws/src/install/pacmod_msgs/share/roseus/ros/pacmod_msgs/msg/WiperAuxRpt.l
[48.117s] -- Installing: /workspaces/carma_ws/src/install/pacmod_msgs/share/roseus/ros/pacmod_msgs/msg/VinRpt.l
[48.117s] -- Installing: /workspaces/carma_ws/src/install/pacmod_msgs/share/roseus/ros/pacmod_msgs/msg/PacmodCmd.l
[48.117s] -- Installing: /workspaces/carma_ws/src/install/pacmod_msgs/share/roseus/ros/pacmod_msgs/msg/VehicleSpecificRpt1.l
[48.117s] -- Installing: /workspaces/carma_ws/src/install/pacmod_msgs/share/roseus/ros/pacmod_msgs/msg/TurnAuxRpt.l
[48.117s] -- Installing: /workspaces/carma_ws/src/install/pacmod_msgs/share/roseus/ros/pacmod_msgs/msg/GlobalRpt.l
[48.117s] -- Installing: /workspaces/carma_ws/src/install/pacmod_msgs/share/roseus/ros/pacmod_msgs/msg/SteerAuxRpt.l
[48.117s] -- Installing: /workspaces/carma_ws/src/install/pacmod_msgs/share/roseus/ros/pacmod_msgs/msg/OccupancyRpt.l
[48.118s] -- Installing: /workspaces/carma_ws/src/install/pacmod_msgs/share/roseus/ros/pacmod_msgs/msg/DetectedObjectRpt.l
[48.118s] -- Installing: /workspaces/carma_ws/src/install/pacmod_msgs/share/roseus/ros/pacmod_msgs/msg/HeadlightAuxRpt.l
[48.118s] -- Installing: /workspaces/carma_ws/src/install/pacmod_msgs/share/roseus/ros/pacmod_msgs/msg/SystemCmdFloat.l
[48.118s] -- Installing: /workspaces/carma_ws/src/install/pacmod_msgs/share/roseus/ros/pacmod_msgs/manifest.l
[48.118s] -- Installing: /workspaces/carma_ws/src/install/pacmod_msgs/share/common-lisp/ros/pacmod_msgs
[48.118s] -- Installing: /workspaces/carma_ws/src/install/pacmod_msgs/share/common-lisp/ros/pacmod_msgs/msg
[48.118s] -- Installing: /workspaces/carma_ws/src/install/pacmod_msgs/share/common-lisp/ros/pacmod_msgs/msg/_package_WiperAuxRpt.lisp
[48.119s] -- Installing: /workspaces/carma_ws/src/install/pacmod_msgs/share/common-lisp/ros/pacmod_msgs/msg/_package_PacmodCmd.lisp
[48.119s] -- Installing: /workspaces/carma_ws/src/install/pacmod_msgs/share/common-lisp/ros/pacmod_msgs/msg/PositionWithSpeed.lisp
[48.119s] -- Installing: /workspaces/carma_ws/src/install/pacmod_msgs/share/common-lisp/ros/pacmod_msgs/msg/SteerAuxRpt.lisp
[48.119s] -- Installing: /workspaces/carma_ws/src/install/pacmod_msgs/share/common-lisp/ros/pacmod_msgs/msg/_package_HeadlightAuxRpt.lisp
[48.120s] -- Installing: /workspaces/carma_ws/src/install/pacmod_msgs/share/common-lisp/ros/pacmod_msgs/msg/_package_SystemRptBool.lisp
[48.120s] -- Installing: /workspaces/carma_ws/src/install/pacmod_msgs/share/common-lisp/ros/pacmod_msgs/msg/_package_SystemRptFloat.lisp
[48.120s] -- Installing: /workspaces/carma_ws/src/install/pacmod_msgs/share/common-lisp/ros/pacmod_msgs/msg/_package_SteerSystemCmd.lisp
[48.120s] -- Installing: /workspaces/carma_ws/src/install/pacmod_msgs/share/common-lisp/ros/pacmod_msgs/msg/_package_SteeringPIDRpt2.lisp
[48.120s] -- Installing: /workspaces/carma_ws/src/install/pacmod_msgs/share/common-lisp/ros/pacmod_msgs/msg/KeyValuePair.lisp
[48.120s] -- Installing: /workspaces/carma_ws/src/install/pacmod_msgs/share/common-lisp/ros/pacmod_msgs/msg/DoorRpt.lisp
[48.120s] -- Installing: /workspaces/carma_ws/src/install/pacmod_msgs/share/common-lisp/ros/pacmod_msgs/msg/SystemCmdBool.lisp
[48.120s] -- Installing: /workspaces/carma_ws/src/install/pacmod_msgs/share/common-lisp/ros/pacmod_msgs/msg/_package_AllSystemStatuses.lisp
[48.121s] -- Installing: /workspaces/carma_ws/src/install/pacmod_msgs/share/common-lisp/ros/pacmod_msgs/msg/_package_AccelAuxRpt.lisp
[48.121s] -- Installing: /workspaces/carma_ws/src/install/pacmod_msgs/share/common-lisp/ros/pacmod_msgs/msg/InteriorLightsRpt.lisp
[48.121s] -- Installing: /workspaces/carma_ws/src/install/pacmod_msgs/share/common-lisp/ros/pacmod_msgs/msg/pacmod_msgs-msg.asd
[48.121s] -- Installing: /workspaces/carma_ws/src/install/pacmod_msgs/share/common-lisp/ros/pacmod_msgs/msg/_package_SteeringPIDRpt1.lisp
[48.121s] -- Installing: /workspaces/carma_ws/src/install/pacmod_msgs/share/common-lisp/ros/pacmod_msgs/msg/_package_OccupancyRpt.lisp
[48.121s] -- Installing: /workspaces/carma_ws/src/install/pacmod_msgs/share/common-lisp/ros/pacmod_msgs/msg/_package_SteerAuxRpt.lisp
[48.121s] -- Installing: /workspaces/carma_ws/src/install/pacmod_msgs/share/common-lisp/ros/pacmod_msgs/msg/ParkingBrakeStatusRpt.lisp
[48.121s] -- Installing: /workspaces/carma_ws/src/install/pacmod_msgs/share/common-lisp/ros/pacmod_msgs/msg/AllSystemStatuses.lisp
[48.122s] -- Installing: /workspaces/carma_ws/src/install/pacmod_msgs/share/common-lisp/ros/pacmod_msgs/msg/SteeringPIDRpt4.lisp
[48.122s] -- Installing: /workspaces/carma_ws/src/install/pacmod_msgs/share/common-lisp/ros/pacmod_msgs/msg/DetectedObjectRpt.lisp
[48.123s] -- Installing: /workspaces/carma_ws/src/install/pacmod_msgs/share/common-lisp/ros/pacmod_msgs/msg/PacmodCmd.lisp
[48.123s] -- Installing: /workspaces/carma_ws/src/install/pacmod_msgs/share/common-lisp/ros/pacmod_msgs/msg/GlobalRpt.lisp
[48.123s] -- Installing: /workspaces/carma_ws/src/install/pacmod_msgs/share/common-lisp/ros/pacmod_msgs/msg/SystemRptBool.lisp
[48.123s] -- Installing: /workspaces/carma_ws/src/install/pacmod_msgs/share/common-lisp/ros/pacmod_msgs/msg/_package_RearLightsRpt.lisp
[48.123s] -- Installing: /workspaces/carma_ws/src/install/pacmod_msgs/share/common-lisp/ros/pacmod_msgs/msg/_package_WheelSpeedRpt.lisp
[48.123s] -- Installing: /workspaces/carma_ws/src/install/pacmod_msgs/share/common-lisp/ros/pacmod_msgs/msg/LatLonHeadingRpt.lisp
[48.123s] -- Installing: /workspaces/carma_ws/src/install/pacmod_msgs/share/common-lisp/ros/pacmod_msgs/msg/_package_MotorRpt1.lisp
[48.124s] -- Installing: /workspaces/carma_ws/src/install/pacmod_msgs/share/common-lisp/ros/pacmod_msgs/msg/MotorRpt3.lisp
[48.124s] -- Installing: /workspaces/carma_ws/src/install/pacmod_msgs/share/common-lisp/ros/pacmod_msgs/msg/TurnAuxRpt.lisp
[48.124s] -- Installing: /workspaces/carma_ws/src/install/pacmod_msgs/share/common-lisp/ros/pacmod_msgs/msg/VehicleSpecificRpt1.lisp
[48.124s] -- Installing: /workspaces/carma_ws/src/install/pacmod_msgs/share/common-lisp/ros/pacmod_msgs/msg/_package_DoorRpt.lisp
[48.124s] -- Installing: /workspaces/carma_ws/src/install/pacmod_msgs/share/common-lisp/ros/pacmod_msgs/msg/BrakeAuxRpt.lisp
[48.124s] -- Installing: /workspaces/carma_ws/src/install/pacmod_msgs/share/common-lisp/ros/pacmod_msgs/msg/DateTimeRpt.lisp
[48.124s] -- Installing: /workspaces/carma_ws/src/install/pacmod_msgs/share/common-lisp/ros/pacmod_msgs/msg/_package_VehicleSpeedRpt.lisp
[48.124s] -- Installing: /workspaces/carma_ws/src/install/pacmod_msgs/share/common-lisp/ros/pacmod_msgs/msg/_package_DetectedObjectRpt.lisp
[48.124s] -- Installing: /workspaces/carma_ws/src/install/pacmod_msgs/share/common-lisp/ros/pacmod_msgs/msg/AccelAuxRpt.lisp
[48.125s] -- Installing: /workspaces/carma_ws/src/install/pacmod_msgs/share/common-lisp/ros/pacmod_msgs/msg/YawRateRpt.lisp
[48.125s] -- Installing: /workspaces/carma_ws/src/install/pacmod_msgs/share/common-lisp/ros/pacmod_msgs/msg/SteeringPIDRpt3.lisp
[48.125s] -- Installing: /workspaces/carma_ws/src/install/pacmod_msgs/share/common-lisp/ros/pacmod_msgs/msg/SystemCmdInt.lisp
[48.125s] -- Installing: /workspaces/carma_ws/src/install/pacmod_msgs/share/common-lisp/ros/pacmod_msgs/msg/_package_KeyValuePair.lisp
[48.125s] -- Installing: /workspaces/carma_ws/src/install/pacmod_msgs/share/common-lisp/ros/pacmod_msgs/msg/ShiftAuxRpt.lisp
[48.125s] -- Installing: /workspaces/carma_ws/src/install/pacmod_msgs/share/common-lisp/ros/pacmod_msgs/msg/_package_PositionWithSpeed.lisp
[48.126s] -- Installing: /workspaces/carma_ws/src/install/pacmod_msgs/share/common-lisp/ros/pacmod_msgs/msg/_package_VehicleDynamicsRpt.lisp
[48.126s] -- Installing: /workspaces/carma_ws/src/install/pacmod_msgs/share/common-lisp/ros/pacmod_msgs/msg/_package.lisp
[48.126s] -- Installing: /workspaces/carma_ws/src/install/pacmod_msgs/share/common-lisp/ros/pacmod_msgs/msg/_package_ShiftAuxRpt.lisp
[48.126s] -- Installing: /workspaces/carma_ws/src/install/pacmod_msgs/share/common-lisp/ros/pacmod_msgs/msg/_package_InteriorLightsRpt.lisp
[48.126s] -- Installing: /workspaces/carma_ws/src/install/pacmod_msgs/share/common-lisp/ros/pacmod_msgs/msg/_package_SteeringPIDRpt4.lisp
[48.126s] -- Installing: /workspaces/carma_ws/src/install/pacmod_msgs/share/common-lisp/ros/pacmod_msgs/msg/_package_SystemRptInt.lisp
[48.127s] -- Installing: /workspaces/carma_ws/src/install/pacmod_msgs/share/common-lisp/ros/pacmod_msgs/msg/_package_TurnAuxRpt.lisp
[48.127s] -- Installing: /workspaces/carma_ws/src/install/pacmod_msgs/share/common-lisp/ros/pacmod_msgs/msg/SystemRptFloat.lisp
[48.127s] -- Installing: /workspaces/carma_ws/src/install/pacmod_msgs/share/common-lisp/ros/pacmod_msgs/msg/_package_GlobalRpt.lisp
[48.127s] -- Installing: /workspaces/carma_ws/src/install/pacmod_msgs/share/common-lisp/ros/pacmod_msgs/msg/_package_SystemCmdInt.lisp
[48.127s] -- Installing: /workspaces/carma_ws/src/install/pacmod_msgs/share/common-lisp/ros/pacmod_msgs/msg/_package_SystemCmdBool.lisp
[48.127s] -- Installing: /workspaces/carma_ws/src/install/pacmod_msgs/share/common-lisp/ros/pacmod_msgs/msg/_package_VinRpt.lisp
[48.127s] -- Installing: /workspaces/carma_ws/src/install/pacmod_msgs/share/common-lisp/ros/pacmod_msgs/msg/SystemCmdFloat.lisp
[48.127s] -- Installing: /workspaces/carma_ws/src/install/pacmod_msgs/share/common-lisp/ros/pacmod_msgs/msg/VinRpt.lisp
[48.128s] -- Installing: /workspaces/carma_ws/src/install/pacmod_msgs/share/common-lisp/ros/pacmod_msgs/msg/VehicleSpeedRpt.lisp
[48.128s] -- Installing: /workspaces/carma_ws/src/install/pacmod_msgs/share/common-lisp/ros/pacmod_msgs/msg/_package_SystemCmdFloat.lisp
[48.128s] -- Installing: /workspaces/carma_ws/src/install/pacmod_msgs/share/common-lisp/ros/pacmod_msgs/msg/_package_MotorRpt3.lisp
[48.128s] -- Installing: /workspaces/carma_ws/src/install/pacmod_msgs/share/common-lisp/ros/pacmod_msgs/msg/_package_ComponentRpt.lisp
[48.128s] -- Installing: /workspaces/carma_ws/src/install/pacmod_msgs/share/common-lisp/ros/pacmod_msgs/msg/SteeringPIDRpt1.lisp
[48.128s] -- Installing: /workspaces/carma_ws/src/install/pacmod_msgs/share/common-lisp/ros/pacmod_msgs/msg/_package_MotorRpt2.lisp
[48.128s] -- Installing: /workspaces/carma_ws/src/install/pacmod_msgs/share/common-lisp/ros/pacmod_msgs/msg/OccupancyRpt.lisp
[48.129s] -- Installing: /workspaces/carma_ws/src/install/pacmod_msgs/share/common-lisp/ros/pacmod_msgs/msg/WiperAuxRpt.lisp
[48.129s] -- Installing: /workspaces/carma_ws/src/install/pacmod_msgs/share/common-lisp/ros/pacmod_msgs/msg/SystemRptInt.lisp
[48.129s] -- Installing: /workspaces/carma_ws/src/install/pacmod_msgs/share/common-lisp/ros/pacmod_msgs/msg/_package_ParkingBrakeStatusRpt.lisp
[48.129s] -- Installing: /workspaces/carma_ws/src/install/pacmod_msgs/share/common-lisp/ros/pacmod_msgs/msg/ComponentRpt.lisp
[48.129s] -- Installing: /workspaces/carma_ws/src/install/pacmod_msgs/share/common-lisp/ros/pacmod_msgs/msg/MotorRpt1.lisp
[48.129s] -- Installing: /workspaces/carma_ws/src/install/pacmod_msgs/share/common-lisp/ros/pacmod_msgs/msg/EngineRpt.lisp
[48.130s] -- Installing: /workspaces/carma_ws/src/install/pacmod_msgs/share/common-lisp/ros/pacmod_msgs/msg/_package_EngineRpt.lisp
[48.130s] -- Installing: /workspaces/carma_ws/src/install/pacmod_msgs/share/common-lisp/ros/pacmod_msgs/msg/WheelSpeedRpt.lisp
[48.130s] -- Installing: /workspaces/carma_ws/src/install/pacmod_msgs/share/common-lisp/ros/pacmod_msgs/msg/SteeringPIDRpt2.lisp
[48.130s] -- Installing: /workspaces/carma_ws/src/install/pacmod_msgs/share/common-lisp/ros/pacmod_msgs/msg/_package_BrakeAuxRpt.lisp
[48.130s] -- Installing: /workspaces/carma_ws/src/install/pacmod_msgs/share/common-lisp/ros/pacmod_msgs/msg/_package_LatLonHeadingRpt.lisp
[48.130s] -- Installing: /workspaces/carma_ws/src/install/pacmod_msgs/share/common-lisp/ros/pacmod_msgs/msg/VehicleDynamicsRpt.lisp
[48.130s] -- Installing: /workspaces/carma_ws/src/install/pacmod_msgs/share/common-lisp/ros/pacmod_msgs/msg/_package_SteeringPIDRpt3.lisp
[48.130s] -- Installing: /workspaces/carma_ws/src/install/pacmod_msgs/share/common-lisp/ros/pacmod_msgs/msg/_package_VehicleSpecificRpt1.lisp
[48.131s] -- Installing: /workspaces/carma_ws/src/install/pacmod_msgs/share/common-lisp/ros/pacmod_msgs/msg/HeadlightAuxRpt.lisp
[48.131s] -- Installing: /workspaces/carma_ws/src/install/pacmod_msgs/share/common-lisp/ros/pacmod_msgs/msg/_package_DateTimeRpt.lisp
[48.131s] -- Installing: /workspaces/carma_ws/src/install/pacmod_msgs/share/common-lisp/ros/pacmod_msgs/msg/MotorRpt2.lisp
[48.131s] -- Installing: /workspaces/carma_ws/src/install/pacmod_msgs/share/common-lisp/ros/pacmod_msgs/msg/RearLightsRpt.lisp
[48.131s] -- Installing: /workspaces/carma_ws/src/install/pacmod_msgs/share/common-lisp/ros/pacmod_msgs/msg/_package_YawRateRpt.lisp
[48.131s] -- Installing: /workspaces/carma_ws/src/install/pacmod_msgs/share/common-lisp/ros/pacmod_msgs/msg/SteerSystemCmd.lisp
[48.131s] -- Installing: /workspaces/carma_ws/src/install/pacmod_msgs/share/gennodejs/ros/pacmod_msgs
[48.131s] -- Installing: /workspaces/carma_ws/src/install/pacmod_msgs/share/gennodejs/ros/pacmod_msgs/_index.js
[48.132s] -- Installing: /workspaces/carma_ws/src/install/pacmod_msgs/share/gennodejs/ros/pacmod_msgs/msg
[48.132s] -- Installing: /workspaces/carma_ws/src/install/pacmod_msgs/share/gennodejs/ros/pacmod_msgs/msg/VehicleDynamicsRpt.js
[48.132s] -- Installing: /workspaces/carma_ws/src/install/pacmod_msgs/share/gennodejs/ros/pacmod_msgs/msg/MotorRpt2.js
[48.132s] -- Installing: /workspaces/carma_ws/src/install/pacmod_msgs/share/gennodejs/ros/pacmod_msgs/msg/DoorRpt.js
[48.132s] -- Installing: /workspaces/carma_ws/src/install/pacmod_msgs/share/gennodejs/ros/pacmod_msgs/msg/SystemCmdInt.js
[48.132s] -- Installing: /workspaces/carma_ws/src/install/pacmod_msgs/share/gennodejs/ros/pacmod_msgs/msg/WiperAuxRpt.js
[48.133s] -- Installing: /workspaces/carma_ws/src/install/pacmod_msgs/share/gennodejs/ros/pacmod_msgs/msg/RearLightsRpt.js
[48.133s] -- Installing: /workspaces/carma_ws/src/install/pacmod_msgs/share/gennodejs/ros/pacmod_msgs/msg/VehicleSpeedRpt.js
[48.133s] -- Installing: /workspaces/carma_ws/src/install/pacmod_msgs/share/gennodejs/ros/pacmod_msgs/msg/_index.js
[48.133s] -- Installing: /workspaces/carma_ws/src/install/pacmod_msgs/share/gennodejs/ros/pacmod_msgs/msg/ComponentRpt.js
[48.133s] -- Installing: /workspaces/carma_ws/src/install/pacmod_msgs/share/gennodejs/ros/pacmod_msgs/msg/PositionWithSpeed.js
[48.133s] -- Installing: /workspaces/carma_ws/src/install/pacmod_msgs/share/gennodejs/ros/pacmod_msgs/msg/SystemRptInt.js
[48.133s] -- Installing: /workspaces/carma_ws/src/install/pacmod_msgs/share/gennodejs/ros/pacmod_msgs/msg/InteriorLightsRpt.js
[48.134s] -- Installing: /workspaces/carma_ws/src/install/pacmod_msgs/share/gennodejs/ros/pacmod_msgs/msg/KeyValuePair.js
[48.134s] -- Installing: /workspaces/carma_ws/src/install/pacmod_msgs/share/gennodejs/ros/pacmod_msgs/msg/SteerAuxRpt.js
[48.134s] -- Installing: /workspaces/carma_ws/src/install/pacmod_msgs/share/gennodejs/ros/pacmod_msgs/msg/SteerSystemCmd.js
[48.134s] -- Installing: /workspaces/carma_ws/src/install/pacmod_msgs/share/gennodejs/ros/pacmod_msgs/msg/EngineRpt.js
[48.134s] -- Installing: /workspaces/carma_ws/src/install/pacmod_msgs/share/gennodejs/ros/pacmod_msgs/msg/PacmodCmd.js
[48.134s] -- Installing: /workspaces/carma_ws/src/install/pacmod_msgs/share/gennodejs/ros/pacmod_msgs/msg/OccupancyRpt.js
[48.135s] -- Installing: /workspaces/carma_ws/src/install/pacmod_msgs/share/gennodejs/ros/pacmod_msgs/msg/ShiftAuxRpt.js
[48.135s] -- Installing: /workspaces/carma_ws/src/install/pacmod_msgs/share/gennodejs/ros/pacmod_msgs/msg/VehicleSpecificRpt1.js
[48.135s] -- Installing: /workspaces/carma_ws/src/install/pacmod_msgs/share/gennodejs/ros/pacmod_msgs/msg/GlobalRpt.js
[48.135s] -- Installing: /workspaces/carma_ws/src/install/pacmod_msgs/share/gennodejs/ros/pacmod_msgs/msg/BrakeAuxRpt.js
[48.135s] -- Installing: /workspaces/carma_ws/src/install/pacmod_msgs/share/gennodejs/ros/pacmod_msgs/msg/MotorRpt3.js
[48.135s] -- Installing: /workspaces/carma_ws/src/install/pacmod_msgs/share/gennodejs/ros/pacmod_msgs/msg/SteeringPIDRpt4.js
[48.135s] -- Installing: /workspaces/carma_ws/src/install/pacmod_msgs/share/gennodejs/ros/pacmod_msgs/msg/SteeringPIDRpt3.js
[48.136s] -- Installing: /workspaces/carma_ws/src/install/pacmod_msgs/share/gennodejs/ros/pacmod_msgs/msg/SteeringPIDRpt1.js
[48.136s] -- Installing: /workspaces/carma_ws/src/install/pacmod_msgs/share/gennodejs/ros/pacmod_msgs/msg/SystemRptBool.js
[48.136s] -- Installing: /workspaces/carma_ws/src/install/pacmod_msgs/share/gennodejs/ros/pacmod_msgs/msg/ParkingBrakeStatusRpt.js
[48.136s] -- Installing: /workspaces/carma_ws/src/install/pacmod_msgs/share/gennodejs/ros/pacmod_msgs/msg/SystemCmdBool.js
[48.136s] -- Installing: /workspaces/carma_ws/src/install/pacmod_msgs/share/gennodejs/ros/pacmod_msgs/msg/VinRpt.js
[48.136s] -- Installing: /workspaces/carma_ws/src/install/pacmod_msgs/share/gennodejs/ros/pacmod_msgs/msg/DetectedObjectRpt.js
[48.137s] -- Installing: /workspaces/carma_ws/src/install/pacmod_msgs/share/gennodejs/ros/pacmod_msgs/msg/WheelSpeedRpt.js
[48.138s] -- Installing: /workspaces/carma_ws/src/install/pacmod_msgs/share/gennodejs/ros/pacmod_msgs/msg/MotorRpt1.js
[48.138s] -- Installing: /workspaces/carma_ws/src/install/pacmod_msgs/share/gennodejs/ros/pacmod_msgs/msg/SteeringPIDRpt2.js
[48.138s] -- Installing: /workspaces/carma_ws/src/install/pacmod_msgs/share/gennodejs/ros/pacmod_msgs/msg/YawRateRpt.js
[48.138s] -- Installing: /workspaces/carma_ws/src/install/pacmod_msgs/share/gennodejs/ros/pacmod_msgs/msg/AllSystemStatuses.js
[48.138s] -- Installing: /workspaces/carma_ws/src/install/pacmod_msgs/share/gennodejs/ros/pacmod_msgs/msg/LatLonHeadingRpt.js
[48.138s] -- Installing: /workspaces/carma_ws/src/install/pacmod_msgs/share/gennodejs/ros/pacmod_msgs/msg/HeadlightAuxRpt.js
[48.139s] -- Installing: /workspaces/carma_ws/src/install/pacmod_msgs/share/gennodejs/ros/pacmod_msgs/msg/AccelAuxRpt.js
[48.139s] -- Installing: /workspaces/carma_ws/src/install/pacmod_msgs/share/gennodejs/ros/pacmod_msgs/msg/DateTimeRpt.js
[48.139s] -- Installing: /workspaces/carma_ws/src/install/pacmod_msgs/share/gennodejs/ros/pacmod_msgs/msg/SystemCmdFloat.js
[48.139s] -- Installing: /workspaces/carma_ws/src/install/pacmod_msgs/share/gennodejs/ros/pacmod_msgs/msg/SystemRptFloat.js
[48.139s] -- Installing: /workspaces/carma_ws/src/install/pacmod_msgs/share/gennodejs/ros/pacmod_msgs/msg/TurnAuxRpt.js
[48.275s] Listing '/workspaces/carma_ws/src/build/pacmod_msgs/devel/lib/python3/dist-packages/pacmod_msgs'...
[48.275s] Compiling '/workspaces/carma_ws/src/build/pacmod_msgs/devel/lib/python3/dist-packages/pacmod_msgs/__init__.py'...
[48.275s] Listing '/workspaces/carma_ws/src/build/pacmod_msgs/devel/lib/python3/dist-packages/pacmod_msgs/msg'...
[48.276s] Compiling '/workspaces/carma_ws/src/build/pacmod_msgs/devel/lib/python3/dist-packages/pacmod_msgs/msg/_AccelAuxRpt.py'...
[48.276s] Compiling '/workspaces/carma_ws/src/build/pacmod_msgs/devel/lib/python3/dist-packages/pacmod_msgs/msg/_AllSystemStatuses.py'...
[48.276s] Compiling '/workspaces/carma_ws/src/build/pacmod_msgs/devel/lib/python3/dist-packages/pacmod_msgs/msg/_BrakeAuxRpt.py'...
[48.276s] Compiling '/workspaces/carma_ws/src/build/pacmod_msgs/devel/lib/python3/dist-packages/pacmod_msgs/msg/_ComponentRpt.py'...
[48.276s] Compiling '/workspaces/carma_ws/src/build/pacmod_msgs/devel/lib/python3/dist-packages/pacmod_msgs/msg/_DateTimeRpt.py'...
[48.276s] Compiling '/workspaces/carma_ws/src/build/pacmod_msgs/devel/lib/python3/dist-packages/pacmod_msgs/msg/_DetectedObjectRpt.py'...
[48.276s] Compiling '/workspaces/carma_ws/src/build/pacmod_msgs/devel/lib/python3/dist-packages/pacmod_msgs/msg/_DoorRpt.py'...
[48.276s] Compiling '/workspaces/carma_ws/src/build/pacmod_msgs/devel/lib/python3/dist-packages/pacmod_msgs/msg/_EngineRpt.py'...
[48.277s] Compiling '/workspaces/carma_ws/src/build/pacmod_msgs/devel/lib/python3/dist-packages/pacmod_msgs/msg/_GlobalRpt.py'...
[48.277s] Compiling '/workspaces/carma_ws/src/build/pacmod_msgs/devel/lib/python3/dist-packages/pacmod_msgs/msg/_HeadlightAuxRpt.py'...
[48.277s] Compiling '/workspaces/carma_ws/src/build/pacmod_msgs/devel/lib/python3/dist-packages/pacmod_msgs/msg/_InteriorLightsRpt.py'...
[48.277s] Compiling '/workspaces/carma_ws/src/build/pacmod_msgs/devel/lib/python3/dist-packages/pacmod_msgs/msg/_KeyValuePair.py'...
[48.277s] Compiling '/workspaces/carma_ws/src/build/pacmod_msgs/devel/lib/python3/dist-packages/pacmod_msgs/msg/_LatLonHeadingRpt.py'...
[48.277s] Compiling '/workspaces/carma_ws/src/build/pacmod_msgs/devel/lib/python3/dist-packages/pacmod_msgs/msg/_MotorRpt1.py'...
[48.277s] Compiling '/workspaces/carma_ws/src/build/pacmod_msgs/devel/lib/python3/dist-packages/pacmod_msgs/msg/_MotorRpt2.py'...
[48.277s] Compiling '/workspaces/carma_ws/src/build/pacmod_msgs/devel/lib/python3/dist-packages/pacmod_msgs/msg/_MotorRpt3.py'...
[48.278s] Compiling '/workspaces/carma_ws/src/build/pacmod_msgs/devel/lib/python3/dist-packages/pacmod_msgs/msg/_OccupancyRpt.py'...
[48.278s] Compiling '/workspaces/carma_ws/src/build/pacmod_msgs/devel/lib/python3/dist-packages/pacmod_msgs/msg/_PacmodCmd.py'...
[48.278s] Compiling '/workspaces/carma_ws/src/build/pacmod_msgs/devel/lib/python3/dist-packages/pacmod_msgs/msg/_ParkingBrakeStatusRpt.py'...
[48.278s] Compiling '/workspaces/carma_ws/src/build/pacmod_msgs/devel/lib/python3/dist-packages/pacmod_msgs/msg/_PositionWithSpeed.py'...
[48.278s] Compiling '/workspaces/carma_ws/src/build/pacmod_msgs/devel/lib/python3/dist-packages/pacmod_msgs/msg/_RearLightsRpt.py'...
[48.278s] Compiling '/workspaces/carma_ws/src/build/pacmod_msgs/devel/lib/python3/dist-packages/pacmod_msgs/msg/_ShiftAuxRpt.py'...
[48.278s] Compiling '/workspaces/carma_ws/src/build/pacmod_msgs/devel/lib/python3/dist-packages/pacmod_msgs/msg/_SteerAuxRpt.py'...
[48.278s] Compiling '/workspaces/carma_ws/src/build/pacmod_msgs/devel/lib/python3/dist-packages/pacmod_msgs/msg/_SteerSystemCmd.py'...
[48.279s] Compiling '/workspaces/carma_ws/src/build/pacmod_msgs/devel/lib/python3/dist-packages/pacmod_msgs/msg/_SteeringPIDRpt1.py'...
[48.279s] Compiling '/workspaces/carma_ws/src/build/pacmod_msgs/devel/lib/python3/dist-packages/pacmod_msgs/msg/_SteeringPIDRpt2.py'...
[48.279s] Compiling '/workspaces/carma_ws/src/build/pacmod_msgs/devel/lib/python3/dist-packages/pacmod_msgs/msg/_SteeringPIDRpt3.py'...
[48.279s] Compiling '/workspaces/carma_ws/src/build/pacmod_msgs/devel/lib/python3/dist-packages/pacmod_msgs/msg/_SteeringPIDRpt4.py'...
[48.279s] Compiling '/workspaces/carma_ws/src/build/pacmod_msgs/devel/lib/python3/dist-packages/pacmod_msgs/msg/_SystemCmdBool.py'...
[48.279s] Compiling '/workspaces/carma_ws/src/build/pacmod_msgs/devel/lib/python3/dist-packages/pacmod_msgs/msg/_SystemCmdFloat.py'...
[48.279s] Compiling '/workspaces/carma_ws/src/build/pacmod_msgs/devel/lib/python3/dist-packages/pacmod_msgs/msg/_SystemCmdInt.py'...
[48.279s] Compiling '/workspaces/carma_ws/src/build/pacmod_msgs/devel/lib/python3/dist-packages/pacmod_msgs/msg/_SystemRptBool.py'...
[48.280s] Compiling '/workspaces/carma_ws/src/build/pacmod_msgs/devel/lib/python3/dist-packages/pacmod_msgs/msg/_SystemRptFloat.py'...
[48.280s] Compiling '/workspaces/carma_ws/src/build/pacmod_msgs/devel/lib/python3/dist-packages/pacmod_msgs/msg/_SystemRptInt.py'...
[48.280s] Compiling '/workspaces/carma_ws/src/build/pacmod_msgs/devel/lib/python3/dist-packages/pacmod_msgs/msg/_TurnAuxRpt.py'...
[48.280s] Compiling '/workspaces/carma_ws/src/build/pacmod_msgs/devel/lib/python3/dist-packages/pacmod_msgs/msg/_VehicleDynamicsRpt.py'...
[48.280s] Compiling '/workspaces/carma_ws/src/build/pacmod_msgs/devel/lib/python3/dist-packages/pacmod_msgs/msg/_VehicleSpecificRpt1.py'...
[48.280s] Compiling '/workspaces/carma_ws/src/build/pacmod_msgs/devel/lib/python3/dist-packages/pacmod_msgs/msg/_VehicleSpeedRpt.py'...
[48.280s] Compiling '/workspaces/carma_ws/src/build/pacmod_msgs/devel/lib/python3/dist-packages/pacmod_msgs/msg/_VinRpt.py'...
[48.281s] Compiling '/workspaces/carma_ws/src/build/pacmod_msgs/devel/lib/python3/dist-packages/pacmod_msgs/msg/_WheelSpeedRpt.py'...
[48.281s] Compiling '/workspaces/carma_ws/src/build/pacmod_msgs/devel/lib/python3/dist-packages/pacmod_msgs/msg/_WiperAuxRpt.py'...
[48.281s] Compiling '/workspaces/carma_ws/src/build/pacmod_msgs/devel/lib/python3/dist-packages/pacmod_msgs/msg/_YawRateRpt.py'...
[48.281s] Compiling '/workspaces/carma_ws/src/build/pacmod_msgs/devel/lib/python3/dist-packages/pacmod_msgs/msg/__init__.py'...
[48.301s] -- Installing: /workspaces/carma_ws/src/install/pacmod_msgs/lib/python3/dist-packages/pacmod_msgs
[48.301s] -- Installing: /workspaces/carma_ws/src/install/pacmod_msgs/lib/python3/dist-packages/pacmod_msgs/__pycache__
[48.301s] -- Installing: /workspaces/carma_ws/src/install/pacmod_msgs/lib/python3/dist-packages/pacmod_msgs/__pycache__/__init__.cpython-38.pyc
[48.301s] -- Installing: /workspaces/carma_ws/src/install/pacmod_msgs/lib/python3/dist-packages/pacmod_msgs/msg
[48.301s] -- Installing: /workspaces/carma_ws/src/install/pacmod_msgs/lib/python3/dist-packages/pacmod_msgs/msg/_DetectedObjectRpt.py
[48.301s] -- Installing: /workspaces/carma_ws/src/install/pacmod_msgs/lib/python3/dist-packages/pacmod_msgs/msg/__pycache__
[48.302s] -- Installing: /workspaces/carma_ws/src/install/pacmod_msgs/lib/python3/dist-packages/pacmod_msgs/msg/__pycache__/_DetectedObjectRpt.cpython-38.pyc
[48.302s] -- Installing: /workspaces/carma_ws/src/install/pacmod_msgs/lib/python3/dist-packages/pacmod_msgs/msg/__pycache__/_MotorRpt2.cpython-38.pyc
[48.302s] -- Installing: /workspaces/carma_ws/src/install/pacmod_msgs/lib/python3/dist-packages/pacmod_msgs/msg/__pycache__/_SteeringPIDRpt2.cpython-38.pyc
[48.302s] -- Installing: /workspaces/carma_ws/src/install/pacmod_msgs/lib/python3/dist-packages/pacmod_msgs/msg/__pycache__/_HeadlightAuxRpt.cpython-38.pyc
[48.302s] -- Installing: /workspaces/carma_ws/src/install/pacmod_msgs/lib/python3/dist-packages/pacmod_msgs/msg/__pycache__/_VehicleSpeedRpt.cpython-38.pyc
[48.303s] -- Installing: /workspaces/carma_ws/src/install/pacmod_msgs/lib/python3/dist-packages/pacmod_msgs/msg/__pycache__/_AccelAuxRpt.cpython-38.pyc
[48.303s] -- Installing: /workspaces/carma_ws/src/install/pacmod_msgs/lib/python3/dist-packages/pacmod_msgs/msg/__pycache__/_SystemRptInt.cpython-38.pyc
[48.303s] -- Installing: /workspaces/carma_ws/src/install/pacmod_msgs/lib/python3/dist-packages/pacmod_msgs/msg/__pycache__/_SystemRptFloat.cpython-38.pyc
[48.303s] -- Installing: /workspaces/carma_ws/src/install/pacmod_msgs/lib/python3/dist-packages/pacmod_msgs/msg/__pycache__/_RearLightsRpt.cpython-38.pyc
[48.303s] -- Installing: /workspaces/carma_ws/src/install/pacmod_msgs/lib/python3/dist-packages/pacmod_msgs/msg/__pycache__/_SystemCmdInt.cpython-38.pyc
[48.303s] -- Installing: /workspaces/carma_ws/src/install/pacmod_msgs/lib/python3/dist-packages/pacmod_msgs/msg/__pycache__/_VehicleDynamicsRpt.cpython-38.pyc
[48.303s] -- Installing: /workspaces/carma_ws/src/install/pacmod_msgs/lib/python3/dist-packages/pacmod_msgs/msg/__pycache__/_ShiftAuxRpt.cpython-38.pyc
[48.303s] -- Installing: /workspaces/carma_ws/src/install/pacmod_msgs/lib/python3/dist-packages/pacmod_msgs/msg/__pycache__/_YawRateRpt.cpython-38.pyc
[48.303s] -- Installing: /workspaces/carma_ws/src/install/pacmod_msgs/lib/python3/dist-packages/pacmod_msgs/msg/__pycache__/_WheelSpeedRpt.cpython-38.pyc
[48.304s] -- Installing: /workspaces/carma_ws/src/install/pacmod_msgs/lib/python3/dist-packages/pacmod_msgs/msg/__pycache__/_SteerSystemCmd.cpython-38.pyc
[48.304s] -- Installing: /workspaces/carma_ws/src/install/pacmod_msgs/lib/python3/dist-packages/pacmod_msgs/msg/__pycache__/_BrakeAuxRpt.cpython-38.pyc
[48.304s] -- Installing: /workspaces/carma_ws/src/install/pacmod_msgs/lib/python3/dist-packages/pacmod_msgs/msg/__pycache__/_PositionWithSpeed.cpython-38.pyc
[48.304s] -- Installing: /workspaces/carma_ws/src/install/pacmod_msgs/lib/python3/dist-packages/pacmod_msgs/msg/__pycache__/_VehicleSpecificRpt1.cpython-38.pyc
[48.304s] -- Installing: /workspaces/carma_ws/src/install/pacmod_msgs/lib/python3/dist-packages/pacmod_msgs/msg/__pycache__/_SteeringPIDRpt1.cpython-38.pyc
[48.304s] -- Installing: /workspaces/carma_ws/src/install/pacmod_msgs/lib/python3/dist-packages/pacmod_msgs/msg/__pycache__/_VinRpt.cpython-38.pyc
[48.305s] -- Installing: /workspaces/carma_ws/src/install/pacmod_msgs/lib/python3/dist-packages/pacmod_msgs/msg/__pycache__/_SteeringPIDRpt4.cpython-38.pyc
[48.305s] -- Installing: /workspaces/carma_ws/src/install/pacmod_msgs/lib/python3/dist-packages/pacmod_msgs/msg/__pycache__/_KeyValuePair.cpython-38.pyc
[48.305s] -- Installing: /workspaces/carma_ws/src/install/pacmod_msgs/lib/python3/dist-packages/pacmod_msgs/msg/__pycache__/_EngineRpt.cpython-38.pyc
[48.305s] -- Installing: /workspaces/carma_ws/src/install/pacmod_msgs/lib/python3/dist-packages/pacmod_msgs/msg/__pycache__/_ComponentRpt.cpython-38.pyc
[48.305s] -- Installing: /workspaces/carma_ws/src/install/pacmod_msgs/lib/python3/dist-packages/pacmod_msgs/msg/__pycache__/_MotorRpt3.cpython-38.pyc
[48.306s] -- Installing: /workspaces/carma_ws/src/install/pacmod_msgs/lib/python3/dist-packages/pacmod_msgs/msg/__pycache__/_SteerAuxRpt.cpython-38.pyc
[48.306s] -- Installing: /workspaces/carma_ws/src/install/pacmod_msgs/lib/python3/dist-packages/pacmod_msgs/msg/__pycache__/_MotorRpt1.cpython-38.pyc
[48.306s] -- Installing: /workspaces/carma_ws/src/install/pacmod_msgs/lib/python3/dist-packages/pacmod_msgs/msg/__pycache__/_PacmodCmd.cpython-38.pyc
[48.306s] -- Installing: /workspaces/carma_ws/src/install/pacmod_msgs/lib/python3/dist-packages/pacmod_msgs/msg/__pycache__/_DateTimeRpt.cpython-38.pyc
[48.306s] -- Installing: /workspaces/carma_ws/src/install/pacmod_msgs/lib/python3/dist-packages/pacmod_msgs/msg/__pycache__/_SteeringPIDRpt3.cpython-38.pyc
[48.306s] -- Installing: /workspaces/carma_ws/src/install/pacmod_msgs/lib/python3/dist-packages/pacmod_msgs/msg/__pycache__/_InteriorLightsRpt.cpython-38.pyc
[48.307s] -- Installing: /workspaces/carma_ws/src/install/pacmod_msgs/lib/python3/dist-packages/pacmod_msgs/msg/__pycache__/_SystemCmdBool.cpython-38.pyc
[48.307s] -- Installing: /workspaces/carma_ws/src/install/pacmod_msgs/lib/python3/dist-packages/pacmod_msgs/msg/__pycache__/_SystemRptBool.cpython-38.pyc
[48.307s] -- Installing: /workspaces/carma_ws/src/install/pacmod_msgs/lib/python3/dist-packages/pacmod_msgs/msg/__pycache__/__init__.cpython-38.pyc
[48.307s] -- Installing: /workspaces/carma_ws/src/install/pacmod_msgs/lib/python3/dist-packages/pacmod_msgs/msg/__pycache__/_SystemCmdFloat.cpython-38.pyc
[48.307s] -- Installing: /workspaces/carma_ws/src/install/pacmod_msgs/lib/python3/dist-packages/pacmod_msgs/msg/__pycache__/_LatLonHeadingRpt.cpython-38.pyc
[48.307s] -- Installing: /workspaces/carma_ws/src/install/pacmod_msgs/lib/python3/dist-packages/pacmod_msgs/msg/__pycache__/_DoorRpt.cpython-38.pyc
[48.309s] -- Installing: /workspaces/carma_ws/src/install/pacmod_msgs/lib/python3/dist-packages/pacmod_msgs/msg/__pycache__/_TurnAuxRpt.cpython-38.pyc
[48.309s] -- Installing: /workspaces/carma_ws/src/install/pacmod_msgs/lib/python3/dist-packages/pacmod_msgs/msg/__pycache__/_ParkingBrakeStatusRpt.cpython-38.pyc
[48.310s] -- Installing: /workspaces/carma_ws/src/install/pacmod_msgs/lib/python3/dist-packages/pacmod_msgs/msg/__pycache__/_WiperAuxRpt.cpython-38.pyc
[48.310s] -- Installing: /workspaces/carma_ws/src/install/pacmod_msgs/lib/python3/dist-packages/pacmod_msgs/msg/__pycache__/_AllSystemStatuses.cpython-38.pyc
[48.311s] -- Installing: /workspaces/carma_ws/src/install/pacmod_msgs/lib/python3/dist-packages/pacmod_msgs/msg/__pycache__/_OccupancyRpt.cpython-38.pyc
[48.311s] -- Installing: /workspaces/carma_ws/src/install/pacmod_msgs/lib/python3/dist-packages/pacmod_msgs/msg/__pycache__/_GlobalRpt.cpython-38.pyc
[48.311s] -- Installing: /workspaces/carma_ws/src/install/pacmod_msgs/lib/python3/dist-packages/pacmod_msgs/msg/_AccelAuxRpt.py
[48.311s] -- Installing: /workspaces/carma_ws/src/install/pacmod_msgs/lib/python3/dist-packages/pacmod_msgs/msg/_WiperAuxRpt.py
[48.311s] -- Installing: /workspaces/carma_ws/src/install/pacmod_msgs/lib/python3/dist-packages/pacmod_msgs/msg/_MotorRpt3.py
[48.312s] -- Installing: /workspaces/carma_ws/src/install/pacmod_msgs/lib/python3/dist-packages/pacmod_msgs/msg/_GlobalRpt.py
[48.312s] -- Installing: /workspaces/carma_ws/src/install/pacmod_msgs/lib/python3/dist-packages/pacmod_msgs/msg/_MotorRpt1.py
[48.312s] -- Installing: /workspaces/carma_ws/src/install/pacmod_msgs/lib/python3/dist-packages/pacmod_msgs/msg/_SystemRptInt.py
[48.312s] -- Installing: /workspaces/carma_ws/src/install/pacmod_msgs/lib/python3/dist-packages/pacmod_msgs/msg/_ParkingBrakeStatusRpt.py
[48.312s] -- Installing: /workspaces/carma_ws/src/install/pacmod_msgs/lib/python3/dist-packages/pacmod_msgs/msg/_SystemCmdBool.py
[48.312s] -- Installing: /workspaces/carma_ws/src/install/pacmod_msgs/lib/python3/dist-packages/pacmod_msgs/msg/_VehicleSpeedRpt.py
[48.312s] -- Installing: /workspaces/carma_ws/src/install/pacmod_msgs/lib/python3/dist-packages/pacmod_msgs/msg/_RearLightsRpt.py
[48.313s] -- Installing: /workspaces/carma_ws/src/install/pacmod_msgs/lib/python3/dist-packages/pacmod_msgs/msg/_VinRpt.py
[48.313s] -- Installing: /workspaces/carma_ws/src/install/pacmod_msgs/lib/python3/dist-packages/pacmod_msgs/msg/_VehicleSpecificRpt1.py
[48.313s] -- Installing: /workspaces/carma_ws/src/install/pacmod_msgs/lib/python3/dist-packages/pacmod_msgs/msg/_YawRateRpt.py
[48.313s] -- Installing: /workspaces/carma_ws/src/install/pacmod_msgs/lib/python3/dist-packages/pacmod_msgs/msg/_SteeringPIDRpt2.py
[48.313s] -- Installing: /workspaces/carma_ws/src/install/pacmod_msgs/lib/python3/dist-packages/pacmod_msgs/msg/_PositionWithSpeed.py
[48.313s] -- Installing: /workspaces/carma_ws/src/install/pacmod_msgs/lib/python3/dist-packages/pacmod_msgs/msg/_DoorRpt.py
[48.313s] -- Installing: /workspaces/carma_ws/src/install/pacmod_msgs/lib/python3/dist-packages/pacmod_msgs/msg/_AllSystemStatuses.py
[48.313s] -- Installing: /workspaces/carma_ws/src/install/pacmod_msgs/lib/python3/dist-packages/pacmod_msgs/msg/_SystemRptFloat.py
[48.314s] -- Installing: /workspaces/carma_ws/src/install/pacmod_msgs/lib/python3/dist-packages/pacmod_msgs/msg/_SteerSystemCmd.py
[48.314s] -- Installing: /workspaces/carma_ws/src/install/pacmod_msgs/lib/python3/dist-packages/pacmod_msgs/msg/_ComponentRpt.py
[48.314s] -- Installing: /workspaces/carma_ws/src/install/pacmod_msgs/lib/python3/dist-packages/pacmod_msgs/msg/_SystemCmdInt.py
[48.314s] -- Installing: /workspaces/carma_ws/src/install/pacmod_msgs/lib/python3/dist-packages/pacmod_msgs/msg/_HeadlightAuxRpt.py
[48.314s] -- Installing: /workspaces/carma_ws/src/install/pacmod_msgs/lib/python3/dist-packages/pacmod_msgs/msg/_BrakeAuxRpt.py
[48.315s] -- Installing: /workspaces/carma_ws/src/install/pacmod_msgs/lib/python3/dist-packages/pacmod_msgs/msg/_InteriorLightsRpt.py
[48.315s] -- Installing: /workspaces/carma_ws/src/install/pacmod_msgs/lib/python3/dist-packages/pacmod_msgs/msg/_ShiftAuxRpt.py
[48.315s] -- Installing: /workspaces/carma_ws/src/install/pacmod_msgs/lib/python3/dist-packages/pacmod_msgs/msg/_SteerAuxRpt.py
[48.316s] -- Installing: /workspaces/carma_ws/src/install/pacmod_msgs/lib/python3/dist-packages/pacmod_msgs/msg/_MotorRpt2.py
[48.316s] -- Installing: /workspaces/carma_ws/src/install/pacmod_msgs/lib/python3/dist-packages/pacmod_msgs/msg/_SteeringPIDRpt1.py
[48.316s] -- Installing: /workspaces/carma_ws/src/install/pacmod_msgs/lib/python3/dist-packages/pacmod_msgs/msg/_SteeringPIDRpt4.py
[48.316s] -- Installing: /workspaces/carma_ws/src/install/pacmod_msgs/lib/python3/dist-packages/pacmod_msgs/msg/_WheelSpeedRpt.py
[48.316s] -- Installing: /workspaces/carma_ws/src/install/pacmod_msgs/lib/python3/dist-packages/pacmod_msgs/msg/_VehicleDynamicsRpt.py
[48.316s] -- Installing: /workspaces/carma_ws/src/install/pacmod_msgs/lib/python3/dist-packages/pacmod_msgs/msg/_SystemCmdFloat.py
[48.316s] -- Installing: /workspaces/carma_ws/src/install/pacmod_msgs/lib/python3/dist-packages/pacmod_msgs/msg/_EngineRpt.py
[48.317s] -- Installing: /workspaces/carma_ws/src/install/pacmod_msgs/lib/python3/dist-packages/pacmod_msgs/msg/_PacmodCmd.py
[48.317s] -- Installing: /workspaces/carma_ws/src/install/pacmod_msgs/lib/python3/dist-packages/pacmod_msgs/msg/_KeyValuePair.py
[48.317s] -- Installing: /workspaces/carma_ws/src/install/pacmod_msgs/lib/python3/dist-packages/pacmod_msgs/msg/_DateTimeRpt.py
[48.318s] -- Installing: /workspaces/carma_ws/src/install/pacmod_msgs/lib/python3/dist-packages/pacmod_msgs/msg/_TurnAuxRpt.py
[48.318s] -- Installing: /workspaces/carma_ws/src/install/pacmod_msgs/lib/python3/dist-packages/pacmod_msgs/msg/_SteeringPIDRpt3.py
[48.318s] -- Installing: /workspaces/carma_ws/src/install/pacmod_msgs/lib/python3/dist-packages/pacmod_msgs/msg/_OccupancyRpt.py
[48.318s] -- Installing: /workspaces/carma_ws/src/install/pacmod_msgs/lib/python3/dist-packages/pacmod_msgs/msg/__init__.py
[48.318s] -- Installing: /workspaces/carma_ws/src/install/pacmod_msgs/lib/python3/dist-packages/pacmod_msgs/msg/_LatLonHeadingRpt.py
[48.319s] -- Installing: /workspaces/carma_ws/src/install/pacmod_msgs/lib/python3/dist-packages/pacmod_msgs/msg/_SystemRptBool.py
[48.319s] -- Installing: /workspaces/carma_ws/src/install/pacmod_msgs/lib/python3/dist-packages/pacmod_msgs/__init__.py
[48.319s] -- Installing: /workspaces/carma_ws/src/install/pacmod_msgs/lib/pkgconfig/pacmod_msgs.pc
[48.320s] -- Installing: /workspaces/carma_ws/src/install/pacmod_msgs/share/pacmod_msgs/cmake/pacmod_msgs-msg-extras.cmake
[48.320s] -- Installing: /workspaces/carma_ws/src/install/pacmod_msgs/share/pacmod_msgs/cmake/pacmod_msgsConfig.cmake
[48.321s] -- Installing: /workspaces/carma_ws/src/install/pacmod_msgs/share/pacmod_msgs/cmake/pacmod_msgsConfig-version.cmake
[48.321s] -- Installing: /workspaces/carma_ws/src/install/pacmod_msgs/share/pacmod_msgs/package.xml
[48.331s] Invoked command in '/workspaces/carma_ws/src/build/pacmod_msgs' returned '0': /usr/bin/cmake --install /workspaces/carma_ws/src/build/pacmod_msgs
