[0.077s] Invoking command in '/workspaces/carma_ws/src/build/can_msgs': /usr/bin/cmake /workspaces/carma_ws/src/carma-msgs/can_msgs -DCATKIN_INSTALL_INTO_PREFIX_ROOT=0 -DCMAKE_INSTALL_PREFIX=/workspaces/carma_ws/src/install/can_msgs
[3.471s] -- The C compiler identification is GNU 9.3.0
[3.472s] -- The CXX compiler identification is GNU 9.3.0
[3.475s] -- Check for working C compiler: /usr/bin/cc
[3.475s] -- Check for working C compiler: /usr/bin/cc -- works
[3.476s] -- Detecting C compiler ABI info
[3.476s] -- Detecting C compiler ABI info - done
[3.476s] -- Detecting C compile features
[3.477s] -- Detecting C compile features - done
[3.478s] -- Check for working CXX compiler: /usr/bin/c++
[3.478s] -- Check for working CXX compiler: /usr/bin/c++ -- works
[3.479s] -- Detecting CXX compiler ABI info
[3.479s] -- Detecting CXX compiler ABI info - done
[3.479s] -- Detecting CXX compile features
[3.479s] -- Detecting CXX compile features - done
[3.479s] -- Using CATKIN_DEVEL_PREFIX: /workspaces/carma_ws/src/build/can_msgs/devel
[3.479s] -- Using CMAKE_PREFIX_PATH: /opt/ros/noetic
[3.479s] -- This workspace overlays: /opt/ros/noetic
[3.479s] -- Found PythonInterp: /usr/bin/python3 (found suitable version "3.8.10", minimum required is "3") 
[3.480s] -- Using PYTHON_EXECUTABLE: /usr/bin/python3
[3.480s] -- Using Debian Python package layout
[3.480s] -- Found PY_em: /usr/lib/python3/dist-packages/em.py  
[3.480s] -- Using empy: /usr/lib/python3/dist-packages/em.py
[3.480s] -- Using CATKIN_ENABLE_TESTING: ON
[3.480s] -- Call enable_testing()
[3.480s] -- Using CATKIN_TEST_RESULTS_DIR: /workspaces/carma_ws/src/build/can_msgs/test_results
[3.481s] -- Forcing gtest/gmock from source, though one was otherwise available.
[3.481s] -- Found gtest sources under '/usr/src/googletest': gtests will be built
[3.481s] -- Found gmock sources under '/usr/src/googletest': gmock will be built
[3.481s] -- Found PythonInterp: /usr/bin/python3 (found version "3.8.10") 
[3.481s] -- Found Threads: TRUE  
[3.484s] -- Using Python nosetests: /usr/bin/nosetests3
[3.485s] -- catkin 0.8.10
[3.485s] -- BUILD_SHARED_LIBS is on
[3.485s] -- Using these message generators: gencpp;geneus;genlisp;gennodejs;genpy
[3.485s] -- can_msgs: 2 messages, 0 services
[3.485s] -- Configuring done
[3.485s] -- Generating done
[3.485s] -- Build files have been written to: /workspaces/carma_ws/src/build/can_msgs
[3.488s] Invoked command in '/workspaces/carma_ws/src/build/can_msgs' returned '0': /usr/bin/cmake /workspaces/carma_ws/src/carma-msgs/can_msgs -DCATKIN_INSTALL_INTO_PREFIX_ROOT=0 -DCMAKE_INSTALL_PREFIX=/workspaces/carma_ws/src/install/can_msgs
[3.489s] Invoking command in '/workspaces/carma_ws/src/build/can_msgs': /usr/bin/cmake --build /workspaces/carma_ws/src/build/can_msgs -- -j12 -l12
[3.563s] [35m[1mScanning dependencies of target _can_msgs_generate_messages_check_deps_Frame[0m
[3.572s] [35m[1mScanning dependencies of target std_msgs_generate_messages_cpp[0m
[3.577s] [35m[1mScanning dependencies of target _can_msgs_generate_messages_check_deps_CanState[0m
[3.581s] [35m[1mScanning dependencies of target std_msgs_generate_messages_eus[0m
[3.594s] [35m[1mScanning dependencies of target std_msgs_generate_messages_nodejs[0m
[3.597s] [35m[1mScanning dependencies of target std_msgs_generate_messages_py[0m
[3.607s] [35m[1mScanning dependencies of target std_msgs_generate_messages_lisp[0m
[3.639s] [  0%] Built target std_msgs_generate_messages_cpp
[3.647s] [  0%] Built target std_msgs_generate_messages_py
[3.651s] [  0%] Built target std_msgs_generate_messages_eus
[3.670s] [  0%] Built target std_msgs_generate_messages_nodejs
[3.672s] [  0%] Built target std_msgs_generate_messages_lisp
[3.707s] [  0%] Built target _can_msgs_generate_messages_check_deps_Frame
[3.713s] [  0%] Built target _can_msgs_generate_messages_check_deps_CanState
[3.748s] [35m[1mScanning dependencies of target can_msgs_generate_messages_cpp[0m
[3.772s] [  8%] [34m[1mGenerating C++ code from can_msgs/Frame.msg[0m
[3.797s] [35m[1mScanning dependencies of target can_msgs_generate_messages_eus[0m
[3.798s] [35m[1mScanning dependencies of target can_msgs_generate_messages_nodejs[0m
[3.798s] [ 16%] [34m[1mGenerating C++ code from can_msgs/CanState.msg[0m
[3.806s] [35m[1mScanning dependencies of target can_msgs_generate_messages_py[0m
[3.818s] [35m[1mScanning dependencies of target can_msgs_generate_messages_lisp[0m
[3.856s] [ 25%] [34m[1mGenerating Javascript code from can_msgs/Frame.msg[0m
[3.860s] [ 33%] [34m[1mGenerating Javascript code from can_msgs/CanState.msg[0m
[3.869s] [ 41%] [34m[1mGenerating Python from MSG can_msgs/Frame[0m
[3.892s] [ 58%] [34m[1mGenerating Lisp code from can_msgs/CanState.msg[0m
[3.897s] [ 66%] [34m[1mGenerating EusLisp code from can_msgs/CanState.msg[0m
[3.914s] [ 75%] [34m[1mGenerating Python from MSG can_msgs/CanState[0m
[3.916s] [ 91%] [34m[1mGenerating Lisp code from can_msgs/Frame.msg[0m
[3.916s] [ 91%] [34m[1mGenerating EusLisp manifest code for can_msgs[0m
[3.917s] [ 91%] [34m[1mGenerating EusLisp code from can_msgs/Frame.msg[0m
[4.267s] [ 91%] Built target can_msgs_generate_messages_nodejs
[4.332s] [ 91%] Built target can_msgs_generate_messages_lisp
[4.766s] [ 91%] Built target can_msgs_generate_messages_cpp
[6.156s] [100%] [34m[1mGenerating Python msg __init__.py for can_msgs[0m
[7.983s] [100%] Built target can_msgs_generate_messages_eus
[8.443s] [100%] Built target can_msgs_generate_messages_py
[8.536s] [35m[1mScanning dependencies of target can_msgs_generate_messages[0m
[8.697s] [100%] Built target can_msgs_generate_messages
[8.786s] Invoked command in '/workspaces/carma_ws/src/build/can_msgs' returned '0': /usr/bin/cmake --build /workspaces/carma_ws/src/build/can_msgs -- -j12 -l12
[9.645s] Invoking command in '/workspaces/carma_ws/src/build/can_msgs': /usr/bin/cmake --build /workspaces/carma_ws/src/build/can_msgs --target tests -- -j12 -l12
[11.102s] [35m[1mScanning dependencies of target tests[0m
[11.102s] Built target tests
[11.136s] Invoked command in '/workspaces/carma_ws/src/build/can_msgs' returned '0': /usr/bin/cmake --build /workspaces/carma_ws/src/build/can_msgs --target tests -- -j12 -l12
[11.707s] Invoking command in '/workspaces/carma_ws/src/build/can_msgs': /usr/bin/cmake --install /workspaces/carma_ws/src/build/can_msgs
[19.494s] -- Install configuration: ""
[19.494s] -- Installing: /workspaces/carma_ws/src/install/can_msgs/share/can_msgs/msg/Frame.msg
[19.494s] -- Installing: /workspaces/carma_ws/src/install/can_msgs/share/can_msgs/msg/CanState.msg
[19.494s] -- Installing: /workspaces/carma_ws/src/install/can_msgs/share/can_msgs/cmake/can_msgs-msg-paths.cmake
[19.495s] -- Installing: /workspaces/carma_ws/src/install/can_msgs/include/can_msgs
[19.495s] -- Installing: /workspaces/carma_ws/src/install/can_msgs/include/can_msgs/CanState.h
[19.495s] -- Installing: /workspaces/carma_ws/src/install/can_msgs/include/can_msgs/Frame.h
[19.495s] -- Installing: /workspaces/carma_ws/src/install/can_msgs/share/roseus/ros/can_msgs
[19.495s] -- Installing: /workspaces/carma_ws/src/install/can_msgs/share/roseus/ros/can_msgs/msg
[19.495s] -- Installing: /workspaces/carma_ws/src/install/can_msgs/share/roseus/ros/can_msgs/msg/CanState.l
[19.495s] -- Installing: /workspaces/carma_ws/src/install/can_msgs/share/roseus/ros/can_msgs/msg/Frame.l
[19.495s] -- Installing: /workspaces/carma_ws/src/install/can_msgs/share/roseus/ros/can_msgs/manifest.l
[19.495s] -- Installing: /workspaces/carma_ws/src/install/can_msgs/share/common-lisp/ros/can_msgs
[19.496s] -- Installing: /workspaces/carma_ws/src/install/can_msgs/share/common-lisp/ros/can_msgs/msg
[19.496s] -- Installing: /workspaces/carma_ws/src/install/can_msgs/share/common-lisp/ros/can_msgs/msg/_package_CanState.lisp
[19.498s] -- Installing: /workspaces/carma_ws/src/install/can_msgs/share/common-lisp/ros/can_msgs/msg/can_msgs-msg.asd
[19.502s] -- Installing: /workspaces/carma_ws/src/install/can_msgs/share/common-lisp/ros/can_msgs/msg/CanState.lisp
[19.502s] -- Installing: /workspaces/carma_ws/src/install/can_msgs/share/common-lisp/ros/can_msgs/msg/_package.lisp
[19.503s] -- Installing: /workspaces/carma_ws/src/install/can_msgs/share/common-lisp/ros/can_msgs/msg/Frame.lisp
[19.503s] -- Installing: /workspaces/carma_ws/src/install/can_msgs/share/common-lisp/ros/can_msgs/msg/_package_Frame.lisp
[19.503s] -- Installing: /workspaces/carma_ws/src/install/can_msgs/share/gennodejs/ros/can_msgs
[19.503s] -- Installing: /workspaces/carma_ws/src/install/can_msgs/share/gennodejs/ros/can_msgs/_index.js
[19.503s] -- Installing: /workspaces/carma_ws/src/install/can_msgs/share/gennodejs/ros/can_msgs/msg
[19.503s] -- Installing: /workspaces/carma_ws/src/install/can_msgs/share/gennodejs/ros/can_msgs/msg/_index.js
[19.503s] -- Installing: /workspaces/carma_ws/src/install/can_msgs/share/gennodejs/ros/can_msgs/msg/CanState.js
[19.504s] -- Installing: /workspaces/carma_ws/src/install/can_msgs/share/gennodejs/ros/can_msgs/msg/Frame.js
[19.504s] Listing '/workspaces/carma_ws/src/build/can_msgs/devel/lib/python3/dist-packages/can_msgs'...
[19.504s] Compiling '/workspaces/carma_ws/src/build/can_msgs/devel/lib/python3/dist-packages/can_msgs/__init__.py'...
[19.504s] Listing '/workspaces/carma_ws/src/build/can_msgs/devel/lib/python3/dist-packages/can_msgs/msg'...
[19.504s] Compiling '/workspaces/carma_ws/src/build/can_msgs/devel/lib/python3/dist-packages/can_msgs/msg/_CanState.py'...
[19.504s] Compiling '/workspaces/carma_ws/src/build/can_msgs/devel/lib/python3/dist-packages/can_msgs/msg/_Frame.py'...
[19.504s] Compiling '/workspaces/carma_ws/src/build/can_msgs/devel/lib/python3/dist-packages/can_msgs/msg/__init__.py'...
[19.504s] -- Installing: /workspaces/carma_ws/src/install/can_msgs/lib/python3/dist-packages/can_msgs
[19.505s] -- Installing: /workspaces/carma_ws/src/install/can_msgs/lib/python3/dist-packages/can_msgs/__pycache__
[19.505s] -- Installing: /workspaces/carma_ws/src/install/can_msgs/lib/python3/dist-packages/can_msgs/__pycache__/__init__.cpython-38.pyc
[19.505s] -- Installing: /workspaces/carma_ws/src/install/can_msgs/lib/python3/dist-packages/can_msgs/msg
[19.505s] -- Installing: /workspaces/carma_ws/src/install/can_msgs/lib/python3/dist-packages/can_msgs/msg/__pycache__
[19.505s] -- Installing: /workspaces/carma_ws/src/install/can_msgs/lib/python3/dist-packages/can_msgs/msg/__pycache__/_CanState.cpython-38.pyc
[19.505s] -- Installing: /workspaces/carma_ws/src/install/can_msgs/lib/python3/dist-packages/can_msgs/msg/__pycache__/__init__.cpython-38.pyc
[19.505s] -- Installing: /workspaces/carma_ws/src/install/can_msgs/lib/python3/dist-packages/can_msgs/msg/__pycache__/_Frame.cpython-38.pyc
[19.505s] -- Installing: /workspaces/carma_ws/src/install/can_msgs/lib/python3/dist-packages/can_msgs/msg/_CanState.py
[19.505s] -- Installing: /workspaces/carma_ws/src/install/can_msgs/lib/python3/dist-packages/can_msgs/msg/_Frame.py
[19.506s] -- Installing: /workspaces/carma_ws/src/install/can_msgs/lib/python3/dist-packages/can_msgs/msg/__init__.py
[19.506s] -- Installing: /workspaces/carma_ws/src/install/can_msgs/lib/python3/dist-packages/can_msgs/__init__.py
[19.506s] -- Installing: /workspaces/carma_ws/src/install/can_msgs/lib/pkgconfig/can_msgs.pc
[19.506s] -- Installing: /workspaces/carma_ws/src/install/can_msgs/share/can_msgs/cmake/can_msgs-msg-extras.cmake
[19.506s] -- Installing: /workspaces/carma_ws/src/install/can_msgs/share/can_msgs/cmake/can_msgsConfig.cmake
[19.506s] -- Installing: /workspaces/carma_ws/src/install/can_msgs/share/can_msgs/cmake/can_msgsConfig-version.cmake
[19.506s] -- Installing: /workspaces/carma_ws/src/install/can_msgs/share/can_msgs/package.xml
[19.563s] Invoked command in '/workspaces/carma_ws/src/build/can_msgs' returned '0': /usr/bin/cmake --install /workspaces/carma_ws/src/build/can_msgs
