-- The C compiler identification is GNU 9.3.0
-- The CXX compiler identification is GNU 9.3.0
-- Check for working C compiler: /usr/bin/cc
-- Check for working C compiler: /usr/bin/cc -- works
-- Detecting C compiler ABI info
-- Detecting C compiler ABI info - done
-- Detecting C compile features
-- Detecting C compile features - done
-- Check for working CXX compiler: /usr/bin/c++
-- Check for working CXX compiler: /usr/bin/c++ -- works
-- Detecting CXX compiler ABI info
-- Detecting CXX compiler ABI info - done
-- Detecting CXX compile features
-- Detecting CXX compile features - done
-- Using CATKIN_DEVEL_PREFIX: /workspaces/carma_ws/src/build/tablet_socket_msgs/devel
-- Using CMAKE_PREFIX_PATH: /opt/ros/noetic
-- This workspace overlays: /opt/ros/noetic
-- Found PythonInterp: /usr/bin/python3 (found suitable version "3.8.10", minimum required is "3") 
-- Using PYTHON_EXECUTABLE: /usr/bin/python3
-- Using Debian Python package layout
-- Found PY_em: /usr/lib/python3/dist-packages/em.py  
-- Using empy: /usr/lib/python3/dist-packages/em.py
-- Using CATKIN_ENABLE_TESTING: ON
-- Call enable_testing()
-- Using CATKIN_TEST_RESULTS_DIR: /workspaces/carma_ws/src/build/tablet_socket_msgs/test_results
-- Forcing gtest/gmock from source, though one was otherwise available.
-- Found gtest sources under '/usr/src/googletest': gtests will be built
-- Found gmock sources under '/usr/src/googletest': gmock will be built
-- Found PythonInterp: /usr/bin/python3 (found version "3.8.10") 
-- Found Threads: TRUE  
-- Using Python nosetests: /usr/bin/nosetests3
-- catkin 0.8.10
-- BUILD_SHARED_LIBS is on
-- Using these message generators: gencpp;geneus;genlisp;gennodejs;genpy
-- tablet_socket_msgs: 6 messages, 0 services
-- Configuring done
-- Generating done
-- Build files have been written to: /workspaces/carma_ws/src/build/tablet_socket_msgs
[35m[1mScanning dependencies of target _tablet_socket_msgs_generate_messages_check_deps_mode_info[0m
[  0%] Built target _tablet_socket_msgs_generate_messages_check_deps_mode_info
[35m[1mScanning dependencies of target std_msgs_generate_messages_cpp[0m
[  0%] Built target std_msgs_generate_messages_cpp
[35m[1mScanning dependencies of target std_msgs_generate_messages_nodejs[0m
[  0%] Built target std_msgs_generate_messages_nodejs
[35m[1mScanning dependencies of target std_msgs_generate_messages_eus[0m
[  0%] Built target std_msgs_generate_messages_eus
[35m[1mScanning dependencies of target std_msgs_generate_messages_lisp[0m
[  0%] Built target std_msgs_generate_messages_lisp
[35m[1mScanning dependencies of target _tablet_socket_msgs_generate_messages_check_deps_mode_cmd[0m
[  0%] Built target _tablet_socket_msgs_generate_messages_check_deps_mode_cmd
[35m[1mScanning dependencies of target _tablet_socket_msgs_generate_messages_check_deps_gear_cmd[0m
[  0%] Built target _tablet_socket_msgs_generate_messages_check_deps_gear_cmd
[35m[1mScanning dependencies of target _tablet_socket_msgs_generate_messages_check_deps_Waypoint[0m
[  0%] Built target _tablet_socket_msgs_generate_messages_check_deps_Waypoint
[35m[1mScanning dependencies of target _tablet_socket_msgs_generate_messages_check_deps_error_info[0m
[  0%] Built target _tablet_socket_msgs_generate_messages_check_deps_error_info
[35m[1mScanning dependencies of target _tablet_socket_msgs_generate_messages_check_deps_route_cmd[0m
[  0%] Built target _tablet_socket_msgs_generate_messages_check_deps_route_cmd
[35m[1mScanning dependencies of target std_msgs_generate_messages_py[0m
[  0%] Built target std_msgs_generate_messages_py
[35m[1mScanning dependencies of target tablet_socket_msgs_generate_messages_cpp[0m
[  3%] [34m[1mGenerating C++ code from tablet_socket_msgs/Waypoint.msg[0m
[  6%] [34m[1mGenerating C++ code from tablet_socket_msgs/route_cmd.msg[0m
[  9%] [34m[1mGenerating C++ code from tablet_socket_msgs/mode_info.msg[0m
[ 12%] [34m[1mGenerating C++ code from tablet_socket_msgs/mode_cmd.msg[0m
[ 15%] [34m[1mGenerating C++ code from tablet_socket_msgs/gear_cmd.msg[0m
[ 18%] [34m[1mGenerating C++ code from tablet_socket_msgs/error_info.msg[0m
[ 18%] Built target tablet_socket_msgs_generate_messages_cpp
[35m[1mScanning dependencies of target tablet_socket_msgs_generate_messages_py[0m
[ 21%] [34m[1mGenerating Python from MSG tablet_socket_msgs/Waypoint[0m
[ 25%] [34m[1mGenerating Python from MSG tablet_socket_msgs/route_cmd[0m
[ 28%] [34m[1mGenerating Python from MSG tablet_socket_msgs/mode_info[0m
[ 31%] [34m[1mGenerating Python from MSG tablet_socket_msgs/mode_cmd[0m
[ 34%] [34m[1mGenerating Python from MSG tablet_socket_msgs/gear_cmd[0m
[ 37%] [34m[1mGenerating Python from MSG tablet_socket_msgs/error_info[0m
[ 40%] [34m[1mGenerating Python msg __init__.py for tablet_socket_msgs[0m
[ 40%] Built target tablet_socket_msgs_generate_messages_py
[35m[1mScanning dependencies of target tablet_socket_msgs_generate_messages_nodejs[0m
[ 43%] [34m[1mGenerating Javascript code from tablet_socket_msgs/Waypoint.msg[0m
[ 46%] [34m[1mGenerating Javascript code from tablet_socket_msgs/route_cmd.msg[0m
[ 50%] [34m[1mGenerating Javascript code from tablet_socket_msgs/mode_info.msg[0m
[ 53%] [34m[1mGenerating Javascript code from tablet_socket_msgs/mode_cmd.msg[0m
[ 56%] [34m[1mGenerating Javascript code from tablet_socket_msgs/gear_cmd.msg[0m
[ 59%] [34m[1mGenerating Javascript code from tablet_socket_msgs/error_info.msg[0m
[ 59%] Built target tablet_socket_msgs_generate_messages_nodejs
[35m[1mScanning dependencies of target tablet_socket_msgs_generate_messages_eus[0m
[ 62%] [34m[1mGenerating EusLisp code from tablet_socket_msgs/Waypoint.msg[0m
[ 65%] [34m[1mGenerating EusLisp manifest code for tablet_socket_msgs[0m
[ 68%] [34m[1mGenerating EusLisp code from tablet_socket_msgs/route_cmd.msg[0m
[ 71%] [34m[1mGenerating EusLisp code from tablet_socket_msgs/mode_info.msg[0m
[ 75%] [34m[1mGenerating EusLisp code from tablet_socket_msgs/mode_cmd.msg[0m
[ 78%] [34m[1mGenerating EusLisp code from tablet_socket_msgs/gear_cmd.msg[0m
[ 81%] [34m[1mGenerating EusLisp code from tablet_socket_msgs/error_info.msg[0m
[ 81%] Built target tablet_socket_msgs_generate_messages_eus
[35m[1mScanning dependencies of target tablet_socket_msgs_generate_messages_lisp[0m
[ 84%] [34m[1mGenerating Lisp code from tablet_socket_msgs/Waypoint.msg[0m
[ 87%] [34m[1mGenerating Lisp code from tablet_socket_msgs/route_cmd.msg[0m
[ 90%] [34m[1mGenerating Lisp code from tablet_socket_msgs/mode_info.msg[0m
[ 93%] [34m[1mGenerating Lisp code from tablet_socket_msgs/mode_cmd.msg[0m
[ 96%] [34m[1mGenerating Lisp code from tablet_socket_msgs/gear_cmd.msg[0m
[100%] [34m[1mGenerating Lisp code from tablet_socket_msgs/error_info.msg[0m
[100%] Built target tablet_socket_msgs_generate_messages_lisp
[35m[1mScanning dependencies of target tablet_socket_msgs_generate_messages[0m
[100%] Built target tablet_socket_msgs_generate_messages
[35m[1mScanning dependencies of target tests[0m
Built target tests
-- Install configuration: ""
-- Installing: /workspaces/carma_ws/src/install/tablet_socket_msgs/share/tablet_socket_msgs/msg/Waypoint.msg
-- Installing: /workspaces/carma_ws/src/install/tablet_socket_msgs/share/tablet_socket_msgs/msg/error_info.msg
-- Installing: /workspaces/carma_ws/src/install/tablet_socket_msgs/share/tablet_socket_msgs/msg/gear_cmd.msg
-- Installing: /workspaces/carma_ws/src/install/tablet_socket_msgs/share/tablet_socket_msgs/msg/mode_cmd.msg
-- Installing: /workspaces/carma_ws/src/install/tablet_socket_msgs/share/tablet_socket_msgs/msg/mode_info.msg
-- Installing: /workspaces/carma_ws/src/install/tablet_socket_msgs/share/tablet_socket_msgs/msg/route_cmd.msg
-- Installing: /workspaces/carma_ws/src/install/tablet_socket_msgs/share/tablet_socket_msgs/cmake/tablet_socket_msgs-msg-paths.cmake
-- Installing: /workspaces/carma_ws/src/install/tablet_socket_msgs/include/tablet_socket_msgs
-- Installing: /workspaces/carma_ws/src/install/tablet_socket_msgs/include/tablet_socket_msgs/error_info.h
-- Installing: /workspaces/carma_ws/src/install/tablet_socket_msgs/include/tablet_socket_msgs/mode_cmd.h
-- Installing: /workspaces/carma_ws/src/install/tablet_socket_msgs/include/tablet_socket_msgs/Waypoint.h
-- Installing: /workspaces/carma_ws/src/install/tablet_socket_msgs/include/tablet_socket_msgs/mode_info.h
-- Installing: /workspaces/carma_ws/src/install/tablet_socket_msgs/include/tablet_socket_msgs/route_cmd.h
-- Installing: /workspaces/carma_ws/src/install/tablet_socket_msgs/include/tablet_socket_msgs/gear_cmd.h
-- Installing: /workspaces/carma_ws/src/install/tablet_socket_msgs/share/roseus/ros/tablet_socket_msgs
-- Installing: /workspaces/carma_ws/src/install/tablet_socket_msgs/share/roseus/ros/tablet_socket_msgs/msg
-- Installing: /workspaces/carma_ws/src/install/tablet_socket_msgs/share/roseus/ros/tablet_socket_msgs/msg/route_cmd.l
-- Installing: /workspaces/carma_ws/src/install/tablet_socket_msgs/share/roseus/ros/tablet_socket_msgs/msg/mode_info.l
-- Installing: /workspaces/carma_ws/src/install/tablet_socket_msgs/share/roseus/ros/tablet_socket_msgs/msg/gear_cmd.l
-- Installing: /workspaces/carma_ws/src/install/tablet_socket_msgs/share/roseus/ros/tablet_socket_msgs/msg/mode_cmd.l
-- Installing: /workspaces/carma_ws/src/install/tablet_socket_msgs/share/roseus/ros/tablet_socket_msgs/msg/error_info.l
-- Installing: /workspaces/carma_ws/src/install/tablet_socket_msgs/share/roseus/ros/tablet_socket_msgs/msg/Waypoint.l
-- Installing: /workspaces/carma_ws/src/install/tablet_socket_msgs/share/roseus/ros/tablet_socket_msgs/manifest.l
-- Installing: /workspaces/carma_ws/src/install/tablet_socket_msgs/share/common-lisp/ros/tablet_socket_msgs
-- Installing: /workspaces/carma_ws/src/install/tablet_socket_msgs/share/common-lisp/ros/tablet_socket_msgs/msg
-- Installing: /workspaces/carma_ws/src/install/tablet_socket_msgs/share/common-lisp/ros/tablet_socket_msgs/msg/_package_error_info.lisp
-- Installing: /workspaces/carma_ws/src/install/tablet_socket_msgs/share/common-lisp/ros/tablet_socket_msgs/msg/_package_route_cmd.lisp
-- Installing: /workspaces/carma_ws/src/install/tablet_socket_msgs/share/common-lisp/ros/tablet_socket_msgs/msg/route_cmd.lisp
-- Installing: /workspaces/carma_ws/src/install/tablet_socket_msgs/share/common-lisp/ros/tablet_socket_msgs/msg/gear_cmd.lisp
-- Installing: /workspaces/carma_ws/src/install/tablet_socket_msgs/share/common-lisp/ros/tablet_socket_msgs/msg/_package_mode_cmd.lisp
-- Installing: /workspaces/carma_ws/src/install/tablet_socket_msgs/share/common-lisp/ros/tablet_socket_msgs/msg/mode_info.lisp
-- Installing: /workspaces/carma_ws/src/install/tablet_socket_msgs/share/common-lisp/ros/tablet_socket_msgs/msg/mode_cmd.lisp
-- Installing: /workspaces/carma_ws/src/install/tablet_socket_msgs/share/common-lisp/ros/tablet_socket_msgs/msg/error_info.lisp
-- Installing: /workspaces/carma_ws/src/install/tablet_socket_msgs/share/common-lisp/ros/tablet_socket_msgs/msg/tablet_socket_msgs-msg.asd
-- Installing: /workspaces/carma_ws/src/install/tablet_socket_msgs/share/common-lisp/ros/tablet_socket_msgs/msg/_package.lisp
-- Installing: /workspaces/carma_ws/src/install/tablet_socket_msgs/share/common-lisp/ros/tablet_socket_msgs/msg/_package_mode_info.lisp
-- Installing: /workspaces/carma_ws/src/install/tablet_socket_msgs/share/common-lisp/ros/tablet_socket_msgs/msg/_package_gear_cmd.lisp
-- Installing: /workspaces/carma_ws/src/install/tablet_socket_msgs/share/common-lisp/ros/tablet_socket_msgs/msg/_package_Waypoint.lisp
-- Installing: /workspaces/carma_ws/src/install/tablet_socket_msgs/share/common-lisp/ros/tablet_socket_msgs/msg/Waypoint.lisp
-- Installing: /workspaces/carma_ws/src/install/tablet_socket_msgs/share/gennodejs/ros/tablet_socket_msgs
-- Installing: /workspaces/carma_ws/src/install/tablet_socket_msgs/share/gennodejs/ros/tablet_socket_msgs/_index.js
-- Installing: /workspaces/carma_ws/src/install/tablet_socket_msgs/share/gennodejs/ros/tablet_socket_msgs/msg
-- Installing: /workspaces/carma_ws/src/install/tablet_socket_msgs/share/gennodejs/ros/tablet_socket_msgs/msg/_index.js
-- Installing: /workspaces/carma_ws/src/install/tablet_socket_msgs/share/gennodejs/ros/tablet_socket_msgs/msg/route_cmd.js
-- Installing: /workspaces/carma_ws/src/install/tablet_socket_msgs/share/gennodejs/ros/tablet_socket_msgs/msg/Waypoint.js
-- Installing: /workspaces/carma_ws/src/install/tablet_socket_msgs/share/gennodejs/ros/tablet_socket_msgs/msg/mode_cmd.js
-- Installing: /workspaces/carma_ws/src/install/tablet_socket_msgs/share/gennodejs/ros/tablet_socket_msgs/msg/error_info.js
-- Installing: /workspaces/carma_ws/src/install/tablet_socket_msgs/share/gennodejs/ros/tablet_socket_msgs/msg/gear_cmd.js
-- Installing: /workspaces/carma_ws/src/install/tablet_socket_msgs/share/gennodejs/ros/tablet_socket_msgs/msg/mode_info.js
Listing '/workspaces/carma_ws/src/build/tablet_socket_msgs/devel/lib/python3/dist-packages/tablet_socket_msgs'...
Compiling '/workspaces/carma_ws/src/build/tablet_socket_msgs/devel/lib/python3/dist-packages/tablet_socket_msgs/__init__.py'...
Listing '/workspaces/carma_ws/src/build/tablet_socket_msgs/devel/lib/python3/dist-packages/tablet_socket_msgs/msg'...
Compiling '/workspaces/carma_ws/src/build/tablet_socket_msgs/devel/lib/python3/dist-packages/tablet_socket_msgs/msg/_Waypoint.py'...
Compiling '/workspaces/carma_ws/src/build/tablet_socket_msgs/devel/lib/python3/dist-packages/tablet_socket_msgs/msg/__init__.py'...
Compiling '/workspaces/carma_ws/src/build/tablet_socket_msgs/devel/lib/python3/dist-packages/tablet_socket_msgs/msg/_error_info.py'...
Compiling '/workspaces/carma_ws/src/build/tablet_socket_msgs/devel/lib/python3/dist-packages/tablet_socket_msgs/msg/_gear_cmd.py'...
Compiling '/workspaces/carma_ws/src/build/tablet_socket_msgs/devel/lib/python3/dist-packages/tablet_socket_msgs/msg/_mode_cmd.py'...
Compiling '/workspaces/carma_ws/src/build/tablet_socket_msgs/devel/lib/python3/dist-packages/tablet_socket_msgs/msg/_mode_info.py'...
Compiling '/workspaces/carma_ws/src/build/tablet_socket_msgs/devel/lib/python3/dist-packages/tablet_socket_msgs/msg/_route_cmd.py'...
-- Installing: /workspaces/carma_ws/src/install/tablet_socket_msgs/lib/python3/dist-packages/tablet_socket_msgs
-- Installing: /workspaces/carma_ws/src/install/tablet_socket_msgs/lib/python3/dist-packages/tablet_socket_msgs/__pycache__
-- Installing: /workspaces/carma_ws/src/install/tablet_socket_msgs/lib/python3/dist-packages/tablet_socket_msgs/__pycache__/__init__.cpython-38.pyc
-- Installing: /workspaces/carma_ws/src/install/tablet_socket_msgs/lib/python3/dist-packages/tablet_socket_msgs/msg
-- Installing: /workspaces/carma_ws/src/install/tablet_socket_msgs/lib/python3/dist-packages/tablet_socket_msgs/msg/__pycache__
-- Installing: /workspaces/carma_ws/src/install/tablet_socket_msgs/lib/python3/dist-packages/tablet_socket_msgs/msg/__pycache__/_mode_info.cpython-38.pyc
-- Installing: /workspaces/carma_ws/src/install/tablet_socket_msgs/lib/python3/dist-packages/tablet_socket_msgs/msg/__pycache__/_gear_cmd.cpython-38.pyc
-- Installing: /workspaces/carma_ws/src/install/tablet_socket_msgs/lib/python3/dist-packages/tablet_socket_msgs/msg/__pycache__/_route_cmd.cpython-38.pyc
-- Installing: /workspaces/carma_ws/src/install/tablet_socket_msgs/lib/python3/dist-packages/tablet_socket_msgs/msg/__pycache__/_error_info.cpython-38.pyc
-- Installing: /workspaces/carma_ws/src/install/tablet_socket_msgs/lib/python3/dist-packages/tablet_socket_msgs/msg/__pycache__/_mode_cmd.cpython-38.pyc
-- Installing: /workspaces/carma_ws/src/install/tablet_socket_msgs/lib/python3/dist-packages/tablet_socket_msgs/msg/__pycache__/__init__.cpython-38.pyc
-- Installing: /workspaces/carma_ws/src/install/tablet_socket_msgs/lib/python3/dist-packages/tablet_socket_msgs/msg/__pycache__/_Waypoint.cpython-38.pyc
-- Installing: /workspaces/carma_ws/src/install/tablet_socket_msgs/lib/python3/dist-packages/tablet_socket_msgs/msg/_mode_info.py
-- Installing: /workspaces/carma_ws/src/install/tablet_socket_msgs/lib/python3/dist-packages/tablet_socket_msgs/msg/_mode_cmd.py
-- Installing: /workspaces/carma_ws/src/install/tablet_socket_msgs/lib/python3/dist-packages/tablet_socket_msgs/msg/_gear_cmd.py
-- Installing: /workspaces/carma_ws/src/install/tablet_socket_msgs/lib/python3/dist-packages/tablet_socket_msgs/msg/_route_cmd.py
-- Installing: /workspaces/carma_ws/src/install/tablet_socket_msgs/lib/python3/dist-packages/tablet_socket_msgs/msg/_Waypoint.py
-- Installing: /workspaces/carma_ws/src/install/tablet_socket_msgs/lib/python3/dist-packages/tablet_socket_msgs/msg/_error_info.py
-- Installing: /workspaces/carma_ws/src/install/tablet_socket_msgs/lib/python3/dist-packages/tablet_socket_msgs/msg/__init__.py
-- Installing: /workspaces/carma_ws/src/install/tablet_socket_msgs/lib/python3/dist-packages/tablet_socket_msgs/__init__.py
-- Installing: /workspaces/carma_ws/src/install/tablet_socket_msgs/lib/pkgconfig/tablet_socket_msgs.pc
-- Installing: /workspaces/carma_ws/src/install/tablet_socket_msgs/share/tablet_socket_msgs/cmake/tablet_socket_msgs-msg-extras.cmake
-- Installing: /workspaces/carma_ws/src/install/tablet_socket_msgs/share/tablet_socket_msgs/cmake/tablet_socket_msgsConfig.cmake
-- Installing: /workspaces/carma_ws/src/install/tablet_socket_msgs/share/tablet_socket_msgs/cmake/tablet_socket_msgsConfig-version.cmake
-- Installing: /workspaces/carma_ws/src/install/tablet_socket_msgs/share/tablet_socket_msgs/package.xml
