[0.222s] Invoking command in '/workspaces/carma_ws/src/build/tablet_socket_msgs': /usr/bin/cmake /workspaces/carma_ws/src/autoware.ai/messages/tablet_socket_msgs -DCATKIN_INSTALL_INTO_PREFIX_ROOT=0 -DCMAKE_INSTALL_PREFIX=/workspaces/carma_ws/src/install/tablet_socket_msgs
[0.556s] -- The C compiler identification is GNU 9.3.0
[0.796s] -- The CXX compiler identification is GNU 9.3.0
[0.813s] -- Check for working C compiler: /usr/bin/cc
[1.231s] -- Check for working C compiler: /usr/bin/cc -- works
[1.235s] -- Detecting C compiler ABI info
[1.715s] -- Detecting C compiler ABI info - done
[1.798s] -- Detecting C compile features
[1.801s] -- Detecting C compile features - done
[1.838s] -- Check for working CXX compiler: /usr/bin/c++
[2.279s] -- Check for working CXX compiler: /usr/bin/c++ -- works
[2.282s] -- Detecting CXX compiler ABI info
[2.823s] -- Detecting CXX compiler ABI info - done
[2.902s] -- Detecting CXX compile features
[2.903s] -- Detecting CXX compile features - done
[2.910s] -- Using CATKIN_DEVEL_PREFIX: /workspaces/carma_ws/src/build/tablet_socket_msgs/devel
[2.911s] -- Using CMAKE_PREFIX_PATH: /opt/ros/noetic
[2.912s] -- This workspace overlays: /opt/ros/noetic
[3.095s] -- Found PythonInterp: /usr/bin/python3 (found suitable version "3.8.10", minimum required is "3") 
[3.095s] -- Using PYTHON_EXECUTABLE: /usr/bin/python3
[3.095s] -- Using Debian Python package layout
[3.177s] -- Found PY_em: /usr/lib/python3/dist-packages/em.py  
[3.180s] -- Using empy: /usr/lib/python3/dist-packages/em.py
[3.526s] -- Using CATKIN_ENABLE_TESTING: ON
[3.530s] -- Call enable_testing()
[3.551s] -- Using CATKIN_TEST_RESULTS_DIR: /workspaces/carma_ws/src/build/tablet_socket_msgs/test_results
[5.574s] -- Forcing gtest/gmock from source, though one was otherwise available.
[5.575s] -- Found gtest sources under '/usr/src/googletest': gtests will be built
[5.575s] -- Found gmock sources under '/usr/src/googletest': gmock will be built
[5.651s] -- Found PythonInterp: /usr/bin/python3 (found version "3.8.10") 
[5.656s] -- Found Threads: TRUE  
[5.662s] -- Using Python nosetests: /usr/bin/nosetests3
[5.852s] -- catkin 0.8.10
[5.852s] -- BUILD_SHARED_LIBS is on
[6.776s] -- Using these message generators: gencpp;geneus;genlisp;gennodejs;genpy
[7.755s] -- tablet_socket_msgs: 6 messages, 0 services
[8.424s] -- Configuring done
[8.516s] -- Generating done
[8.532s] -- Build files have been written to: /workspaces/carma_ws/src/build/tablet_socket_msgs
[8.574s] Invoked command in '/workspaces/carma_ws/src/build/tablet_socket_msgs' returned '0': /usr/bin/cmake /workspaces/carma_ws/src/autoware.ai/messages/tablet_socket_msgs -DCATKIN_INSTALL_INTO_PREFIX_ROOT=0 -DCMAKE_INSTALL_PREFIX=/workspaces/carma_ws/src/install/tablet_socket_msgs
[8.575s] Invoking command in '/workspaces/carma_ws/src/build/tablet_socket_msgs': /usr/bin/cmake --build /workspaces/carma_ws/src/build/tablet_socket_msgs -- -j12 -l12
[20.975s] [35m[1mScanning dependencies of target _tablet_socket_msgs_generate_messages_check_deps_mode_info[0m
[20.976s] [  0%] Built target _tablet_socket_msgs_generate_messages_check_deps_mode_info
[20.976s] [35m[1mScanning dependencies of target std_msgs_generate_messages_cpp[0m
[20.976s] [  0%] Built target std_msgs_generate_messages_cpp
[20.976s] [35m[1mScanning dependencies of target std_msgs_generate_messages_nodejs[0m
[20.976s] [  0%] Built target std_msgs_generate_messages_nodejs
[20.976s] [35m[1mScanning dependencies of target std_msgs_generate_messages_eus[0m
[20.976s] [  0%] Built target std_msgs_generate_messages_eus
[20.976s] [35m[1mScanning dependencies of target std_msgs_generate_messages_lisp[0m
[20.977s] [  0%] Built target std_msgs_generate_messages_lisp
[20.977s] [35m[1mScanning dependencies of target _tablet_socket_msgs_generate_messages_check_deps_mode_cmd[0m
[20.977s] [  0%] Built target _tablet_socket_msgs_generate_messages_check_deps_mode_cmd
[20.977s] [35m[1mScanning dependencies of target _tablet_socket_msgs_generate_messages_check_deps_gear_cmd[0m
[20.977s] [  0%] Built target _tablet_socket_msgs_generate_messages_check_deps_gear_cmd
[20.977s] [35m[1mScanning dependencies of target _tablet_socket_msgs_generate_messages_check_deps_Waypoint[0m
[20.977s] [  0%] Built target _tablet_socket_msgs_generate_messages_check_deps_Waypoint
[20.977s] [35m[1mScanning dependencies of target _tablet_socket_msgs_generate_messages_check_deps_error_info[0m
[20.978s] [  0%] Built target _tablet_socket_msgs_generate_messages_check_deps_error_info
[20.978s] [35m[1mScanning dependencies of target _tablet_socket_msgs_generate_messages_check_deps_route_cmd[0m
[20.978s] [  0%] Built target _tablet_socket_msgs_generate_messages_check_deps_route_cmd
[20.979s] [35m[1mScanning dependencies of target std_msgs_generate_messages_py[0m
[20.979s] [  0%] Built target std_msgs_generate_messages_py
[20.979s] [35m[1mScanning dependencies of target tablet_socket_msgs_generate_messages_cpp[0m
[20.979s] [  3%] [34m[1mGenerating C++ code from tablet_socket_msgs/Waypoint.msg[0m
[20.979s] [  6%] [34m[1mGenerating C++ code from tablet_socket_msgs/route_cmd.msg[0m
[20.979s] [  9%] [34m[1mGenerating C++ code from tablet_socket_msgs/mode_info.msg[0m
[20.979s] [ 12%] [34m[1mGenerating C++ code from tablet_socket_msgs/mode_cmd.msg[0m
[20.979s] [ 15%] [34m[1mGenerating C++ code from tablet_socket_msgs/gear_cmd.msg[0m
[20.980s] [ 18%] [34m[1mGenerating C++ code from tablet_socket_msgs/error_info.msg[0m
[20.980s] [ 18%] Built target tablet_socket_msgs_generate_messages_cpp
[20.980s] [35m[1mScanning dependencies of target tablet_socket_msgs_generate_messages_py[0m
[20.980s] [ 21%] [34m[1mGenerating Python from MSG tablet_socket_msgs/Waypoint[0m
[20.980s] [ 25%] [34m[1mGenerating Python from MSG tablet_socket_msgs/route_cmd[0m
[20.980s] [ 28%] [34m[1mGenerating Python from MSG tablet_socket_msgs/mode_info[0m
[20.980s] [ 31%] [34m[1mGenerating Python from MSG tablet_socket_msgs/mode_cmd[0m
[20.980s] [ 34%] [34m[1mGenerating Python from MSG tablet_socket_msgs/gear_cmd[0m
[20.981s] [ 37%] [34m[1mGenerating Python from MSG tablet_socket_msgs/error_info[0m
[20.981s] [ 40%] [34m[1mGenerating Python msg __init__.py for tablet_socket_msgs[0m
[20.981s] [ 40%] Built target tablet_socket_msgs_generate_messages_py
[20.981s] [35m[1mScanning dependencies of target tablet_socket_msgs_generate_messages_nodejs[0m
[20.981s] [ 43%] [34m[1mGenerating Javascript code from tablet_socket_msgs/Waypoint.msg[0m
[20.981s] [ 46%] [34m[1mGenerating Javascript code from tablet_socket_msgs/route_cmd.msg[0m
[20.981s] [ 50%] [34m[1mGenerating Javascript code from tablet_socket_msgs/mode_info.msg[0m
[20.981s] [ 53%] [34m[1mGenerating Javascript code from tablet_socket_msgs/mode_cmd.msg[0m
[20.981s] [ 56%] [34m[1mGenerating Javascript code from tablet_socket_msgs/gear_cmd.msg[0m
[20.982s] [ 59%] [34m[1mGenerating Javascript code from tablet_socket_msgs/error_info.msg[0m
[20.982s] [ 59%] Built target tablet_socket_msgs_generate_messages_nodejs
[20.982s] [35m[1mScanning dependencies of target tablet_socket_msgs_generate_messages_eus[0m
[20.985s] [ 62%] [34m[1mGenerating EusLisp code from tablet_socket_msgs/Waypoint.msg[0m
[20.985s] [ 65%] [34m[1mGenerating EusLisp manifest code for tablet_socket_msgs[0m
[21.918s] [ 68%] [34m[1mGenerating EusLisp code from tablet_socket_msgs/route_cmd.msg[0m
[22.092s] [ 71%] [34m[1mGenerating EusLisp code from tablet_socket_msgs/mode_info.msg[0m
[22.464s] [ 75%] [34m[1mGenerating EusLisp code from tablet_socket_msgs/mode_cmd.msg[0m
[22.758s] [ 78%] [34m[1mGenerating EusLisp code from tablet_socket_msgs/gear_cmd.msg[0m
[23.061s] [ 81%] [34m[1mGenerating EusLisp code from tablet_socket_msgs/error_info.msg[0m
[23.352s] [ 81%] Built target tablet_socket_msgs_generate_messages_eus
[23.387s] [35m[1mScanning dependencies of target tablet_socket_msgs_generate_messages_lisp[0m
[23.463s] [ 84%] [34m[1mGenerating Lisp code from tablet_socket_msgs/Waypoint.msg[0m
[23.639s] [ 87%] [34m[1mGenerating Lisp code from tablet_socket_msgs/route_cmd.msg[0m
[23.800s] [ 90%] [34m[1mGenerating Lisp code from tablet_socket_msgs/mode_info.msg[0m
[23.926s] [ 93%] [34m[1mGenerating Lisp code from tablet_socket_msgs/mode_cmd.msg[0m
[24.179s] [ 96%] [34m[1mGenerating Lisp code from tablet_socket_msgs/gear_cmd.msg[0m
[24.301s] [100%] [34m[1mGenerating Lisp code from tablet_socket_msgs/error_info.msg[0m
[24.409s] [100%] Built target tablet_socket_msgs_generate_messages_lisp
[24.459s] [35m[1mScanning dependencies of target tablet_socket_msgs_generate_messages[0m
[24.521s] [100%] Built target tablet_socket_msgs_generate_messages
[24.552s] Invoked command in '/workspaces/carma_ws/src/build/tablet_socket_msgs' returned '0': /usr/bin/cmake --build /workspaces/carma_ws/src/build/tablet_socket_msgs -- -j12 -l12
[24.864s] Invoking command in '/workspaces/carma_ws/src/build/tablet_socket_msgs': /usr/bin/cmake --build /workspaces/carma_ws/src/build/tablet_socket_msgs --target tests -- -j12 -l12
[25.077s] [35m[1mScanning dependencies of target tests[0m
[25.144s] Built target tests
[25.175s] Invoked command in '/workspaces/carma_ws/src/build/tablet_socket_msgs' returned '0': /usr/bin/cmake --build /workspaces/carma_ws/src/build/tablet_socket_msgs --target tests -- -j12 -l12
[25.457s] Invoking command in '/workspaces/carma_ws/src/build/tablet_socket_msgs': /usr/bin/cmake --install /workspaces/carma_ws/src/build/tablet_socket_msgs
[28.647s] -- Install configuration: ""
[28.647s] -- Installing: /workspaces/carma_ws/src/install/tablet_socket_msgs/share/tablet_socket_msgs/msg/Waypoint.msg
[28.647s] -- Installing: /workspaces/carma_ws/src/install/tablet_socket_msgs/share/tablet_socket_msgs/msg/error_info.msg
[28.654s] -- Installing: /workspaces/carma_ws/src/install/tablet_socket_msgs/share/tablet_socket_msgs/msg/gear_cmd.msg
[28.656s] -- Installing: /workspaces/carma_ws/src/install/tablet_socket_msgs/share/tablet_socket_msgs/msg/mode_cmd.msg
[28.656s] -- Installing: /workspaces/carma_ws/src/install/tablet_socket_msgs/share/tablet_socket_msgs/msg/mode_info.msg
[28.656s] -- Installing: /workspaces/carma_ws/src/install/tablet_socket_msgs/share/tablet_socket_msgs/msg/route_cmd.msg
[28.656s] -- Installing: /workspaces/carma_ws/src/install/tablet_socket_msgs/share/tablet_socket_msgs/cmake/tablet_socket_msgs-msg-paths.cmake
[28.656s] -- Installing: /workspaces/carma_ws/src/install/tablet_socket_msgs/include/tablet_socket_msgs
[28.656s] -- Installing: /workspaces/carma_ws/src/install/tablet_socket_msgs/include/tablet_socket_msgs/error_info.h
[28.656s] -- Installing: /workspaces/carma_ws/src/install/tablet_socket_msgs/include/tablet_socket_msgs/mode_cmd.h
[28.656s] -- Installing: /workspaces/carma_ws/src/install/tablet_socket_msgs/include/tablet_socket_msgs/Waypoint.h
[28.656s] -- Installing: /workspaces/carma_ws/src/install/tablet_socket_msgs/include/tablet_socket_msgs/mode_info.h
[28.657s] -- Installing: /workspaces/carma_ws/src/install/tablet_socket_msgs/include/tablet_socket_msgs/route_cmd.h
[28.657s] -- Installing: /workspaces/carma_ws/src/install/tablet_socket_msgs/include/tablet_socket_msgs/gear_cmd.h
[28.657s] -- Installing: /workspaces/carma_ws/src/install/tablet_socket_msgs/share/roseus/ros/tablet_socket_msgs
[28.657s] -- Installing: /workspaces/carma_ws/src/install/tablet_socket_msgs/share/roseus/ros/tablet_socket_msgs/msg
[28.657s] -- Installing: /workspaces/carma_ws/src/install/tablet_socket_msgs/share/roseus/ros/tablet_socket_msgs/msg/route_cmd.l
[28.657s] -- Installing: /workspaces/carma_ws/src/install/tablet_socket_msgs/share/roseus/ros/tablet_socket_msgs/msg/mode_info.l
[28.657s] -- Installing: /workspaces/carma_ws/src/install/tablet_socket_msgs/share/roseus/ros/tablet_socket_msgs/msg/gear_cmd.l
[28.657s] -- Installing: /workspaces/carma_ws/src/install/tablet_socket_msgs/share/roseus/ros/tablet_socket_msgs/msg/mode_cmd.l
[28.657s] -- Installing: /workspaces/carma_ws/src/install/tablet_socket_msgs/share/roseus/ros/tablet_socket_msgs/msg/error_info.l
[28.657s] -- Installing: /workspaces/carma_ws/src/install/tablet_socket_msgs/share/roseus/ros/tablet_socket_msgs/msg/Waypoint.l
[28.658s] -- Installing: /workspaces/carma_ws/src/install/tablet_socket_msgs/share/roseus/ros/tablet_socket_msgs/manifest.l
[28.658s] -- Installing: /workspaces/carma_ws/src/install/tablet_socket_msgs/share/common-lisp/ros/tablet_socket_msgs
[28.658s] -- Installing: /workspaces/carma_ws/src/install/tablet_socket_msgs/share/common-lisp/ros/tablet_socket_msgs/msg
[28.658s] -- Installing: /workspaces/carma_ws/src/install/tablet_socket_msgs/share/common-lisp/ros/tablet_socket_msgs/msg/_package_error_info.lisp
[28.658s] -- Installing: /workspaces/carma_ws/src/install/tablet_socket_msgs/share/common-lisp/ros/tablet_socket_msgs/msg/_package_route_cmd.lisp
[28.658s] -- Installing: /workspaces/carma_ws/src/install/tablet_socket_msgs/share/common-lisp/ros/tablet_socket_msgs/msg/route_cmd.lisp
[28.658s] -- Installing: /workspaces/carma_ws/src/install/tablet_socket_msgs/share/common-lisp/ros/tablet_socket_msgs/msg/gear_cmd.lisp
[28.658s] -- Installing: /workspaces/carma_ws/src/install/tablet_socket_msgs/share/common-lisp/ros/tablet_socket_msgs/msg/_package_mode_cmd.lisp
[28.659s] -- Installing: /workspaces/carma_ws/src/install/tablet_socket_msgs/share/common-lisp/ros/tablet_socket_msgs/msg/mode_info.lisp
[28.659s] -- Installing: /workspaces/carma_ws/src/install/tablet_socket_msgs/share/common-lisp/ros/tablet_socket_msgs/msg/mode_cmd.lisp
[28.659s] -- Installing: /workspaces/carma_ws/src/install/tablet_socket_msgs/share/common-lisp/ros/tablet_socket_msgs/msg/error_info.lisp
[28.659s] -- Installing: /workspaces/carma_ws/src/install/tablet_socket_msgs/share/common-lisp/ros/tablet_socket_msgs/msg/tablet_socket_msgs-msg.asd
[28.659s] -- Installing: /workspaces/carma_ws/src/install/tablet_socket_msgs/share/common-lisp/ros/tablet_socket_msgs/msg/_package.lisp
[28.659s] -- Installing: /workspaces/carma_ws/src/install/tablet_socket_msgs/share/common-lisp/ros/tablet_socket_msgs/msg/_package_mode_info.lisp
[28.659s] -- Installing: /workspaces/carma_ws/src/install/tablet_socket_msgs/share/common-lisp/ros/tablet_socket_msgs/msg/_package_gear_cmd.lisp
[28.659s] -- Installing: /workspaces/carma_ws/src/install/tablet_socket_msgs/share/common-lisp/ros/tablet_socket_msgs/msg/_package_Waypoint.lisp
[28.660s] -- Installing: /workspaces/carma_ws/src/install/tablet_socket_msgs/share/common-lisp/ros/tablet_socket_msgs/msg/Waypoint.lisp
[28.660s] -- Installing: /workspaces/carma_ws/src/install/tablet_socket_msgs/share/gennodejs/ros/tablet_socket_msgs
[28.660s] -- Installing: /workspaces/carma_ws/src/install/tablet_socket_msgs/share/gennodejs/ros/tablet_socket_msgs/_index.js
[28.660s] -- Installing: /workspaces/carma_ws/src/install/tablet_socket_msgs/share/gennodejs/ros/tablet_socket_msgs/msg
[28.661s] -- Installing: /workspaces/carma_ws/src/install/tablet_socket_msgs/share/gennodejs/ros/tablet_socket_msgs/msg/_index.js
[28.661s] -- Installing: /workspaces/carma_ws/src/install/tablet_socket_msgs/share/gennodejs/ros/tablet_socket_msgs/msg/route_cmd.js
[28.661s] -- Installing: /workspaces/carma_ws/src/install/tablet_socket_msgs/share/gennodejs/ros/tablet_socket_msgs/msg/Waypoint.js
[28.661s] -- Installing: /workspaces/carma_ws/src/install/tablet_socket_msgs/share/gennodejs/ros/tablet_socket_msgs/msg/mode_cmd.js
[28.661s] -- Installing: /workspaces/carma_ws/src/install/tablet_socket_msgs/share/gennodejs/ros/tablet_socket_msgs/msg/error_info.js
[28.661s] -- Installing: /workspaces/carma_ws/src/install/tablet_socket_msgs/share/gennodejs/ros/tablet_socket_msgs/msg/gear_cmd.js
[28.661s] -- Installing: /workspaces/carma_ws/src/install/tablet_socket_msgs/share/gennodejs/ros/tablet_socket_msgs/msg/mode_info.js
[28.661s] Listing '/workspaces/carma_ws/src/build/tablet_socket_msgs/devel/lib/python3/dist-packages/tablet_socket_msgs'...
[28.661s] Compiling '/workspaces/carma_ws/src/build/tablet_socket_msgs/devel/lib/python3/dist-packages/tablet_socket_msgs/__init__.py'...
[28.662s] Listing '/workspaces/carma_ws/src/build/tablet_socket_msgs/devel/lib/python3/dist-packages/tablet_socket_msgs/msg'...
[28.662s] Compiling '/workspaces/carma_ws/src/build/tablet_socket_msgs/devel/lib/python3/dist-packages/tablet_socket_msgs/msg/_Waypoint.py'...
[28.662s] Compiling '/workspaces/carma_ws/src/build/tablet_socket_msgs/devel/lib/python3/dist-packages/tablet_socket_msgs/msg/__init__.py'...
[28.662s] Compiling '/workspaces/carma_ws/src/build/tablet_socket_msgs/devel/lib/python3/dist-packages/tablet_socket_msgs/msg/_error_info.py'...
[28.662s] Compiling '/workspaces/carma_ws/src/build/tablet_socket_msgs/devel/lib/python3/dist-packages/tablet_socket_msgs/msg/_gear_cmd.py'...
[28.664s] Compiling '/workspaces/carma_ws/src/build/tablet_socket_msgs/devel/lib/python3/dist-packages/tablet_socket_msgs/msg/_mode_cmd.py'...
[28.664s] Compiling '/workspaces/carma_ws/src/build/tablet_socket_msgs/devel/lib/python3/dist-packages/tablet_socket_msgs/msg/_mode_info.py'...
[28.664s] Compiling '/workspaces/carma_ws/src/build/tablet_socket_msgs/devel/lib/python3/dist-packages/tablet_socket_msgs/msg/_route_cmd.py'...
[28.664s] -- Installing: /workspaces/carma_ws/src/install/tablet_socket_msgs/lib/python3/dist-packages/tablet_socket_msgs
[28.664s] -- Installing: /workspaces/carma_ws/src/install/tablet_socket_msgs/lib/python3/dist-packages/tablet_socket_msgs/__pycache__
[28.664s] -- Installing: /workspaces/carma_ws/src/install/tablet_socket_msgs/lib/python3/dist-packages/tablet_socket_msgs/__pycache__/__init__.cpython-38.pyc
[28.665s] -- Installing: /workspaces/carma_ws/src/install/tablet_socket_msgs/lib/python3/dist-packages/tablet_socket_msgs/msg
[28.665s] -- Installing: /workspaces/carma_ws/src/install/tablet_socket_msgs/lib/python3/dist-packages/tablet_socket_msgs/msg/__pycache__
[28.665s] -- Installing: /workspaces/carma_ws/src/install/tablet_socket_msgs/lib/python3/dist-packages/tablet_socket_msgs/msg/__pycache__/_mode_info.cpython-38.pyc
[28.665s] -- Installing: /workspaces/carma_ws/src/install/tablet_socket_msgs/lib/python3/dist-packages/tablet_socket_msgs/msg/__pycache__/_gear_cmd.cpython-38.pyc
[28.665s] -- Installing: /workspaces/carma_ws/src/install/tablet_socket_msgs/lib/python3/dist-packages/tablet_socket_msgs/msg/__pycache__/_route_cmd.cpython-38.pyc
[28.665s] -- Installing: /workspaces/carma_ws/src/install/tablet_socket_msgs/lib/python3/dist-packages/tablet_socket_msgs/msg/__pycache__/_error_info.cpython-38.pyc
[28.665s] -- Installing: /workspaces/carma_ws/src/install/tablet_socket_msgs/lib/python3/dist-packages/tablet_socket_msgs/msg/__pycache__/_mode_cmd.cpython-38.pyc
[28.666s] -- Installing: /workspaces/carma_ws/src/install/tablet_socket_msgs/lib/python3/dist-packages/tablet_socket_msgs/msg/__pycache__/__init__.cpython-38.pyc
[28.666s] -- Installing: /workspaces/carma_ws/src/install/tablet_socket_msgs/lib/python3/dist-packages/tablet_socket_msgs/msg/__pycache__/_Waypoint.cpython-38.pyc
[28.666s] -- Installing: /workspaces/carma_ws/src/install/tablet_socket_msgs/lib/python3/dist-packages/tablet_socket_msgs/msg/_mode_info.py
[28.666s] -- Installing: /workspaces/carma_ws/src/install/tablet_socket_msgs/lib/python3/dist-packages/tablet_socket_msgs/msg/_mode_cmd.py
[28.666s] -- Installing: /workspaces/carma_ws/src/install/tablet_socket_msgs/lib/python3/dist-packages/tablet_socket_msgs/msg/_gear_cmd.py
[28.667s] -- Installing: /workspaces/carma_ws/src/install/tablet_socket_msgs/lib/python3/dist-packages/tablet_socket_msgs/msg/_route_cmd.py
[28.667s] -- Installing: /workspaces/carma_ws/src/install/tablet_socket_msgs/lib/python3/dist-packages/tablet_socket_msgs/msg/_Waypoint.py
[28.667s] -- Installing: /workspaces/carma_ws/src/install/tablet_socket_msgs/lib/python3/dist-packages/tablet_socket_msgs/msg/_error_info.py
[28.667s] -- Installing: /workspaces/carma_ws/src/install/tablet_socket_msgs/lib/python3/dist-packages/tablet_socket_msgs/msg/__init__.py
[28.668s] -- Installing: /workspaces/carma_ws/src/install/tablet_socket_msgs/lib/python3/dist-packages/tablet_socket_msgs/__init__.py
[28.668s] -- Installing: /workspaces/carma_ws/src/install/tablet_socket_msgs/lib/pkgconfig/tablet_socket_msgs.pc
[28.668s] -- Installing: /workspaces/carma_ws/src/install/tablet_socket_msgs/share/tablet_socket_msgs/cmake/tablet_socket_msgs-msg-extras.cmake
[28.669s] -- Installing: /workspaces/carma_ws/src/install/tablet_socket_msgs/share/tablet_socket_msgs/cmake/tablet_socket_msgsConfig.cmake
[28.669s] -- Installing: /workspaces/carma_ws/src/install/tablet_socket_msgs/share/tablet_socket_msgs/cmake/tablet_socket_msgsConfig-version.cmake
[28.669s] -- Installing: /workspaces/carma_ws/src/install/tablet_socket_msgs/share/tablet_socket_msgs/package.xml
[28.697s] Invoked command in '/workspaces/carma_ws/src/build/tablet_socket_msgs' returned '0': /usr/bin/cmake --install /workspaces/carma_ws/src/build/tablet_socket_msgs
