-- The C compiler identification is GNU 9.3.0
-- The CXX compiler identification is GNU 9.3.0
-- Check for working C compiler: /usr/bin/cc
-- Check for working C compiler: /usr/bin/cc -- works
-- Detecting C compiler ABI info
-- Detecting C compiler ABI info - done
-- Detecting C compile features
-- Detecting C compile features - done
-- Check for working CXX compiler: /usr/bin/c++
-- Check for working CXX compiler: /usr/bin/c++ -- works
-- Detecting CXX compiler ABI info
-- Detecting CXX compiler ABI info - done
-- Detecting CXX compile features
-- Detecting CXX compile features - done
-- Using CATKIN_DEVEL_PREFIX: /workspaces/carma_ws/src/build/mrt_cmake_modules/devel
-- Using CMAKE_PREFIX_PATH: /opt/ros/noetic
-- This workspace overlays: /opt/ros/noetic
-- Found PythonInterp: /usr/bin/python3 (found suitable version "3.8.10", minimum required is "3") 
-- Using PYTHON_EXECUTABLE: /usr/bin/python3
-- Using Debian Python package layout
-- Found PY_em: /usr/lib/python3/dist-packages/em.py  
-- Using empy: /usr/lib/python3/dist-packages/em.py
-- Using CATKIN_ENABLE_TESTING: ON
-- Call enable_testing()
-- Using CATKIN_TEST_RESULTS_DIR: /workspaces/carma_ws/src/build/mrt_cmake_modules/test_results
-- Forcing gtest/gmock from source, though one was otherwise available.
-- Found gtest sources under '/usr/src/googletest': gtests will be built
-- Found gmock sources under '/usr/src/googletest': gmock will be built
-- Found PythonInterp: /usr/bin/python3 (found version "3.8.10") 
-- Found Threads: TRUE  
-- Using Python nosetests: /usr/bin/nosetests3
-- catkin 0.8.10
-- BUILD_SHARED_LIBS is on
-- Configuring done
-- Generating done
-- Build files have been written to: /workspaces/carma_ws/src/build/mrt_cmake_modules
[35m[1mScanning dependencies of target tests[0m
Built target tests
-- Install configuration: ""
+ cd /workspaces/carma_ws/src/autoware.ai/mrt_cmake_modules
+ mkdir -p /workspaces/carma_ws/src/install/mrt_cmake_modules/lib/python3/dist-packages
+ /usr/bin/env PYTHONPATH=/workspaces/carma_ws/src/install/mrt_cmake_modules/lib/python3/dist-packages:/workspaces/carma_ws/src/build/mrt_cmake_modules/lib/python3/dist-packages:/opt/ros/noetic/lib/python3/dist-packages CATKIN_BINARY_DIR=/workspaces/carma_ws/src/build/mrt_cmake_modules /usr/bin/python3 /workspaces/carma_ws/src/autoware.ai/mrt_cmake_modules/setup.py build --build-base /workspaces/carma_ws/src/build/mrt_cmake_modules install --root=/ --install-layout=deb --prefix=/workspaces/carma_ws/src/install/mrt_cmake_modules --install-scripts=/workspaces/carma_ws/src/install/mrt_cmake_modules/bin
running build
running build_py
creating /workspaces/carma_ws/src/build/mrt_cmake_modules/lib
creating /workspaces/carma_ws/src/build/mrt_cmake_modules/lib/mrt_cmake_modules
copying src/mrt_cmake_modules/parameter_generator_catkin.py -> /workspaces/carma_ws/src/build/mrt_cmake_modules/lib/mrt_cmake_modules
copying src/mrt_cmake_modules/__init__.py -> /workspaces/carma_ws/src/build/mrt_cmake_modules/lib/mrt_cmake_modules
running install
running install_lib
creating /workspaces/carma_ws/src/install/mrt_cmake_modules/lib/python3/dist-packages/mrt_cmake_modules
copying /workspaces/carma_ws/src/build/mrt_cmake_modules/lib/mrt_cmake_modules/parameter_generator_catkin.py -> /workspaces/carma_ws/src/install/mrt_cmake_modules/lib/python3/dist-packages/mrt_cmake_modules
copying /workspaces/carma_ws/src/build/mrt_cmake_modules/lib/mrt_cmake_modules/__init__.py -> /workspaces/carma_ws/src/install/mrt_cmake_modules/lib/python3/dist-packages/mrt_cmake_modules
byte-compiling /workspaces/carma_ws/src/install/mrt_cmake_modules/lib/python3/dist-packages/mrt_cmake_modules/parameter_generator_catkin.py to parameter_generator_catkin.cpython-38.pyc
byte-compiling /workspaces/carma_ws/src/install/mrt_cmake_modules/lib/python3/dist-packages/mrt_cmake_modules/__init__.py to __init__.cpython-38.pyc
running install_egg_info
Writing /workspaces/carma_ws/src/install/mrt_cmake_modules/lib/python3/dist-packages/mrt_cmake_modules-1.0.0.egg-info
-- Installing: /workspaces/carma_ws/src/install/mrt_cmake_modules/lib/pkgconfig/mrt_cmake_modules.pc
-- Installing: /workspaces/carma_ws/src/install/mrt_cmake_modules/share/mrt_cmake_modules/cmake/mrt_cmake_modules-extras.cmake
-- Installing: /workspaces/carma_ws/src/install/mrt_cmake_modules/share/mrt_cmake_modules/cmake/mrt_cmake_modulesConfig.cmake
-- Installing: /workspaces/carma_ws/src/install/mrt_cmake_modules/share/mrt_cmake_modules/cmake/mrt_cmake_modulesConfig-version.cmake
-- Installing: /workspaces/carma_ws/src/install/mrt_cmake_modules/share/mrt_cmake_modules/package.xml
-- Installing: /workspaces/carma_ws/src/install/mrt_cmake_modules/share/mrt_cmake_modules/cmake/Modules
-- Installing: /workspaces/carma_ws/src/install/mrt_cmake_modules/share/mrt_cmake_modules/cmake/Modules/FindMrtebus-sdk.cmake
-- Installing: /workspaces/carma_ws/src/install/mrt_cmake_modules/share/mrt_cmake_modules/cmake/Modules/FindG2O.cmake
-- Installing: /workspaces/carma_ws/src/install/mrt_cmake_modules/share/mrt_cmake_modules/cmake/Modules/FindFlann.cmake
-- Installing: /workspaces/carma_ws/src/install/mrt_cmake_modules/share/mrt_cmake_modules/cmake/Modules/FindMrtCaffe.cmake
-- Installing: /workspaces/carma_ws/src/install/mrt_cmake_modules/share/mrt_cmake_modules/cmake/Modules/UseMrtAutoTarget.cmake
-- Installing: /workspaces/carma_ws/src/install/mrt_cmake_modules/share/mrt_cmake_modules/cmake/Modules/FindAravis.cmake
-- Installing: /workspaces/carma_ws/src/install/mrt_cmake_modules/share/mrt_cmake_modules/cmake/Modules/FindMrtnlopt.cmake
-- Installing: /workspaces/carma_ws/src/install/mrt_cmake_modules/share/mrt_cmake_modules/cmake/Modules/FindMrtQt4.cmake
-- Installing: /workspaces/carma_ws/src/install/mrt_cmake_modules/share/mrt_cmake_modules/cmake/Modules/Findpugixml.cmake
-- Installing: /workspaces/carma_ws/src/install/mrt_cmake_modules/share/mrt_cmake_modules/cmake/Modules/FindMrtCeres.cmake
-- Installing: /workspaces/carma_ws/src/install/mrt_cmake_modules/share/mrt_cmake_modules/cmake/Modules/FindTinyXML.cmake
-- Installing: /workspaces/carma_ws/src/install/mrt_cmake_modules/share/mrt_cmake_modules/cmake/Modules/UseMrtStdCompilerFlags.cmake
-- Installing: /workspaces/carma_ws/src/install/mrt_cmake_modules/share/mrt_cmake_modules/cmake/Modules/FindMrtOpenCV.cmake
-- Installing: /workspaces/carma_ws/src/install/mrt_cmake_modules/share/mrt_cmake_modules/cmake/Modules/FindMrtVTK.cmake
-- Installing: /workspaces/carma_ws/src/install/mrt_cmake_modules/share/mrt_cmake_modules/cmake/Modules/FindOSG.cmake
-- Installing: /workspaces/carma_ws/src/install/mrt_cmake_modules/share/mrt_cmake_modules/cmake/Modules/FindEigen2.cmake
-- Installing: /workspaces/carma_ws/src/install/mrt_cmake_modules/share/mrt_cmake_modules/cmake/Modules/FindMinpack.cmake
-- Installing: /workspaces/carma_ws/src/install/mrt_cmake_modules/share/mrt_cmake_modules/cmake/Modules/FindQwt.cmake
-- Installing: /workspaces/carma_ws/src/install/mrt_cmake_modules/share/mrt_cmake_modules/cmake/Modules/FindIpopt.cmake
-- Installing: /workspaces/carma_ws/src/install/mrt_cmake_modules/share/mrt_cmake_modules/cmake/Modules/FindMrtANN.cmake
-- Installing: /workspaces/carma_ws/src/install/mrt_cmake_modules/share/mrt_cmake_modules/cmake/Modules/Findlibgps.cmake
-- Installing: /workspaces/carma_ws/src/install/mrt_cmake_modules/share/mrt_cmake_modules/cmake/Modules/FindMrtTesseract.cmake
-- Installing: /workspaces/carma_ws/src/install/mrt_cmake_modules/share/mrt_cmake_modules/cmake/Modules/FindIGL.cmake
-- Installing: /workspaces/carma_ws/src/install/mrt_cmake_modules/share/mrt_cmake_modules/cmake/Modules/FindSqlite3.cmake
-- Installing: /workspaces/carma_ws/src/install/mrt_cmake_modules/share/mrt_cmake_modules/cmake/Modules/FindMrtCTensorflow.cmake
-- Installing: /workspaces/carma_ws/src/install/mrt_cmake_modules/share/mrt_cmake_modules/cmake/Modules/FindCairo.cmake
-- Installing: /workspaces/carma_ws/src/install/mrt_cmake_modules/share/mrt_cmake_modules/cmake/Modules/FindMrtSDL2.cmake
-- Installing: /workspaces/carma_ws/src/install/mrt_cmake_modules/share/mrt_cmake_modules/cmake/Modules/MrtParamGenerator.cmake
-- Installing: /workspaces/carma_ws/src/install/mrt_cmake_modules/share/mrt_cmake_modules/cmake/Modules/FindClangTidy.cmake
-- Installing: /workspaces/carma_ws/src/install/mrt_cmake_modules/share/mrt_cmake_modules/cmake/Modules/FindAutoDeps.cmake
-- Installing: /workspaces/carma_ws/src/install/mrt_cmake_modules/share/mrt_cmake_modules/cmake/Modules/FindMrtMetis.cmake
-- Installing: /workspaces/carma_ws/src/install/mrt_cmake_modules/share/mrt_cmake_modules/cmake/Modules/FindGTest-headers.cmake
-- Installing: /workspaces/carma_ws/src/install/mrt_cmake_modules/share/mrt_cmake_modules/cmake/Modules/FindMrtf2c.cmake
-- Installing: /workspaces/carma_ws/src/install/mrt_cmake_modules/share/mrt_cmake_modules/cmake/Modules/FindGlog.cmake
-- Installing: /workspaces/carma_ws/src/install/mrt_cmake_modules/share/mrt_cmake_modules/cmake/Modules/FindPoco.cmake
-- Installing: /workspaces/carma_ws/src/install/mrt_cmake_modules/share/mrt_cmake_modules/cmake/Modules/GatherDeps.cmake
-- Installing: /workspaces/carma_ws/src/install/mrt_cmake_modules/share/mrt_cmake_modules/cmake/Modules/FindBoostPython.cmake
-- Installing: /workspaces/carma_ws/src/install/mrt_cmake_modules/share/mrt_cmake_modules/cmake/Modules/FindGeographicLib.cmake
-- Installing: /workspaces/carma_ws/src/install/mrt_cmake_modules/share/mrt_cmake_modules/cmake/Modules/MRTCoverage.cmake
-- Installing: /workspaces/carma_ws/src/install/mrt_cmake_modules/share/mrt_cmake_modules/cmake/Modules/Findrange-v3.cmake
-- Installing: /workspaces/carma_ws/src/install/mrt_cmake_modules/share/mrt_cmake_modules/cmake/Modules/FindMrtbenchmark.cmake
-- Installing: /workspaces/carma_ws/src/install/mrt_cmake_modules/share/mrt_cmake_modules/cmake/Modules/FindRapidXML.cmake
-- Installing: /workspaces/carma_ws/src/install/mrt_cmake_modules/share/mrt_cmake_modules/cmake/Modules/FindMrtLAPACK.cmake
-- Installing: /workspaces/carma_ws/src/install/mrt_cmake_modules/share/mrt_cmake_modules/cmake/Modules/FindMrtPCL.cmake
-- Installing: /workspaces/carma_ws/src/install/mrt_cmake_modules/share/mrt_cmake_modules/cmake/Modules/CatkinMockForConan.cmake
-- Installing: /workspaces/carma_ws/src/install/mrt_cmake_modules/share/mrt_cmake_modules/cmake/Modules/FindTBB.cmake
-- Installing: /workspaces/carma_ws/src/install/mrt_cmake_modules/share/mrt_cmake_modules/cmake/Modules/FindMrtLeptonica.cmake
-- Installing: /workspaces/carma_ws/src/install/mrt_cmake_modules/share/mrt_cmake_modules/cmake/Modules/FindPCAP.cmake
-- Installing: /workspaces/carma_ws/src/install/mrt_cmake_modules/share/mrt_cmake_modules/cmake/Modules/FindGTKMM.cmake
-- Installing: /workspaces/carma_ws/src/install/mrt_cmake_modules/share/mrt_cmake_modules/cmake/Modules/Findgtest.cmake
-- Installing: /workspaces/carma_ws/src/install/mrt_cmake_modules/share/mrt_cmake_modules/cmake/Modules/FindMrtTensorflow.cmake
-- Installing: /workspaces/carma_ws/src/install/mrt_cmake_modules/share/mrt_cmake_modules/cmake/Modules/FindMrtCUDA.cmake
-- Installing: /workspaces/carma_ws/src/install/mrt_cmake_modules/share/mrt_cmake_modules/cmake/Modules/FindMrtQt5.cmake
-- Installing: /workspaces/carma_ws/src/install/mrt_cmake_modules/share/mrt_cmake_modules/cmake/Modules/FindMrtCereal.cmake
-- Installing: /workspaces/carma_ws/src/install/mrt_cmake_modules/share/mrt_cmake_modules/cmake/Modules/FindMrtSuiteSparse.cmake
-- Installing: /workspaces/carma_ws/src/install/mrt_cmake_modules/share/mrt_cmake_modules/cmake/Modules/Findyaml-cpp.cmake
-- Installing: /workspaces/carma_ws/src/install/mrt_cmake_modules/share/mrt_cmake_modules/cmake/Modules/FindPNG++.cmake
-- Installing: /workspaces/carma_ws/src/install/mrt_cmake_modules/share/mrt_cmake_modules/scripts/generate_cmake_dependency_file.py
