[0.134s] Invoking command in '/workspaces/carma_ws/src/build/mrt_cmake_modules': /usr/bin/cmake /workspaces/carma_ws/src/autoware.ai/mrt_cmake_modules -DCATKIN_INSTALL_INTO_PREFIX_ROOT=0 -DCMAKE_INSTALL_PREFIX=/workspaces/carma_ws/src/install/mrt_cmake_modules
[0.487s] -- The C compiler identification is GNU 9.3.0
[1.331s] -- The CXX compiler identification is GNU 9.3.0
[1.369s] -- Check for working C compiler: /usr/bin/cc
[1.896s] -- Check for working C compiler: /usr/bin/cc -- works
[1.898s] -- Detecting C compiler ABI info
[2.563s] -- Detecting C compiler ABI info - done
[2.603s] -- Detecting C compile features
[2.603s] -- Detecting C compile features - done
[2.612s] -- Check for working CXX compiler: /usr/bin/c++
[3.247s] -- Check for working CXX compiler: /usr/bin/c++ -- works
[3.253s] -- Detecting CXX compiler ABI info
[3.655s] -- Detecting CXX compiler ABI info - done
[3.694s] -- Detecting CXX compile features
[3.701s] -- Detecting CXX compile features - done
[3.711s] -- Using CATKIN_DEVEL_PREFIX: /workspaces/carma_ws/src/build/mrt_cmake_modules/devel
[3.711s] -- Using CMAKE_PREFIX_PATH: /opt/ros/noetic
[3.711s] -- This workspace overlays: /opt/ros/noetic
[3.804s] -- Found PythonInterp: /usr/bin/python3 (found suitable version "3.8.10", minimum required is "3") 
[3.805s] -- Using PYTHON_EXECUTABLE: /usr/bin/python3
[3.806s] -- Using Debian Python package layout
[4.086s] -- Found PY_em: /usr/lib/python3/dist-packages/em.py  
[4.086s] -- Using empy: /usr/lib/python3/dist-packages/em.py
[4.683s] -- Using CATKIN_ENABLE_TESTING: ON
[4.684s] -- Call enable_testing()
[4.686s] -- Using CATKIN_TEST_RESULTS_DIR: /workspaces/carma_ws/src/build/mrt_cmake_modules/test_results
[6.494s] -- Forcing gtest/gmock from source, though one was otherwise available.
[6.494s] -- Found gtest sources under '/usr/src/googletest': gtests will be built
[6.494s] -- Found gmock sources under '/usr/src/googletest': gmock will be built
[6.564s] -- Found PythonInterp: /usr/bin/python3 (found version "3.8.10") 
[6.567s] -- Found Threads: TRUE  
[6.576s] -- Using Python nosetests: /usr/bin/nosetests3
[6.829s] -- catkin 0.8.10
[6.829s] -- BUILD_SHARED_LIBS is on
[11.169s] -- Configuring done
[11.247s] -- Generating done
[11.253s] -- Build files have been written to: /workspaces/carma_ws/src/build/mrt_cmake_modules
[11.293s] Invoked command in '/workspaces/carma_ws/src/build/mrt_cmake_modules' returned '0': /usr/bin/cmake /workspaces/carma_ws/src/autoware.ai/mrt_cmake_modules -DCATKIN_INSTALL_INTO_PREFIX_ROOT=0 -DCMAKE_INSTALL_PREFIX=/workspaces/carma_ws/src/install/mrt_cmake_modules
[11.295s] Invoking command in '/workspaces/carma_ws/src/build/mrt_cmake_modules': /usr/bin/cmake --build /workspaces/carma_ws/src/build/mrt_cmake_modules -- -j12 -l12
[18.619s] Invoked command in '/workspaces/carma_ws/src/build/mrt_cmake_modules' returned '0': /usr/bin/cmake --build /workspaces/carma_ws/src/build/mrt_cmake_modules -- -j12 -l12
[18.857s] Invoking command in '/workspaces/carma_ws/src/build/mrt_cmake_modules': /usr/bin/cmake --build /workspaces/carma_ws/src/build/mrt_cmake_modules --target tests -- -j12 -l12
[24.489s] [35m[1mScanning dependencies of target tests[0m
[24.490s] Built target tests
[24.550s] Invoked command in '/workspaces/carma_ws/src/build/mrt_cmake_modules' returned '0': /usr/bin/cmake --build /workspaces/carma_ws/src/build/mrt_cmake_modules --target tests -- -j12 -l12
[24.761s] Invoking command in '/workspaces/carma_ws/src/build/mrt_cmake_modules': /usr/bin/cmake --install /workspaces/carma_ws/src/build/mrt_cmake_modules
[35.147s] -- Install configuration: ""
[35.147s] + cd /workspaces/carma_ws/src/autoware.ai/mrt_cmake_modules
[35.147s] + mkdir -p /workspaces/carma_ws/src/install/mrt_cmake_modules/lib/python3/dist-packages
[35.147s] + /usr/bin/env PYTHONPATH=/workspaces/carma_ws/src/install/mrt_cmake_modules/lib/python3/dist-packages:/workspaces/carma_ws/src/build/mrt_cmake_modules/lib/python3/dist-packages:/opt/ros/noetic/lib/python3/dist-packages CATKIN_BINARY_DIR=/workspaces/carma_ws/src/build/mrt_cmake_modules /usr/bin/python3 /workspaces/carma_ws/src/autoware.ai/mrt_cmake_modules/setup.py build --build-base /workspaces/carma_ws/src/build/mrt_cmake_modules install --root=/ --install-layout=deb --prefix=/workspaces/carma_ws/src/install/mrt_cmake_modules --install-scripts=/workspaces/carma_ws/src/install/mrt_cmake_modules/bin
[35.147s] running build
[35.147s] running build_py
[35.148s] creating /workspaces/carma_ws/src/build/mrt_cmake_modules/lib
[35.148s] creating /workspaces/carma_ws/src/build/mrt_cmake_modules/lib/mrt_cmake_modules
[35.148s] copying src/mrt_cmake_modules/parameter_generator_catkin.py -> /workspaces/carma_ws/src/build/mrt_cmake_modules/lib/mrt_cmake_modules
[35.148s] copying src/mrt_cmake_modules/__init__.py -> /workspaces/carma_ws/src/build/mrt_cmake_modules/lib/mrt_cmake_modules
[35.148s] running install
[35.148s] running install_lib
[35.149s] creating /workspaces/carma_ws/src/install/mrt_cmake_modules/lib/python3/dist-packages/mrt_cmake_modules
[35.149s] copying /workspaces/carma_ws/src/build/mrt_cmake_modules/lib/mrt_cmake_modules/parameter_generator_catkin.py -> /workspaces/carma_ws/src/install/mrt_cmake_modules/lib/python3/dist-packages/mrt_cmake_modules
[35.149s] copying /workspaces/carma_ws/src/build/mrt_cmake_modules/lib/mrt_cmake_modules/__init__.py -> /workspaces/carma_ws/src/install/mrt_cmake_modules/lib/python3/dist-packages/mrt_cmake_modules
[35.149s] byte-compiling /workspaces/carma_ws/src/install/mrt_cmake_modules/lib/python3/dist-packages/mrt_cmake_modules/parameter_generator_catkin.py to parameter_generator_catkin.cpython-38.pyc
[35.150s] byte-compiling /workspaces/carma_ws/src/install/mrt_cmake_modules/lib/python3/dist-packages/mrt_cmake_modules/__init__.py to __init__.cpython-38.pyc
[35.150s] running install_egg_info
[35.150s] Writing /workspaces/carma_ws/src/install/mrt_cmake_modules/lib/python3/dist-packages/mrt_cmake_modules-1.0.0.egg-info
[35.150s] -- Installing: /workspaces/carma_ws/src/install/mrt_cmake_modules/lib/pkgconfig/mrt_cmake_modules.pc
[35.150s] -- Installing: /workspaces/carma_ws/src/install/mrt_cmake_modules/share/mrt_cmake_modules/cmake/mrt_cmake_modules-extras.cmake
[35.150s] -- Installing: /workspaces/carma_ws/src/install/mrt_cmake_modules/share/mrt_cmake_modules/cmake/mrt_cmake_modulesConfig.cmake
[35.150s] -- Installing: /workspaces/carma_ws/src/install/mrt_cmake_modules/share/mrt_cmake_modules/cmake/mrt_cmake_modulesConfig-version.cmake
[35.150s] -- Installing: /workspaces/carma_ws/src/install/mrt_cmake_modules/share/mrt_cmake_modules/package.xml
[35.150s] -- Installing: /workspaces/carma_ws/src/install/mrt_cmake_modules/share/mrt_cmake_modules/cmake/Modules
[35.151s] -- Installing: /workspaces/carma_ws/src/install/mrt_cmake_modules/share/mrt_cmake_modules/cmake/Modules/FindMrtebus-sdk.cmake
[35.151s] -- Installing: /workspaces/carma_ws/src/install/mrt_cmake_modules/share/mrt_cmake_modules/cmake/Modules/FindG2O.cmake
[35.151s] -- Installing: /workspaces/carma_ws/src/install/mrt_cmake_modules/share/mrt_cmake_modules/cmake/Modules/FindFlann.cmake
[35.151s] -- Installing: /workspaces/carma_ws/src/install/mrt_cmake_modules/share/mrt_cmake_modules/cmake/Modules/FindMrtCaffe.cmake
[35.151s] -- Installing: /workspaces/carma_ws/src/install/mrt_cmake_modules/share/mrt_cmake_modules/cmake/Modules/UseMrtAutoTarget.cmake
[35.151s] -- Installing: /workspaces/carma_ws/src/install/mrt_cmake_modules/share/mrt_cmake_modules/cmake/Modules/FindAravis.cmake
[35.151s] -- Installing: /workspaces/carma_ws/src/install/mrt_cmake_modules/share/mrt_cmake_modules/cmake/Modules/FindMrtnlopt.cmake
[35.151s] -- Installing: /workspaces/carma_ws/src/install/mrt_cmake_modules/share/mrt_cmake_modules/cmake/Modules/FindMrtQt4.cmake
[35.151s] -- Installing: /workspaces/carma_ws/src/install/mrt_cmake_modules/share/mrt_cmake_modules/cmake/Modules/Findpugixml.cmake
[35.153s] -- Installing: /workspaces/carma_ws/src/install/mrt_cmake_modules/share/mrt_cmake_modules/cmake/Modules/FindMrtCeres.cmake
[35.153s] -- Installing: /workspaces/carma_ws/src/install/mrt_cmake_modules/share/mrt_cmake_modules/cmake/Modules/FindTinyXML.cmake
[35.153s] -- Installing: /workspaces/carma_ws/src/install/mrt_cmake_modules/share/mrt_cmake_modules/cmake/Modules/UseMrtStdCompilerFlags.cmake
[35.153s] -- Installing: /workspaces/carma_ws/src/install/mrt_cmake_modules/share/mrt_cmake_modules/cmake/Modules/FindMrtOpenCV.cmake
[35.153s] -- Installing: /workspaces/carma_ws/src/install/mrt_cmake_modules/share/mrt_cmake_modules/cmake/Modules/FindMrtVTK.cmake
[35.153s] -- Installing: /workspaces/carma_ws/src/install/mrt_cmake_modules/share/mrt_cmake_modules/cmake/Modules/FindOSG.cmake
[35.154s] -- Installing: /workspaces/carma_ws/src/install/mrt_cmake_modules/share/mrt_cmake_modules/cmake/Modules/FindEigen2.cmake
[35.154s] -- Installing: /workspaces/carma_ws/src/install/mrt_cmake_modules/share/mrt_cmake_modules/cmake/Modules/FindMinpack.cmake
[35.154s] -- Installing: /workspaces/carma_ws/src/install/mrt_cmake_modules/share/mrt_cmake_modules/cmake/Modules/FindQwt.cmake
[35.154s] -- Installing: /workspaces/carma_ws/src/install/mrt_cmake_modules/share/mrt_cmake_modules/cmake/Modules/FindIpopt.cmake
[35.154s] -- Installing: /workspaces/carma_ws/src/install/mrt_cmake_modules/share/mrt_cmake_modules/cmake/Modules/FindMrtANN.cmake
[35.154s] -- Installing: /workspaces/carma_ws/src/install/mrt_cmake_modules/share/mrt_cmake_modules/cmake/Modules/Findlibgps.cmake
[35.154s] -- Installing: /workspaces/carma_ws/src/install/mrt_cmake_modules/share/mrt_cmake_modules/cmake/Modules/FindMrtTesseract.cmake
[35.154s] -- Installing: /workspaces/carma_ws/src/install/mrt_cmake_modules/share/mrt_cmake_modules/cmake/Modules/FindIGL.cmake
[35.154s] -- Installing: /workspaces/carma_ws/src/install/mrt_cmake_modules/share/mrt_cmake_modules/cmake/Modules/FindSqlite3.cmake
[35.155s] -- Installing: /workspaces/carma_ws/src/install/mrt_cmake_modules/share/mrt_cmake_modules/cmake/Modules/FindMrtCTensorflow.cmake
[35.155s] -- Installing: /workspaces/carma_ws/src/install/mrt_cmake_modules/share/mrt_cmake_modules/cmake/Modules/FindCairo.cmake
[35.155s] -- Installing: /workspaces/carma_ws/src/install/mrt_cmake_modules/share/mrt_cmake_modules/cmake/Modules/FindMrtSDL2.cmake
[35.155s] -- Installing: /workspaces/carma_ws/src/install/mrt_cmake_modules/share/mrt_cmake_modules/cmake/Modules/MrtParamGenerator.cmake
[35.155s] -- Installing: /workspaces/carma_ws/src/install/mrt_cmake_modules/share/mrt_cmake_modules/cmake/Modules/FindClangTidy.cmake
[35.155s] -- Installing: /workspaces/carma_ws/src/install/mrt_cmake_modules/share/mrt_cmake_modules/cmake/Modules/FindAutoDeps.cmake
[35.155s] -- Installing: /workspaces/carma_ws/src/install/mrt_cmake_modules/share/mrt_cmake_modules/cmake/Modules/FindMrtMetis.cmake
[35.155s] -- Installing: /workspaces/carma_ws/src/install/mrt_cmake_modules/share/mrt_cmake_modules/cmake/Modules/FindGTest-headers.cmake
[35.155s] -- Installing: /workspaces/carma_ws/src/install/mrt_cmake_modules/share/mrt_cmake_modules/cmake/Modules/FindMrtf2c.cmake
[35.155s] -- Installing: /workspaces/carma_ws/src/install/mrt_cmake_modules/share/mrt_cmake_modules/cmake/Modules/FindGlog.cmake
[35.156s] -- Installing: /workspaces/carma_ws/src/install/mrt_cmake_modules/share/mrt_cmake_modules/cmake/Modules/FindPoco.cmake
[35.156s] -- Installing: /workspaces/carma_ws/src/install/mrt_cmake_modules/share/mrt_cmake_modules/cmake/Modules/GatherDeps.cmake
[35.156s] -- Installing: /workspaces/carma_ws/src/install/mrt_cmake_modules/share/mrt_cmake_modules/cmake/Modules/FindBoostPython.cmake
[35.156s] -- Installing: /workspaces/carma_ws/src/install/mrt_cmake_modules/share/mrt_cmake_modules/cmake/Modules/FindGeographicLib.cmake
[35.156s] -- Installing: /workspaces/carma_ws/src/install/mrt_cmake_modules/share/mrt_cmake_modules/cmake/Modules/MRTCoverage.cmake
[35.156s] -- Installing: /workspaces/carma_ws/src/install/mrt_cmake_modules/share/mrt_cmake_modules/cmake/Modules/Findrange-v3.cmake
[35.156s] -- Installing: /workspaces/carma_ws/src/install/mrt_cmake_modules/share/mrt_cmake_modules/cmake/Modules/FindMrtbenchmark.cmake
[35.156s] -- Installing: /workspaces/carma_ws/src/install/mrt_cmake_modules/share/mrt_cmake_modules/cmake/Modules/FindRapidXML.cmake
[35.156s] -- Installing: /workspaces/carma_ws/src/install/mrt_cmake_modules/share/mrt_cmake_modules/cmake/Modules/FindMrtLAPACK.cmake
[35.156s] -- Installing: /workspaces/carma_ws/src/install/mrt_cmake_modules/share/mrt_cmake_modules/cmake/Modules/FindMrtPCL.cmake
[35.157s] -- Installing: /workspaces/carma_ws/src/install/mrt_cmake_modules/share/mrt_cmake_modules/cmake/Modules/CatkinMockForConan.cmake
[35.157s] -- Installing: /workspaces/carma_ws/src/install/mrt_cmake_modules/share/mrt_cmake_modules/cmake/Modules/FindTBB.cmake
[35.157s] -- Installing: /workspaces/carma_ws/src/install/mrt_cmake_modules/share/mrt_cmake_modules/cmake/Modules/FindMrtLeptonica.cmake
[35.157s] -- Installing: /workspaces/carma_ws/src/install/mrt_cmake_modules/share/mrt_cmake_modules/cmake/Modules/FindPCAP.cmake
[35.157s] -- Installing: /workspaces/carma_ws/src/install/mrt_cmake_modules/share/mrt_cmake_modules/cmake/Modules/FindGTKMM.cmake
[35.158s] -- Installing: /workspaces/carma_ws/src/install/mrt_cmake_modules/share/mrt_cmake_modules/cmake/Modules/Findgtest.cmake
[35.158s] -- Installing: /workspaces/carma_ws/src/install/mrt_cmake_modules/share/mrt_cmake_modules/cmake/Modules/FindMrtTensorflow.cmake
[35.158s] -- Installing: /workspaces/carma_ws/src/install/mrt_cmake_modules/share/mrt_cmake_modules/cmake/Modules/FindMrtCUDA.cmake
[35.158s] -- Installing: /workspaces/carma_ws/src/install/mrt_cmake_modules/share/mrt_cmake_modules/cmake/Modules/FindMrtQt5.cmake
[35.158s] -- Installing: /workspaces/carma_ws/src/install/mrt_cmake_modules/share/mrt_cmake_modules/cmake/Modules/FindMrtCereal.cmake
[35.158s] -- Installing: /workspaces/carma_ws/src/install/mrt_cmake_modules/share/mrt_cmake_modules/cmake/Modules/FindMrtSuiteSparse.cmake
[35.158s] -- Installing: /workspaces/carma_ws/src/install/mrt_cmake_modules/share/mrt_cmake_modules/cmake/Modules/Findyaml-cpp.cmake
[35.158s] -- Installing: /workspaces/carma_ws/src/install/mrt_cmake_modules/share/mrt_cmake_modules/cmake/Modules/FindPNG++.cmake
[35.158s] -- Installing: /workspaces/carma_ws/src/install/mrt_cmake_modules/share/mrt_cmake_modules/scripts/generate_cmake_dependency_file.py
[35.228s] Invoked command in '/workspaces/carma_ws/src/build/mrt_cmake_modules' returned '0': /usr/bin/cmake --install /workspaces/carma_ws/src/build/mrt_cmake_modules
