-- The C compiler identification is GNU 9.3.0
-- The CXX compiler identification is GNU 9.3.0
-- Check for working C compiler: /usr/bin/cc
-- Check for working C compiler: /usr/bin/cc -- works
-- Detecting C compiler ABI info
-- Detecting C compiler ABI info - done
-- Detecting C compile features
-- Detecting C compile features - done
-- Check for working CXX compiler: /usr/bin/c++
-- Check for working CXX compiler: /usr/bin/c++ -- works
-- Detecting CXX compiler ABI info
-- Detecting CXX compiler ABI info - done
-- Detecting CXX compile features
-- Detecting CXX compile features - done
-- Using CATKIN_DEVEL_PREFIX: /workspaces/carma_ws/src/build/vector_map_msgs/devel
-- Using CMAKE_PREFIX_PATH: /opt/ros/noetic
-- This workspace overlays: /opt/ros/noetic
-- Found PythonInterp: /usr/bin/python3 (found suitable version "3.8.10", minimum required is "3") 
-- Using PYTHON_EXECUTABLE: /usr/bin/python3
-- Using Debian Python package layout
-- Found PY_em: /usr/lib/python3/dist-packages/em.py  
-- Using empy: /usr/lib/python3/dist-packages/em.py
-- Using CATKIN_ENABLE_TESTING: ON
-- Call enable_testing()
-- Using CATKIN_TEST_RESULTS_DIR: /workspaces/carma_ws/src/build/vector_map_msgs/test_results
-- Forcing gtest/gmock from source, though one was otherwise available.
-- Found gtest sources under '/usr/src/googletest': gtests will be built
-- Found gmock sources under '/usr/src/googletest': gmock will be built
-- Found PythonInterp: /usr/bin/python3 (found version "3.8.10") 
-- Found Threads: TRUE  
-- Using Python nosetests: /usr/bin/nosetests3
-- catkin 0.8.10
-- BUILD_SHARED_LIBS is on
-- Using these message generators: gencpp;geneus;genlisp;gennodejs;genpy
-- vector_map_msgs: 64 messages, 0 services
-- Configuring done
-- Generating done
-- Build files have been written to: /workspaces/carma_ws/src/build/vector_map_msgs
[35m[1mScanning dependencies of target _vector_map_msgs_generate_messages_check_deps_GuardRail[0m
[35m[1mScanning dependencies of target _vector_map_msgs_generate_messages_check_deps_SideStripArray[0m
[35m[1mScanning dependencies of target _vector_map_msgs_generate_messages_check_deps_RailCrossing[0m
[35m[1mScanning dependencies of target _vector_map_msgs_generate_messages_check_deps_Fence[0m
[35m[1mScanning dependencies of target _vector_map_msgs_generate_messages_check_deps_Wall[0m
[35m[1mScanning dependencies of target _vector_map_msgs_generate_messages_check_deps_SideStrip[0m
[35m[1mScanning dependencies of target _vector_map_msgs_generate_messages_check_deps_CrossRoadArray[0m
[35m[1mScanning dependencies of target _vector_map_msgs_generate_messages_check_deps_CrossRoad[0m
[35m[1mScanning dependencies of target _vector_map_msgs_generate_messages_check_deps_DriveOnPortionArray[0m
[35m[1mScanning dependencies of target _vector_map_msgs_generate_messages_check_deps_SideWalkArray[0m
[  0%] Built target _vector_map_msgs_generate_messages_check_deps_SideStripArray
[  0%] Built target _vector_map_msgs_generate_messages_check_deps_RailCrossing
[35m[1mScanning dependencies of target _vector_map_msgs_generate_messages_check_deps_NodeArray[0m
[35m[1mScanning dependencies of target _vector_map_msgs_generate_messages_check_deps_GuardRailArray[0m
[  0%] Built target _vector_map_msgs_generate_messages_check_deps_CrossRoadArray
[35m[1mScanning dependencies of target _vector_map_msgs_generate_messages_check_deps_CrossWalkArray[0m
[  0%] Built target _vector_map_msgs_generate_messages_check_deps_GuardRail
[  0%] Built target _vector_map_msgs_generate_messages_check_deps_Fence
[  0%] Built target _vector_map_msgs_generate_messages_check_deps_SideStrip
[  0%] Built target _vector_map_msgs_generate_messages_check_deps_DriveOnPortionArray
[  0%] Built target _vector_map_msgs_generate_messages_check_deps_Wall
[  0%] Built target _vector_map_msgs_generate_messages_check_deps_NodeArray
[35m[1mScanning dependencies of target _vector_map_msgs_generate_messages_check_deps_DTLane[0m
[35m[1mScanning dependencies of target _vector_map_msgs_generate_messages_check_deps_Pole[0m
[  0%] Built target _vector_map_msgs_generate_messages_check_deps_CrossRoad
[35m[1mScanning dependencies of target _vector_map_msgs_generate_messages_check_deps_SideWalk[0m
[35m[1mScanning dependencies of target _vector_map_msgs_generate_messages_check_deps_Area[0m
[35m[1mScanning dependencies of target _vector_map_msgs_generate_messages_check_deps_RoadMark[0m
[35m[1mScanning dependencies of target _vector_map_msgs_generate_messages_check_deps_LineArray[0m
[  0%] Built target _vector_map_msgs_generate_messages_check_deps_SideWalkArray
[  0%] Built target _vector_map_msgs_generate_messages_check_deps_CrossWalkArray
[  0%] Built target _vector_map_msgs_generate_messages_check_deps_GuardRailArray
[35m[1mScanning dependencies of target _vector_map_msgs_generate_messages_check_deps_LaneArray[0m
[35m[1mScanning dependencies of target _vector_map_msgs_generate_messages_check_deps_SignalArray[0m
[  0%] Built target _vector_map_msgs_generate_messages_check_deps_DTLane
[35m[1mScanning dependencies of target _vector_map_msgs_generate_messages_check_deps_ZebraZoneArray[0m
[  0%] Built target _vector_map_msgs_generate_messages_check_deps_Pole
[  0%] Built target _vector_map_msgs_generate_messages_check_deps_Area
[  0%] Built target _vector_map_msgs_generate_messages_check_deps_SideWalk
[35m[1mScanning dependencies of target _vector_map_msgs_generate_messages_check_deps_Box[0m
[  0%] Built target _vector_map_msgs_generate_messages_check_deps_LineArray
[35m[1mScanning dependencies of target _vector_map_msgs_generate_messages_check_deps_GutterArray[0m
[35m[1mScanning dependencies of target _vector_map_msgs_generate_messages_check_deps_Lane[0m
[  0%] Built target _vector_map_msgs_generate_messages_check_deps_RoadMark
[  0%] Built target _vector_map_msgs_generate_messages_check_deps_LaneArray
[35m[1mScanning dependencies of target _vector_map_msgs_generate_messages_check_deps_CurveMirror[0m
[35m[1mScanning dependencies of target _vector_map_msgs_generate_messages_check_deps_PointArray[0m
[35m[1mScanning dependencies of target _vector_map_msgs_generate_messages_check_deps_Point[0m
[35m[1mScanning dependencies of target _vector_map_msgs_generate_messages_check_deps_VectorArray[0m
[  0%] Built target _vector_map_msgs_generate_messages_check_deps_ZebraZoneArray
[35m[1mScanning dependencies of target _vector_map_msgs_generate_messages_check_deps_Vector[0m
[  0%] Built target _vector_map_msgs_generate_messages_check_deps_SignalArray
[  0%] Built target _vector_map_msgs_generate_messages_check_deps_Box
[35m[1mScanning dependencies of target _vector_map_msgs_generate_messages_check_deps_StreetLight[0m
[  0%] Built target _vector_map_msgs_generate_messages_check_deps_GutterArray
[35m[1mScanning dependencies of target _vector_map_msgs_generate_messages_check_deps_RoadMarkArray[0m
[35m[1mScanning dependencies of target _vector_map_msgs_generate_messages_check_deps_StopLine[0m
[35m[1mScanning dependencies of target _vector_map_msgs_generate_messages_check_deps_WallArray[0m
[  0%] Built target _vector_map_msgs_generate_messages_check_deps_PointArray
[35m[1mScanning dependencies of target _vector_map_msgs_generate_messages_check_deps_Line[0m
[  0%] Built target _vector_map_msgs_generate_messages_check_deps_CurveMirror
[35m[1mScanning dependencies of target _vector_map_msgs_generate_messages_check_deps_WayAreaArray[0m
[  0%] Built target _vector_map_msgs_generate_messages_check_deps_Lane
[35m[1mScanning dependencies of target std_msgs_generate_messages_lisp[0m
[  0%] Built target _vector_map_msgs_generate_messages_check_deps_VectorArray
[35m[1mScanning dependencies of target _vector_map_msgs_generate_messages_check_deps_RoadPoleArray[0m
[  0%] Built target _vector_map_msgs_generate_messages_check_deps_Point
[35m[1mScanning dependencies of target _vector_map_msgs_generate_messages_check_deps_Node[0m
[  0%] Built target std_msgs_generate_messages_lisp
[  0%] Built target _vector_map_msgs_generate_messages_check_deps_Vector
[  0%] Built target _vector_map_msgs_generate_messages_check_deps_RoadMarkArray
[  0%] Built target _vector_map_msgs_generate_messages_check_deps_WallArray
[  0%] Built target _vector_map_msgs_generate_messages_check_deps_StopLine
[35m[1mScanning dependencies of target _vector_map_msgs_generate_messages_check_deps_WayArea[0m
[  0%] Built target _vector_map_msgs_generate_messages_check_deps_StreetLight
[35m[1mScanning dependencies of target _vector_map_msgs_generate_messages_check_deps_RoadEdgeArray[0m
[35m[1mScanning dependencies of target _vector_map_msgs_generate_messages_check_deps_AreaArray[0m
[35m[1mScanning dependencies of target _vector_map_msgs_generate_messages_check_deps_Curb[0m
[35m[1mScanning dependencies of target _vector_map_msgs_generate_messages_check_deps_RoadEdge[0m
[  0%] Built target _vector_map_msgs_generate_messages_check_deps_Node
[  0%] Built target _vector_map_msgs_generate_messages_check_deps_Line
[  0%] Built target _vector_map_msgs_generate_messages_check_deps_WayAreaArray
[35m[1mScanning dependencies of target _vector_map_msgs_generate_messages_check_deps_WhiteLineArray[0m
[  0%] Built target _vector_map_msgs_generate_messages_check_deps_RoadPoleArray
[  0%] Built target _vector_map_msgs_generate_messages_check_deps_WayArea
[35m[1mScanning dependencies of target _vector_map_msgs_generate_messages_check_deps_CurbArray[0m
[35m[1mScanning dependencies of target _vector_map_msgs_generate_messages_check_deps_PoleArray[0m
[35m[1mScanning dependencies of target _vector_map_msgs_generate_messages_check_deps_ZebraZone[0m
[35m[1mScanning dependencies of target _vector_map_msgs_generate_messages_check_deps_DriveOnPortion[0m
[35m[1mScanning dependencies of target _vector_map_msgs_generate_messages_check_deps_CurveMirrorArray[0m
[35m[1mScanning dependencies of target _vector_map_msgs_generate_messages_check_deps_DTLaneArray[0m
[  0%] Built target _vector_map_msgs_generate_messages_check_deps_RoadEdgeArray
[  0%] Built target _vector_map_msgs_generate_messages_check_deps_Curb
[35m[1mScanning dependencies of target _vector_map_msgs_generate_messages_check_deps_WhiteLine[0m
[  0%] Built target _vector_map_msgs_generate_messages_check_deps_AreaArray
[  0%] Built target _vector_map_msgs_generate_messages_check_deps_RoadEdge
[35m[1mScanning dependencies of target _vector_map_msgs_generate_messages_check_deps_Gutter[0m
[  0%] Built target _vector_map_msgs_generate_messages_check_deps_DriveOnPortion
[  0%] Built target _vector_map_msgs_generate_messages_check_deps_PoleArray
[  0%] Built target _vector_map_msgs_generate_messages_check_deps_WhiteLineArray
[  0%] Built target _vector_map_msgs_generate_messages_check_deps_CurveMirrorArray
[  0%] Built target _vector_map_msgs_generate_messages_check_deps_DTLaneArray
[  0%] Built target _vector_map_msgs_generate_messages_check_deps_ZebraZone
[  0%] Built target _vector_map_msgs_generate_messages_check_deps_CurbArray
[35m[1mScanning dependencies of target _vector_map_msgs_generate_messages_check_deps_CrossWalk[0m
[35m[1mScanning dependencies of target _vector_map_msgs_generate_messages_check_deps_UtilityPoleArray[0m
[35m[1mScanning dependencies of target _vector_map_msgs_generate_messages_check_deps_UtilityPole[0m
[35m[1mScanning dependencies of target _vector_map_msgs_generate_messages_check_deps_RoadPole[0m
[35m[1mScanning dependencies of target _vector_map_msgs_generate_messages_check_deps_RailCrossingArray[0m
[35m[1mScanning dependencies of target _vector_map_msgs_generate_messages_check_deps_FenceArray[0m
[35m[1mScanning dependencies of target _vector_map_msgs_generate_messages_check_deps_RoadSign[0m
[35m[1mScanning dependencies of target _vector_map_msgs_generate_messages_check_deps_BoxArray[0m
[35m[1mScanning dependencies of target _vector_map_msgs_generate_messages_check_deps_StopLineArray[0m
[35m[1mScanning dependencies of target _vector_map_msgs_generate_messages_check_deps_RoadSignArray[0m
[  0%] Built target _vector_map_msgs_generate_messages_check_deps_CrossWalk
[  0%] Built target _vector_map_msgs_generate_messages_check_deps_WhiteLine
[  0%] Built target _vector_map_msgs_generate_messages_check_deps_Gutter
[  0%] Built target _vector_map_msgs_generate_messages_check_deps_UtilityPoleArray
[  0%] Built target _vector_map_msgs_generate_messages_check_deps_UtilityPole
[  0%] Built target _vector_map_msgs_generate_messages_check_deps_RoadSign
[  0%] Built target _vector_map_msgs_generate_messages_check_deps_RailCrossingArray
[  0%] Built target _vector_map_msgs_generate_messages_check_deps_RoadPole
[  0%] Built target _vector_map_msgs_generate_messages_check_deps_FenceArray
[35m[1mScanning dependencies of target _vector_map_msgs_generate_messages_check_deps_Signal[0m
[  0%] Built target _vector_map_msgs_generate_messages_check_deps_StopLineArray
[  0%] Built target _vector_map_msgs_generate_messages_check_deps_BoxArray
[35m[1mScanning dependencies of target _vector_map_msgs_generate_messages_check_deps_StreetLightArray[0m
[  0%] Built target _vector_map_msgs_generate_messages_check_deps_RoadSignArray
[35m[1mScanning dependencies of target std_msgs_generate_messages_py[0m
[35m[1mScanning dependencies of target std_msgs_generate_messages_nodejs[0m
[35m[1mScanning dependencies of target std_msgs_generate_messages_eus[0m
[35m[1mScanning dependencies of target std_msgs_generate_messages_cpp[0m
[  0%] Built target std_msgs_generate_messages_py
[  0%] Built target std_msgs_generate_messages_eus
[  0%] Built target std_msgs_generate_messages_nodejs
[  0%] Built target _vector_map_msgs_generate_messages_check_deps_Signal
[  0%] Built target std_msgs_generate_messages_cpp
[  0%] Built target _vector_map_msgs_generate_messages_check_deps_StreetLightArray
[35m[1mScanning dependencies of target vector_map_msgs_generate_messages_lisp[0m
[35m[1mScanning dependencies of target vector_map_msgs_generate_messages_py[0m
[35m[1mScanning dependencies of target vector_map_msgs_generate_messages_nodejs[0m
[35m[1mScanning dependencies of target vector_map_msgs_generate_messages_eus[0m
[  0%] [34m[1mGenerating Python from MSG vector_map_msgs/Point[0m
[  1%] [34m[1mGenerating Lisp code from vector_map_msgs/PointArray.msg[0m
[  1%] [34m[1mGenerating Lisp code from vector_map_msgs/Vector.msg[0m
[  1%] [34m[1mGenerating Lisp code from vector_map_msgs/VectorArray.msg[0m
[  1%] [34m[1mGenerating Lisp code from vector_map_msgs/Point.msg[0m
[35m[1mScanning dependencies of target vector_map_msgs_generate_messages_cpp[0m
[  3%] [34m[1mGenerating Python from MSG vector_map_msgs/Vector[0m
[  3%] [34m[1mGenerating Javascript code from vector_map_msgs/Point.msg[0m
[  4%] [34m[1mGenerating Python from MSG vector_map_msgs/PointArray[0m
[  4%] [34m[1mGenerating Lisp code from vector_map_msgs/Line.msg[0m
[  4%] [34m[1mGenerating Javascript code from vector_map_msgs/PointArray.msg[0m
[  5%] [34m[1mGenerating EusLisp code from vector_map_msgs/Point.msg[0m
[  5%] [34m[1mGenerating C++ code from vector_map_msgs/Point.msg[0m
[  5%] [34m[1mGenerating Lisp code from vector_map_msgs/LineArray.msg[0m
[  5%] [34m[1mGenerating Lisp code from vector_map_msgs/Area.msg[0m
[  5%] [34m[1mGenerating Lisp code from vector_map_msgs/AreaArray.msg[0m
[  5%] [34m[1mGenerating Python from MSG vector_map_msgs/VectorArray[0m
[  7%] [34m[1mGenerating Javascript code from vector_map_msgs/VectorArray.msg[0m
[  7%] [34m[1mGenerating Javascript code from vector_map_msgs/Vector.msg[0m
[  6%] [34m[1mGenerating Lisp code from vector_map_msgs/Pole.msg[0m
[  7%] [34m[1mGenerating EusLisp code from vector_map_msgs/PointArray.msg[0m
[  7%] [34m[1mGenerating Javascript code from vector_map_msgs/Line.msg[0m
[  8%] [34m[1mGenerating Lisp code from vector_map_msgs/BoxArray.msg[0m
[  9%] [34m[1mGenerating C++ code from vector_map_msgs/PointArray.msg[0m
[  9%] [34m[1mGenerating Javascript code from vector_map_msgs/LineArray.msg[0m
[  9%] [34m[1mGenerating Lisp code from vector_map_msgs/Box.msg[0m
[  9%] [34m[1mGenerating EusLisp code from vector_map_msgs/Vector.msg[0m
[ 10%] [34m[1mGenerating Python from MSG vector_map_msgs/LineArray[0m
[ 10%] [34m[1mGenerating Javascript code from vector_map_msgs/Pole.msg[0m
[ 10%] [34m[1mGenerating Lisp code from vector_map_msgs/DTLane.msg[0m
[ 10%] [34m[1mGenerating C++ code from vector_map_msgs/Vector.msg[0m
[ 10%] [34m[1mGenerating Javascript code from vector_map_msgs/AreaArray.msg[0m
[ 10%] [34m[1mGenerating Lisp code from vector_map_msgs/DTLaneArray.msg[0m
[ 11%] [34m[1mGenerating EusLisp code from vector_map_msgs/VectorArray.msg[0m
[ 11%] [34m[1mGenerating Javascript code from vector_map_msgs/PoleArray.msg[0m
[ 11%] [34m[1mGenerating Python from MSG vector_map_msgs/AreaArray[0m
[ 11%] [34m[1mGenerating Lisp code from vector_map_msgs/NodeArray.msg[0m
[ 11%] [34m[1mGenerating C++ code from vector_map_msgs/VectorArray.msg[0m
[ 12%] [34m[1mGenerating Javascript code from vector_map_msgs/Box.msg[0m
[ 12%] [34m[1mGenerating Lisp code from vector_map_msgs/Lane.msg[0m
[ 12%] [34m[1mGenerating EusLisp code from vector_map_msgs/Line.msg[0m
[ 12%] [34m[1mGenerating Javascript code from vector_map_msgs/BoxArray.msg[0m
[ 13%] [34m[1mGenerating Lisp code from vector_map_msgs/Node.msg[0m
[ 13%] [34m[1mGenerating Javascript code from vector_map_msgs/DTLane.msg[0m
[ 13%] [34m[1mGenerating Python from MSG vector_map_msgs/Area[0m
[ 13%] [34m[1mGenerating EusLisp code from vector_map_msgs/LineArray.msg[0m
[ 13%] [34m[1mGenerating C++ code from vector_map_msgs/Line.msg[0m
[ 14%] [34m[1mGenerating Lisp code from vector_map_msgs/WayArea.msg[0m
[ 15%] [34m[1mGenerating Javascript code from vector_map_msgs/DTLaneArray.msg[0m
[ 15%] [34m[1mGenerating Lisp code from vector_map_msgs/LaneArray.msg[0m
[ 15%] [34m[1mGenerating EusLisp code from vector_map_msgs/Area.msg[0m
[ 15%] [34m[1mGenerating Lisp code from vector_map_msgs/WayAreaArray.msg[0m
[ 15%] [34m[1mGenerating Javascript code from vector_map_msgs/Node.msg[0m
[ 16%] [34m[1mGenerating C++ code from vector_map_msgs/LineArray.msg[0m
[ 16%] [34m[1mGenerating Javascript code from vector_map_msgs/NodeArray.msg[0m
[ 17%] [34m[1mGenerating Lisp code from vector_map_msgs/RoadEdgeArray.msg[0m
[ 18%] [34m[1mGenerating Python from MSG vector_map_msgs/Pole[0m
[ 18%] [34m[1mGenerating Lisp code from vector_map_msgs/RoadEdge.msg[0m
[ 19%] [34m[1mGenerating EusLisp code from vector_map_msgs/AreaArray.msg[0m
[ 20%] [34m[1mGenerating Javascript code from vector_map_msgs/Area.msg[0m
[ 20%] [34m[1mGenerating Lisp code from vector_map_msgs/Gutter.msg[0m
[ 20%] [34m[1mGenerating Python from MSG vector_map_msgs/Box[0m
[ 20%] [34m[1mGenerating Javascript code from vector_map_msgs/LaneArray.msg[0m
[ 20%] [34m[1mGenerating EusLisp code from vector_map_msgs/Pole.msg[0m
[ 20%] [34m[1mGenerating C++ code from vector_map_msgs/AreaArray.msg[0m
[ 20%] [34m[1mGenerating Lisp code from vector_map_msgs/PoleArray.msg[0m
[ 21%] [34m[1mGenerating Javascript code from vector_map_msgs/Lane.msg[0m
[ 22%] [34m[1mGenerating EusLisp code from vector_map_msgs/Box.msg[0m
[ 23%] [34m[1mGenerating Lisp code from vector_map_msgs/Curb.msg[0m
[ 23%] [34m[1mGenerating Javascript code from vector_map_msgs/WayArea.msg[0m
[ 23%] [34m[1mGenerating Lisp code from vector_map_msgs/GutterArray.msg[0m
[ 23%] [34m[1mGenerating EusLisp code from vector_map_msgs/DTLane.msg[0m
[ 23%] [34m[1mGenerating Javascript code from vector_map_msgs/WayAreaArray.msg[0m
[ 23%] [34m[1mGenerating Lisp code from vector_map_msgs/CurbArray.msg[0m
[ 23%] [34m[1mGenerating C++ code from vector_map_msgs/Area.msg[0m
[ 23%] [34m[1mGenerating Python from MSG vector_map_msgs/BoxArray[0m
[ 23%] [34m[1mGenerating Javascript code from vector_map_msgs/RoadEdgeArray.msg[0m
[ 23%] [34m[1mGenerating Lisp code from vector_map_msgs/WhiteLine.msg[0m
[ 23%] [34m[1mGenerating EusLisp code from vector_map_msgs/BoxArray.msg[0m
[ 24%] [34m[1mGenerating Javascript code from vector_map_msgs/GutterArray.msg[0m
[ 25%] [34m[1mGenerating Lisp code from vector_map_msgs/WhiteLineArray.msg[0m
[ 26%] [34m[1mGenerating EusLisp code from vector_map_msgs/DTLaneArray.msg[0m
[ 27%] [34m[1mGenerating C++ code from vector_map_msgs/Pole.msg[0m
[ 28%] [34m[1mGenerating Python from MSG vector_map_msgs/DTLane[0m
[ 28%] [34m[1mGenerating Lisp code from vector_map_msgs/StopLine.msg[0m
[ 28%] [34m[1mGenerating Javascript code from vector_map_msgs/Curb.msg[0m
[ 28%] [34m[1mGenerating C++ code from vector_map_msgs/PoleArray.msg[0m
[ 28%] [34m[1mGenerating EusLisp code from vector_map_msgs/PoleArray.msg[0m
[ 29%] [34m[1mGenerating Javascript code from vector_map_msgs/WhiteLine.msg[0m
[ 29%] [34m[1mGenerating Lisp code from vector_map_msgs/StopLineArray.msg[0m
[ 29%] [34m[1mGenerating Javascript code from vector_map_msgs/CurbArray.msg[0m
[ 29%] [34m[1mGenerating Lisp code from vector_map_msgs/ZebraZone.msg[0m
[ 29%] [34m[1mGenerating EusLisp code from vector_map_msgs/NodeArray.msg[0m
[ 29%] [34m[1mGenerating C++ code from vector_map_msgs/Box.msg[0m
[ 30%] [34m[1mGenerating Lisp code from vector_map_msgs/ZebraZoneArray.msg[0m
[ 30%] [34m[1mGenerating Python from MSG vector_map_msgs/DTLaneArray[0m
[ 30%] [34m[1mGenerating Javascript code from vector_map_msgs/Gutter.msg[0m
[ 30%] [34m[1mGenerating EusLisp code from vector_map_msgs/WayArea.msg[0m
[ 31%] [34m[1mGenerating Javascript code from vector_map_msgs/RoadEdge.msg[0m
[ 31%] [34m[1mGenerating Lisp code from vector_map_msgs/CrossWalk.msg[0m
[ 31%] [34m[1mGenerating EusLisp code from vector_map_msgs/WayAreaArray.msg[0m
[ 31%] [34m[1mGenerating Javascript code from vector_map_msgs/WhiteLineArray.msg[0m
[ 31%] [34m[1mGenerating Lisp code from vector_map_msgs/CrossWalkArray.msg[0m
[ 32%] [34m[1mGenerating C++ code from vector_map_msgs/BoxArray.msg[0m
[ 32%] [34m[1mGenerating Python from MSG vector_map_msgs/Node[0m
[ 32%] [34m[1mGenerating Javascript code from vector_map_msgs/StopLine.msg[0m
[ 32%] [34m[1mGenerating Lisp code from vector_map_msgs/RoadMarkArray.msg[0m
[ 33%] [34m[1mGenerating EusLisp code from vector_map_msgs/LaneArray.msg[0m
[ 33%] [34m[1mGenerating Javascript code from vector_map_msgs/ZebraZone.msg[0m
[ 33%] [34m[1mGenerating Lisp code from vector_map_msgs/RoadPole.msg[0m
[ 33%] [34m[1mGenerating C++ code from vector_map_msgs/DTLane.msg[0m
[ 34%] [34m[1mGenerating Javascript code from vector_map_msgs/StopLineArray.msg[0m
[ 34%] [34m[1mGenerating Python from MSG vector_map_msgs/PoleArray[0m
[ 35%] [34m[1mGenerating EusLisp code from vector_map_msgs/RoadEdge.msg[0m
[ 35%] [34m[1mGenerating Javascript code from vector_map_msgs/ZebraZoneArray.msg[0m
[ 36%] [34m[1mGenerating Lisp code from vector_map_msgs/RoadMark.msg[0m
[ 37%] [34m[1mGenerating Lisp code from vector_map_msgs/RoadPoleArray.msg[0m
[ 37%] [34m[1mGenerating Javascript code from vector_map_msgs/CrossWalk.msg[0m
[ 37%] [34m[1mGenerating EusLisp code from vector_map_msgs/Lane.msg[0m
[ 37%] [34m[1mGenerating C++ code from vector_map_msgs/Node.msg[0m
[ 38%] [34m[1mGenerating Javascript code from vector_map_msgs/CrossWalkArray.msg[0m
[ 38%] [34m[1mGenerating Python from MSG vector_map_msgs/Lane[0m
[ 38%] [34m[1mGenerating EusLisp code from vector_map_msgs/RoadEdgeArray.msg[0m
[ 38%] [34m[1mGenerating Lisp code from vector_map_msgs/RoadSign.msg[0m
[ 38%] [34m[1mGenerating Javascript code from vector_map_msgs/RoadMark.msg[0m
[ 39%] [34m[1mGenerating C++ code from vector_map_msgs/NodeArray.msg[0m
[ 39%] [34m[1mGenerating Lisp code from vector_map_msgs/RoadSignArray.msg[0m
[ 39%] [34m[1mGenerating Javascript code from vector_map_msgs/RoadMarkArray.msg[0m
[ 39%] [34m[1mGenerating EusLisp code from vector_map_msgs/Gutter.msg[0m
[ 40%] [34m[1mGenerating Javascript code from vector_map_msgs/RoadPole.msg[0m
[ 40%] [34m[1mGenerating Lisp code from vector_map_msgs/Signal.msg[0m
[ 40%] [34m[1mGenerating EusLisp code from vector_map_msgs/Node.msg[0m
[ 40%] [34m[1mGenerating C++ code from vector_map_msgs/Lane.msg[0m
[ 40%] [34m[1mGenerating Javascript code from vector_map_msgs/RoadPoleArray.msg[0m
[ 41%] [34m[1mGenerating Python from MSG vector_map_msgs/WayArea[0m
[ 42%] [34m[1mGenerating Lisp code from vector_map_msgs/SignalArray.msg[0m
[ 42%] [34m[1mGenerating EusLisp code from vector_map_msgs/Curb.msg[0m
[ 42%] [34m[1mGenerating Javascript code from vector_map_msgs/RoadSign.msg[0m
[ 42%] [34m[1mGenerating Lisp code from vector_map_msgs/StreetLight.msg[0m
[ 43%] [34m[1mGenerating Javascript code from vector_map_msgs/RoadSignArray.msg[0m
[ 43%] [34m[1mGenerating C++ code from vector_map_msgs/LaneArray.msg[0m
[ 43%] [34m[1mGenerating Lisp code from vector_map_msgs/StreetLightArray.msg[0m
[ 43%] [34m[1mGenerating EusLisp code from vector_map_msgs/CurbArray.msg[0m
[ 43%] [34m[1mGenerating Javascript code from vector_map_msgs/Signal.msg[0m
[ 44%] [34m[1mGenerating Lisp code from vector_map_msgs/UtilityPole.msg[0m
[ 44%] [34m[1mGenerating Python from MSG vector_map_msgs/WayAreaArray[0m
[ 44%] [34m[1mGenerating Javascript code from vector_map_msgs/SignalArray.msg[0m
[ 44%] [34m[1mGenerating Lisp code from vector_map_msgs/UtilityPoleArray.msg[0m
[ 45%] [34m[1mGenerating C++ code from vector_map_msgs/WayArea.msg[0m
[ 46%] [34m[1mGenerating EusLisp code from vector_map_msgs/GutterArray.msg[0m
[ 46%] [34m[1mGenerating Javascript code from vector_map_msgs/StreetLight.msg[0m
[ 46%] [34m[1mGenerating Lisp code from vector_map_msgs/GuardRail.msg[0m
[ 47%] [34m[1mGenerating Javascript code from vector_map_msgs/StreetLightArray.msg[0m
[ 48%] [34m[1mGenerating EusLisp code from vector_map_msgs/WhiteLine.msg[0m
[ 50%] [34m[1mGenerating Lisp code from vector_map_msgs/GuardRailArray.msg[0m
[ 50%] [34m[1mGenerating Python from MSG vector_map_msgs/RoadEdgeArray[0m
[ 50%] [34m[1mGenerating Javascript code from vector_map_msgs/UtilityPole.msg[0m
[ 50%] [34m[1mGenerating C++ code from vector_map_msgs/DTLaneArray.msg[0m
[ 50%] [34m[1mGenerating EusLisp code from vector_map_msgs/WhiteLineArray.msg[0m
[ 50%] [34m[1mGenerating Lisp code from vector_map_msgs/SideWalk.msg[0m
[ 50%] [34m[1mGenerating Javascript code from vector_map_msgs/UtilityPoleArray.msg[0m
[ 50%] [34m[1mGenerating EusLisp code from vector_map_msgs/StopLine.msg[0m
[ 50%] [34m[1mGenerating Lisp code from vector_map_msgs/SideWalkArray.msg[0m
[ 50%] [34m[1mGenerating C++ code from vector_map_msgs/WayAreaArray.msg[0m
[ 51%] [34m[1mGenerating Javascript code from vector_map_msgs/GuardRail.msg[0m
[ 51%] [34m[1mGenerating Python from MSG vector_map_msgs/Curb[0m
[ 51%] [34m[1mGenerating Javascript code from vector_map_msgs/GuardRailArray.msg[0m
[ 51%] [34m[1mGenerating Lisp code from vector_map_msgs/DriveOnPortion.msg[0m
[ 51%] [34m[1mGenerating EusLisp code from vector_map_msgs/StopLineArray.msg[0m
[ 52%] [34m[1mGenerating Lisp code from vector_map_msgs/DriveOnPortionArray.msg[0m
[ 52%] [34m[1mGenerating Javascript code from vector_map_msgs/SideWalk.msg[0m
[ 52%] [34m[1mGenerating C++ code from vector_map_msgs/RoadEdge.msg[0m
[ 52%] [34m[1mGenerating Lisp code from vector_map_msgs/CrossRoad.msg[0m
[ 53%] [34m[1mGenerating Javascript code from vector_map_msgs/SideWalkArray.msg[0m
[ 54%] [34m[1mGenerating EusLisp code from vector_map_msgs/ZebraZone.msg[0m
[ 54%] [34m[1mGenerating Python from MSG vector_map_msgs/GutterArray[0m
[ 54%] [34m[1mGenerating Lisp code from vector_map_msgs/CrossRoadArray.msg[0m
[ 54%] [34m[1mGenerating Javascript code from vector_map_msgs/DriveOnPortionArray.msg[0m
[ 54%] [34m[1mGenerating EusLisp code from vector_map_msgs/ZebraZoneArray.msg[0m
[ 54%] [34m[1mGenerating Javascript code from vector_map_msgs/DriveOnPortion.msg[0m
[ 55%] [34m[1mGenerating Lisp code from vector_map_msgs/SideStrip.msg[0m
[ 55%] [34m[1mGenerating Javascript code from vector_map_msgs/CrossRoad.msg[0m
[ 55%] [34m[1mGenerating EusLisp code from vector_map_msgs/CrossWalk.msg[0m
[ 55%] [34m[1mGenerating Lisp code from vector_map_msgs/SideStripArray.msg[0m
[ 56%] [34m[1mGenerating C++ code from vector_map_msgs/RoadEdgeArray.msg[0m
[ 57%] [34m[1mGenerating Javascript code from vector_map_msgs/CrossRoadArray.msg[0m
[ 57%] [34m[1mGenerating Lisp code from vector_map_msgs/CurveMirror.msg[0m
[ 58%] [34m[1mGenerating EusLisp code from vector_map_msgs/CrossWalkArray.msg[0m
[ 58%] [34m[1mGenerating Javascript code from vector_map_msgs/SideStrip.msg[0m
[ 59%] [34m[1mGenerating Python from MSG vector_map_msgs/Gutter[0m
[ 60%] [34m[1mGenerating Lisp code from vector_map_msgs/CurveMirrorArray.msg[0m
[ 61%] [34m[1mGenerating Javascript code from vector_map_msgs/CurveMirror.msg[0m
[ 61%] [34m[1mGenerating EusLisp code from vector_map_msgs/RoadMark.msg[0m
[ 61%] [34m[1mGenerating C++ code from vector_map_msgs/GutterArray.msg[0m
[ 61%] [34m[1mGenerating Javascript code from vector_map_msgs/SideStripArray.msg[0m
[ 61%] [34m[1mGenerating Lisp code from vector_map_msgs/Wall.msg[0m
[ 61%] [34m[1mGenerating Javascript code from vector_map_msgs/CurveMirrorArray.msg[0m
[ 61%] [34m[1mGenerating Lisp code from vector_map_msgs/WallArray.msg[0m
[ 61%] [34m[1mGenerating EusLisp code from vector_map_msgs/RoadMarkArray.msg[0m
[ 61%] [34m[1mGenerating Python from MSG vector_map_msgs/WhiteLine[0m
[ 61%] [34m[1mGenerating Javascript code from vector_map_msgs/Wall.msg[0m
[ 62%] [34m[1mGenerating Lisp code from vector_map_msgs/Fence.msg[0m
[ 62%] [34m[1mGenerating C++ code from vector_map_msgs/Gutter.msg[0m
[ 62%] [34m[1mGenerating Lisp code from vector_map_msgs/FenceArray.msg[0m
[ 63%] [34m[1mGenerating Javascript code from vector_map_msgs/WallArray.msg[0m
[ 64%] [34m[1mGenerating EusLisp code from vector_map_msgs/RoadPole.msg[0m
[ 64%] [34m[1mGenerating Lisp code from vector_map_msgs/RailCrossing.msg[0m
[ 65%] [34m[1mGenerating C++ code from vector_map_msgs/Curb.msg[0m
[ 65%] [34m[1mGenerating Javascript code from vector_map_msgs/Fence.msg[0m
[ 65%] [34m[1mGenerating EusLisp code from vector_map_msgs/RoadPoleArray.msg[0m
[ 65%] [34m[1mGenerating Lisp code from vector_map_msgs/RailCrossingArray.msg[0m
[ 65%] [34m[1mGenerating Javascript code from vector_map_msgs/FenceArray.msg[0m
[ 65%] [34m[1mGenerating Python from MSG vector_map_msgs/WhiteLineArray[0m
[ 65%] Built target vector_map_msgs_generate_messages_lisp
[ 65%] [34m[1mGenerating EusLisp code from vector_map_msgs/RoadSign.msg[0m
[ 66%] [34m[1mGenerating Javascript code from vector_map_msgs/RailCrossing.msg[0m
[ 66%] [34m[1mGenerating C++ code from vector_map_msgs/WhiteLineArray.msg[0m
[ 66%] [34m[1mGenerating Javascript code from vector_map_msgs/RailCrossingArray.msg[0m
[ 66%] [34m[1mGenerating EusLisp code from vector_map_msgs/RoadSignArray.msg[0m
[ 67%] [34m[1mGenerating Python from MSG vector_map_msgs/CurbArray[0m
[ 68%] [34m[1mGenerating C++ code from vector_map_msgs/StopLine.msg[0m
[ 68%] Built target vector_map_msgs_generate_messages_nodejs
[ 69%] [34m[1mGenerating EusLisp code from vector_map_msgs/Signal.msg[0m
[ 70%] [34m[1mGenerating Python from MSG vector_map_msgs/StopLine[0m
[ 70%] [34m[1mGenerating C++ code from vector_map_msgs/ZebraZone.msg[0m
[ 70%] [34m[1mGenerating EusLisp code from vector_map_msgs/StreetLight.msg[0m
[ 70%] [34m[1mGenerating C++ code from vector_map_msgs/StopLineArray.msg[0m
[ 71%] [34m[1mGenerating EusLisp code from vector_map_msgs/StreetLightArray.msg[0m
[ 71%] [34m[1mGenerating Python from MSG vector_map_msgs/StopLineArray[0m
[ 71%] [34m[1mGenerating EusLisp code from vector_map_msgs/UtilityPole.msg[0m
[ 71%] [34m[1mGenerating C++ code from vector_map_msgs/CrossWalk.msg[0m
[ 71%] [34m[1mGenerating EusLisp code from vector_map_msgs/UtilityPoleArray.msg[0m
[ 71%] [34m[1mGenerating C++ code from vector_map_msgs/CrossWalkArray.msg[0m
[ 71%] [34m[1mGenerating Python from MSG vector_map_msgs/RoadEdge[0m
[ 72%] [34m[1mGenerating EusLisp code from vector_map_msgs/GuardRail.msg[0m
[ 72%] [34m[1mGenerating EusLisp code from vector_map_msgs/SignalArray.msg[0m
[ 73%] [34m[1mGenerating C++ code from vector_map_msgs/ZebraZoneArray.msg[0m
[ 73%] [34m[1mGenerating EusLisp code from vector_map_msgs/GuardRailArray.msg[0m
[ 74%] [34m[1mGenerating C++ code from vector_map_msgs/RoadMark.msg[0m
[ 74%] [34m[1mGenerating Python from MSG vector_map_msgs/CrossWalk[0m
[ 74%] [34m[1mGenerating EusLisp code from vector_map_msgs/SideWalk.msg[0m
[ 74%] [34m[1mGenerating EusLisp code from vector_map_msgs/SideWalkArray.msg[0m
[ 74%] [34m[1mGenerating C++ code from vector_map_msgs/WhiteLine.msg[0m
[ 74%] [34m[1mGenerating Python from MSG vector_map_msgs/RoadMark[0m
[ 74%] [34m[1mGenerating EusLisp code from vector_map_msgs/DriveOnPortionArray.msg[0m
[ 75%] [34m[1mGenerating EusLisp code from vector_map_msgs/DriveOnPortion.msg[0m
[ 75%] [34m[1mGenerating C++ code from vector_map_msgs/RoadPole.msg[0m
[ 75%] [34m[1mGenerating Python from MSG vector_map_msgs/CrossWalkArray[0m
[ 75%] [34m[1mGenerating EusLisp code from vector_map_msgs/CrossRoad.msg[0m
[ 75%] [34m[1mGenerating C++ code from vector_map_msgs/RoadPoleArray.msg[0m
[ 76%] [34m[1mGenerating EusLisp code from vector_map_msgs/CrossRoadArray.msg[0m
[ 77%] [34m[1mGenerating Python from MSG vector_map_msgs/RoadMarkArray[0m
[ 78%] [34m[1mGenerating C++ code from vector_map_msgs/RoadSign.msg[0m
[ 78%] [34m[1mGenerating EusLisp code from vector_map_msgs/SideStrip.msg[0m
[ 78%] [34m[1mGenerating EusLisp code from vector_map_msgs/SideStripArray.msg[0m
[ 78%] [34m[1mGenerating C++ code from vector_map_msgs/RoadSignArray.msg[0m
[ 79%] [34m[1mGenerating EusLisp code from vector_map_msgs/CurveMirror.msg[0m
[ 79%] [34m[1mGenerating Python from MSG vector_map_msgs/RoadPole[0m
[ 79%] [34m[1mGenerating EusLisp code from vector_map_msgs/CurveMirrorArray.msg[0m
[ 79%] [34m[1mGenerating C++ code from vector_map_msgs/Signal.msg[0m
[ 80%] [34m[1mGenerating EusLisp code from vector_map_msgs/WallArray.msg[0m
[ 81%] [34m[1mGenerating C++ code from vector_map_msgs/RoadMarkArray.msg[0m
[ 81%] [34m[1mGenerating Python from MSG vector_map_msgs/RoadSign[0m
[ 81%] [34m[1mGenerating EusLisp code from vector_map_msgs/Wall.msg[0m
[ 81%] [34m[1mGenerating EusLisp code from vector_map_msgs/Fence.msg[0m
[ 81%] [34m[1mGenerating Python from MSG vector_map_msgs/RoadSignArray[0m
[ 82%] [34m[1mGenerating C++ code from vector_map_msgs/SignalArray.msg[0m
[ 82%] [34m[1mGenerating EusLisp code from vector_map_msgs/FenceArray.msg[0m
[ 82%] [34m[1mGenerating C++ code from vector_map_msgs/StreetLight.msg[0m
[ 82%] [34m[1mGenerating EusLisp code from vector_map_msgs/RailCrossing.msg[0m
[ 83%] [34m[1mGenerating EusLisp code from vector_map_msgs/RailCrossingArray.msg[0m
[ 83%] [34m[1mGenerating C++ code from vector_map_msgs/StreetLightArray.msg[0m
[ 83%] [34m[1mGenerating Python from MSG vector_map_msgs/Signal[0m
[ 83%] [34m[1mGenerating EusLisp manifest code for vector_map_msgs[0m
[ 84%] [34m[1mGenerating C++ code from vector_map_msgs/UtilityPole.msg[0m
[ 84%] [34m[1mGenerating Python from MSG vector_map_msgs/StreetLight[0m
[ 84%] [34m[1mGenerating C++ code from vector_map_msgs/UtilityPoleArray.msg[0m
[ 84%] [34m[1mGenerating Python from MSG vector_map_msgs/StreetLightArray[0m
[ 84%] [34m[1mGenerating C++ code from vector_map_msgs/GuardRail.msg[0m
[ 84%] Built target vector_map_msgs_generate_messages_eus
[ 84%] [34m[1mGenerating Python from MSG vector_map_msgs/UtilityPole[0m
[ 85%] [34m[1mGenerating C++ code from vector_map_msgs/SideWalk.msg[0m
[ 86%] [34m[1mGenerating Python from MSG vector_map_msgs/UtilityPoleArray[0m
[ 86%] [34m[1mGenerating C++ code from vector_map_msgs/SideWalkArray.msg[0m
[ 86%] [34m[1mGenerating C++ code from vector_map_msgs/GuardRailArray.msg[0m
[ 86%] [34m[1mGenerating Python from MSG vector_map_msgs/GuardRailArray[0m
[ 86%] [34m[1mGenerating C++ code from vector_map_msgs/DriveOnPortion.msg[0m
[ 86%] [34m[1mGenerating C++ code from vector_map_msgs/CurbArray.msg[0m
[ 86%] [34m[1mGenerating Python from MSG vector_map_msgs/SideWalkArray[0m
[ 87%] [34m[1mGenerating C++ code from vector_map_msgs/DriveOnPortionArray.msg[0m
[ 87%] [34m[1mGenerating Python from MSG vector_map_msgs/DriveOnPortion[0m
[ 87%] [34m[1mGenerating C++ code from vector_map_msgs/CrossRoad.msg[0m
[ 87%] [34m[1mGenerating C++ code from vector_map_msgs/CrossRoadArray.msg[0m
[ 88%] [34m[1mGenerating Python from MSG vector_map_msgs/DriveOnPortionArray[0m
[ 89%] [34m[1mGenerating C++ code from vector_map_msgs/SideStrip.msg[0m
[ 89%] [34m[1mGenerating Python from MSG vector_map_msgs/CrossRoad[0m
[ 89%] [34m[1mGenerating C++ code from vector_map_msgs/SideStripArray.msg[0m
[ 89%] [34m[1mGenerating C++ code from vector_map_msgs/CurveMirror.msg[0m
[ 89%] [34m[1mGenerating Python from MSG vector_map_msgs/CrossRoadArray[0m
[ 90%] [34m[1mGenerating C++ code from vector_map_msgs/CurveMirrorArray.msg[0m
[ 90%] [34m[1mGenerating Python from MSG vector_map_msgs/SideStrip[0m
[ 90%] [34m[1mGenerating C++ code from vector_map_msgs/Wall.msg[0m
[ 90%] [34m[1mGenerating C++ code from vector_map_msgs/WallArray.msg[0m
[ 91%] [34m[1mGenerating Python from MSG vector_map_msgs/SideStripArray[0m
[ 91%] [34m[1mGenerating C++ code from vector_map_msgs/Fence.msg[0m
[ 91%] [34m[1mGenerating Python from MSG vector_map_msgs/CurveMirror[0m
[ 92%] [34m[1mGenerating C++ code from vector_map_msgs/FenceArray.msg[0m
[ 92%] [34m[1mGenerating C++ code from vector_map_msgs/RailCrossing.msg[0m
[ 92%] [34m[1mGenerating Python from MSG vector_map_msgs/CurveMirrorArray[0m
[ 92%] [34m[1mGenerating C++ code from vector_map_msgs/RailCrossingArray.msg[0m
[ 93%] [34m[1mGenerating Python from MSG vector_map_msgs/Wall[0m
[ 93%] Built target vector_map_msgs_generate_messages_cpp
[ 93%] [34m[1mGenerating Python from MSG vector_map_msgs/Fence[0m
[ 94%] [34m[1mGenerating Python from MSG vector_map_msgs/FenceArray[0m
[ 94%] [34m[1mGenerating Python from MSG vector_map_msgs/RailCrossing[0m
[ 94%] [34m[1mGenerating Python from MSG vector_map_msgs/RailCrossingArray[0m
[ 94%] [34m[1mGenerating Python from MSG vector_map_msgs/WallArray[0m
[ 95%] [34m[1mGenerating Python from MSG vector_map_msgs/SideWalk[0m
[ 95%] [34m[1mGenerating Python from MSG vector_map_msgs/GuardRail[0m
[ 96%] [34m[1mGenerating Python from MSG vector_map_msgs/SignalArray[0m
[ 96%] [34m[1mGenerating Python from MSG vector_map_msgs/RoadPoleArray[0m
[ 97%] [34m[1mGenerating Python from MSG vector_map_msgs/ZebraZoneArray[0m
[ 97%] [34m[1mGenerating Python from MSG vector_map_msgs/ZebraZone[0m
[ 97%] [34m[1mGenerating Python from MSG vector_map_msgs/LaneArray[0m
[ 98%] [34m[1mGenerating Python from MSG vector_map_msgs/NodeArray[0m
[ 98%] [34m[1mGenerating Python from MSG vector_map_msgs/Line[0m
[100%] [34m[1mGenerating Python msg __init__.py for vector_map_msgs[0m
[100%] Built target vector_map_msgs_generate_messages_py
[35m[1mScanning dependencies of target vector_map_msgs_generate_messages[0m
[100%] Built target vector_map_msgs_generate_messages
