Performing C SOURCE FILE Test CMAKE_HAVE_LIBC_PTHREAD failed with the following output:
Change Dir: /workspaces/carma_ws/src/build/wgs84_utils/CMakeFiles/CMakeTmp

Run Build Command(s):/usr/bin/make cmTC_5b460/fast && /usr/bin/make -f CMakeFiles/cmTC_5b460.dir/build.make CMakeFiles/cmTC_5b460.dir/build
make[1]: Entering directory '/workspaces/carma_ws/src/build/wgs84_utils/CMakeFiles/CMakeTmp'
Building C object CMakeFiles/cmTC_5b460.dir/src.c.o
/usr/bin/cc   -Wall -DCMAKE_HAVE_LIBC_PTHREAD   -o CMakeFiles/cmTC_5b460.dir/src.c.o   -c /workspaces/carma_ws/src/build/wgs84_utils/CMakeFiles/CMakeTmp/src.c
Linking C executable cmTC_5b460
/usr/bin/cmake -E cmake_link_script CMakeFiles/cmTC_5b460.dir/link.txt --verbose=1
/usr/bin/cc  -Wall -DCMAKE_HAVE_LIBC_PTHREAD    -rdynamic CMakeFiles/cmTC_5b460.dir/src.c.o  -o cmTC_5b460 
/usr/bin/ld: CMakeFiles/cmTC_5b460.dir/src.c.o: in function `main':
src.c:(.text+0x46): undefined reference to `pthread_create'
/usr/bin/ld: src.c:(.text+0x52): undefined reference to `pthread_detach'
/usr/bin/ld: src.c:(.text+0x63): undefined reference to `pthread_join'
collect2: error: ld returned 1 exit status
make[1]: *** [CMakeFiles/cmTC_5b460.dir/build.make:87: cmTC_5b460] Error 1
make[1]: Leaving directory '/workspaces/carma_ws/src/build/wgs84_utils/CMakeFiles/CMakeTmp'
make: *** [Makefile:121: cmTC_5b460/fast] Error 2


Source file was:
#include <pthread.h>

void* test_func(void* data)
{
  return data;
}

int main(void)
{
  pthread_t thread;
  pthread_create(&thread, NULL, test_func, NULL);
  pthread_detach(thread);
  pthread_join(thread, NULL);
  pthread_atfork(NULL, NULL, NULL);
  pthread_exit(NULL);

  return 0;
}

Determining if the function pthread_create exists in the pthreads failed with the following output:
Change Dir: /workspaces/carma_ws/src/build/wgs84_utils/CMakeFiles/CMakeTmp

Run Build Command(s):/usr/bin/make cmTC_fbda3/fast && /usr/bin/make -f CMakeFiles/cmTC_fbda3.dir/build.make CMakeFiles/cmTC_fbda3.dir/build
make[1]: Entering directory '/workspaces/carma_ws/src/build/wgs84_utils/CMakeFiles/CMakeTmp'
Building C object CMakeFiles/cmTC_fbda3.dir/CheckFunctionExists.c.o
/usr/bin/cc   -Wall -DCHECK_FUNCTION_EXISTS=pthread_create   -o CMakeFiles/cmTC_fbda3.dir/CheckFunctionExists.c.o   -c /usr/share/cmake-3.16/Modules/CheckFunctionExists.c
Linking C executable cmTC_fbda3
/usr/bin/cmake -E cmake_link_script CMakeFiles/cmTC_fbda3.dir/link.txt --verbose=1
/usr/bin/cc  -Wall -DCHECK_FUNCTION_EXISTS=pthread_create    -rdynamic CMakeFiles/cmTC_fbda3.dir/CheckFunctionExists.c.o  -o cmTC_fbda3  -lpthreads 
/usr/bin/ld: cannot find -lpthreads
collect2: error: ld returned 1 exit status
make[1]: *** [CMakeFiles/cmTC_fbda3.dir/build.make:87: cmTC_fbda3] Error 1
make[1]: Leaving directory '/workspaces/carma_ws/src/build/wgs84_utils/CMakeFiles/CMakeTmp'
make: *** [Makefile:121: cmTC_fbda3/fast] Error 2



