[  0%] Built target _pacmod_msgs_generate_messages_check_deps_VehicleDynamicsRpt
Fatal Python error: init_import_size: Failed to import the site module
Python runtime state: initialized
Traceback (most recent call last):
  File "/usr/lib/python3.8/site.py", line 597, in <module>
    main()
  File "/usr/lib/python3.8/site.py", line 584, in main
    known_paths = addsitepackages(known_paths)
  File "/usr/lib/python3.8/site.py", line 367, in addsitepackages
    addsitedir(sitedir, known_paths)
  File "/usr/lib/python3.8/site.py", line 214, in addsitedir
    addpackage(sitedir, name, known_paths)
  File "/usr/lib/python3.8/site.py", line 175, in addpackage
    exec(line)
  File "<string>", line 1, in <module>
  File "<frozen importlib._bootstrap_external>", line 1407, in find_spec
  File "<frozen importlib._bootstrap_external>", line 1379, in _get_spec
  File "<frozen importlib._bootstrap_external>", line 1510, in find_spec
  File "<frozen importlib._bootstrap_external>", line 1553, in _fill_cache
KeyboardInterrupt
make[2]: *** [CMakeFiles/_pacmod_msgs_generate_messages_check_deps_SteeringPIDRpt1.dir/build.make:57: CMakeFiles/_pacmod_msgs_generate_messages_check_deps_SteeringPIDRpt1] Error 1
make[1]: *** [CMakeFiles/Makefile2:1354: CMakeFiles/_pacmod_msgs_generate_messages_check_deps_SteeringPIDRpt1.dir/all] Interrupt
make: *** [Makefile:141: all] Interrupt
